travis_fold:start:worker_info
[0K[33;1mWorker information[0m
hostname: production-2-worker-org-c-1-gce:f077d295-c42d-4ab4-bb3a-ca62d29c11fc
version: v2.9.3 https://github.com/travis-ci/worker/tree/a41c772c638071fbbdbc106f31a664c0532e0c36
instance: testing-gce-b3c3f82b-d936-4ca8-94d8-d5243a23d23e:travis-ci-garnet-trusty-1499451966 (via amqp)
startup: 21.607653493s
travis_fold:end:worker_info
[0Ktravis_fold:start:system_info
[0K[33;1mBuild system information[0m
Build language: python
Build group: stable
Build dist: trusty
Build id: 261240395
Job id: 261240397
travis-build version: 9af302805
[34m[1mBuild image provisioning date and time[0m
Fri Jul  7 18:51:38 UTC 2017
[34m[1mOperating System Details[0m
Distributor ID:	Ubuntu
Description:	Ubuntu 14.04.5 LTS
Release:	14.04
Codename:	trusty
[34m[1mLinux Version[0m
4.4.0-81-generic
[34m[1mCookbooks Version[0m
15a6f94 https://github.com/travis-ci/travis-cookbooks/tree/15a6f94
[34m[1mgit version[0m
git version 2.13.0
[34m[1mbash version[0m
GNU bash, version 4.3.11(1)-release (x86_64-pc-linux-gnu)
[34m[1mgcc version[0m
gcc (Ubuntu 4.8.4-2ubuntu1~14.04.3) 4.8.4
Copyright (C) 2013 Free Software Foundation, Inc.
This is free software; see the source for copying conditions.  There is NO
warranty; not even for MERCHANTABILITY or FITNESS FOR A PARTICULAR PURPOSE.

[34m[1mdocker version[0m
Client:
 Version:      17.03.1-ce
 API version:  1.27
 Go version:   go1.7.5
 Git commit:   c6d412e
 Built:        Mon Mar 27 17:10:36 2017
 OS/Arch:      linux/amd64

Server:
 Version:      17.03.1-ce
 API version:  1.27 (minimum version 1.12)
 Go version:   go1.7.5
 Git commit:   c6d412e
 Built:        Mon Mar 27 17:10:36 2017
 OS/Arch:      linux/amd64
 Experimental: false
[34m[1mclang version[0m
clang version 3.5.0 (tags/RELEASE_350/final)
Target: x86_64-unknown-linux-gnu
Thread model: posix
[34m[1mjq version[0m
jq-1.5
[34m[1mbats version[0m
Bats 0.4.0
[34m[1mshellcheck version[0m
0.4.5
[34m[1mshfmt version[0m
v1.0.0
[34m[1mccache version[0m
ccache version 3.1.9

Copyright (C) 2002-2007 Andrew Tridgell
Copyright (C) 2009-2011 Joel Rosdahl

This program is free software; you can redistribute it and/or modify it under
the terms of the GNU General Public License as published by the Free Software
Foundation; either version 3 of the License, or (at your option) any later
version.
[34m[1mcmake version[0m
cmake version 3.2.2

CMake suite maintained and supported by Kitware (kitware.com/cmake).
[34m[1mheroku version[0m
heroku-cli/6.12.5-17216bc (linux-x64) node-v8.1.3
[34m[1mimagemagick version[0m
Version: ImageMagick 6.7.7-10 2017-05-26 Q16 http://www.imagemagick.org
[34m[1mmd5deep version[0m
4.2
[34m[1mmercurial version[0m
Mercurial Distributed SCM (version 4.2.2)
(see https://mercurial-scm.org for more information)

Copyright (C) 2005-2017 Matt Mackall and others
This is free software; see the source for copying conditions. There is NO
warranty; not even for MERCHANTABILITY or FITNESS FOR A PARTICULAR PURPOSE.
[34m[1mmysql version[0m
mysql  Ver 14.14 Distrib 5.6.33, for debian-linux-gnu (x86_64) using  EditLine wrapper
[34m[1mopenssl version[0m
OpenSSL 1.0.2j  26 Sep 2016
[34m[1mpacker version[0m
Packer v0.10.1

Your version of Packer is out of date! The latest version
is 1.0.2. You can update by downloading from www.packer.io
[34m[1mpostgresql client version[0m
psql (PostgreSQL) 9.6.3
[34m[1mragel version[0m
Ragel State Machine Compiler version 6.8 Feb 2013
Copyright (c) 2001-2009 by Adrian Thurston
[34m[1msubversion version[0m
svn, version 1.8.8 (r1568071)
   compiled Aug 20 2015, 12:51:30 on x86_64-pc-linux-gnu

Copyright (C) 2013 The Apache Software Foundation.
This software consists of contributions made by many people;
see the NOTICE file for more information.
Subversion is open source software, see http://subversion.apache.org/

The following repository access (RA) modules are available:

* ra_svn : Module for accessing a repository using the svn network protocol.
  - with Cyrus SASL authentication
  - handles 'svn' scheme
* ra_local : Module for accessing a repository on local disk.
  - handles 'file' scheme
* ra_serf : Module for accessing a repository via WebDAV protocol using serf.
  - using serf 1.3.3
  - handles 'http' scheme
  - handles 'https' scheme

[34m[1msudo version[0m
Sudo version 1.8.9p5
Configure options: --prefix=/usr -v --with-all-insults --with-pam --with-fqdn --with-logging=syslog --with-logfac=authpriv --with-env-editor --with-editor=/usr/bin/editor --with-timeout=15 --with-password-timeout=0 --with-passprompt=[sudo] password for %p:  --without-lecture --with-tty-tickets --disable-root-mailer --enable-admin-flag --with-sendmail=/usr/sbin/sendmail --with-timedir=/var/lib/sudo --mandir=/usr/share/man --libexecdir=/usr/lib/sudo --with-sssd --with-sssd-lib=/usr/lib/x86_64-linux-gnu --with-selinux
Sudoers policy plugin version 1.8.9p5
Sudoers file grammar version 43

Sudoers path: /etc/sudoers
Authentication methods: 'pam'
Syslog facility if syslog is being used for logging: authpriv
Syslog priority to use when user authenticates successfully: notice
Syslog priority to use when user authenticates unsuccessfully: alert
Send mail if the user is not in sudoers
Use a separate timestamp for each user/tty combo
Lecture user the first time they run sudo
Root may run sudo
Allow some information gathering to give useful error messages
Require fully-qualified hostnames in the sudoers file
Visudo will honor the EDITOR environment variable
Set the LOGNAME and USER environment variables
Length at which to wrap log file lines (0 for no wrap): 80
Authentication timestamp timeout: 15.0 minutes
Password prompt timeout: 0.0 minutes
Number of tries to enter a password: 3
Umask to use or 0777 to use user's: 022
Path to mail program: /usr/sbin/sendmail
Flags for mail program: -t
Address to send mail to: root
Subject line for mail messages: *** SECURITY information for %h ***
Incorrect password message: Sorry, try again.
Path to authentication timestamp dir: /var/lib/sudo
Default password prompt: [sudo] password for %p:
Default user to run commands as: root
Value to override user's $PATH with: /usr/local/sbin:/usr/local/bin:/usr/sbin:/usr/bin:/sbin:/bin:/snap/bin
Path to the editor for use by visudo: /usr/bin/editor
When to require a password for 'list' pseudocommand: any
When to require a password for 'verify' pseudocommand: all
File descriptors >= 3 will be closed before executing a command
Environment variables to check for sanity:
	TZ
	TERM
	LINGUAS
	LC_*
	LANGUAGE
	LANG
	COLORTERM
Environment variables to remove:
	RUBYOPT
	RUBYLIB
	PYTHONUSERBASE
	PYTHONINSPECT
	PYTHONPATH
	PYTHONHOME
	TMPPREFIX
	ZDOTDIR
	READNULLCMD
	NULLCMD
	FPATH
	PERL5DB
	PERL5OPT
	PERL5LIB
	PERLLIB
	PERLIO_DEBUG
	JAVA_TOOL_OPTIONS
	SHELLOPTS
	GLOBIGNORE
	PS4
	BASH_ENV
	ENV
	TERMCAP
	TERMPATH
	TERMINFO_DIRS
	TERMINFO
	_RLD*
	LD_*
	PATH_LOCALE
	NLSPATH
	HOSTALIASES
	RES_OPTIONS
	LOCALDOMAIN
	CDPATH
	IFS
Environment variables to preserve:
	JAVA_HOME
	TRAVIS
	CI
	DEBIAN_FRONTEND
	XAUTHORIZATION
	XAUTHORITY
	PS2
	PS1
	PATH
	LS_COLORS
	KRB5CCNAME
	HOSTNAME
	HOME
	DISPLAY
	COLORS
Locale to use while parsing sudoers: C
Directory in which to store input/output logs: /var/log/sudo-io
File in which to store the input/output log: %{seq}
Add an entry to the utmp/utmpx file when allocating a pty
PAM service name to use
PAM service name to use for login shells
Create a new PAM session for the command to run in
Maximum I/O log sequence number: 0

Local IP address and netmask pairs:
	10.240.0.5/255.255.255.255
	172.17.0.1/255.255.0.0

Sudoers I/O plugin version 1.8.9p5
[34m[1mgzip version[0m
gzip 1.6
Copyright (C) 2007, 2010, 2011 Free Software Foundation, Inc.
Copyright (C) 1993 Jean-loup Gailly.
This is free software.  You may redistribute copies of it under the terms of
the GNU General Public License <http://www.gnu.org/licenses/gpl.html>.
There is NO WARRANTY, to the extent permitted by law.

Written by Jean-loup Gailly.
[34m[1mzip version[0m
Copyright (c) 1990-2008 Info-ZIP - Type 'zip "-L"' for software license.
This is Zip 3.0 (July 5th 2008), by Info-ZIP.
Currently maintained by E. Gordon.  Please send bug reports to
the authors using the web page at www.info-zip.org; see README for details.

Latest sources and executables are at ftp://ftp.info-zip.org/pub/infozip,
as of above date; see http://www.info-zip.org/ for other sites.

Compiled with gcc 4.8.2 for Unix (Linux ELF) on Oct 21 2013.

Zip special compilation options:
	USE_EF_UT_TIME       (store Universal Time)
	BZIP2_SUPPORT        (bzip2 library version 1.0.6, 6-Sept-2010)
	    bzip2 code and library copyright (c) Julian R Seward
	    (See the bzip2 license for terms of use)
	SYMLINK_SUPPORT      (symbolic links supported)
	LARGE_FILE_SUPPORT   (can read and write large files on file system)
	ZIP64_SUPPORT        (use Zip64 to store large files in archives)
	UNICODE_SUPPORT      (store and read UTF-8 Unicode paths)
	STORE_UNIX_UIDs_GIDs (store UID/GID sizes/values using new extra field)
	UIDGID_NOT_16BIT     (old Unix 16-bit UID/GID extra field not used)
	[encryption, version 2.91 of 05 Jan 2007] (modified for Zip 3)

Encryption notice:
	The encryption code of this program is not copyrighted and is
	put in the public domain.  It was originally written in Europe
	and, to the best of our knowledge, can be freely distributed
	in both source and object forms from any country, including
	the USA under License Exception TSU of the U.S. Export
	Administration Regulations (section 740.13(e)) of 6 June 2002.

Zip environment options:
             ZIP:  [none]
          ZIPOPT:  [none]
[34m[1mvim version[0m
VIM - Vi IMproved 7.4 (2013 Aug 10, compiled Nov 24 2016 16:43:18)
Included patches: 1-52
Extra patches: 8.0.0056
Modified by pkg-vim-maintainers@lists.alioth.debian.org
Compiled by buildd@
Huge version without GUI.  Features included (+) or not (-):
+acl             +farsi           +mouse_netterm   +syntax
+arabic          +file_in_path    +mouse_sgr       +tag_binary
+autocmd         +find_in_path    -mouse_sysmouse  +tag_old_static
-balloon_eval    +float           +mouse_urxvt     -tag_any_white
-browse          +folding         +mouse_xterm     -tcl
++builtin_terms  -footer          +multi_byte      +terminfo
+byte_offset     +fork()          +multi_lang      +termresponse
+cindent         +gettext         -mzscheme        +textobjects
-clientserver    -hangul_input    +netbeans_intg   +title
-clipboard       +iconv           +path_extra      -toolbar
+cmdline_compl   +insert_expand   -perl            +user_commands
+cmdline_hist    +jumplist        +persistent_undo +vertsplit
+cmdline_info    +keymap          +postscript      +virtualedit
+comments        +langmap         +printer         +visual
+conceal         +libcall         +profile         +visualextra
+cryptv          +linebreak       +python          +viminfo
+cscope          +lispindent      -python3         +vreplace
+cursorbind      +listcmds        +quickfix        +wildignore
+cursorshape     +localmap        +reltime         +wildmenu
+dialog_con      -lua             +rightleft       +windows
+diff            +menu            -ruby            +writebackup
+digraphs        +mksession       +scrollbind      -X11
-dnd             +modify_fname    +signs           -xfontset
-ebcdic          +mouse           +smartindent     -xim
+emacs_tags      -mouseshape      -sniff           -xsmp
+eval            +mouse_dec       +startuptime     -xterm_clipboard
+ex_extra        +mouse_gpm       +statusline      -xterm_save
+extra_search    -mouse_jsbterm   -sun_workshop    -xpm
   system vimrc file: "$VIM/vimrc"
     user vimrc file: "$HOME/.vimrc"
 2nd user vimrc file: "~/.vim/vimrc"
      user exrc file: "$HOME/.exrc"
  fall-back for $VIM: "/usr/share/vim"
Compilation: gcc -c -I. -Iproto -DHAVE_CONFIG_H     -g -O2 -fstack-protector --param=ssp-buffer-size=4 -Wformat -Werror=format-security -U_FORTIFY_SOURCE -D_FORTIFY_SOURCE=1
Linking: gcc   -Wl,-Bsymbolic-functions -Wl,-z,relro -Wl,--as-needed -o vim        -lm -ltinfo -lnsl  -lselinux  -lacl -lattr -lgpm -ldl    -L/usr/lib/python2.7/config-x86_64-linux-gnu -lpython2.7 -lpthread -ldl -lutil -lm -Xlinker -export-dynamic -Wl,-O1 -Wl,-Bsymbolic-functions
[34m[1miptables version[0m
iptables v1.4.21
[34m[1mcurl version[0m
curl 7.35.0 (x86_64-pc-linux-gnu) libcurl/7.35.0 OpenSSL/1.0.1f zlib/1.2.8 libidn/1.28 librtmp/2.3
[34m[1mwget version[0m
GNU Wget 1.15 built on linux-gnu.
[34m[1mrsync version[0m
rsync  version 3.1.0  protocol version 31
[34m[1mgimme version[0m
v1.0.0
[34m[1mnvm version[0m
0.33.0
[34m[1mperlbrew version[0m
/home/travis/perl5/perlbrew/bin/perlbrew  - App::perlbrew/0.80
[34m[1mphpenv version[0m
rbenv 1.1.1-2-g615f844
[34m[1mrvm version[0m
rvm 1.29.2 (latest) by Michal Papis, Piotr Kuczynski, Wayne E. Seguin [https://rvm.io/]
[34m[1mdefault ruby version[0m
ruby 2.4.1p111 (2017-03-22 revision 58053) [x86_64-linux]
[34m[1mCouchDB version[0m
couchdb 1.6.1
[34m[1mElasticSearch version[0m
5.4.3
[34m[1mInstalled Firefox version[0m
firefox 50.0.2
[34m[1mMongoDB version[0m
MongoDB 3.2.15
[34m[1mPre-installed PostgreSQL versions[0m
9.2.21
9.3.17
9.4.12
9.5.7
9.6.3
[34m[1mRabbitMQ Version[0m
3.6.10
[34m[1mRedis version[0m
redis-server 3.2.9
[34m[1mriak version[0m
2.2.3
[34m[1mPre-installed Go versions[0m
1.7.4
[34m[1mant version[0m
Apache Ant(TM) version 1.9.3 compiled on April 8 2014
[34m[1mmvn version[0m
Apache Maven 3.3.9 (bb52d8502b132ec0a5a3f4c09453c07478323dc5; 2015-11-10T16:41:47+00:00)
Maven home: /usr/local/maven-3.3.9
Java version: 1.8.0_131, vendor: Oracle Corporation
Java home: /usr/lib/jvm/java-8-oracle/jre
Default locale: en_US, platform encoding: UTF-8
OS name: "linux", version: "4.4.0-81-generic", arch: "amd64", family: "unix"
[34m[1mgradle version[0m

------------------------------------------------------------
Gradle 3.2.1
------------------------------------------------------------

Build time:   2016-11-22 15:19:54 UTC
Revision:     83b485b914fd4f335ad0e66af9d14aad458d2cc5

Groovy:       2.4.7
Ant:          Apache Ant(TM) version 1.9.6 compiled on June 29 2015
JVM:          1.8.0_131 (Oracle Corporation 25.131-b11)
OS:           Linux 4.4.0-81-generic amd64

[34m[1mlein version[0m
WARNING: You're currently running as root; probably by accident.
Press control-C to abort or Enter to continue as root.
Set LEIN_ROOT to disable this warning.
Leiningen 2.7.1 on Java 1.8.0_131 Java HotSpot(TM) 64-Bit Server VM
[34m[1mPre-installed Node.js versions[0m
v4.8.3
v6.11.0
v6.9.4
v7.4
v7.4.0
[34m[1mphpenv versions[0m
  system
  5.6
* 5.6.24 (set by /home/travis/.phpenv/version)
  7.0
  7.0.7
  hhvm
  hhvm-stable
[34m[1mcomposer --version[0m
Composer version 1.2.0 2016-07-19 01:28:52
[34m[1mPre-installed Ruby versions[0m
ruby-2.2.7
ruby-2.3.4
ruby-2.4.1
travis_fold:end:system_info
[0K
W: http://dl.hhvm.com/ubuntu/dists/trusty/InRelease: Signature by key 36AEF64D0207E7EEE352D4875A16E7281BE7A449 uses weak digest algorithm (SHA1)
W: GPG error: http://dl.google.com/linux/chrome/deb stable Release: The following signatures couldn't be verified because the public key is not available: NO_PUBKEY 6494C6D6997C215E
W: The repository 'http://dl.google.com/linux/chrome/deb stable Release' is not signed.
W: There is no public key available for the following key IDs:
6494C6D6997C215E
W: http://ppa.launchpad.net/couchdb/stable/ubuntu/dists/trusty/Release.gpg: Signature by key 15866BAFD9BCC4F3C1E0DFC7D69548E1C17EAB57 uses weak digest algorithm (SHA1)
[33;1mPatching redis-server init script[0m
travis_fold:start:git.checkout
[0Ktravis_time:start:15f1cf56
[0K$ git clone --depth=50 --branch=master https://github.com/mongodb/mongo-python-driver.git mongodb/mongo-python-driver
Cloning into 'mongodb/mongo-python-driver'...
remote: Counting objects: 912, done.[K
remote: Compressing objects:   0% (1/524)   [K
remote: Compressing objects:   1% (6/524)   [K
remote: Compressing objects:   2% (11/524)   [K
remote: Compressing objects:   3% (16/524)   [K
remote: Compressing objects:   4% (21/524)   [K
remote: Compressing objects:   5% (27/524)   [K
remote: Compressing objects:   6% (32/524)   [K
remote: Compressing objects:   7% (37/524)   [K
remote: Compressing objects:   8% (42/524)   [K
remote: Compressing objects:   9% (48/524)   [K
remote: Compressing objects:  10% (53/524)   [K
remote: Compressing objects:  11% (58/524)   [K
remote: Compressing objects:  12% (63/524)   [K
remote: Compressing objects:  13% (69/524)   [K
remote: Compressing objects:  14% (74/524)   [K
remote: Compressing objects:  15% (79/524)   [K
remote: Compressing objects:  16% (84/524)   [K
remote: Compressing objects:  17% (90/524)   [K
remote: Compressing objects:  18% (95/524)   [K
remote: Compressing objects:  19% (100/524)   [K
remote: Compressing objects:  20% (105/524)   [K
remote: Compressing objects:  21% (111/524)   [K
remote: Compressing objects:  22% (116/524)   [K
remote: Compressing objects:  23% (121/524)   [K
remote: Compressing objects:  24% (126/524)   [K
remote: Compressing objects:  25% (131/524)   [K
remote: Compressing objects:  26% (137/524)   [K
remote: Compressing objects:  27% (142/524)   [K
remote: Compressing objects:  28% (147/524)   [K
remote: Compressing objects:  29% (152/524)   [K
remote: Compressing objects:  30% (158/524)   [K
remote: Compressing objects:  31% (163/524)   [K
remote: Compressing objects:  32% (168/524)   [K
remote: Compressing objects:  33% (173/524)   [K
remote: Compressing objects:  34% (179/524)   [K
remote: Compressing objects:  35% (184/524)   [K
remote: Compressing objects:  36% (189/524)   [K
remote: Compressing objects:  37% (194/524)   [K
remote: Compressing objects:  38% (200/524)   [K
remote: Compressing objects:  39% (205/524)   [K
remote: Compressing objects:  40% (210/524)   [K
remote: Compressing objects:  41% (215/524)   [K
remote: Compressing objects:  42% (221/524)   [K
remote: Compressing objects:  43% (226/524)   [K
remote: Compressing objects:  44% (231/524)   [K
remote: Compressing objects:  45% (236/524)   [K
remote: Compressing objects:  46% (242/524)   [K
remote: Compressing objects:  47% (247/524)   [K
remote: Compressing objects:  48% (252/524)   [K
remote: Compressing objects:  49% (257/524)   [K
remote: Compressing objects:  50% (262/524)   [K
remote: Compressing objects:  51% (268/524)   [K
remote: Compressing objects:  52% (273/524)   [K
remote: Compressing objects:  53% (278/524)   [K
remote: Compressing objects:  54% (283/524)   [K
remote: Compressing objects:  55% (289/524)   [K
remote: Compressing objects:  56% (294/524)   [K
remote: Compressing objects:  57% (299/524)   [K
remote: Compressing objects:  58% (304/524)   [K
remote: Compressing objects:  59% (310/524)   [K
remote: Compressing objects:  60% (315/524)   [K
remote: Compressing objects:  61% (320/524)   [K
remote: Compressing objects:  62% (325/524)   [K
remote: Compressing objects:  63% (331/524)   [K
remote: Compressing objects:  64% (336/524)   [K
remote: Compressing objects:  65% (341/524)   [K
remote: Compressing objects:  66% (346/524)   [K
remote: Compressing objects:  67% (352/524)   [K
remote: Compressing objects:  68% (357/524)   [K
remote: Compressing objects:  69% (362/524)   [K
remote: Compressing objects:  70% (367/524)   [K
remote: Compressing objects:  71% (373/524)   [K
remote: Compressing objects:  72% (378/524)   [K
remote: Compressing objects:  73% (383/524)   [K
remote: Compressing objects:  74% (388/524)   [K
remote: Compressing objects:  75% (393/524)   [K
remote: Compressing objects:  76% (399/524)   [K
remote: Compressing objects:  77% (404/524)   [K
remote: Compressing objects:  78% (409/524)   [K
remote: Compressing objects:  79% (414/524)   [K
remote: Compressing objects:  80% (420/524)   [K
remote: Compressing objects:  81% (425/524)   [K
remote: Compressing objects:  82% (430/524)   [K
remote: Compressing objects:  83% (435/524)   [K
remote: Compressing objects:  84% (441/524)   [K
remote: Compressing objects:  85% (446/524)   [K
remote: Compressing objects:  86% (451/524)   [K
remote: Compressing objects:  87% (456/524)   [K
remote: Compressing objects:  88% (462/524)   [K
remote: Compressing objects:  89% (467/524)   [K
remote: Compressing objects:  90% (472/524)   [K
remote: Compressing objects:  91% (477/524)   [K
remote: Compressing objects:  92% (483/524)   [K
remote: Compressing objects:  93% (488/524)   [K
remote: Compressing objects:  94% (493/524)   [K
remote: Compressing objects:  95% (498/524)   [K
remote: Compressing objects:  96% (504/524)   [K
remote: Compressing objects:  97% (509/524)   [K
remote: Compressing objects:  98% (514/524)   [K
remote: Compressing objects:  99% (519/524)   [K
remote: Compressing objects: 100% (524/524)   [K
remote: Compressing objects: 100% (524/524), done.[K
Receiving objects:   0% (1/912)
Receiving objects:   1% (10/912)
Receiving objects:   2% (19/912)
Receiving objects:   3% (28/912)
Receiving objects:   4% (37/912)
Receiving objects:   5% (46/912)
Receiving objects:   6% (55/912)
Receiving objects:   7% (64/912)
Receiving objects:   8% (73/912)
Receiving objects:   9% (83/912)
Receiving objects:  10% (92/912)
Receiving objects:  11% (101/912)
Receiving objects:  12% (110/912)
Receiving objects:  13% (119/912)
Receiving objects:  14% (128/912)
Receiving objects:  15% (137/912)
Receiving objects:  16% (146/912)
Receiving objects:  17% (156/912)
Receiving objects:  18% (165/912)
Receiving objects:  19% (174/912)
Receiving objects:  20% (183/912)
Receiving objects:  21% (192/912)
Receiving objects:  22% (201/912)
Receiving objects:  23% (210/912)
Receiving objects:  24% (219/912)
Receiving objects:  25% (228/912)
Receiving objects:  26% (238/912)
Receiving objects:  27% (247/912)
Receiving objects:  28% (256/912)
Receiving objects:  29% (265/912)
Receiving objects:  30% (274/912)
Receiving objects:  31% (283/912)
Receiving objects:  32% (292/912)
Receiving objects:  33% (301/912)
Receiving objects:  34% (311/912)
Receiving objects:  35% (320/912)
Receiving objects:  36% (329/912)
Receiving objects:  37% (338/912)
Receiving objects:  38% (347/912)
Receiving objects:  39% (356/912)
Receiving objects:  40% (365/912)
Receiving objects:  41% (374/912)
Receiving objects:  42% (384/912)
Receiving objects:  43% (393/912)
Receiving objects:  44% (402/912)
Receiving objects:  45% (411/912)
Receiving objects:  46% (420/912)
Receiving objects:  47% (429/912)
Receiving objects:  48% (438/912)
Receiving objects:  49% (447/912)
Receiving objects:  50% (456/912)
Receiving objects:  51% (466/912)
Receiving objects:  52% (475/912)
Receiving objects:  53% (484/912)
Receiving objects:  54% (493/912)
Receiving objects:  55% (502/912)
Receiving objects:  56% (511/912)
Receiving objects:  57% (520/912)
Receiving objects:  58% (529/912)
Receiving objects:  59% (539/912)
Receiving objects:  60% (548/912)
Receiving objects:  61% (557/912)
Receiving objects:  62% (566/912)
Receiving objects:  63% (575/912)
Receiving objects:  64% (584/912)
Receiving objects:  65% (593/912)
Receiving objects:  66% (602/912)
Receiving objects:  67% (612/912)
Receiving objects:  68% (621/912)
Receiving objects:  69% (630/912)
Receiving objects:  70% (639/912)
Receiving objects:  71% (648/912)
Receiving objects:  72% (657/912)
Receiving objects:  73% (666/912)
Receiving objects:  74% (675/912)
remote: Total 912 (delta 514), reused 586 (delta 383), pack-reused 0[K
Receiving objects:  75% (684/912)
Receiving objects:  76% (694/912)
Receiving objects:  77% (703/912)
Receiving objects:  78% (712/912)
Receiving objects:  79% (721/912)
Receiving objects:  80% (730/912)
Receiving objects:  81% (739/912)
Receiving objects:  82% (748/912)
Receiving objects:  83% (757/912)
Receiving objects:  84% (767/912)
Receiving objects:  85% (776/912)
Receiving objects:  86% (785/912)
Receiving objects:  87% (794/912)
Receiving objects:  88% (803/912)
Receiving objects:  89% (812/912)
Receiving objects:  90% (821/912)
Receiving objects:  91% (830/912)
Receiving objects:  92% (840/912)
Receiving objects:  93% (849/912)
Receiving objects:  94% (858/912)
Receiving objects:  95% (867/912)
Receiving objects:  96% (876/912)
Receiving objects:  97% (885/912)
Receiving objects:  98% (894/912)
Receiving objects:  99% (903/912)
Receiving objects: 100% (912/912)
Receiving objects: 100% (912/912), 790.08 KiB | 0 bytes/s, done.
Resolving deltas:   0% (0/514)
Resolving deltas:   9% (49/514)
Resolving deltas:  12% (62/514)
Resolving deltas:  14% (73/514)
Resolving deltas:  15% (79/514)
Resolving deltas:  16% (86/514)
Resolving deltas:  17% (89/514)
Resolving deltas:  18% (95/514)
Resolving deltas:  19% (98/514)
Resolving deltas:  23% (120/514)
Resolving deltas:  24% (124/514)
Resolving deltas:  25% (129/514)
Resolving deltas:  26% (134/514)
Resolving deltas:  27% (139/514)
Resolving deltas:  28% (145/514)
Resolving deltas:  30% (158/514)
Resolving deltas:  31% (160/514)
Resolving deltas:  32% (165/514)
Resolving deltas:  36% (190/514)
Resolving deltas:  37% (192/514)
Resolving deltas:  38% (198/514)
Resolving deltas:  39% (205/514)
Resolving deltas:  40% (208/514)
Resolving deltas:  41% (212/514)
Resolving deltas:  42% (217/514)
Resolving deltas:  43% (222/514)
Resolving deltas:  44% (228/514)
Resolving deltas:  45% (235/514)
Resolving deltas:  48% (248/514)
Resolving deltas:  49% (256/514)
Resolving deltas:  51% (266/514)
Resolving deltas:  52% (268/514)
Resolving deltas:  53% (273/514)
Resolving deltas:  54% (280/514)
Resolving deltas:  55% (283/514)
Resolving deltas:  56% (289/514)
Resolving deltas:  57% (293/514)
Resolving deltas:  61% (315/514)
Resolving deltas:  63% (325/514)
Resolving deltas:  64% (334/514)
Resolving deltas:  65% (338/514)
Resolving deltas:  66% (341/514)
Resolving deltas:  68% (351/514)
Resolving deltas:  71% (367/514)
Resolving deltas:  77% (396/514)
Resolving deltas:  80% (414/514)
Resolving deltas:  81% (420/514)
Resolving deltas:  83% (429/514)
Resolving deltas:  84% (433/514)
Resolving deltas:  85% (439/514)
Resolving deltas:  88% (455/514)
Resolving deltas:  90% (464/514)
Resolving deltas:  91% (468/514)
Resolving deltas:  92% (474/514)
Resolving deltas:  93% (483/514)
Resolving deltas:  94% (485/514)
Resolving deltas:  95% (490/514)
Resolving deltas:  96% (494/514)
Resolving deltas:  97% (500/514)
Resolving deltas:  98% (504/514)
Resolving deltas:  99% (511/514)
Resolving deltas: 100% (514/514)
Resolving deltas: 100% (514/514), done.

travis_time:end:15f1cf56:start=1501908244924963172,finish=1501908245814104898,duration=889141726
[0K$ cd mongodb/mongo-python-driver
$ git checkout -qf e89ed1111302546c95ff4c9bfb444f3ef193b9b5
travis_fold:end:git.checkout
[0Ktravis_fold:start:services
[0Ktravis_time:start:074e7fc4
[0K$ sudo service mongod start
mongod start/running, process 3825

travis_time:end:074e7fc4:start=1501908245882749796,finish=1501908245907124941,duration=24375145
[0Ktravis_fold:end:services
[0Ktravis_time:start:1374a09f
[0K$ source ~/virtualenv/python2.7/bin/activate

travis_time:end:1374a09f:start=1501908248917586557,finish=1501908248929633263,duration=12046706
[0K$ python --version
Python 2.7.13
$ pip --version
pip 9.0.1 from /home/travis/virtualenv/python2.7.13/lib/python2.7/site-packages (python 2.7)
travis_fold:start:install.1
[0Ktravis_time:start:02ad6468
[0K$ sudo rm -rf /dev/shm && sudo ln -s /run/shm /dev/shm

travis_time:end:02ad6468:start=1501908249737590654,finish=1501908249750868099,duration=13277445
[0Ktravis_fold:end:install.1
[0Ktravis_fold:start:install.2
[0Ktravis_time:start:24cdbe71
[0K$ travis_retry pip install setuptools==29.0.1
Collecting setuptools==29.0.1
  Downloading setuptools-29.0.1-py2.py3-none-any.whl (472kB)
[?25l
[K    2% |Ã¢â€“Å                                | 10kB 36.1MB/s eta 0:00:01
[K    4% |Ã¢â€“Ë†Ã¢â€“Â                              | 20kB 7.8MB/s eta 0:00:01
[K    6% |Ã¢â€“Ë†Ã¢â€“Ë†                              | 30kB 10.9MB/s eta 0:00:01
[K    8% |Ã¢â€“Ë†Ã¢â€“Ë†Ã¢â€“Å                              | 40kB 5.7MB/s eta 0:00:01
[K    10% |Ã¢â€“Ë†Ã¢â€“Ë†Ã¢â€“Ë†Ã¢â€“Å’                            | 51kB 4.6MB/s eta 0:00:01
[K    12% |Ã¢â€“Ë†Ã¢â€“Ë†Ã¢â€“Ë†Ã¢â€“Ë†Ã¢â€“Â                           | 61kB 5.4MB/s eta 0:00:01
[K    15% |Ã¢â€“Ë†Ã¢â€“Ë†Ã¢â€“Ë†Ã¢â€“Ë†Ã¢â€“â€°                           | 71kB 5.0MB/s eta 0:00:01
[K    17% |Ã¢â€“Ë†Ã¢â€“Ë†Ã¢â€“Ë†Ã¢â€“Ë†Ã¢â€“Ë†Ã¢â€“Å’                          | 81kB 4.4MB/s eta 0:00:01
[K    19% |Ã¢â€“Ë†Ã¢â€“Ë†Ã¢â€“Ë†Ã¢â€“Ë†Ã¢â€“Ë†Ã¢â€“Ë†Ã¢â€“Å½                         | 92kB 4.9MB/s eta 0:00:01
[K    21% |Ã¢â€“Ë†Ã¢â€“Ë†Ã¢â€“Ë†Ã¢â€“Ë†Ã¢â€“Ë†Ã¢â€“Ë†Ã¢â€“Ë†                         | 102kB 4.7MB/s eta 0:00:01
[K    23% |Ã¢â€“Ë†Ã¢â€“Ë†Ã¢â€“Ë†Ã¢â€“Ë†Ã¢â€“Ë†Ã¢â€“Ë†Ã¢â€“Ë†Ã¢â€“â€¹                        | 112kB 4.7MB/s eta 0:00:01
[K    25% |Ã¢â€“Ë†Ã¢â€“Ë†Ã¢â€“Ë†Ã¢â€“Ë†Ã¢â€“Ë†Ã¢â€“Ë†Ã¢â€“Ë†Ã¢â€“Ë†Ã¢â€“Å½                       | 122kB 4.4MB/s eta 0:00:01
[K    28% |Ã¢â€“Ë†Ã¢â€“Ë†Ã¢â€“Ë†Ã¢â€“Ë†Ã¢â€“Ë†Ã¢â€“Ë†Ã¢â€“Ë†Ã¢â€“Ë†Ã¢â€“Ë†                       | 133kB 3.9MB/s eta 0:00:01
[K    30% |Ã¢â€“Ë†Ã¢â€“Ë†Ã¢â€“Ë†Ã¢â€“Ë†Ã¢â€“Ë†Ã¢â€“Ë†Ã¢â€“Ë†Ã¢â€“Ë†Ã¢â€“Ë†Ã¢â€“Å                       | 143kB 4.6MB/s eta 0:00:01
[K    32% |Ã¢â€“Ë†Ã¢â€“Ë†Ã¢â€“Ë†Ã¢â€“Ë†Ã¢â€“Ë†Ã¢â€“Ë†Ã¢â€“Ë†Ã¢â€“Ë†Ã¢â€“Ë†Ã¢â€“Ë†Ã¢â€“Â                     | 153kB 4.8MB/s eta 0:00:01
[K    34% |Ã¢â€“Ë†Ã¢â€“Ë†Ã¢â€“Ë†Ã¢â€“Ë†Ã¢â€“Ë†Ã¢â€“Ë†Ã¢â€“Ë†Ã¢â€“Ë†Ã¢â€“Ë†Ã¢â€“Ë†Ã¢â€“Ë†                     | 163kB 4.1MB/s eta 0:00:01
[K    36% |Ã¢â€“Ë†Ã¢â€“Ë†Ã¢â€“Ë†Ã¢â€“Ë†Ã¢â€“Ë†Ã¢â€“Ë†Ã¢â€“Ë†Ã¢â€“Ë†Ã¢â€“Ë†Ã¢â€“Ë†Ã¢â€“Ë†Ã¢â€“â€°                    | 174kB 4.6MB/s eta 0:00:01
[K    38% |Ã¢â€“Ë†Ã¢â€“Ë†Ã¢â€“Ë†Ã¢â€“Ë†Ã¢â€“Ë†Ã¢â€“Ë†Ã¢â€“Ë†Ã¢â€“Ë†Ã¢â€“Ë†Ã¢â€“Ë†Ã¢â€“Ë†Ã¢â€“Ë†Ã¢â€“Å’                   | 184kB 4.9MB/s eta 0:00:01
[K    41% |Ã¢â€“Ë†Ã¢â€“Ë†Ã¢â€“Ë†Ã¢â€“Ë†Ã¢â€“Ë†Ã¢â€“Ë†Ã¢â€“Ë†Ã¢â€“Ë†Ã¢â€“Ë†Ã¢â€“Ë†Ã¢â€“Ë†Ã¢â€“Ë†Ã¯Â¿Â½Ã¯Â¿Â½Ã¯Â¿Â½Ã¢â€“Â                  | 194kB 4.9MB/s eta 0:00:01
[K    43% |Ã¢â€“Ë†Ã¢â€“Ë†Ã¢â€“Ë†Ã¢â€“Ë†Ã¢â€“Ë†Ã¢â€“Ë†Ã¢â€“Ë†Ã¢â€“Ë†Ã¢â€“Ë†Ã¢â€“Ë†Ã¢â€“Ë†Ã¢â€“Ë†Ã¢â€“Ë†Ã¢â€“â€°                  | 204kB 4.9MB/s eta 0:00:01
[K    45% |Ã¢â€“Ë†Ã¢â€“Ë†Ã¢â€“Ë†Ã¢â€“Ë†Ã¢â€“Ë†Ã¢â€“Ë†Ã¢â€“Ë†Ã¢â€“Ë†Ã¢â€“Ë†Ã¢â€“Ë†Ã¢â€“Ë†Ã¢â€“Ë†Ã¢â€“Ë†Ã¢â€“Ë†Ã¢â€“â€¹                 | 215kB 4.2MB/s eta 0:00:01
[K    47% |Ã¢â€“Ë†Ã¢â€“Ë†Ã¢â€“Ë†Ã¢â€“Ë†Ã¢â€“Ë†Ã¢â€“Ë†Ã¢â€“Ë†Ã¢â€“Ë†Ã¢â€“Ë†Ã¢â€“Ë†Ã¢â€“Ë†Ã¢â€“Ë†Ã¢â€“Ë†Ã¢â€“Ë†Ã¢â€“Ë†Ã¢â€“Å½                | 225kB 4.8MB/s eta 0:00:01
[K    49% |Ã¢â€“Ë†Ã¢â€“Ë†Ã¢â€“Ë†Ã¢â€“Ë†Ã¢â€“Ë†Ã¢â€“Ë†Ã¢â€“Ë†Ã¢â€“Ë†Ã¢â€“Ë†Ã¢â€“Ë†Ã¢â€“Ë†Ã¢â€“Ë†Ã¢â€“Ë†Ã¢â€“Ë†Ã¢â€“Ë†Ã¢â€“Ë†                | 235kB 5.1MB/s eta 0:00:01
[K    51% |Ã¢â€“Ë†Ã¢â€“Ë†Ã¢â€“Ë†Ã¢â€“Ë†Ã¢â€“Ë†Ã¢â€“Ë†Ã¢â€“Ë†Ã¢â€“Ë†Ã¢â€“Ë†Ã¢â€“Ë†Ã¢â€“Ë†Ã¢â€“Ë†Ã¢â€“Ë†Ã¢â€“Ë†Ã¢â€“Ë†Ã¢â€“Ë†Ã¢â€“â€¹               | 245kB 4.6MB/s eta 0:00:01
[K    54% |Ã¢â€“Ë†Ã¢â€“Ë†Ã¢â€“Ë†Ã¢â€“Ë†Ã¢â€“Ë†Ã¢â€“Ë†Ã¢â€“Ë†Ã¢â€“Ë†Ã¢â€“Ë†Ã¢â€“Ë†Ã¢â€“Ë†Ã¢â€“Ë†Ã¢â€“Ë†Ã¢â€“Ë†Ã¢â€“Ë†Ã¢â€“Ë†Ã¢â€“Ë†Ã¢â€“Å½              | 256kB 5.3MB/s eta 0:00:01
[K    56% |Ã¢â€“Ë†Ã¢â€“Ë†Ã¢â€“Ë†Ã¢â€“Ë†Ã¢â€“Ë†Ã¢â€“Ë†Ã¢â€“Ë†Ã¢â€“Ë†Ã¢â€“Ë†Ã¢â€“Ë†Ã¢â€“Ë†Ã¢â€“Ë†Ã¢â€“Ë†Ã¢â€“Ë†Ã¢â€“Ë†Ã¢â€“Ë†Ã¢â€“Ë†Ã¢â€“Ë†              | 266kB 5.2MB/s eta 0:00:01
[K    58% |Ã¢â€“Ë†Ã¢â€“Ë†Ã¢â€“Ë†Ã¢â€“Ë†Ã¢â€“Ë†Ã¢â€“Ë†Ã¢â€“Ë†Ã¢â€“Ë†Ã¢â€“Ë†Ã¢â€“Ë†Ã¢â€“Ë†Ã¢â€“Ë†Ã¢â€“Ë†Ã¢â€“Ë†Ã¢â€“Ë†Ã¢â€“Ë†Ã¢â€“Ë†Ã¢â€“Ë†Ã¢â€“Å              | 276kB 5.2MB/s eta 0:00:01
[K    60% |Ã¢â€“Ë†Ã¢â€“Ë†Ã¢â€“Ë†Ã¢â€“Ë†Ã¢â€“Ë†Ã¢â€“Ë†Ã¢â€“Ë†Ã¢â€“Ë†Ã¢â€“Ë†Ã¢â€“Ë†Ã¢â€“Ë†Ã¢â€“Ë†Ã¢â€“Ë†Ã¢â€“Ë†Ã¢â€“Ë†Ã¢â€“Ë†Ã¢â€“Ë†Ã¢â€“Ë†Ã¢â€“Ë†Ã¢â€“Â            | 286kB 5.1MB/s eta 0:00:01
[K    62% |Ã¢â€“Ë†Ã¢â€“Ë†Ã¢â€“Ë†Ã¢â€“Ë†Ã¢â€“Ë†Ã¢â€“Ë†Ã¢â€“Ë†Ã¢â€“Ë†Ã¢â€“Ë†Ã¢â€“Ë†Ã¢â€“Ë†Ã¢â€“Ë†Ã¢â€“Ë†Ã¢â€“Ë†Ã¢â€“Ë†Ã¢â€“Ë†Ã¢â€“Ë†Ã¢â€“Ë†Ã¢â€“Ë†Ã¢â€“Ë†            | 296kB 4.7MB/s eta 0:00:01
[K    64% |Ã¢â€“Ë†Ã¢â€“Ë†Ã¢â€“Ë†Ã¢â€“Ë†Ã¢â€“Ë†Ã¢â€“Ë†Ã¢â€“Ë†Ã¢â€“Ë†Ã¢â€“Ë†Ã¢â€“Ë†Ã¢â€“Ë†Ã¢â€“Ë†Ã¢â€“Ë†Ã¢â€“Ë†Ã¢â€“Ë†Ã¢â€“Ë†Ã¢â€“Ë†Ã¢â€“Ë†Ã¢â€“Ë†Ã¢â€“Ë†Ã¢â€“â€°           | 307kB 5.5MB/s eta 0:00:01
[K    67% |Ã¢â€“Ë†Ã¢â€“Ë†Ã¢â€“Ë†Ã¢â€“Ë†Ã¢â€“Ë†Ã¢â€“Ë†Ã¢â€“Ë†Ã¢â€“Ë†Ã¢â€“Ë†Ã¢â€“Ë†Ã¢â€“Ë†Ã¢â€“Ë†Ã¢â€“Ë†Ã¢â€“Ë†Ã¢â€“Ë†Ã¢â€“Ë†Ã¢â€“Ë†Ã¢â€“Ë†Ã¢â€“Ë†Ã¢â€“Ë†Ã¢â€“Ë†Ã¢â€“Å’          | 317kB 5.7MB/s eta 0:00:01
[K    69% |Ã¢â€“Ë†Ã¢â€“Ë†Ã¢â€“Ë†Ã¢â€“Ë†Ã¢â€“Ë†Ã¢â€“Ë†Ã¢â€“Ë†Ã¢â€“Ë†Ã¢â€“Ë†Ã¢â€“Ë†Ã¢â€“Ë†Ã¢â€“Ë†Ã¢â€“Ë†Ã¢â€“Ë†Ã¢â€“Ë†Ã¢â€“Ë†Ã¢â€“Ë†Ã¢â€“Ë†Ã¢â€“Ë†Ã¢â€“Ë†Ã¢â€“Ë†Ã¢â€“Ë†Ã¢â€“Â         | 327kB 5.0MB/s eta 0:00:01
[K    71% |Ã¢â€“Ë†Ã¢â€“Ë†Ã¢â€“Ë†Ã¢â€“Ë†Ã¢â€“Ë†Ã¢â€“Ë†Ã¢â€“Ë†Ã¢â€“Ë†Ã¢â€“Ë†Ã¢â€“Ë†Ã¢â€“Ë†Ã¢â€“Ë†Ã¢â€“Ë†Ã¢â€“Ë†Ã¢â€“Ë†Ã¢â€“Ë†Ã¢â€“Ë†Ã¢â€“Ë†Ã¢â€“Ë†Ã¢â€“Ë†Ã¢â€“Ë†Ã¢â€“Ë†Ã¢â€“â€°         | 337kB 5.5MB/s eta 0:00:01
[K    73% |Ã¢â€“Ë†Ã¢â€“Ë†Ã¢â€“Ë†Ã¢â€“Ë†Ã¢â€“Ë†Ã¢â€“Ë†Ã¢â€“Ë†Ã¢â€“Ë†Ã¢â€“Ë†Ã¢â€“Ë†Ã¢â€“Ë†Ã¢â€“Ë†Ã¢â€“Ë†Ã¢â€“Ë†Ã¢â€“Ë†Ã¢â€“Ë†Ã¢â€“Ë†Ã¢â€“Ë†Ã¢â€“Ë†Ã¯Â¿Â½Ã¯Â¿Â½Ã¯Â¿Â½Ã¢â€“Ë†Ã¢â€“Ë†Ã¢â€“Ë†Ã¢â€“â€¹        | 348kB 5.3MB/s eta 0:00:01
[K    75% |Ã¢â€“Ë†Ã¢â€“Ë†Ã¢â€“Ë†Ã¢â€“Ë†Ã¢â€“Ë†Ã¢â€“Ë†Ã¢â€“Ë†Ã¢â€“Ë†Ã¢â€“Ë†Ã¢â€“Ë†Ã¢â€“Ë†Ã¢â€“Ë†Ã¢â€“Ë†Ã¢â€“Ë†Ã¢â€“Ë†Ã¢â€“Ë†Ã¢â€“Ë†Ã¢â€“Ë†Ã¢â€“Ë†Ã¢â€“Ë†Ã¢â€“Ë†Ã¢â€“Ë†Ã¢â€“Ë†Ã¢â€“Ë†Ã¢â€“Å½       | 358kB 5.3MB/s eta 0:00:01
[K    77% |Ã¢â€“Ë†Ã¢â€“Ë†Ã¢â€“Ë†Ã¢â€“Ë†Ã¢â€“Ë†Ã¢â€“Ë†Ã¢â€“Ë†Ã¢â€“Ë†Ã¢â€“Ë†Ã¢â€“Ë†Ã¢â€“Ë†Ã¢â€“Ë†Ã¢â€“Ë†Ã¢â€“Ë†Ã¢â€“Ë†Ã¢â€“Ë†Ã¢â€“Ë†Ã¢â€“Ë†Ã¢â€“Ë†Ã¢â€“Ë†Ã¢â€“Ë†Ã¢â€“Ë†Ã¢â€“Ë†Ã¢â€“Ë†Ã¢â€“Ë†       | 368kB 6.1MB/s eta 0:00:01
[K    80% |Ã¢â€“Ë†Ã¢â€“Ë†Ã¢â€“Ë†Ã¢â€“Ë†Ã¢â€“Ë†Ã¢â€“Ë†Ã¢â€“Ë†Ã¢â€“Ë†Ã¢â€“Ë†Ã¢â€“Ë†Ã¢â€“Ë†Ã¢â€“Ë†Ã¢â€“Ë†Ã¢â€“Ë†Ã¢â€“Ë†Ã¢â€“Ë†Ã¢â€“Ë†Ã¢â€“Ë†Ã¢â€“Ë†Ã¢â€“Ë†Ã¢â€“Ë†Ã¢â€“Ë†Ã¢â€“Ë†Ã¢â€“Ë†Ã¢â€“Ë†Ã¢â€“â€¹      | 378kB 5.1MB/s eta 0:00:01
[K    82% |Ã¢â€“Ë†Ã¢â€“Ë†Ã¢â€“Ë†Ã¢â€“Ë†Ã¢â€“Ë†Ã¢â€“Ë†Ã¢â€“Ë†Ã¢â€“Ë†Ã¢â€“Ë†Ã¢â€“Ë†Ã¢â€“Ë†Ã¢â€“Ë†Ã¢â€“Ë†Ã¢â€“Ë†Ã¢â€“Ë†Ã¢â€“Ë†Ã¢â€“Ë†Ã¢â€“Ë†Ã¢â€“Ë†Ã¢â€“Ë†Ã¢â€“Ë†Ã¢â€“Ë†Ã¢â€“Ë†Ã¢â€“Ë†Ã¢â€“Ë†Ã¢â€“Ë†Ã¢â€“Â     | 389kB 6.0MB/s eta 0:00:01
[K    84% |Ã¢â€“Ë†Ã¢â€“Ë†Ã¢â€“Ë†Ã¢â€“Ë†Ã¢â€“Ë†Ã¢â€“Ë†Ã¢â€“Ë†Ã¢â€“Ë†Ã¢â€“Ë†Ã¢â€“Ë†Ã¢â€“Ë†Ã¢â€“Ë†Ã¢â€“Ë†Ã¢â€“Ë†Ã¢â€“Ë†Ã¢â€“Ë†Ã¢â€“Ë†Ã¢â€“Ë†Ã¢â€“Ë†Ã¢â€“Ë†Ã¢â€“Ë†Ã¢â€“Ë†Ã¢â€“Ë†Ã¢â€“Ë†Ã¢â€“Ë†Ã¢â€“Ë†Ã¢â€“Ë†     | 399kB 5.6MB/s eta 0:00:01
[K    86% |Ã¢â€“Ë†Ã¢â€“Ë†Ã¢â€“Ë†Ã¢â€“Ë†Ã¢â€“Ë†Ã¢â€“Ë†Ã¢â€“Ë†Ã¢â€“Ë†Ã¢â€“Ë†Ã¢â€“Ë†Ã¢â€“Ë†Ã¢â€“Ë†Ã¢â€“Ë†Ã¢â€“Ë†Ã¢â€“Ë†Ã¢â€“Ë†Ã¢â€“Ë†Ã¢â€“Ë†Ã¢â€“Ë†Ã¢â€“Ë†Ã¢â€“Ë†Ã¢â€“Ë†Ã¢â€“Ë†Ã¢â€“Ë†Ã¢â€“Ë†Ã¢â€“Ë†Ã¢â€“Ë†Ã¢â€“Å     | 409kB 5.0MB/s eta 0:00:01
[K    88% |Ã¢â€“Ë†Ã¢â€“Ë†Ã¢â€“Ë†Ã¢â€“Ë†Ã¢â€“Ë†Ã¢â€“Ë†Ã¢â€“Ë†Ã¢â€“Ë†Ã¢â€“Ë†Ã¢â€“Ë†Ã¢â€“Ë†Ã¢â€“Ë†Ã¢â€“Ë†Ã¢â€“Ë†Ã¢â€“Ë†Ã¢â€“Ë†Ã¢â€“Ë†Ã¢â€“Ë†Ã¢â€“Ë†Ã¢â€“Ë†Ã¢â€“Ë†Ã¢â€“Ë†Ã¢â€“Ë†Ã¢â€“Ë†Ã¢â€“Ë†Ã¢â€“Ë†Ã¢â€“Ë†Ã¢â€“Ë†Ã¢â€“Â   | 419kB 5.8MB/s eta 0:00:01
[K    90% |Ã¢â€“Ë†Ã¢â€“Ë†Ã¢â€“Ë†Ã¢â€“Ë†Ã¢â€“Ë†Ã¢â€“Ë†Ã¢â€“Ë†Ã¢â€“Ë†Ã¢â€“Ë†Ã¢â€“Ë†Ã¢â€“Ë†Ã¢â€“Ë†Ã¢â€“Ë†Ã¢â€“Ë†Ã¢â€“Ë†Ã¢â€“Ë†Ã¢â€“Ë†Ã¢â€“Ë†Ã¢â€“Ë†Ã¢â€“Ë†Ã¢â€“Ë†Ã¢â€“Ë†Ã¢â€“Ë†Ã¢â€“Ë†Ã¢â€“Ë†Ã¢â€“Ë†Ã¢â€“Ë†Ã¢â€“Ë†Ã¢â€“Ë†Ã¢â€“Â  | 430kB 6.1MB/s eta 0:00:01
[K    93% |Ã¢â€“Ë†Ã¢â€“Ë†Ã¢â€“Ë†Ã¢â€“Ë†Ã¢â€“Ë†Ã¢â€“Ë†Ã¢â€“Ë†Ã¢â€“Ë†Ã¢â€“Ë†Ã¢â€“Ë†Ã¢â€“Ë†Ã¢â€“Ë†Ã¢â€“Ë†Ã¢â€“Ë†Ã¢â€“Ë†Ã¢â€“Ë†Ã¢â€“Ë†Ã¢â€“Ë†Ã¢â€“Ë†Ã¢â€“Ë†Ã¢â€“Ë†Ã¢â€“Ë†Ã¢â€“Ë†Ã¢â€“Ë†Ã¢â€“Ë†Ã¢â€“Ë†Ã¢â€“Ë†Ã¢â€“Ë†Ã¢â€“Ë†Ã¢â€“â€°  | 440kB 6.1MB/s eta 0:00:01
[K    95% |Ã¢â€“Ë†Ã¢â€“Ë†Ã¢â€“Ë†Ã¢â€“Ë†Ã¢â€“Ë†Ã¢â€“Ë†Ã¢â€“Ë†Ã¢â€“Ë†Ã¢â€“Ë†Ã¢â€“Ë†Ã¢â€“Ë†Ã¢â€“Ë†Ã¢â€“Ë†Ã¢â€“Ë†Ã¢â€“Ë†Ã¢â€“Ë†Ã¢â€“Ë†Ã¢â€“Ë†Ã¢â€“Ë†Ã¢â€“Ë†Ã¢â€“Ë†Ã¢â€“Ë†Ã¢â€“Ë†Ã¢â€“Ë†Ã¢â€“Ë†Ã¢â€“Ë†Ã¢â€“Ë†Ã¢â€“Ë†Ã¢â€“Ë†Ã¢â€“Ë†Ã¢â€“Å’ | 450kB 6.3MB/s eta 0:00:01
[K    97% |Ã¢â€“Ë†Ã¢â€“Ë†Ã¢â€“Ë†Ã¢â€“Ë†Ã¢â€“Ë†Ã¢â€“Ë†Ã¢â€“Ë†Ã¢â€“Ë†Ã¢â€“Ë†Ã¢â€“Ë†Ã¢â€“Ë†Ã¢â€“Ë†Ã¢â€“Ë†Ã¢â€“Ë†Ã¢â€“Ë†Ã¢â€“Ë†Ã¢â€“Ë†Ã¢â€“Ë†Ã¢â€“Ë†Ã¢â€“Ë†Ã¢â€“Ë†Ã¢â€“Ë†Ã¢â€“Ë†Ã¢â€“Ë†Ã¢â€“Ë†Ã¢â€“Ë†Ã¢â€“Ë†Ã¢â€“Ë†Ã¢â€“Ë†Ã¢â€“Ë†Ã¢â€“Ë†Ã¢â€“Â| 460kB 5.6MB/s eta 0:00:01
[K    99% |Ã¢â€“Ë†Ã¢â€“Ë†Ã¢â€“Ë†Ã¢â€“Ë†Ã¢â€“Ë†Ã¢â€“Ë†Ã¢â€“Ë†Ã¢â€“Ë†Ã¢â€“Ë†Ã¢â€“Ë†Ã¢â€“Ë†Ã¢â€“Ë†Ã¢â€“Ë†Ã¢â€“Ë†Ã¢â€“Ë†Ã¢â€“Ë†Ã¢â€“Ë†Ã¢â€“Ë†Ã¢â€“Ë†Ã¢â€“Ë†Ã¢â€“Ë†Ã¢â€“Ë†Ã¢â€“Ë†Ã¢â€“Ë†Ã¢â€“Ë†Ã¢â€“Ë†Ã¢â€“Ë†Ã¢â€“Ë†Ã¢â€“Ë†Ã¢â€“Ë†Ã¢â€“Ë†Ã¢â€“â€°| 471kB 6.0MB/s eta 0:00:01
[K    100% |Ã¢â€“Ë†Ã¢â€“Ë†Ã¢â€“Ë†Ã¢â€“Ë†Ã¢â€“Ë†Ã¢â€“Ë†Ã¢â€“Ë†Ã¢â€“Ë†Ã¢â€“Ë†Ã¢â€“Ë†Ã¢â€“Ë†Ã¢â€“Ë†Ã¢â€“Ë†Ã¢â€“Ë†Ã¢â€“Ë†Ã¢â€“Ë†Ã¢â€“Ë†Ã¢â€“Ë†Ã¢â€“Ë†Ã¢â€“Ë†Ã¢â€“Ë†Ã¢â€“Ë†Ã¢â€“Ë†Ã¢â€“Ë†Ã¢â€“Ë†Ã¢â€“Ë†Ã¢â€“Ë†Ã¢â€“Ë†Ã¢â€“Ë†Ã¢â€“Ë†Ã¢â€“Ë†Ã¢â€“Ë†| 481kB 2.1MB/s
[?25hInstalling collected packages: setuptools
  Found existing installation: setuptools 36.0.1
    Uninstalling setuptools-36.0.1:
      Successfully uninstalled setuptools-36.0.1
Successfully installed setuptools-29.0.1

travis_time:end:24cdbe71:start=1501908249755488690,finish=1501908251028457101,duration=1272968411
[0Ktravis_fold:end:install.2
[0Ktravis_time:start:04d7ce53
[0K$ python setup.py test
running test
running egg_info
creating pymongo.egg-info
writing requirements to pymongo.egg-info/requires.txt
writing pymongo.egg-info/PKG-INFO
writing top-level names to pymongo.egg-info/top_level.txt
writing dependency_links to pymongo.egg-info/dependency_links.txt
writing manifest file 'pymongo.egg-info/SOURCES.txt'
reading manifest file 'pymongo.egg-info/SOURCES.txt'
reading manifest template 'MANIFEST.in'
writing manifest file 'pymongo.egg-info/SOURCES.txt'
running build_ext
building 'bson._cbson' extension
creating build
creating build/temp.linux-x86_64-2.7
creating build/temp.linux-x86_64-2.7/bson
gcc -pthread -fno-strict-aliasing -g -fstack-protector --param=ssp-buffer-size=4 -Wformat -Werror=format-security -DNDEBUG -g -fwrapv -O3 -Wall -Wstrict-prototypes -fPIC -Ibson -I/opt/python/2.7.13/include/python2.7 -c bson/_cbsonmodule.c -o build/temp.linux-x86_64-2.7/bson/_cbsonmodule.o
gcc -pthread -fno-strict-aliasing -g -fstack-protector --param=ssp-buffer-size=4 -Wformat -Werror=format-security -DNDEBUG -g -fwrapv -O3 -Wall -Wstrict-prototypes -fPIC -Ibson -I/opt/python/2.7.13/include/python2.7 -c bson/time64.c -o build/temp.linux-x86_64-2.7/bson/time64.o
gcc -pthread -fno-strict-aliasing -g -fstack-protector --param=ssp-buffer-size=4 -Wformat -Werror=format-security -DNDEBUG -g -fwrapv -O3 -Wall -Wstrict-prototypes -fPIC -Ibson -I/opt/python/2.7.13/include/python2.7 -c bson/buffer.c -o build/temp.linux-x86_64-2.7/bson/buffer.o
gcc -pthread -fno-strict-aliasing -g -fstack-protector --param=ssp-buffer-size=4 -Wformat -Werror=format-security -DNDEBUG -g -fwrapv -O3 -Wall -Wstrict-prototypes -fPIC -Ibson -I/opt/python/2.7.13/include/python2.7 -c bson/encoding_helpers.c -o build/temp.linux-x86_64-2.7/bson/encoding_helpers.o
gcc -pthread -shared -L/opt/python/2.7.13/lib -Wl,-rpath=/opt/python/2.7.13/lib build/temp.linux-x86_64-2.7/bson/_cbsonmodule.o build/temp.linux-x86_64-2.7/bson/time64.o build/temp.linux-x86_64-2.7/bson/buffer.o build/temp.linux-x86_64-2.7/bson/encoding_helpers.o -L/opt/python/2.7.13/lib -lpython2.7 -o /home/travis/build/mongodb/mongo-python-driver/bson/_cbson.so
building 'pymongo._cmessage' extension
creating build/temp.linux-x86_64-2.7/pymongo
gcc -pthread -fno-strict-aliasing -g -fstack-protector --param=ssp-buffer-size=4 -Wformat -Werror=format-security -DNDEBUG -g -fwrapv -O3 -Wall -Wstrict-prototypes -fPIC -Ibson -I/opt/python/2.7.13/include/python2.7 -c pymongo/_cmessagemodule.c -o build/temp.linux-x86_64-2.7/pymongo/_cmessagemodule.o
gcc -pthread -fno-strict-aliasing -g -fstack-protector --param=ssp-buffer-size=4 -Wformat -Werror=format-security -DNDEBUG -g -fwrapv -O3 -Wall -Wstrict-prototypes -fPIC -Ibson -I/opt/python/2.7.13/include/python2.7 -c bson/buffer.c -o build/temp.linux-x86_64-2.7/bson/buffer.o
gcc -pthread -shared -L/opt/python/2.7.13/lib -Wl,-rpath=/opt/python/2.7.13/lib build/temp.linux-x86_64-2.7/pymongo/_cmessagemodule.o build/temp.linux-x86_64-2.7/bson/buffer.o -L/opt/python/2.7.13/lib -lpython2.7 -o /home/travis/build/mongodb/mongo-python-driver/pymongo/_cmessage.so
test_uri_options (test_auth.TestAuthURIOptions) ... skipped 'Authentication is not enabled on the server'
skipped 'Kerberos module not available.'
skipped 'Must set SASL_HOST, SASL_USER, and SASL_PASS to test SASL'
test_scram_sha1 (test_auth.TestSCRAMSHA1) ... skipped 'Authentication is not enabled on the server'
test_binary (test_binary.TestBinary) ... ok
test_equality (test_binary.TestBinary) ... ok
test_exceptions (test_binary.TestBinary) ... ok
test_hash (test_binary.TestBinary) ... ok
test_legacy_csharp_uuid (test_binary.TestBinary) ... ok
test_legacy_csharp_uuid_roundtrip (test_binary.TestBinary) ... ok
test_legacy_java_uuid (test_binary.TestBinary) ... ok
test_legacy_java_uuid_roundtrip (test_binary.TestBinary) ... ok
test_pickle (test_binary.TestBinary) ... ok
test_repr (test_binary.TestBinary) ... ok
test_subtype (test_binary.TestBinary) ... ok
test_uri_to_uuid (test_binary.TestBinary) ... ok
test_uuid_queries (test_binary.TestBinary) ... ok
test_aware_datetime (test_bson.TestBSON) ... ok
test_bad_dbref (test_bson.TestBSON) ... ok
test_bad_encode (test_bson.TestBSON) ... ok
test_bad_id_keys (test_bson.TestBSON) ... ok
test_bad_string_lengths (test_bson.TestBSON) ... ok
test_basic_decode (test_bson.TestBSON) ... ok
test_basic_encode (test_bson.TestBSON) ... ok
test_basic_validation (test_bson.TestBSON) ... ok
test_bson_regex (test_bson.TestBSON) ... ok
test_bytes_as_keys (test_bson.TestBSON) ... ok
test_custom_class (test_bson.TestBSON) ... ok
test_data_timestamp (test_bson.TestBSON) ... ok
test_dates (test_bson.TestBSON) ... ok
test_datetime_encode_decode (test_bson.TestBSON) ... ok
test_dbpointer (test_bson.TestBSON) ... ok
test_dst (test_bson.TestBSON) ... ok
test_encode_then_decode (test_bson.TestBSON) ... ok
test_encode_then_decode_any_mapping (test_bson.TestBSON) ... ok
test_encoding_defaultdict (test_bson.TestBSON) ... ok
test_exception_wrapping (test_bson.TestBSON) ... ok
test_invalid_decodes (test_bson.TestBSON) ... ok
test_local_datetime (test_bson.TestBSON) ... ok
test_minkey_maxkey_comparison (test_bson.TestBSON) ... ok
test_minkey_maxkey_hash (test_bson.TestBSON) ... ok
test_move_id (test_bson.TestBSON) ... ok
test_naive_decode (test_bson.TestBSON) ... ok
test_non_string_keys (test_bson.TestBSON) ... ok
test_null_character (test_bson.TestBSON) ... ok
test_ordered_dict (test_bson.TestBSON) ... ok
test_overflow (test_bson.TestBSON) ... ok
test_random_data_is_not_bson (test_bson.TestBSON) ... ok
test_regex_from_native (test_bson.TestBSON) ... ok
test_regex_hash (test_bson.TestBSON) ... ok
test_small_long_encode_decode (test_bson.TestBSON) ... ok
test_subclasses (test_bson.TestBSON) ... ok
test_timestamp_comparison (test_bson.TestBSON) ... ok
test_timestamp_highorder_bits (test_bson.TestBSON) ... ok
test_tuple (test_bson.TestBSON) ... ok
test_unicode_regex (test_bson.TestBSON) ... ok
test_unknown_type (test_bson.TestBSON) ... ok
test_utf8 (test_bson.TestBSON) ... ok
test_uuid (test_bson.TestBSON) ... ok
test_uuid_legacy (test_bson.TestBSON) ... ok
test_codec_options_repr (test_bson.TestCodecOptions) ... ok
test_decode_all_defaults (test_bson.TestCodecOptions) ... ok
test_document_class (test_bson.TestCodecOptions) ... ok
test_tz_aware (test_bson.TestCodecOptions) ... ok
test_tzinfo (test_bson.TestCodecOptions) ... ok
test_unicode_decode_error_handler (test_bson.TestCodecOptions) ... ok
test_uuid_representation (test_bson.TestCodecOptions) ... ok
test_array (test_bson_corpus.TestBSONCorpus) ... ok
test_binary (test_bson_corpus.TestBSONCorpus) ... ok
test_boolean (test_bson_corpus.TestBSONCorpus) ... ok
test_code (test_bson_corpus.TestBSONCorpus) ... ok
test_code_w_scope (test_bson_corpus.TestBSONCorpus) ... ok
test_datetime (test_bson_corpus.TestBSONCorpus) ... ok
test_dbpointer (test_bson_corpus.TestBSONCorpus) ... ok
test_dbref (test_bson_corpus.TestBSONCorpus) ... ok
test_decimal128-1 (test_bson_corpus.TestBSONCorpus) ... ok
test_decimal128-2 (test_bson_corpus.TestBSONCorpus) ... ok
test_decimal128-3 (test_bson_corpus.TestBSONCorpus) ... ok
test_decimal128-4 (test_bson_corpus.TestBSONCorpus) ... ok
test_decimal128-5 (test_bson_corpus.TestBSONCorpus) ... ok
test_decimal128-6 (test_bson_corpus.TestBSONCorpus) ... ok
test_decimal128-7 (test_bson_corpus.TestBSONCorpus) ... ok
test_document (test_bson_corpus.TestBSONCorpus) ... ok
test_double (test_bson_corpus.TestBSONCorpus) ... ok
test_int32 (test_bson_corpus.TestBSONCorpus) ... ok
test_int64 (test_bson_corpus.TestBSONCorpus) ... ok
test_maxkey (test_bson_corpus.TestBSONCorpus) ... ok
test_minkey (test_bson_corpus.TestBSONCorpus) ... ok
test_multi-type (test_bson_corpus.TestBSONCorpus) ... ok
test_multi-type-deprecated (test_bson_corpus.TestBSONCorpus) ... ok
test_null (test_bson_corpus.TestBSONCorpus) ... ok
test_oid (test_bson_corpus.TestBSONCorpus) ... ok
test_regex (test_bson_corpus.TestBSONCorpus) ... ok
test_string (test_bson_corpus.TestBSONCorpus) ... ok
test_symbol (test_bson_corpus.TestBSONCorpus) ... ok
test_timestamp (test_bson_corpus.TestBSONCorpus) ... ok
test_top (test_bson_corpus.TestBSONCorpus) ... ok
test_undefined (test_bson_corpus.TestBSONCorpus) ... ok
test_bulk_write_invalid_arguments (test_bulk.TestBulk) ... ok
test_bulk_write_no_results (test_bulk.TestBulk) ... ok
test_empty (test_bulk.TestBulk) ... ok
test_generator_insert (test_bulk.TestBulk) ... ok
test_insert (test_bulk.TestBulk) ... ok
test_numerous_inserts (test_bulk.TestBulk) ... ok
test_remove (test_bulk.TestBulk) ... ok
test_remove_one (test_bulk.TestBulk) ... ok
test_replace_one (test_bulk.TestBulk) ... ok
test_update (test_bulk.TestBulk) ... ok
test_update_one (test_bulk.TestBulk) ... ok
test_upsert (test_bulk.TestBulk) ... ok
skipped 'Authentication is not enabled on the server'
test_get_database (test_client.ClientUnitTest) ... ok
test_get_database_default (test_client.ClientUnitTest) ... ok
test_get_database_default_error (test_client.ClientUnitTest) ... ok
test_get_database_default_with_authsource (test_client.ClientUnitTest) ... ok
test_get_db (test_client.ClientUnitTest) ... ok
test_getattr (test_client.ClientUnitTest) ... ok
test_iteration (test_client.ClientUnitTest) ... ok
test_keyword_arg_defaults (test_client.ClientUnitTest) ... ok
test_kwargs_codec_options (test_client.ClientUnitTest) ... ok
test_max_pool_size_zero (test_client.ClientUnitTest) ... ok
test_metadata (test_client.ClientUnitTest) ... ok
test_primary_read_pref_with_tags (test_client.ClientUnitTest) ... ok
test_read_preference (test_client.ClientUnitTest) ... ok
test_types (test_client.ClientUnitTest) ... ok
test_uri_codec_options (test_client.ClientUnitTest) ... ok
test_auth_from_uri (test_client.TestClient) ... skipped 'Authentication is not enabled on the server'
test_auth_network_error (test_client.TestClient) ... skipped 'Authentication is not enabled on the server'
test_bad_uri (test_client.TestClient) ... ok
test_close (test_client.TestClient) ... ok
test_close_kills_cursors (test_client.TestClient) ... ok
test_connect_to_standalone_using_replica_set_name (test_client.TestClient) ... ok
test_constants (test_client.TestClient)
This test uses MongoClient explicitly to make sure that host and ... ok
test_contextlib (test_client.TestClient) ... ok
test_database_names (test_client.TestClient) ... ok
test_document_class (test_client.TestClient) ... ok
test_drop_database (test_client.TestClient) ... skipped 'This test often fails due to SERVER-2329'
test_equality (test_client.TestClient) ... ok
test_exhaust_network_error (test_client.TestClient) ... ok
test_fsync_lock_unlock (test_client.TestClient) ... ok
test_getters (test_client.TestClient) ... ok
test_heartbeat_frequency_ms (test_client.TestClient) ... ok
test_host_w_port (test_client.TestClient) ... ok
test_init_disconnected (test_client.TestClient) ... ok
test_init_disconnected_with_auth (test_client.TestClient) ... ok
test_interrupt_signal (test_client.TestClient) ... ok
test_ipv6 (test_client.TestClient) ... skipped 'No IPv6'
test_lazy_auth_raises_operation_failure (test_client.TestClient) ... skipped 'Authentication is not enabled on the server'
test_lazy_connect_w0 (test_client.TestClient) ... ok
test_max_idle_time_checkout (test_client.TestClient) ... ok
test_max_idle_time_reaper (test_client.TestClient) ... ok
test_min_pool_size (test_client.TestClient) ... ok
test_multiple_logins (test_client.TestClient) ... skipped 'Authentication is not enabled on the server'
test_operation_failure (test_client.TestClient) ... ok
test_repr (test_client.TestClient) ... ok
test_server_selection_timeout (test_client.TestClient) ... /home/travis/build/mongodb/mongo-python-driver/pymongo/common.py:555: UserWarning: serverSelectionTimeoutMS must be greater than 0 and less than one billion
  warnings.warn(str(exc))
/home/travis/build/mongodb/mongo-python-driver/pymongo/common.py:555: UserWarning: serverSelectionTimeoutMS must be an integer or float
  warnings.warn(str(exc))
ok
test_small_heartbeat_frequency_ms (test_client.TestClient) ... ok
test_socketKeepAlive (test_client.TestClient) ... ok
test_socket_timeout (test_client.TestClient) ... ok
test_socket_timeout_ms_validation (test_client.TestClient) ... ok
test_stale_getmore (test_client.TestClient) ... skipped 'Not connected to a replica set'
test_timeouts (test_client.TestClient) ... ok
test_tz_aware (test_client.TestClient) ... ok
test_unix_socket (test_client.TestClient) ... skipped 'Socket file is not accessible'
test_username_and_password (test_client.TestClient) ... skipped 'Authentication is not enabled on the server'
test_waitQueueMultiple (test_client.TestClient) ... ok
test_waitQueueTimeoutMS (test_client.TestClient) ... ok
test_delete_one (test_client.TestClientLazyConnect) ... ok
test_find_one (test_client.TestClientLazyConnect) ... ok
test_insert_one (test_client.TestClientLazyConnect) ... ok
test_max_bson_size (test_client.TestClientLazyConnect) ... ok
test_update_one (test_client.TestClientLazyConnect) ... ok
test_exhaust_getmore_network_error (test_client.TestExhaustCursor) ... ok
test_exhaust_getmore_server_error (test_client.TestExhaustCursor) ... ok
test_exhaust_query_network_error (test_client.TestExhaustCursor) ... ok
test_exhaust_query_server_error (test_client.TestExhaustCursor) ... ok
test_discover_primary (test_client.TestMongoClientFailover) ... ok
test_network_error_on_delete (test_client.TestMongoClientFailover) ... ok
test_network_error_on_insert (test_client.TestMongoClientFailover) ... ok
test_network_error_on_query (test_client.TestMongoClientFailover) ... ok
test_network_error_on_replace (test_client.TestMongoClientFailover) ... ok
test_network_error_on_update (test_client.TestMongoClientFailover) ... ok
test_reconnect (test_client.TestMongoClientFailover) ... ok
test_code (test_code.TestCode) ... ok
test_equality (test_code.TestCode) ... ok
test_hash (test_code.TestCode) ... ok
test_read_only (test_code.TestCode) ... ok
test_repr (test_code.TestCode) ... ok
test_scope_kwargs (test_code.TestCode) ... ok
test_scope_preserved (test_code.TestCode) ... ok
test_types (test_code.TestCode) ... ok
test_aggregate (test_collation.TestCollation) ... ok
test_bulk (test_collation.TestCollation) ... ok
test_bulk_write (test_collation.TestCollation) ... ok
test_count (test_collation.TestCollation) ... ok
test_create_collection (test_collation.TestCollation) ... ok
test_create_index (test_collation.TestCollation) ... ok
test_cursor_collation (test_collation.TestCollation) ... ok
test_delete (test_collation.TestCollation) ... ok
test_distinct (test_collation.TestCollation) ... ok
test_ensure_index (test_collation.TestCollation) ... ok
test_find_and (test_collation.TestCollation) ... ok
test_find_command (test_collation.TestCollation) ... ok
test_group (test_collation.TestCollation) ... ok
test_index_model (test_collation.TestCollation) ... ok
test_indexes_same_keys_different_collations (test_collation.TestCollation) ... skipped 'Server version must be at least 3.3.11.0'
test_map_reduce (test_collation.TestCollation) ... ok
test_mixed_bulk_collation (test_collation.TestCollation) ... ok
test_unacknowledged_write (test_collation.TestCollation) ... ok
test_update (test_collation.TestCollation) ... ok
test_constructor (test_collation.TestCollationObject) ... ok
test_acknowledged_delete (test_collection.TestCollection) ... ok
test_aggregate (test_collection.TestCollection) ... ok
test_aggregate_raw_bson (test_collection.TestCollection) ... ok
test_aggregation_cursor (test_collection.TestCollection) ... ok
test_aggregation_cursor_alive (test_collection.TestCollection) ... ok
test_aggregation_cursor_validation (test_collection.TestCollection) ... ok
test_bad_encode (test_collection.TestCollection) ... ok
test_bypass_document_validation_bulk_write (test_collection.TestCollection) ... ok
test_command_document_too_large (test_collection.TestCollection) ... ok
test_count (test_collection.TestCollection) ... ok
test_create (test_collection.TestCollection) ... skipped 'Server version must be at least 3.3.9.0'
test_create_index (test_collection.TestCollection) ... ok
test_create_indexes (test_collection.TestCollection) ... ok
test_cursor_timeout (test_collection.TestCollection) ... ok
test_delete_many (test_collection.TestCollection) ... ok
test_delete_one (test_collection.TestCollection) ... ok
test_distinct (test_collection.TestCollection) ... ok
test_drop_index (test_collection.TestCollection) ... ok
test_drop_indexes_non_existent (test_collection.TestCollection) ... ok
test_drop_nonexistent_collection (test_collection.TestCollection) ... ok
test_duplicate_key_error (test_collection.TestCollection) ... ok
test_equality (test_collection.TestCollection) ... ok
test_error_code (test_collection.TestCollection) ... ok
test_exhaust (test_collection.TestCollection) ... ok
test_field_selection (test_collection.TestCollection) ... ok
test_fields_specifier_as_dict (test_collection.TestCollection) ... ok
test_find_by_default_dct (test_collection.TestCollection) ... ok
test_find_command_generation (test_collection.TestCollection) ... ok
test_find_kwargs (test_collection.TestCollection) ... ok
test_find_one (test_collection.TestCollection) ... ok
test_find_one_and (test_collection.TestCollection) ... ok
test_find_one_and_write_concern (test_collection.TestCollection) ... /home/travis/build/mongodb/mongo-python-driver/test/test_collection.py:2083: DeprecationWarning: find_and_modify is deprecated, use find_one_and_delete, find_one_and_replace, or find_one_and_update instead
  {'_id': 1}, {'$set': {'foo': 'bar'}})
/home/travis/build/mongodb/mongo-python-driver/test/test_collection.py:2146: DeprecationWarning: find_and_modify is deprecated, use find_one_and_delete, find_one_and_replace, or find_one_and_update instead
  c_default.find_and_modify({'_id': 1}, {'$set': {'foo': 'bar'}})
ok
test_find_one_non_objectid (test_collection.TestCollection) ... ok
test_find_one_with_find_args (test_collection.TestCollection) ... ok
test_find_regex (test_collection.TestCollection) ... ok
test_find_w_fields (test_collection.TestCollection) ... ok
test_find_w_regex (test_collection.TestCollection) ... ok
test_find_with_nested (test_collection.TestCollection) ... ok
test_find_with_sort (test_collection.TestCollection) ... ok
test_id_can_be_anything (test_collection.TestCollection) ... ok
test_index_2dsphere (test_collection.TestCollection) ... ok
test_index_background (test_collection.TestCollection) ... ok
test_index_dont_drop_dups (test_collection.TestCollection) ... ok
test_index_drop_dups (test_collection.TestCollection) ... skipped 'Server version must be at most 2.6.0.0'
test_index_filter (test_collection.TestCollection) ... ok
test_index_geo2d (test_collection.TestCollection) ... ok
test_index_hashed (test_collection.TestCollection) ... ok
test_index_haystack (test_collection.TestCollection) ... ok
test_index_info (test_collection.TestCollection) ... ok
test_index_on_subfield (test_collection.TestCollection) ... ok
test_index_sparse (test_collection.TestCollection) ... ok
test_index_text (test_collection.TestCollection) ... ok
test_insert_bypass_document_validation (test_collection.TestCollection) ... ok
test_insert_many (test_collection.TestCollection) ... ok
test_insert_one (test_collection.TestCollection) ... ok
test_invalid_key_names (test_collection.TestCollection) ... ok
test_large_limit (test_collection.TestCollection) ... ok
test_list_indexes (test_collection.TestCollection) ... ok
test_manual_last_error (test_collection.TestCollection) ... ok
test_map_reduce (test_collection.TestCollection) ... ok
test_messages_with_unicode_collection_names (test_collection.TestCollection) ... ok
test_min_query (test_collection.TestCollection) ... ok
test_numerous_inserts (test_collection.TestCollection) ... ok
test_options (test_collection.TestCollection) ... ok
test_parallel_scan (test_collection.TestCollection) ... ok
test_parallel_scan_max_time_ms (test_collection.TestCollection) ... skipped 'Server version must be at least 3.3.10.0'
test_query_on_query_field (test_collection.TestCollection) ... ok
test_reindex (test_collection.TestCollection) ... ok
test_rename (test_collection.TestCollection) ... ok
test_replace_bypass_document_validation (test_collection.TestCollection) ... ok
test_replace_one (test_collection.TestCollection) ... ok
test_unique_index (test_collection.TestCollection) ... ok
test_update_bypass_document_validation (test_collection.TestCollection) ... ok
test_update_check_keys (test_collection.TestCollection) ... ok
test_update_many (test_collection.TestCollection) ... ok
test_update_one (test_collection.TestCollection) ... ok
test_update_with_invalid_keys (test_collection.TestCollection) ... ok
test_write_error_text_handling (test_collection.TestCollection) ... /opt/python/2.7.13/lib/python2.7/unittest/case.py:473: DeprecationWarning: insert is deprecated. Use insert_one or insert_many instead.
  callableObj(*args, **kwargs)
/opt/python/2.7.13/lib/python2.7/unittest/case.py:473: DeprecationWarning: insert is deprecated. Use insert_one or insert_many instead.
  callableObj(*args, **kwargs)
/opt/python/2.7.13/lib/python2.7/unittest/case.py:473: DeprecationWarning: update is deprecated. Use replace_one, update_one or update_many instead.
  callableObj(*args, **kwargs)
ok
test_wtimeout (test_collection.TestCollection) ... ok
test_collection (test_collection.TestCollectionNoConnect) ... ok
test_getattr (test_collection.TestCollectionNoConnect) ... ok
test_iteration (test_collection.TestCollectionNoConnect) ... ok
test_command_monitoring.bulkWrite.A_successful_mixed_bulk_write (test_command_monitoring_spec.TestAllScenarios) ... ok
test_command_monitoring.bulkWrite.A_successful_unordered_bulk_write_with_an_unacknowledged_write_concern (test_command_monitoring_spec.TestAllScenarios) ... ok
test_command_monitoring.command.A_failed_command_event (test_command_monitoring_spec.TestAllScenarios) ... ok
test_command_monitoring.command.A_successful_command (test_command_monitoring_spec.TestAllScenarios) ... ok
test_command_monitoring.command.A_successful_command_with_a_non-primary_read_preference (test_command_monitoring_spec.TestAllScenarios) ... ok
test_command_monitoring.deleteMany.A_successful_delete_many (test_command_monitoring_spec.TestAllScenarios) ... ok
test_command_monitoring.deleteMany.A_successful_delete_many_command_with_write_errors (test_command_monitoring_spec.TestAllScenarios) ... ok
test_command_monitoring.deleteOne.A_successful_delete_one (test_command_monitoring_spec.TestAllScenarios) ... ok
test_command_monitoring.deleteOne.A_successful_delete_one_command_with_write_errors (test_command_monitoring_spec.TestAllScenarios) ... ok
test_command_monitoring.find.A_failed_find_event (test_command_monitoring_spec.TestAllScenarios) ... ok
test_command_monitoring.find.A_successful_find_event_with_a_getmore (test_command_monitoring_spec.TestAllScenarios) ... ok
test_command_monitoring.find.A_successful_find_event_with_a_getmore_and_killcursors (test_command_monitoring_spec.TestAllScenarios) ... skipped 'Server version must be at most 3.0.0.0'
test_command_monitoring.find.A_successful_find_event_with_a_getmore_and_the_server_kills_the_cursor (test_command_monitoring_spec.TestAllScenarios) ... ok
test_command_monitoring.find.A_successful_find_event_with_no_options (test_command_monitoring_spec.TestAllScenarios) ... ok
test_command_monitoring.find.A_successful_find_event_with_options (test_command_monitoring_spec.TestAllScenarios) ... /home/travis/build/mongodb/mongo-python-driver/pymongo/collection.py:1279: DeprecationWarning: the 'modifiers' parameter is deprecated
  return Cursor(self, *args, **kwargs)
ok
test_command_monitoring.insertMany.A_successful_insert_many (test_command_monitoring_spec.TestAllScenarios) ... ok
test_command_monitoring.insertMany.A_successful_insert_many_command_with_write_errors (test_command_monitoring_spec.TestAllScenarios) ... ok
test_command_monitoring.insertMany.A_successful_unordered_insert_many (test_command_monitoring_spec.TestAllScenarios) ... ok
test_command_monitoring.insertOne.A_successful_insert_one (test_command_monitoring_spec.TestAllScenarios) ... ok
test_command_monitoring.insertOne.A_successful_insert_one_command_with_write_errors (test_command_monitoring_spec.TestAllScenarios) ... ok
test_command_monitoring.updateMany.A_successful_update_many (test_command_monitoring_spec.TestAllScenarios) ... ok
test_command_monitoring.updateMany.A_successful_update_many_command_with_write_errors (test_command_monitoring_spec.TestAllScenarios) ... ok
test_command_monitoring.updateOne.A_successful_update_one (test_command_monitoring_spec.TestAllScenarios) ... ok
test_command_monitoring.updateOne.A_successful_update_one_command_with_write_errors (test_command_monitoring_spec.TestAllScenarios) ... ok
test_command_monitoring.updateOne.A_successful_update_one_with_upsert_when_the_upserted_id_is_not_an_object_id (test_command_monitoring_spec.TestAllScenarios) ... ok
test_mongo_client (test_common.TestCommon) ... ok
test_uuid_representation (test_common.TestCommon) ... ok
test_write_concern (test_common.TestCommon) ... ok
test_read_aggregate-collation_Aggregate_with_collation (test_crud.TestAllScenarios) ... skipped 'Server version must be at least 3.4.0.0'
test_read_aggregate-out_Aggregate_with_$out (test_crud.TestAllScenarios) ... ok
test_read_aggregate_Aggregate_with_multiple_stages (test_crud.TestAllScenarios) ... ok
test_read_count-collation_Count_with_collation (test_crud.TestAllScenarios) ... skipped 'Server version must be at least 3.4.0.0'
test_read_count_Count_with_a_filter (test_crud.TestAllScenarios) ... ok
test_read_count_Count_with_skip_and_limit (test_crud.TestAllScenarios) ... ok
test_read_count_Count_without_a_filter (test_crud.TestAllScenarios) ... ok
test_read_distinct-collation_Distinct_with_a_collation (test_crud.TestAllScenarios) ... skipped 'Server version must be at least 3.4.0.0'
test_read_distinct_Distinct_with_a_filter (test_crud.TestAllScenarios) ... ok
test_read_distinct_Distinct_without_a_filter (test_crud.TestAllScenarios) ... ok
test_read_find-collation_Find_with_a_collation (test_crud.TestAllScenarios) ... skipped 'Server version must be at least 3.4.0.0'
test_read_find_Find_with_filter (test_crud.TestAllScenarios) ... ok
test_read_find_Find_with_filter,_sort,_skip,_and_limit (test_crud.TestAllScenarios) ... ok
test_read_find_Find_with_limit,_sort,_and_batchsize (test_crud.TestAllScenarios) ... ok
test_write_deleteMany-collation_DeleteMany_when_many_documents_match_with_collation (test_crud.TestAllScenarios) ... skipped 'Server version must be at least 3.4.0.0'
test_write_deleteMany_DeleteMany_when_many_documents_match (test_crud.TestAllScenarios) ... ok
test_write_deleteMany_DeleteMany_when_no_document_matches (test_crud.TestAllScenarios) ... ok
test_write_deleteOne-collation_DeleteOne_when_many_documents_matches_with_collation (test_crud.TestAllScenarios) ... skipped 'Server version must be at least 3.4.0.0'
test_write_deleteOne_DeleteOne_when_many_documents_match (test_crud.TestAllScenarios) ... ok
test_write_deleteOne_DeleteOne_when_no_documents_match (test_crud.TestAllScenarios) ... ok
test_write_deleteOne_DeleteOne_when_one_document_matches (test_crud.TestAllScenarios) ... ok
test_write_findOneAndDelete-collation_FindOneAndDelete_when_one_document_matches_with_collation (test_crud.TestAllScenarios) ... skipped 'Server version must be at least 3.4.0.0'
test_write_findOneAndDelete_FindOneAndDelete_when_many_documents_match (test_crud.TestAllScenarios) ... ok
test_write_findOneAndDelete_FindOneAndDelete_when_no_documents_match (test_crud.TestAllScenarios) ... ok
test_write_findOneAndDelete_FindOneAndDelete_when_one_document_matches (test_crud.TestAllScenarios) ... ok
test_write_findOneAndReplace-collation_FindOneAndReplace_when_one_document_matches_with_collation_returning_the_document_after_modification (test_crud.TestAllScenarios) ... skipped 'Server version must be at least 3.4.0.0'
test_write_findOneAndReplace-upsert_FindOneAndReplace_when_no_documents_match_with_id_specified_with_upsert_returning_the_document_after_modification (test_crud.TestAllScenarios) ... ok
test_write_findOneAndReplace-upsert_FindOneAndReplace_when_no_documents_match_with_id_specified_with_upsert_returning_the_document_before_modification (test_crud.TestAllScenarios) ... ok
test_write_findOneAndReplace-upsert_FindOneAndReplace_when_no_documents_match_without_id_specified_with_upsert_returning_the_document_after_modification (test_crud.TestAllScenarios) ... ok
test_write_findOneAndReplace-upsert_FindOneAndReplace_when_no_documents_match_without_id_specified_with_upsert_returning_the_document_before_modification (test_crud.TestAllScenarios) ... ok
test_write_findOneAndReplace-upsert_pre_2.6_FindOneAndReplace_when_no_documents_match_with_id_specified_with_upsert_returning_the_document_after_modification (test_crud.TestAllScenarios) ... skipped 'Server version must be at most 2.4.99.0'
test_write_findOneAndReplace-upsert_pre_2.6_FindOneAndReplace_when_no_documents_match_with_id_specified_with_upsert_returning_the_document_before_modification (test_crud.TestAllScenarios) ... skipped 'Server version must be at most 2.4.99.0'
test_write_findOneAndReplace-upsert_pre_2.6_FindOneAndReplace_when_no_documents_match_without_id_specified_with_upsert_returning_the_document_after_modification (test_crud.TestAllScenarios) ... skipped 'Server version must be at most 2.4.99.0'
test_write_findOneAndReplace-upsert_pre_2.6_FindOneAndReplace_when_no_documents_match_without_id_specified_with_upsert_returning_the_document_before_modification (test_crud.TestAllScenarios) ... skipped 'Server version must be at most 2.4.99.0'
test_write_findOneAndReplace_FindOneAndReplace_when_many_documents_match_returning_the_document_after_modification (test_crud.TestAllScenarios) ... ok
test_write_findOneAndReplace_FindOneAndReplace_when_many_documents_match_returning_the_document_before_modification (test_crud.TestAllScenarios) ... ok
test_write_findOneAndReplace_FindOneAndReplace_when_no_documents_match_returning_the_document_after_modification (test_crud.TestAllScenarios) ... ok
test_write_findOneAndReplace_FindOneAndReplace_when_no_documents_match_returning_the_document_before_modification (test_crud.TestAllScenarios) ... ok
test_write_findOneAndReplace_FindOneAndReplace_when_one_document_matches_returning_the_document_after_modification (test_crud.TestAllScenarios) ... ok
test_write_findOneAndReplace_FindOneAndReplace_when_one_document_matches_returning_the_document_before_modification (test_crud.TestAllScenarios) ... ok
test_write_findOneAndUpdate-collation_FindOneAndUpdate_when_many_documents_match_with_collation_returning_the_document_before_modification (test_crud.TestAllScenarios) ... skipped 'Server version must be at least 3.4.0.0'
test_write_findOneAndUpdate_FindOneAndUpdate_when_many_documents_match_returning_the_document_after_modification (test_crud.TestAllScenarios) ... ok
test_write_findOneAndUpdate_FindOneAndUpdate_when_many_documents_match_returning_the_document_before_modification (test_crud.TestAllScenarios) ... ok
test_write_findOneAndUpdate_FindOneAndUpdate_when_no_documents_match_returning_the_document_after_modification (test_crud.TestAllScenarios) ... ok
test_write_findOneAndUpdate_FindOneAndUpdate_when_no_documents_match_returning_the_document_before_modification (test_crud.TestAllScenarios) ... ok
test_write_findOneAndUpdate_FindOneAndUpdate_when_no_documents_match_with_upsert_returning_the_document_after_modification (test_crud.TestAllScenarios) ... ok
test_write_findOneAndUpdate_FindOneAndUpdate_when_no_documents_match_with_upsert_returning_the_document_before_modification (test_crud.TestAllScenarios) ... ok
test_write_findOneAndUpdate_FindOneAndUpdate_when_one_document_matches_returning_the_document_after_modification (test_crud.TestAllScenarios) ... ok
test_write_findOneAndUpdate_FindOneAndUpdate_when_one_document_matches_returning_the_document_before_modification (test_crud.TestAllScenarios) ... ok
test_write_insertMany_InsertMany_with_non-existing_documents (test_crud.TestAllScenarios) ... ok
test_write_insertOne_InsertOne_with_a_non-existing_document (test_crud.TestAllScenarios) ... ok
test_write_replaceOne-collation_ReplaceOne_when_one_document_matches_with_collation (test_crud.TestAllScenarios) ... skipped 'Server version must be at least 3.4.0.0'
test_write_replaceOne-pre_2.6_ReplaceOne_when_many_documents_match (test_crud.TestAllScenarios) ... skipped 'Server version must be at most 2.4.99.0'
test_write_replaceOne-pre_2.6_ReplaceOne_when_no_documents_match (test_crud.TestAllScenarios) ... skipped 'Server version must be at most 2.4.99.0'
test_write_replaceOne-pre_2.6_ReplaceOne_when_one_document_matches (test_crud.TestAllScenarios) ... skipped 'Server version must be at most 2.4.99.0'
test_write_replaceOne-pre_2.6_ReplaceOne_with_upsert_when_no_documents_match_with_an_id_specified (test_crud.TestAllScenarios) ... skipped 'Server version must be at most 2.4.99.0'
test_write_replaceOne-pre_2.6_ReplaceOne_with_upsert_when_no_documents_match_without_an_id_specified (test_crud.TestAllScenarios) ... skipped 'Server version must be at most 2.4.99.0'
test_write_replaceOne-upsert_ReplaceOne_with_upsert_when_no_documents_match_with_an_id_specified (test_crud.TestAllScenarios) ... ok
test_write_replaceOne-upsert_ReplaceOne_with_upsert_when_no_documents_match_without_an_id_specified (test_crud.TestAllScenarios) ... ok
test_write_replaceOne_ReplaceOne_when_many_documents_match (test_crud.TestAllScenarios) ... ok
test_write_replaceOne_ReplaceOne_when_no_documents_match (test_crud.TestAllScenarios) ... ok
test_write_replaceOne_ReplaceOne_when_one_document_matches (test_crud.TestAllScenarios) ... ok
test_write_replaceOne_ReplaceOne_with_upsert_when_no_documents_match_with_an_id_specified (test_crud.TestAllScenarios) ... ok
test_write_replaceOne_ReplaceOne_with_upsert_when_no_documents_match_without_an_id_specified (test_crud.TestAllScenarios) ... ok
test_write_updateMany-collation_UpdateMany_when_many_documents_match_with_collation (test_crud.TestAllScenarios) ... skipped 'Server version must be at least 3.4.0.0'
test_write_updateMany-pre_2.6_UpdateMany_when_many_documents_match (test_crud.TestAllScenarios) ... skipped 'Server version must be at most 2.4.99.0'
test_write_updateMany-pre_2.6_UpdateMany_when_no_documents_match (test_crud.TestAllScenarios) ... skipped 'Server version must be at most 2.4.99.0'
test_write_updateMany-pre_2.6_UpdateMany_when_one_document_matches (test_crud.TestAllScenarios) ... skipped 'Server version must be at most 2.4.99.0'
test_write_updateMany-pre_2.6_UpdateMany_with_upsert_when_no_documents_match (test_crud.TestAllScenarios) ... skipped 'Server version must be at most 2.4.99.0'
test_write_updateMany_UpdateMany_when_many_documents_match (test_crud.TestAllScenarios) ... ok
test_write_updateMany_UpdateMany_when_no_documents_match (test_crud.TestAllScenarios) ... ok
test_write_updateMany_UpdateMany_when_one_document_matches (test_crud.TestAllScenarios) ... ok
test_write_updateMany_UpdateMany_with_upsert_when_no_documents_match (test_crud.TestAllScenarios) ... ok
test_write_updateOne-collation_UpdateOne_when_one_document_matches_with_collation (test_crud.TestAllScenarios) ... skipped 'Server version must be at least 3.4.0.0'
test_write_updateOne-pre_2.6_UpdateOne_when_many_documents_match (test_crud.TestAllScenarios) ... skipped 'Server version must be at most 2.4.99.0'
test_write_updateOne-pre_2.6_UpdateOne_when_no_documents_match (test_crud.TestAllScenarios) ... skipped 'Server version must be at most 2.4.99.0'
test_write_updateOne-pre_2.6_UpdateOne_when_one_document_matches (test_crud.TestAllScenarios) ... skipped 'Server version must be at most 2.4.99.0'
test_write_updateOne-pre_2.6_UpdateOne_with_upsert_when_no_documents_match (test_crud.TestAllScenarios) ... skipped 'Server version must be at most 2.4.99.0'
test_write_updateOne_UpdateOne_when_many_documents_match (test_crud.TestAllScenarios) ... ok
test_write_updateOne_UpdateOne_when_no_documents_match (test_crud.TestAllScenarios) ... ok
test_write_updateOne_UpdateOne_when_one_document_matches (test_crud.TestAllScenarios) ... ok
test_write_updateOne_UpdateOne_with_upsert_when_no_documents_match (test_crud.TestAllScenarios) ... ok
test_DeleteManyEquals (test_crud.TestWriteOpsComparison) ... ok
test_DeleteManyNotEquals (test_crud.TestWriteOpsComparison) ... ok
test_DeleteOneEquals (test_crud.TestWriteOpsComparison) ... ok
test_DeleteOneNotEquals (test_crud.TestWriteOpsComparison) ... ok
test_DeleteOneNotEqualsDeleteMany (test_crud.TestWriteOpsComparison) ... ok
test_InsertOneEquals (test_crud.TestWriteOpsComparison) ... ok
test_InsertOneNotEquals (test_crud.TestWriteOpsComparison) ... ok
test_ReplaceOneEquals (test_crud.TestWriteOpsComparison) ... ok
test_ReplaceOneNotEquals (test_crud.TestWriteOpsComparison) ... ok
test_UpdateManyEquals (test_crud.TestWriteOpsComparison) ... ok
test_UpdateManyNotEquals (test_crud.TestWriteOpsComparison) ... ok
test_UpdateOneEquals (test_crud.TestWriteOpsComparison) ... ok
test_UpdateOneNotEquals (test_crud.TestWriteOpsComparison) ... ok
test_UpdateOneNotEqualsUpdateMany (test_crud.TestWriteOpsComparison) ... ok
test_add_remove_option_exhaust (test_cursor.TestCursor) ... ok
test_alive (test_cursor.TestCursor) ... ok
test_bad_getitem (test_cursor.TestCursor) ... ok
test_batch_size (test_cursor.TestCursor) ... ok
test_clone (test_cursor.TestCursor) ... ok
test_close_kills_cursor_synchronously (test_cursor.TestCursor) ... ok
test_comment (test_cursor.TestCursor) ... ok
test_count (test_cursor.TestCursor) ... ok
test_count_with_fields (test_cursor.TestCursor) ... ok
test_count_with_hint (test_cursor.TestCursor) ... ok
test_count_with_limit_and_skip (test_cursor.TestCursor) ... ok
test_distinct (test_cursor.TestCursor) ... ok
test_explain (test_cursor.TestCursor) ... ok
test_get_more (test_cursor.TestCursor) ... ok
test_getitem_numeric_index (test_cursor.TestCursor) ... ok
test_getitem_slice_index (test_cursor.TestCursor) ... ok
test_hint (test_cursor.TestCursor) ... ok
test_hint_by_name (test_cursor.TestCursor) ... ok
test_len (test_cursor.TestCursor) ... ok
test_limit (test_cursor.TestCursor) ... ok
test_limit_and_batch_size (test_cursor.TestCursor) ... ok
test_max (test_cursor.TestCursor) ... ok
test_max_await_time_ms (test_cursor.TestCursor) ... ok
test_max_scan (test_cursor.TestCursor) ... ok
test_max_time_ms (test_cursor.TestCursor) ... ok
test_max_time_ms_getmore (test_cursor.TestCursor) ... skipped 'Test commands must be enabled'
test_min (test_cursor.TestCursor) ... ok
test_modifiers (test_cursor.TestCursor) ... ok
test_properties (test_cursor.TestCursor) ... ok
test_rewind (test_cursor.TestCursor) ... ok
test_skip (test_cursor.TestCursor) ... ok
test_sort (test_cursor.TestCursor) ... ok
test_tailable (test_cursor.TestCursor) ... ok
test_where (test_cursor.TestCursor) ... ok
test_with_statement (test_cursor.TestCursor) ... ok
test_add_remove_option (test_cursor.TestCursorNoConnect) ... ok
test_deepcopy_cursor_littered_with_regexes (test_cursor.TestCursorNoConnect) ... ok
test_cursor_manager (test_cursor_manager.TestCursorManager) ... ok
test_cursor_manager_validation (test_cursor_manager.TestCursorManager) ... ok
test_cursor_transfer (test_cursor_manager.TestCursorManager) ... ok
test_authenticate_add_remove_user (test_database.TestDatabase) ... skipped 'Authentication is not enabled on the server'
test_authenticate_multiple (test_database.TestDatabase) ... skipped 'Authentication is not enabled on the server'
test_collection_names (test_database.TestDatabase) ... ok
test_collection_names_single_socket (test_database.TestDatabase) ... ok
test_command (test_database.TestDatabase) ... ok
test_command_max_time_ms (test_database.TestDatabase) ... skipped 'Test commands must be enabled'
test_command_response_without_ok (test_database.TestDatabase) ... ok
test_command_with_regex (test_database.TestDatabase) ... ok
test_create_collection (test_database.TestDatabase) ... ok
test_default_roles (test_database.TestDatabase) ... skipped 'Authentication is not enabled on the server'
test_delete (test_database.TestDatabase) ... ok
test_deref (test_database.TestDatabase) ... ok
test_deref_kwargs (test_database.TestDatabase) ... ok
test_drop_collection (test_database.TestDatabase) ... ok
test_equality (test_database.TestDatabase) ... ok
test_errors (test_database.TestDatabase) ... ok
test_eval (test_database.TestDatabase) ... ok
test_get_coll (test_database.TestDatabase) ... ok
test_id_ordering (test_database.TestDatabase) ... ok
test_insert_find_one (test_database.TestDatabase) ... ok
test_long (test_database.TestDatabase) ... ok
test_make_user_readonly (test_database.TestDatabase) ... skipped 'Authentication is not enabled on the server'
test_mongos_response (test_database.TestDatabase) ... ok
test_new_user_cmds (test_database.TestDatabase) ... skipped 'Authentication is not enabled on the server'
test_password_digest (test_database.TestDatabase) ... ok
test_profiling_info (test_database.TestDatabase) ... ok
test_profiling_levels (test_database.TestDatabase) ... ok
test_repr (test_database.TestDatabase) ... ok
test_system_js (test_database.TestDatabase) ... /home/travis/build/mongodb/mongo-python-driver/pymongo/database.py:149: DeprecationWarning: SystemJS is deprecated
  return SystemJS(self)
/home/travis/build/mongodb/mongo-python-driver/pymongo/database.py:149: DeprecationWarning: SystemJS is deprecated
  return SystemJS(self)
/home/travis/build/mongodb/mongo-python-driver/pymongo/database.py:1176: DeprecationWarning: Database.eval() is deprecated
  scope={'name': name}), *args)
/home/travis/build/mongodb/mongo-python-driver/pymongo/database.py:149: DeprecationWarning: SystemJS is deprecated
  return SystemJS(self)
/home/travis/build/mongodb/mongo-python-driver/pymongo/database.py:149: DeprecationWarning: SystemJS is deprecated
  return SystemJS(self)
/home/travis/build/mongodb/mongo-python-driver/pymongo/database.py:149: DeprecationWarning: SystemJS is deprecated
  return SystemJS(self)
/home/travis/build/mongodb/mongo-python-driver/pymongo/database.py:1176: DeprecationWarning: Database.eval() is deprecated
  scope={'name': name}), *args)
/home/travis/build/mongodb/mongo-python-driver/pymongo/database.py:149: DeprecationWarning: SystemJS is deprecated
  return SystemJS(self)
/home/travis/build/mongodb/mongo-python-driver/pymongo/database.py:149: DeprecationWarning: SystemJS is deprecated
  return SystemJS(self)
/home/travis/build/mongodb/mongo-python-driver/pymongo/database.py:1176: DeprecationWarning: Database.eval() is deprecated
  scope={'name': name}), *args)
/home/travis/build/mongodb/mongo-python-driver/pymongo/database.py:149: DeprecationWarning: SystemJS is deprecated
  return SystemJS(self)
/home/travis/build/mongodb/mongo-python-driver/pymongo/database.py:1176: DeprecationWarning: Database.eval() is deprecated
  scope={'name': name}), *args)
ok
test_system_js_list (test_database.TestDatabase) ... /home/travis/build/mongodb/mongo-python-driver/pymongo/database.py:149: DeprecationWarning: SystemJS is deprecated
  return SystemJS(self)
/home/travis/build/mongodb/mongo-python-driver/pymongo/database.py:149: DeprecationWarning: SystemJS is deprecated
  return SystemJS(self)
/home/travis/build/mongodb/mongo-python-driver/pymongo/database.py:149: DeprecationWarning: SystemJS is deprecated
  return SystemJS(self)
/home/travis/build/mongodb/mongo-python-driver/pymongo/database.py:149: DeprecationWarning: SystemJS is deprecated
  return SystemJS(self)
/home/travis/build/mongodb/mongo-python-driver/pymongo/database.py:149: DeprecationWarning: SystemJS is deprecated
  return SystemJS(self)
/home/travis/build/mongodb/mongo-python-driver/pymongo/database.py:149: DeprecationWarning: SystemJS is deprecated
  return SystemJS(self)
/home/travis/build/mongodb/mongo-python-driver/pymongo/database.py:149: DeprecationWarning: SystemJS is deprecated
  return SystemJS(self)
ok
test_validate_collection (test_database.TestDatabase) ... ok
test_get_collection (test_database.TestDatabaseNoConnect) ... ok
test_getattr (test_database.TestDatabaseNoConnect) ... ok
test_iteration (test_database.TestDatabaseNoConnect) ... ok
test_name (test_database.TestDatabaseNoConnect) ... ok
test_creation (test_dbref.TestDBRef) ... ok
test_dbref_hash (test_dbref.TestDBRef) ... ok
test_deepcopy (test_dbref.TestDBRef) ... ok
test_equality (test_dbref.TestDBRef) ... ok
test_kwargs (test_dbref.TestDBRef) ... ok
test_pickling (test_dbref.TestDBRef) ... ok
test_read_only (test_dbref.TestDBRef) ... ok
test_repr (test_dbref.TestDBRef) ... ok
test_decimal128_context (test_decimal128.TestDecimal128) ... ok
test_pickle (test_decimal128.TestDecimal128) ... ok
test_round_trip (test_decimal128.TestDecimal128) ... skipped 'Round trip test requires MongoDB >= 3.3.6'
test_special (test_decimal128.TestDecimal128) ... ok
test_rs_discover_arbiters (test_discovery_and_monitoring.TestAllScenarios) ... ok
test_rs_discover_passives (test_discovery_and_monitoring.TestAllScenarios) ... ok
test_rs_discover_primary (test_discovery_and_monitoring.TestAllScenarios) ... ok
test_rs_discover_secondary (test_discovery_and_monitoring.TestAllScenarios) ... ok
test_rs_discovery (test_discovery_and_monitoring.TestAllScenarios) ... ok
test_rs_equal_electionids (test_discovery_and_monitoring.TestAllScenarios) ... ok
test_rs_ghost_discovered (test_discovery_and_monitoring.TestAllScenarios) ... ok
test_rs_hosts_differ_from_seeds (test_discovery_and_monitoring.TestAllScenarios) ... ok
test_rs_member_reconfig (test_discovery_and_monitoring.TestAllScenarios) ... ok
test_rs_member_standalone (test_discovery_and_monitoring.TestAllScenarios) ... ok
test_rs_new_primary (test_discovery_and_monitoring.TestAllScenarios) ... ok
test_rs_new_primary_new_electionid (test_discovery_and_monitoring.TestAllScenarios) ... ok
test_rs_new_primary_new_setversion (test_discovery_and_monitoring.TestAllScenarios) ... ok
test_rs_new_primary_wrong_set_name (test_discovery_and_monitoring.TestAllScenarios) ... ok
test_rs_non_rs_member (test_discovery_and_monitoring.TestAllScenarios) ... ok
test_rs_normalize_case (test_discovery_and_monitoring.TestAllScenarios) ... ok
test_rs_null_election_id (test_discovery_and_monitoring.TestAllScenarios) ... ok
test_rs_primary_becomes_standalone (test_discovery_and_monitoring.TestAllScenarios) ... ok
test_rs_primary_changes_set_name (test_discovery_and_monitoring.TestAllScenarios) ... ok
test_rs_primary_disconnect (test_discovery_and_monitoring.TestAllScenarios) ... ok
test_rs_primary_disconnect_electionid (test_discovery_and_monitoring.TestAllScenarios) ... ok
test_rs_primary_disconnect_setversion (test_discovery_and_monitoring.TestAllScenarios) ... ok
test_rs_primary_mismatched_me (test_discovery_and_monitoring.TestAllScenarios) ... ok
test_rs_primary_reports_new_member (test_discovery_and_monitoring.TestAllScenarios) ... ok
test_rs_primary_to_no_primary_mismatched_me (test_discovery_and_monitoring.TestAllScenarios) ... ok
test_rs_primary_wrong_set_name (test_discovery_and_monitoring.TestAllScenarios) ... ok
test_rs_response_from_removed (test_discovery_and_monitoring.TestAllScenarios) ... ok
test_rs_rsother_discovered (test_discovery_and_monitoring.TestAllScenarios) ... ok
test_rs_sec_not_auth (test_discovery_and_monitoring.TestAllScenarios) ... ok
test_rs_secondary_mismatched_me (test_discovery_and_monitoring.TestAllScenarios) ... ok
test_rs_secondary_wrong_set_name (test_discovery_and_monitoring.TestAllScenarios) ... ok
test_rs_secondary_wrong_set_name_with_primary (test_discovery_and_monitoring.TestAllScenarios) ... ok
test_rs_setversion_without_electionid (test_discovery_and_monitoring.TestAllScenarios) ... ok
test_rs_stepdown_change_set_name (test_discovery_and_monitoring.TestAllScenarios) ... ok
test_rs_unexpected_mongos (test_discovery_and_monitoring.TestAllScenarios) ... ok
test_rs_use_setversion_without_electionid (test_discovery_and_monitoring.TestAllScenarios) ... ok
test_rs_wrong_set_name (test_discovery_and_monitoring.TestAllScenarios) ... ok
test_sharded_mongos_disconnect (test_discovery_and_monitoring.TestAllScenarios) ... ok
test_sharded_multiple_mongoses (test_discovery_and_monitoring.TestAllScenarios) ... ok
test_sharded_non_mongos_removed (test_discovery_and_monitoring.TestAllScenarios) ... ok
test_sharded_normalize_uri_case (test_discovery_and_monitoring.TestAllScenarios) ... ok
test_single_direct_connection_external_ip (test_discovery_and_monitoring.TestAllScenarios) ... ok
test_single_direct_connection_mongos (test_discovery_and_monitoring.TestAllScenarios) ... ok
test_single_direct_connection_rsarbiter (test_discovery_and_monitoring.TestAllScenarios) ... ok
test_single_direct_connection_rsprimary (test_discovery_and_monitoring.TestAllScenarios) ... ok
test_single_direct_connection_rssecondary (test_discovery_and_monitoring.TestAllScenarios) ... ok
test_single_direct_connection_slave (test_discovery_and_monitoring.TestAllScenarios) ... ok
test_single_direct_connection_standalone (test_discovery_and_monitoring.TestAllScenarios) ... ok
test_single_not_ok_response (test_discovery_and_monitoring.TestAllScenarios) ... ok
test_single_standalone_removed (test_discovery_and_monitoring.TestAllScenarios) ... ok
test_single_unavailable_seed (test_discovery_and_monitoring.TestAllScenarios) ... ok
test_delete (test_examples.TestSampleShellCommands) ... ok
test_first_three_examples (test_examples.TestSampleShellCommands) ... ok
test_projection (test_examples.TestSampleShellCommands) ... ok
test_query_array_of_documents (test_examples.TestSampleShellCommands) ... ok
test_query_arrays (test_examples.TestSampleShellCommands) ... ok
test_query_embedded_documents (test_examples.TestSampleShellCommands) ... ok
test_query_null (test_examples.TestSampleShellCommands) ... ok
test_query_top_level_fields (test_examples.TestSampleShellCommands) ... ok
test_update_and_replace (test_examples.TestSampleShellCommands) ... ok
test_alternate_collection (test_grid_file.TestGridFile) ... ok
test_basic (test_grid_file.TestGridFile) ... ok
test_close (test_grid_file.TestGridFile) ... ok
test_context_manager (test_grid_file.TestGridFile) ... ok
test_grid_in_default_opts (test_grid_file.TestGridFile) ... ok
test_grid_in_lazy_connect (test_grid_file.TestGridFile) ... ok
test_grid_out_cursor_options (test_grid_file.TestGridFile) ... ok
test_grid_out_custom_opts (test_grid_file.TestGridFile) ... ok
test_grid_out_default_opts (test_grid_file.TestGridFile) ... ok
test_grid_out_file_document (test_grid_file.TestGridFile) ... ok
test_grid_out_lazy_connect (test_grid_file.TestGridFile) ... ok
test_iterator (test_grid_file.TestGridFile) ... ok
test_md5 (test_grid_file.TestGridFile) ... ok
test_multi_chunk_file (test_grid_file.TestGridFile) ... ok
test_multiple_reads (test_grid_file.TestGridFile) ... ok
test_prechunked_string (test_grid_file.TestGridFile) ... ok
test_read_unaligned_buffer_size (test_grid_file.TestGridFile) ... ok
test_readchunk (test_grid_file.TestGridFile) ... ok
test_readline (test_grid_file.TestGridFile) ... ok
test_seek (test_grid_file.TestGridFile) ... ok
test_set_after_close (test_grid_file.TestGridFile) ... ok
test_small_chunks (test_grid_file.TestGridFile) ... ok
test_tell (test_grid_file.TestGridFile) ... ok
test_unacknowledged (test_grid_file.TestGridFile) ... ok
test_write_file_like (test_grid_file.TestGridFile) ... ok
test_write_lines (test_grid_file.TestGridFile) ... ok
test_write_unicode (test_grid_file.TestGridFile) ... ok
test_grid_in_custom_opts (test_grid_file.TestGridFileNoConnect) ... ok
test_alt_collection (test_gridfs.TestGridfs) ... ok
test_basic (test_gridfs.TestGridfs) ... ok
test_corrupt_chunk (test_gridfs.TestGridfs) ... ok
test_empty_file (test_gridfs.TestGridfs) ... ok
test_exists (test_gridfs.TestGridfs) ... ok
test_file_exists (test_gridfs.TestGridfs) ... ok
test_get_last_version (test_gridfs.TestGridfs) ... ok
test_get_last_version_with_metadata (test_gridfs.TestGridfs) ... ok
test_get_version (test_gridfs.TestGridfs) ... ok
test_get_version_with_metadata (test_gridfs.TestGridfs) ... ok
test_grid_in_non_int_chunksize (test_gridfs.TestGridfs) ... ok
test_gridfs_find (test_gridfs.TestGridfs) ... ok
test_gridfs_find_one (test_gridfs.TestGridfs) ... ok
test_gridfs_lazy_connect (test_gridfs.TestGridfs) ... ok
test_list (test_gridfs.TestGridfs) ... ok
test_missing_length_iter (test_gridfs.TestGridfs) ... ok
test_multi_chunk_delete (test_gridfs.TestGridfs) ... ok
test_put_ensures_index (test_gridfs.TestGridfs) ... ok
test_put_filelike (test_gridfs.TestGridfs) ... ok
test_put_unicode (test_gridfs.TestGridfs) ... ok
test_threaded_reads (test_gridfs.TestGridfs) ... ok
test_threaded_writes (test_gridfs.TestGridfs) ... ok
test_unacknowledged (test_gridfs.TestGridfs) ... ok
test_gridfs (test_gridfs.TestGridfsNoConnect) ... ok
skipped 'Need 1 secondaries, 0 available'
test_abort (test_gridfs_bucket.TestGridfs) ... ok
test_alt_collection (test_gridfs_bucket.TestGridfs) ... ok
test_basic (test_gridfs_bucket.TestGridfs) ... ok
test_corrupt_chunk (test_gridfs_bucket.TestGridfs) ... ok
test_download_to_stream (test_gridfs_bucket.TestGridfs) ... ok
test_download_to_stream_by_name (test_gridfs_bucket.TestGridfs) ... ok
test_empty_file (test_gridfs_bucket.TestGridfs) ... ok
test_get_last_version (test_gridfs_bucket.TestGridfs) ... ok
test_get_version (test_gridfs_bucket.TestGridfs) ... ok
test_grid_in_non_int_chunksize (test_gridfs_bucket.TestGridfs) ... ok
test_gridfs_find (test_gridfs_bucket.TestGridfs) ... ok
test_gridfs_lazy_connect (test_gridfs_bucket.TestGridfs) ... ok
test_missing_length_iter (test_gridfs_bucket.TestGridfs) ... ok
test_multi_chunk_delete (test_gridfs_bucket.TestGridfs) ... ok
test_open_upload_stream (test_gridfs_bucket.TestGridfs) ... ok
test_open_upload_stream_with_id (test_gridfs_bucket.TestGridfs) ... ok
test_rename (test_gridfs_bucket.TestGridfs) ... ok
test_threaded_reads (test_gridfs_bucket.TestGridfs) ... ok
test_threaded_writes (test_gridfs_bucket.TestGridfs) ... ok
test_unacknowledged (test_gridfs_bucket.TestGridfs) ... ok
test_upload_ensures_index (test_gridfs_bucket.TestGridfs) ... ok
test_upload_from_stream (test_gridfs_bucket.TestGridfs) ... ok
test_upload_from_stream_with_id (test_gridfs_bucket.TestGridfs) ... ok
skipped 'Need 1 secondaries, 0 available'
test_delete (test_gridfs_spec.TestAllScenarios) ... ok
test_download (test_gridfs_spec.TestAllScenarios) ... ok
test_download_by_name (test_gridfs_spec.TestAllScenarios) ... ok
test_upload (test_gridfs_spec.TestAllScenarios) ... ok
test_standalone (test_heartbeat_monitoring.TestHeartbeatMonitoring) ... ok
test_standalone_error (test_heartbeat_monitoring.TestHeartbeatMonitoring) ... ok
test_basic (test_json_util.TestJsonUtil) ... ok
test_binary (test_json_util.TestJsonUtil) ... ok
test_code (test_json_util.TestJsonUtil) ... ok
test_datetime (test_json_util.TestJsonUtil) ... ok
test_dbref (test_json_util.TestJsonUtil) ... ok
test_loads_document_class (test_json_util.TestJsonUtil) ... ok
test_maxkey (test_json_util.TestJsonUtil) ... ok
test_minkey (test_json_util.TestJsonUtil) ... ok
test_numberlong (test_json_util.TestJsonUtil) ... ok
test_objectid (test_json_util.TestJsonUtil) ... ok
test_regex (test_json_util.TestJsonUtil) ... ok
test_regex_object_hook (test_json_util.TestJsonUtil) ... ok
test_timestamp (test_json_util.TestJsonUtil) ... ok
test_undefined (test_json_util.TestJsonUtil) ... ok
test_uuid (test_json_util.TestJsonUtil) ... ok
test_cursor (test_json_util.TestJsonUtilRoundtrip) ... ok
test_add_son_manipulator_deprecation (test_legacy_api.TestDeprecations) ... ok
test_ensure_index_deprecation (test_legacy_api.TestDeprecations) ... ok
test_find_and_modify_deprecation (test_legacy_api.TestDeprecations) ... ok
test_insert_deprecation (test_legacy_api.TestDeprecations) ... ok
test_remove_deprecation (test_legacy_api.TestDeprecations) ... ok
test_save_deprecation (test_legacy_api.TestDeprecations) ... ok
test_update_deprecation (test_legacy_api.TestDeprecations) ... ok
test_acknowledged_insert (test_legacy_api.TestLegacy) ... ok
test_acknowledged_save (test_legacy_api.TestLegacy) ... ok
test_acknowledged_update (test_legacy_api.TestLegacy) ... ok
test_auto_ref_and_deref (test_legacy_api.TestLegacy) ... ok
test_auto_ref_and_deref_list (test_legacy_api.TestLegacy) ... ok
test_bad_dbref (test_legacy_api.TestLegacy) ... ok
test_continue_on_error (test_legacy_api.TestLegacy) ... ok
test_disabling_manipulators (test_legacy_api.TestLegacy) ... ok
test_ensure_index (test_legacy_api.TestLegacy) ... ok
test_ensure_index_threaded (test_legacy_api.TestLegacy) ... ok
test_ensure_purge_index_threaded (test_legacy_api.TestLegacy) ... ok
test_ensure_unique_index_threaded (test_legacy_api.TestLegacy) ... ok
test_find_and_modify (test_legacy_api.TestLegacy) ... ok
test_find_and_modify_with_manipulator (test_legacy_api.TestLegacy) ... ok
test_find_and_modify_with_sort (test_legacy_api.TestLegacy) ... ok
test_generator_insert (test_legacy_api.TestLegacy) ... ok
test_get_default_database (test_legacy_api.TestLegacy) ... ok
test_get_default_database_error (test_legacy_api.TestLegacy) ... ok
test_get_default_database_with_authsource (test_legacy_api.TestLegacy) ... ok
test_group (test_legacy_api.TestLegacy) ... ok
test_group_uuid_representation (test_legacy_api.TestLegacy) ... ok
test_group_with_scope (test_legacy_api.TestLegacy) ... ok
test_insert_adds_id (test_legacy_api.TestLegacy) ... ok
test_insert_find_one (test_legacy_api.TestLegacy) ... ok
test_insert_iterables (test_legacy_api.TestLegacy) ... ok
test_insert_large_batch (test_legacy_api.TestLegacy) ... ok
test_insert_manipulate_false (test_legacy_api.TestLegacy) ... ok
test_insert_multiple (test_legacy_api.TestLegacy) ... ok
test_insert_multiple_with_duplicate (test_legacy_api.TestLegacy) ... ok
test_kill_cursors_with_cursoraddress (test_legacy_api.TestLegacy) ... ok
test_kill_cursors_with_tuple (test_legacy_api.TestLegacy) ... ok
test_last_error_options (test_legacy_api.TestLegacy) ... ok
test_last_status (test_legacy_api.TestLegacy) ... ok
test_manipulator_properties (test_legacy_api.TestLegacy) ... ok
test_multi_update (test_legacy_api.TestLegacy) ... ok
test_object_to_dict_transformer (test_legacy_api.TestLegacy) ... ok
test_remove_all (test_legacy_api.TestLegacy) ... ok
test_remove_non_objectid (test_legacy_api.TestLegacy) ... ok
test_remove_one (test_legacy_api.TestLegacy) ... ok
test_save (test_legacy_api.TestLegacy) ... ok
test_save_adds_id (test_legacy_api.TestLegacy) ... ok
test_save_returns_id (test_legacy_api.TestLegacy) ... ok
test_save_with_invalid_key (test_legacy_api.TestLegacy) ... ok
test_son_manipulator_inheritance (test_legacy_api.TestLegacy) ... ok
test_son_manipulator_outgoing (test_legacy_api.TestLegacy) ... ok
test_update (test_legacy_api.TestLegacy) ... ok
test_update_backward_compat (test_legacy_api.TestLegacy) ... ok
test_update_manipulate (test_legacy_api.TestLegacy) ... ok
test_update_nmodified (test_legacy_api.TestLegacy) ... ok
test_upsert (test_legacy_api.TestLegacy) ... ok
test_write_large_document (test_legacy_api.TestLegacy) ... ok
test_bypass_document_validation_bulk_op (test_legacy_api.TestLegacyBulk) ... ok
test_client_generated_upsert_id (test_legacy_api.TestLegacyBulk) ... ok
test_empty (test_legacy_api.TestLegacyBulk) ... ok
test_find (test_legacy_api.TestLegacyBulk) ... ok
test_generator_insert (test_legacy_api.TestLegacyBulk) ... ok
test_insert (test_legacy_api.TestLegacyBulk) ... ok
test_insert_check_keys (test_legacy_api.TestLegacyBulk) ... ok
test_large_inserts_ordered (test_legacy_api.TestLegacyBulk) ... ok
test_large_inserts_unordered (test_legacy_api.TestLegacyBulk) ... ok
test_multiple_error_ordered_batch (test_legacy_api.TestLegacyBulk) ... ok
test_multiple_error_unordered_batch (test_legacy_api.TestLegacyBulk) ... ok
test_multiple_execution (test_legacy_api.TestLegacyBulk) ... ok
test_numerous_inserts (test_legacy_api.TestLegacyBulk) ... ok
test_remove (test_legacy_api.TestLegacyBulk) ... ok
test_remove_one (test_legacy_api.TestLegacyBulk) ... ok
test_replace_one (test_legacy_api.TestLegacyBulk) ... ok
test_single_error_ordered_batch (test_legacy_api.TestLegacyBulk) ... ok
test_single_error_unordered_batch (test_legacy_api.TestLegacyBulk) ... ok
test_single_ordered_batch (test_legacy_api.TestLegacyBulk) ... ok
test_single_unordered_batch (test_legacy_api.TestLegacyBulk) ... ok
test_update (test_legacy_api.TestLegacyBulk) ... ok
test_update_one (test_legacy_api.TestLegacyBulk) ... ok
test_upsert (test_legacy_api.TestLegacyBulk) ... ok
test_upsert_large (test_legacy_api.TestLegacyBulk) ... ok
skipped 'Authentication is not enabled on the server'
test_no_results_ordered_failure (test_legacy_api.TestLegacyBulkNoResults) ... ok
test_no_results_ordered_success (test_legacy_api.TestLegacyBulkNoResults) ... ok
test_no_results_unordered_failure (test_legacy_api.TestLegacyBulkNoResults) ... FAIL
test_no_results_unordered_success (test_legacy_api.TestLegacyBulkNoResults) ... ok
test_fsync_and_j (test_legacy_api.TestLegacyBulkWriteConcern) ... ok
test_write_concern_failure_ordered (test_legacy_api.TestLegacyBulkWriteConcern) ... skipped 'Not connected to a replica set'
test_write_concern_failure_unordered (test_legacy_api.TestLegacyBulkWriteConcern) ... skipped 'Not connected to a replica set'
test_max_staleness_ReplicaSetNoPrimary_DefaultNoMaxStaleness (test_max_staleness.TestAllScenarios) ... ok
test_max_staleness_ReplicaSetNoPrimary_Incompatible (test_max_staleness.TestAllScenarios) ... ok
test_max_staleness_ReplicaSetNoPrimary_LastUpdateTime (test_max_staleness.TestAllScenarios) ... ok
test_max_staleness_ReplicaSetNoPrimary_Nearest (test_max_staleness.TestAllScenarios) ... ok
test_max_staleness_ReplicaSetNoPrimary_Nearest2 (test_max_staleness.TestAllScenarios) ... ok
test_max_staleness_ReplicaSetNoPrimary_NoKnownServers (test_max_staleness.TestAllScenarios) ... ok
test_max_staleness_ReplicaSetNoPrimary_PrimaryPreferred (test_max_staleness.TestAllScenarios) ... ok
test_max_staleness_ReplicaSetNoPrimary_PrimaryPreferred_tags (test_max_staleness.TestAllScenarios) ... ok
test_max_staleness_ReplicaSetNoPrimary_Secondary (test_max_staleness.TestAllScenarios) ... ok
test_max_staleness_ReplicaSetNoPrimary_SecondaryPreferred (test_max_staleness.TestAllScenarios) ... ok
test_max_staleness_ReplicaSetNoPrimary_SecondaryPreferred_tags (test_max_staleness.TestAllScenarios) ... ok
test_max_staleness_ReplicaSetNoPrimary_ZeroMaxStaleness (test_max_staleness.TestAllScenarios) ... ok
test_max_staleness_ReplicaSetWithPrimary_DefaultNoMaxStaleness (test_max_staleness.TestAllScenarios) ... ok
test_max_staleness_ReplicaSetWithPrimary_Incompatible (test_max_staleness.TestAllScenarios) ... ok
test_max_staleness_ReplicaSetWithPrimary_LastUpdateTime (test_max_staleness.TestAllScenarios) ... ok
test_max_staleness_ReplicaSetWithPrimary_LongHeartbeat (test_max_staleness.TestAllScenarios) ... ok
test_max_staleness_ReplicaSetWithPrimary_LongHeartbeat2 (test_max_staleness.TestAllScenarios) ... ok
test_max_staleness_ReplicaSetWithPrimary_MaxStalenessTooSmall (test_max_staleness.TestAllScenarios) ... ok
test_max_staleness_ReplicaSetWithPrimary_MaxStalenessWithModePrimary (test_max_staleness.TestAllScenarios) ... ok
test_max_staleness_ReplicaSetWithPrimary_Nearest (test_max_staleness.TestAllScenarios) ... ok
test_max_staleness_ReplicaSetWithPrimary_Nearest2 (test_max_staleness.TestAllScenarios) ... ok
test_max_staleness_ReplicaSetWithPrimary_Nearest_tags (test_max_staleness.TestAllScenarios) ... ok
test_max_staleness_ReplicaSetWithPrimary_PrimaryPreferred (test_max_staleness.TestAllScenarios) ... ok
test_max_staleness_ReplicaSetWithPrimary_PrimaryPreferred_incompatible (test_max_staleness.TestAllScenarios) ... ok
test_max_staleness_ReplicaSetWithPrimary_SecondaryPreferred (test_max_staleness.TestAllScenarios) ... ok
test_max_staleness_ReplicaSetWithPrimary_SecondaryPreferred_tags (test_max_staleness.TestAllScenarios) ... ok
test_max_staleness_ReplicaSetWithPrimary_SecondaryPreferred_tags2 (test_max_staleness.TestAllScenarios) ... ok
test_max_staleness_ReplicaSetWithPrimary_Secondary_tags (test_max_staleness.TestAllScenarios) ... ok
test_max_staleness_ReplicaSetWithPrimary_Secondary_tags2 (test_max_staleness.TestAllScenarios) ... ok
test_max_staleness_ReplicaSetWithPrimary_ZeroMaxStaleness (test_max_staleness.TestAllScenarios) ... ok
test_max_staleness_Sharded_Incompatible (test_max_staleness.TestAllScenarios) ... ok
test_max_staleness_Sharded_SmallMaxStaleness (test_max_staleness.TestAllScenarios) ... ok
test_max_staleness_Single_Incompatible (test_max_staleness.TestAllScenarios) ... ok
test_max_staleness_Single_SmallMaxStaleness (test_max_staleness.TestAllScenarios) ... ok
test_max_staleness_Unknown_SmallMaxStaleness (test_max_staleness.TestAllScenarios) ... ok
test_last_write_date (test_max_staleness.TestMaxStaleness) ... skipped 'Server version must be at least 3.3.6.0'
test_last_write_date_absent (test_max_staleness.TestMaxStaleness) ... ok
test_max_staleness (test_max_staleness.TestMaxStaleness) ... ok
test_max_staleness_float (test_max_staleness.TestMaxStaleness) ... ok
test_max_staleness_zero (test_max_staleness.TestMaxStaleness) ... ok
test_failover (test_mongos_load_balancing.TestMongosLoadBalancing) ... ok
test_lazy_connect (test_mongos_load_balancing.TestMongosLoadBalancing) ... ok
test_load_balancing (test_mongos_load_balancing.TestMongosLoadBalancing) ... ok
test_local_threshold (test_mongos_load_balancing.TestMongosLoadBalancing) ... ok
test_reconnect (test_mongos_load_balancing.TestMongosLoadBalancing) ... ok
test_atexit_hook (test_monitor.TestMonitor) ... ok
test_bulk_write (test_monitoring.TestCommandMonitoring) ... ok
test_command_and_get_more (test_monitoring.TestCommandMonitoring) ... ok
test_exhaust (test_monitoring.TestCommandMonitoring) ... ok
test_failed_simple (test_monitoring.TestCommandMonitoring) ... ok
test_find_and_get_more (test_monitoring.TestCommandMonitoring) ... ok
test_find_one (test_monitoring.TestCommandMonitoring) ... ok
test_find_options (test_monitoring.TestCommandMonitoring) ... ok
test_find_snapshot (test_monitoring.TestCommandMonitoring) ... ok
test_find_with_explain (test_monitoring.TestCommandMonitoring) ... ok
test_first_batch_helper (test_monitoring.TestCommandMonitoring) ... ok
test_get_more_failure (test_monitoring.TestCommandMonitoring) ... ok
test_insert_many (test_monitoring.TestCommandMonitoring) ... ok
test_kill_cursors (test_monitoring.TestCommandMonitoring) ... ok
test_legacy_insert_many (test_monitoring.TestCommandMonitoring) ... ok
test_legacy_writes (test_monitoring.TestCommandMonitoring) ... ok
test_non_bulk_writes (test_monitoring.TestCommandMonitoring) ... ok
test_not_master_error (test_monitoring.TestCommandMonitoring) ... skipped 'Not connected to a replica set'
test_sensitive_commands (test_monitoring.TestCommandMonitoring) ... ok
test_started_simple (test_monitoring.TestCommandMonitoring) ... ok
test_succeeded_simple (test_monitoring.TestCommandMonitoring) ... ok
test_write_errors (test_monitoring.TestCommandMonitoring) ... ok
test_simple (test_monitoring.TestGlobalListener) ... ok
test_binary_str_equivalence (test_objectid.TestObjectId) ... ok
test_creation (test_objectid.TestObjectId) ... ok
test_equality (test_objectid.TestObjectId) ... ok
test_from_datetime (test_objectid.TestObjectId) ... ok
test_from_hex (test_objectid.TestObjectId) ... ok
test_generation_time (test_objectid.TestObjectId) ... ok
test_is_valid (test_objectid.TestObjectId) ... ok
test_pickle_backwards_compatability (test_objectid.TestObjectId) ... ok
test_pickling (test_objectid.TestObjectId) ... ok
test_pid (test_objectid.TestObjectId) ... ok
test_repr_str (test_objectid.TestObjectId) ... ok
test_unicode (test_objectid.TestObjectId) ... ok
test_max_pool_size (test_pooling.TestPoolMaxSize) ... ok
test_max_pool_size_none (test_pooling.TestPoolMaxSize) ... ok
test_max_pool_size_with_connection_failure (test_pooling.TestPoolMaxSize) ... ok
test_max_pool_size_zero (test_pooling.TestPoolMaxSize) ... ok
test_disconnect (test_pooling.TestPooling) ... ok
test_get_socket_and_exception (test_pooling.TestPooling) ... ok
test_max_pool_size_validation (test_pooling.TestPooling) ... ok
test_no_disconnect (test_pooling.TestPooling) ... ok
test_no_wait_queue_multiple (test_pooling.TestPooling) ... ok
test_no_wait_queue_timeout (test_pooling.TestPooling) ... ok
test_pool_check (test_pooling.TestPooling) ... ok
test_pool_removes_closed_socket (test_pooling.TestPooling) ... ok
test_pool_removes_dead_socket (test_pooling.TestPooling) ... ok
test_pool_reuses_open_socket (test_pooling.TestPooling) ... ok
test_return_socket_after_reset (test_pooling.TestPooling) ... ok
test_socket_closed (test_pooling.TestPooling) ... ok
test_socket_closed_thread_safe (test_pooling.TestPooling) ... ok
test_wait_queue_multiple (test_pooling.TestPooling) ... ok
test_wait_queue_timeout (test_pooling.TestPooling) ... ok
test_mongo_client_alias (test_pymongo.TestPyMongo) ... ok
test_decode (test_raw_bson.TestRawBSONDocument) ... ok
test_raw (test_raw_bson.TestRawBSONDocument) ... ok
test_raw_bson_document_embedded (test_raw_bson.TestRawBSONDocument) ... ok
test_round_trip (test_raw_bson.TestRawBSONDocument) ... ok
test_round_trip_codec_options (test_raw_bson.TestRawBSONDocument) ... ok
test_with_codec_options (test_raw_bson.TestRawBSONDocument) ... ok
test_write_response_raw_bson (test_raw_bson.TestRawBSONDocument) ... ok
test_aggregate_out (test_read_concern.TestReadConcern) ... ok
test_command_cursor (test_read_concern.TestReadConcern) ... ok
test_find_command (test_read_concern.TestReadConcern) ... ok
test_inline_map_reduce (test_read_concern.TestReadConcern) ... ok
test_invalid_read_concern (test_read_concern.TestReadConcern) ... skipped 'Server version must be at most 3.1.0.0'
test_map_reduce_out (test_read_concern.TestReadConcern) ... ok
test_read_concern (test_read_concern.TestReadConcern) ... ok
test_read_concern_uri (test_read_concern.TestReadConcern) ... ok
skipped 'Need 1 secondaries, 0 available'
test_maybe_add_read_preference (test_read_preferences.TestMongosAndReadPreference) ... ok
test_mongos (test_read_preferences.TestMongosAndReadPreference) ... skipped 'Must be connected to a mongos'
test_mongos_max_staleness (test_read_preferences.TestMongosAndReadPreference) ... skipped 'Must be connected to a mongos'
test_read_preference_document (test_read_preferences.TestMongosAndReadPreference) ... ok
test_moving_average (test_read_preferences.TestMovingAverage) ... ok
test_copy (test_read_preferences.TestReadPreferenceObjects) ... ok
test_deepcopy (test_read_preferences.TestReadPreferenceObjects) ... ok
test_pickle (test_read_preferences.TestReadPreferenceObjects) ... ok
skipped 'Need 1 secondaries, 0 available'
test_bool (test_read_preferences.TestSelections) ... ok
skipped 'Need 1 secondaries, 0 available'
skipped 'Not connected to a replica set'
test_connect_with_internal_ips (test_replica_set_client.TestReplicaSetClientInternalIPs) ... ok
test_max_write_batch_size (test_replica_set_client.TestReplicaSetClientMaxWriteBatchSize) ... ok
test_wire_version (test_replica_set_client.TestReplicaSetWireVersion) ... ok
test_client (test_replica_set_reconfig.TestSecondaryAdded) ... ok
test_replica_set_client (test_replica_set_reconfig.TestSecondaryAdded) ... ok
test_client (test_replica_set_reconfig.TestSecondaryBecomesStandalone) ... ok
test_replica_set_client (test_replica_set_reconfig.TestSecondaryBecomesStandalone) ... ok
test_replica_set_client (test_replica_set_reconfig.TestSecondaryRemoved) ... ok
test_socket_error_marks_member_down (test_replica_set_reconfig.TestSocketError) ... ok
test_replica_set_with_no_primary (test_sdam_monitoring_spec.TestAllScenarios) ... ok
test_replica_set_with_primary (test_sdam_monitoring_spec.TestAllScenarios) ... ok
test_replica_set_with_removal (test_sdam_monitoring_spec.TestAllScenarios) ... ok
test_required_replica_set (test_sdam_monitoring_spec.TestAllScenarios) ... ok
test_standalone (test_sdam_monitoring_spec.TestAllScenarios) ... ok
test_repr (test_server.TestServer) ... ok
test_all_hosts (test_server_description.TestServerDescription) ... ok
test_arbiter (test_server_description.TestServerDescription) ... ok
test_default_max_message_size (test_server_description.TestServerDescription) ... ok
test_fields (test_server_description.TestServerDescription) ... ok
test_ghost (test_server_description.TestServerDescription) ... ok
test_mongos (test_server_description.TestServerDescription) ... ok
test_ok_false (test_server_description.TestServerDescription) ... ok
test_other (test_server_description.TestServerDescription) ... ok
test_primary (test_server_description.TestServerDescription) ... ok
test_secondary (test_server_description.TestServerDescription) ... ok
test_standalone (test_server_description.TestServerDescription) ... ok
test_unknown (test_server_description.TestServerDescription) ... ok
test_ReplicaSetNoPrimary_read_Nearest (test_server_selection.TestAllScenarios) ... ok
test_ReplicaSetNoPrimary_read_Nearest_multiple (test_server_selection.TestAllScenarios) ... ok
test_ReplicaSetNoPrimary_read_Nearest_non_matching (test_server_selection.TestAllScenarios) ... ok
test_ReplicaSetNoPrimary_read_Primary (test_server_selection.TestAllScenarios) ... ok
test_ReplicaSetNoPrimary_read_PrimaryPreferred (test_server_selection.TestAllScenarios) ... ok
test_ReplicaSetNoPrimary_read_PrimaryPreferred_non_matching (test_server_selection.TestAllScenarios) ... ok
test_ReplicaSetNoPrimary_read_Secondary (test_server_selection.TestAllScenarios) ... ok
test_ReplicaSetNoPrimary_read_SecondaryPreferred (test_server_selection.TestAllScenarios) ... ok
test_ReplicaSetNoPrimary_read_SecondaryPreferred_non_matching (test_server_selection.TestAllScenarios) ... ok
test_ReplicaSetNoPrimary_read_Secondary_multi_tags (test_server_selection.TestAllScenarios) ... ok
test_ReplicaSetNoPrimary_read_Secondary_multi_tags2 (test_server_selection.TestAllScenarios) ... ok
test_ReplicaSetNoPrimary_read_Secondary_non_matching (test_server_selection.TestAllScenarios) ... ok
test_ReplicaSetNoPrimary_write_SecondaryPreferred (test_server_selection.TestAllScenarios) ... ok
test_ReplicaSetWithPrimary_read_Nearest (test_server_selection.TestAllScenarios) ... ok
test_ReplicaSetWithPrimary_read_Nearest_multiple (test_server_selection.TestAllScenarios) ... ok
test_ReplicaSetWithPrimary_read_Nearest_non_matching (test_server_selection.TestAllScenarios) ... ok
test_ReplicaSetWithPrimary_read_Primary (test_server_selection.TestAllScenarios) ... ok
test_ReplicaSetWithPrimary_read_PrimaryPreferred (test_server_selection.TestAllScenarios) ... ok
test_ReplicaSetWithPrimary_read_PrimaryPreferred_non_matching (test_server_selection.TestAllScenarios) ... ok
test_ReplicaSetWithPrimary_read_Secondary (test_server_selection.TestAllScenarios) ... ok
test_ReplicaSetWithPrimary_read_SecondaryPreferred (test_server_selection.TestAllScenarios) ... ok
test_ReplicaSetWithPrimary_read_SecondaryPreferred_non_matching (test_server_selection.TestAllScenarios) ... ok
test_ReplicaSetWithPrimary_read_SecondaryPreferred_tags (test_server_selection.TestAllScenarios) ... ok
test_ReplicaSetWithPrimary_read_Secondary_non_matching (test_server_selection.TestAllScenarios) ... ok
test_ReplicaSetWithPrimary_write_SecondaryPreferred (test_server_selection.TestAllScenarios) ... ok
test_Sharded_read_SecondaryPreferred (test_server_selection.TestAllScenarios) ... ok
test_Sharded_write_SecondaryPreferred (test_server_selection.TestAllScenarios) ... ok
test_Single_read_SecondaryPreferred (test_server_selection.TestAllScenarios) ... ok
test_Single_write_SecondaryPreferred (test_server_selection.TestAllScenarios) ... ok
test_Unknown_read_SecondaryPreferred (test_server_selection.TestAllScenarios) ... ok
test_Unknown_write_SecondaryPreferred (test_server_selection.TestAllScenarios) ... ok
test_rtt_first_value (test_server_selection_rtt.TestAllScenarios) ... ok
test_rtt_first_value_zero (test_server_selection_rtt.TestAllScenarios) ... ok
test_rtt_value_test_1 (test_server_selection_rtt.TestAllScenarios) ... ok
test_rtt_value_test_2 (test_server_selection_rtt.TestAllScenarios) ... ok
test_rtt_value_test_3 (test_server_selection_rtt.TestAllScenarios) ... ok
test_rtt_value_test_4 (test_server_selection_rtt.TestAllScenarios) ... ok
test_rtt_value_test_5 (test_server_selection_rtt.TestAllScenarios) ... ok
test_clears (test_son.TestSON) ... ok
test_contains_has (test_son.TestSON) ... ok
test_copying (test_son.TestSON) ... ok
test_equality (test_son.TestSON) ... ok
test_iteration (test_son.TestSON) ... ok
test_len (test_son.TestSON) ... ok
test_ordered_dict (test_son.TestSON) ... ok
test_pickle (test_son.TestSON) ... ok
test_pickle_backwards_compatability (test_son.TestSON) ... ok
test_to_dict (test_son.TestSON) ... ok
test_basic (test_son_manipulator.TestSONManipulator) ... ok
test_id_injection (test_son_manipulator.TestSONManipulator) ... ok
test_id_shuffling (test_son_manipulator.TestSONManipulator) ... ok
test_ns_injection (test_son_manipulator.TestSONManipulator) ... ok
test_config_ssl (test_ssl.TestClientSSL) ... ok
test_no_ssl_module (test_ssl.TestClientSSL) ... skipped "The ssl module is available, can't test what happens without it."
test_cert_ssl_implicitly_set (test_ssl.TestSSL) ... skipped 'Must be able to connect with ssl_certfile'
test_cert_ssl_uri_support (test_ssl.TestSSL) ... skipped 'Must be able to connect with ssl_certfile'
test_cert_ssl_validation (test_ssl.TestSSL) ... skipped 'Must be able to connect with ssl_certfile'
test_cert_ssl_validation_hostname_matching (test_ssl.TestSSL) ... skipped 'Must be able to connect with ssl_certfile'
test_cert_ssl_validation_optional (test_ssl.TestSSL) ... skipped 'Must be able to connect with ssl_certfile'
test_certifi_support (test_ssl.TestSSL) ... skipped "Can't test when SSLContext available."
test_mongodb_x509_auth (test_ssl.TestSSL) ... skipped 'Authentication is not enabled on the server'
test_simple_ssl (test_ssl.TestSSL) ... skipped 'Must be able to connect via SSL'
test_ssl_crlfile_support (test_ssl.TestSSL) ... skipped 'Must be able to connect with ssl_certfile'
test_ssl_pem_passphrase (test_ssl.TestSSL) ... skipped 'Must be able to connect with ssl_certfile'
test_system_certs_config_error (test_ssl.TestSSL) ... skipped "Can't test when system CA certificates are loadable."
test_validation_with_system_ca_certs (test_ssl.TestSSL) ... skipped 'Must be able to connect with ssl_certfile'
test_wincertstore (test_ssl.TestSSL) ... skipped 'Only valid on Windows.'
test_client_disconnect (test_threads.TestThreads) ... ok
test_safe_insert (test_threads.TestThreads) ... ok
test_safe_update (test_threads.TestThreads) ... ok
test_threading (test_threads.TestThreads) ... ok
skipped 'Authentication is not enabled on the server'
test_datetime (test_timestamp.TestTimestamp) ... ok
test_datetime_copy_pickle (test_timestamp.TestTimestamp) ... ok
test_equality (test_timestamp.TestTimestamp) ... ok
test_exceptions (test_timestamp.TestTimestamp) ... ok
test_hash (test_timestamp.TestTimestamp) ... ok
test_repr (test_timestamp.TestTimestamp) ... ok
test_timestamp (test_timestamp.TestTimestamp) ... ok
test_close (test_topology.TestMultiServerTopology) ... ok
test_discover_set_name_from_primary (test_topology.TestMultiServerTopology) ... ok
test_discover_set_name_from_secondary (test_topology.TestMultiServerTopology) ... ok
test_max_write_batch_size (test_topology.TestMultiServerTopology) ... ok
test_readable_writable (test_topology.TestMultiServerTopology) ... ok
test_reset_removed_server (test_topology.TestMultiServerTopology) ... ok
test_reset_server (test_topology.TestMultiServerTopology) ... ok
test_wire_version (test_topology.TestMultiServerTopology) ... ok
test_bad_replica_set_name (test_topology.TestServerSelectionErrors) ... ok
test_multiple_standalones (test_topology.TestServerSelectionErrors) ... ok
test_no_mongoses (test_topology.TestServerSelectionErrors) ... ok
test_no_primary (test_topology.TestServerSelectionErrors) ... ok
test_no_secondary (test_topology.TestServerSelectionErrors) ... ok
test_direct_connection (test_topology.TestSingleServerTopology) ... ok
test_reopen (test_topology.TestSingleServerTopology) ... ok
test_round_trip_time (test_topology.TestSingleServerTopology) ... ok
test_unavailable_seed (test_topology.TestSingleServerTopology) ... ok
test_timeout_configuration (test_topology.TestTopologyConfiguration) ... ok
test_internal_monitor_error (test_topology.TestTopologyErrors) ... ok
test_ismaster_retry (test_topology.TestTopologyErrors) ... ok
test_pool_reset (test_topology.TestTopologyErrors) ... ok
test_parse_ssl_paths (test_uri_parser.TestURI) ... ok
test_parse_uri (test_uri_parser.TestURI) ... ok
test_parse_uri_unicode (test_uri_parser.TestURI) ... ok
test_partition (test_uri_parser.TestURI) ... ok
test_rpartition (test_uri_parser.TestURI) ... ok
test_split_hosts (test_uri_parser.TestURI) ... ok
test_split_options (test_uri_parser.TestURI) ... ok
test_validate_userinfo (test_uri_parser.TestURI) ... ok
test_connection_string_test_invalid-uris (test_uri_spec.TestAllScenarios) ... ok
test_connection_string_test_valid-auth (test_uri_spec.TestAllScenarios) ... ok
test_connection_string_test_valid-db-with-dotted-name (test_uri_spec.TestAllScenarios) ... ok
test_connection_string_test_valid-host_identifiers (test_uri_spec.TestAllScenarios) ... ok
test_connection_string_test_valid-options (test_uri_spec.TestAllScenarios) ... ok
test_connection_string_test_valid-unix_socket-absolute (test_uri_spec.TestAllScenarios) ... ok
test_connection_string_test_valid-unix_socket-relative (test_uri_spec.TestAllScenarios) ... ok
test_connection_string_test_valid-warnings (test_uri_spec.TestAllScenarios) ... /home/travis/build/mongodb/mongo-python-driver/pymongo/common.py:555: UserWarning: Unknown option foo
  warnings.warn(str(exc))
/home/travis/build/mongodb/mongo-python-driver/pymongo/common.py:555: UserWarning: The value of fsync must be 'true' or 'false'
  warnings.warn(str(exc))
/home/travis/build/mongodb/mongo-python-driver/pymongo/uri_parser.py:187: UserWarning: Duplicate URI option replicaSet
  warnings.warn("Duplicate URI option %s" % (str(key),))
/home/travis/build/mongodb/mongo-python-driver/pymongo/uri_parser.py:194: UserWarning: Option wtimeout is deprecated, use 'wtimeoutMS' instead
  warnings.warn("Option wtimeout is deprecated, use 'wtimeoutMS'"
ok

======================================================================
FAIL: test_no_results_unordered_failure (test_legacy_api.TestLegacyBulkNoResults)
----------------------------------------------------------------------
Traceback (most recent call last):
  File "/home/travis/build/mongodb/mongo-python-driver/test/test_legacy_api.py", line 2298, in test_no_results_unordered_failure
    self.assertEqual(self.coll.find_one({'_id': 1}), None)
AssertionError: {u'_id': 1} != None

----------------------------------------------------------------------
Ran 1013 tests in 85.587s

FAILED (failures=1, skipped=85)

travis_time:end:04d7ce53:start=1501908251033148043,finish=1501908340137750454,duration=89104602411
[0K
[31;1mThe command "python setup.py test" exited with 1.[0m

Done. Your build exited with 1.
