Using worker: worker-linux-5-2.bb.travis-ci.org:travis-linux-7

$ export NUPIC=$TRAVIS_BUILD_DIR
$ export NTA=$HOME/nta/eng
$ export PIP_IGNORE_INSTALLED=1
$ export ARTIFACTS_AWS_REGION=us-west-2
$ export ARTIFACTS_S3_BUCKET=artifacts.numenta.org
travis_fold:start:git.1
$ git clone --depth=50 git://github.com/numenta/nupic.git numenta/nupic
Cloning into 'numenta/nupic'...
remote: Counting objects: 31571, done.[K
remote: Compressing objects:   0% (1/17682)   [K
remote: Compressing objects:   1% (177/17682)   [K
remote: Compressing objects:   2% (354/17682)   [K
remote: Compressing objects:   3% (531/17682)   [K
remote: Compressing objects:   4% (708/17682)   [K
remote: Compressing objects:   5% (885/17682)   [K
remote: Compressing objects:   6% (1061/17682)   [K
remote: Compressing objects:   7% (1238/17682)   [K
remote: Compressing objects:   8% (1415/17682)   [K
remote: Compressing objects:   9% (1592/17682)   [K
remote: Compressing objects:  10% (1769/17682)   [K
remote: Compressing objects:  11% (1946/17682)   [K
remote: Compressing objects:  12% (2122/17682)   [K
remote: Compressing objects:  12% (2265/17682)   [K
remote: Compressing objects:  13% (2299/17682)   [K
remote: Compressing objects:  14% (2476/17682)   [K
remote: Compressing objects:  15% (2653/17682)   [K
remote: Compressing objects:  16% (2830/17682)   [K
remote: Compressing objects:  17% (3006/17682)   [K
remote: Compressing objects:  18% (3183/17682)   [K
remote: Compressing objects:  19% (3360/17682)   [K
remote: Compressing objects:  20% (3537/17682)   [K
remote: Compressing objects:  21% (3714/17682)   [K
remote: Compressing objects:  22% (3891/17682)   [K
remote: Compressing objects:  23% (4067/17682)   [K
remote: Compressing objects:  24% (4244/17682)   [K
remote: Compressing objects:  25% (4421/17682)   [K
remote: Compressing objects:  26% (4598/17682)   [K
remote: Compressing objects:  27% (4775/17682)   [K
remote: Compressing objects:  28% (4951/17682)   [K
remote: Compressing objects:  29% (5128/17682)   [K
remote: Compressing objects:  30% (5305/17682)   [K
remote: Compressing objects:  31% (5482/17682)   [K
remote: Compressing objects:  32% (5659/17682)   [K
remote: Compressing objects:  33% (5836/17682)   [K
remote: Compressing objects:  34% (6012/17682)   [K
remote: Compressing objects:  35% (6189/17682)   [K
remote: Compressing objects:  35% (6236/17682)   [K
remote: Compressing objects:  36% (6366/17682)   [K
remote: Compressing objects:  37% (6543/17682)   [K
remote: Compressing objects:  38% (6720/17682)   [K
remote: Compressing objects:  39% (6896/17682)   [K
remote: Compressing objects:  40% (7073/17682)   [K
remote: Compressing objects:  41% (7250/17682)   [K
remote: Compressing objects:  42% (7427/17682)   [K
remote: Compressing objects:  43% (7604/17682)   [K
remote: Compressing objects:  44% (7781/17682)   [K
remote: Compressing objects:  45% (7957/17682)   [K
remote: Compressing objects:  46% (8134/17682)   [K
remote: Compressing objects:  47% (8311/17682)   [K
remote: Compressing objects:  48% (8488/17682)   [K
remote: Compressing objects:  49% (8665/17682)   [K
remote: Compressing objects:  50% (8841/17682)   [K
remote: Compressing objects:  51% (9018/17682)   [K
remote: Compressing objects:  52% (9195/17682)   [K
remote: Compressing objects:  53% (9372/17682)   [K
remote: Compressing objects:  54% (9549/17682)   [K
remote: Compressing objects:  55% (9726/17682)   [K
remote: Compressing objects:  56% (9902/17682)   [K
remote: Compressing objects:  57% (10079/17682)   [K
remote: Compressing objects:  58% (10256/17682)   [K
remote: Compressing objects:  59% (10433/17682)   [K
remote: Compressing objects:  60% (10610/17682)   [K
remote: Compressing objects:  61% (10787/17682)   [K
remote: Compressing objects:  62% (10963/17682)   [K
remote: Compressing objects:  63% (11140/17682)   [K
remote: Compressing objects:  64% (11317/17682)   [K
remote: Compressing objects:  64% (11338/17682)   [K
remote: Compressing objects:  65% (11494/17682)   [K
remote: Compressing objects:  66% (11671/17682)   [K
remote: Compressing objects:  67% (11847/17682)   [K
remote: Compressing objects:  68% (12024/17682)   [K
remote: Compressing objects:  68% (12062/17682)   [K
remote: Compressing objects:  69% (12201/17682)   [K
remote: Compressing objects:  70% (12378/17682)   [K
remote: Compressing objects:  71% (12555/17682)   [K
remote: Compressing objects:  72% (12732/17682)   [K
remote: Compressing objects:  73% (12908/17682)   [K
remote: Compressing objects:  74% (13085/17682)   [K
remote: Compressing objects:  75% (13262/17682)   [K
remote: Compressing objects:  76% (13439/17682)   [K
remote: Compressing objects:  77% (13616/17682)   [K
remote: Compressing objects:  77% (13696/17682)   [K
remote: Compressing objects:  78% (13792/17682)   [K
remote: Compressing objects:  79% (13969/17682)   [K
remote: Compressing objects:  80% (14146/17682)   [K
remote: Compressing objects:  81% (14323/17682)   [K
remote: Compressing objects:  82% (14500/17682)   [K
remote: Compressing objects:  83% (14677/17682)   [K
remote: Compressing objects:  84% (14853/17682)   [K
remote: Compressing objects:  85% (15030/17682)   [K
remote: Compressing objects:  86% (15207/17682)   [K
remote: Compressing objects:  87% (15384/17682)   [K
remote: Compressing objects:  88% (15561/17682)   [K
remote: Compressing objects:  89% (15737/17682)   [K
remote: Compressing objects:  90% (15914/17682)   [K
remote: Compressing objects:  91% (16091/17682)   [K
remote: Compressing objects:  92% (16268/17682)   [K
remote: Compressing objects:  93% (16445/17682)   [K
remote: Compressing objects:  94% (16622/17682)   [K
remote: Compressing objects:  95% (16798/17682)   [K
remote: Compressing objects:  96% (16975/17682)   [K
remote: Compressing objects:  97% (17152/17682)   [K
remote: Compressing objects:  98% (17329/17682)   [K
remote: Compressing objects:  99% (17506/17682)   [K
remote: Compressing objects: 100% (17682/17682)   [K
remote: Compressing objects: 100% (17682/17682), done.[K
Receiving objects:   0% (1/31571)
Receiving objects:   1% (316/31571)
Receiving objects:   2% (632/31571)
Receiving objects:   3% (948/31571)
Receiving objects:   4% (1263/31571)
Receiving objects:   5% (1579/31571)
Receiving objects:   6% (1895/31571)
Receiving objects:   7% (2210/31571)
Receiving objects:   8% (2526/31571)
Receiving objects:   9% (2842/31571)
Receiving objects:  10% (3158/31571)
Receiving objects:  11% (3473/31571)
Receiving objects:  12% (3789/31571)
Receiving objects:  13% (4105/31571)
Receiving objects:  14% (4420/31571), 8.27 MiB | 16.50 MiB/s
Receiving objects:  15% (4736/31571), 8.27 MiB | 16.50 MiB/s
Receiving objects:  16% (5052/31571), 8.27 MiB | 16.50 MiB/s
Receiving objects:  17% (5368/31571), 8.27 MiB | 16.50 MiB/s
Receiving objects:  18% (5683/31571), 8.27 MiB | 16.50 MiB/s
Receiving objects:  19% (5999/31571), 8.27 MiB | 16.50 MiB/s
Receiving objects:  20% (6315/31571), 8.27 MiB | 16.50 MiB/s
Receiving objects:  21% (6630/31571), 8.27 MiB | 16.50 MiB/s
Receiving objects:  22% (6946/31571), 8.27 MiB | 16.50 MiB/s
Receiving objects:  23% (7262/31571), 8.27 MiB | 16.50 MiB/s
Receiving objects:  24% (7578/31571), 8.27 MiB | 16.50 MiB/s
Receiving objects:  25% (7893/31571), 8.27 MiB | 16.50 MiB/s
Receiving objects:  26% (8209/31571), 8.27 MiB | 16.50 MiB/s
Receiving objects:  27% (8525/31571), 8.27 MiB | 16.50 MiB/s
Receiving objects:  28% (8840/31571), 8.27 MiB | 16.50 MiB/s
Receiving objects:  29% (9156/31571), 8.27 MiB | 16.50 MiB/s
Receiving objects:  30% (9472/31571), 8.27 MiB | 16.50 MiB/s
Receiving objects:  31% (9788/31571), 8.27 MiB | 16.50 MiB/s
Receiving objects:  32% (10103/31571), 8.27 MiB | 16.50 MiB/s
Receiving objects:  32% (10211/31571), 8.27 MiB | 16.50 MiB/s
Receiving objects:  33% (10419/31571), 14.94 MiB | 14.90 MiB/s
Receiving objects:  34% (10735/31571), 14.94 MiB | 14.90 MiB/s
Receiving objects:  35% (11050/31571), 14.94 MiB | 14.90 MiB/s
Receiving objects:  36% (11366/31571), 14.94 MiB | 14.90 MiB/s
Receiving objects:  37% (11682/31571), 14.94 MiB | 14.90 MiB/s
Receiving objects:  38% (11997/31571), 14.94 MiB | 14.90 MiB/s
Receiving objects:  39% (12313/31571), 14.94 MiB | 14.90 MiB/s
Receiving objects:  40% (12629/31571), 14.94 MiB | 14.90 MiB/s
Receiving objects:  41% (12945/31571), 14.94 MiB | 14.90 MiB/s
Receiving objects:  42% (13260/31571), 14.94 MiB | 14.90 MiB/s
Receiving objects:  43% (13576/31571), 14.94 MiB | 14.90 MiB/s
Receiving objects:  44% (13892/31571), 14.94 MiB | 14.90 MiB/s
Receiving objects:  45% (14207/31571), 14.94 MiB | 14.90 MiB/s
Receiving objects:  46% (14523/31571), 14.94 MiB | 14.90 MiB/s
Receiving objects:  47% (14839/31571), 14.94 MiB | 14.90 MiB/s
Receiving objects:  48% (15155/31571), 14.94 MiB | 14.90 MiB/s
Receiving objects:  49% (15470/31571), 14.94 MiB | 14.90 MiB/s
Receiving objects:  50% (15786/31571), 14.94 MiB | 14.90 MiB/s
Receiving objects:  51% (16102/31571), 14.94 MiB | 14.90 MiB/s
Receiving objects:  52% (16417/31571), 25.56 MiB | 17.00 MiB/s
Receiving objects:  53% (16733/31571), 25.56 MiB | 17.00 MiB/s
Receiving objects:  54% (17049/31571), 25.56 MiB | 17.00 MiB/s
Receiving objects:  55% (17365/31571), 25.56 MiB | 17.00 MiB/s
Receiving objects:  56% (17680/31571), 25.56 MiB | 17.00 MiB/s
Receiving objects:  56% (17878/31571), 25.56 MiB | 17.00 MiB/s
Receiving objects:  57% (17996/31571), 37.85 MiB | 18.88 MiB/s
Receiving objects:  58% (18312/31571), 37.85 MiB | 18.88 MiB/s
Receiving objects:  59% (18627/31571), 37.85 MiB | 18.88 MiB/s
Receiving objects:  60% (18943/31571), 37.85 MiB | 18.88 MiB/s
Receiving objects:  61% (19259/31571), 37.85 MiB | 18.88 MiB/s
Receiving objects:  62% (19575/31571), 50.77 MiB | 20.26 MiB/s
Receiving objects:  63% (19890/31571), 50.77 MiB | 20.26 MiB/s
Receiving objects:  64% (20206/31571), 50.77 MiB | 20.26 MiB/s
Receiving objects:  65% (20522/31571), 50.77 MiB | 20.26 MiB/s
Receiving objects:  66% (20837/31571), 50.77 MiB | 20.26 MiB/s
Receiving objects:  67% (21153/31571), 50.77 MiB | 20.26 MiB/s
Receiving objects:  68% (21469/31571), 50.77 MiB | 20.26 MiB/s
Receiving objects:  69% (21784/31571), 50.77 MiB | 20.26 MiB/s
Receiving objects:  70% (22100/31571), 50.77 MiB | 20.26 MiB/s
Receiving objects:  71% (22416/31571), 50.77 MiB | 20.26 MiB/s
Receiving objects:  72% (22732/31571), 50.77 MiB | 20.26 MiB/s
Receiving objects:  73% (23047/31571), 50.77 MiB | 20.26 MiB/s
Receiving objects:  74% (23363/31571), 50.77 MiB | 20.26 MiB/s
Receiving objects:  75% (23679/31571), 50.77 MiB | 20.26 MiB/s
Receiving objects:  76% (23994/31571), 50.77 MiB | 20.26 MiB/s
Receiving objects:  77% (24310/31571), 50.77 MiB | 20.26 MiB/s
Receiving objects:  78% (24626/31571), 50.77 MiB | 20.26 MiB/s
Receiving objects:  79% (24942/31571), 50.77 MiB | 20.26 MiB/s
Receiving objects:  80% (25257/31571), 50.77 MiB | 20.26 MiB/s
Receiving objects:  80% (25302/31571), 57.18 MiB | 19.02 MiB/s
Receiving objects:  81% (25573/31571), 57.18 MiB | 19.02 MiB/s
Receiving objects:  82% (25889/31571), 57.18 MiB | 19.02 MiB/s
Receiving objects:  83% (26204/31571), 57.18 MiB | 19.02 MiB/s
Receiving objects:  84% (26520/31571), 57.18 MiB | 19.02 MiB/s
Receiving objects:  85% (26836/31571), 57.18 MiB | 19.02 MiB/s
Receiving objects:  86% (27152/31571), 57.18 MiB | 19.02 MiB/s
Receiving objects:  87% (27467/31571), 57.18 MiB | 19.02 MiB/s
Receiving objects:  88% (27783/31571), 57.18 MiB | 19.02 MiB/s
Receiving objects:  89% (28099/31571), 57.18 MiB | 19.02 MiB/s
Receiving objects:  90% (28414/31571), 57.18 MiB | 19.02 MiB/s
Receiving objects:  91% (28730/31571), 57.18 MiB | 19.02 MiB/s
Receiving objects:  92% (29046/31571), 57.18 MiB | 19.02 MiB/s
Receiving objects:  93% (29362/31571), 57.18 MiB | 19.02 MiB/s
Receiving objects:  94% (29677/31571), 57.18 MiB | 19.02 MiB/s
Receiving objects:  95% (29993/31571), 57.18 MiB | 19.02 MiB/s
Receiving objects:  96% (30309/31571), 57.18 MiB | 19.02 MiB/s
Receiving objects:  97% (30624/31571), 57.18 MiB | 19.02 MiB/s
Receiving objects:  98% (30940/31571), 66.86 MiB | 19.06 MiB/s
remote: Total 31571 (delta 18137), reused 26227 (delta 13451)[K
Receiving objects:  99% (31256/31571), 66.86 MiB | 19.06 MiB/s
Receiving objects: 100% (31571/31571), 66.86 MiB | 19.06 MiB/s
Receiving objects: 100% (31571/31571), 67.24 MiB | 19.06 MiB/s, done.
Resolving deltas:   0% (0/18137)
Resolving deltas:   1% (183/18137)
Resolving deltas:   2% (366/18137)
Resolving deltas:   3% (593/18137)
Resolving deltas:   4% (727/18137)
Resolving deltas:   5% (907/18137)
Resolving deltas:   6% (1090/18137)
Resolving deltas:   7% (1270/18137)
Resolving deltas:   8% (1456/18137)
Resolving deltas:   9% (1633/18137)
Resolving deltas:  10% (1814/18137)
Resolving deltas:  11% (1996/18137)
Resolving deltas:  12% (2178/18137)
Resolving deltas:  13% (2360/18137)
Resolving deltas:  14% (2540/18137)
Resolving deltas:  15% (2724/18137)
Resolving deltas:  16% (2902/18137)
Resolving deltas:  17% (3116/18137)
Resolving deltas:  18% (3286/18137)
Resolving deltas:  19% (3453/18137)
Resolving deltas:  20% (3629/18137)
Resolving deltas:  21% (3809/18137)
Resolving deltas:  22% (3993/18137)
Resolving deltas:  23% (4175/18137)
Resolving deltas:  24% (4355/18137)
Resolving deltas:  25% (4546/18137)
Resolving deltas:  26% (4722/18137)
Resolving deltas:  27% (4898/18137)
Resolving deltas:  28% (5080/18137)
Resolving deltas:  29% (5260/18137)
Resolving deltas:  30% (5442/18137)
Resolving deltas:  31% (5623/18137)
Resolving deltas:  32% (5805/18137)
Resolving deltas:  33% (5986/18137)
Resolving deltas:  34% (6174/18137)
Resolving deltas:  35% (6350/18137)
Resolving deltas:  36% (6532/18137)
Resolving deltas:  37% (6711/18137)
Resolving deltas:  38% (6895/18137)
Resolving deltas:  39% (7074/18137)
Resolving deltas:  40% (7272/18137)
Resolving deltas:  41% (7437/18137)
Resolving deltas:  42% (7618/18137)
Resolving deltas:  43% (7808/18137)
Resolving deltas:  44% (7993/18137)
Resolving deltas:  45% (8181/18137)
Resolving deltas:  46% (8344/18137)
Resolving deltas:  47% (8527/18137)
Resolving deltas:  48% (8740/18137)
Resolving deltas:  49% (8889/18137)
Resolving deltas:  50% (9072/18137)
Resolving deltas:  51% (9254/18137)
Resolving deltas:  52% (9432/18137)
Resolving deltas:  53% (9622/18137)
Resolving deltas:  54% (9794/18137)
Resolving deltas:  55% (9981/18137)
Resolving deltas:  56% (10159/18137)
Resolving deltas:  57% (10339/18137)
Resolving deltas:  58% (10520/18137)
Resolving deltas:  59% (10701/18137)
Resolving deltas:  60% (10883/18137)
Resolving deltas:  61% (11066/18137)
Resolving deltas:  62% (11245/18137)
Resolving deltas:  63% (11427/18137)
Resolving deltas:  64% (11609/18137)
Resolving deltas:  65% (11798/18137)
Resolving deltas:  66% (11971/18137)
Resolving deltas:  67% (12154/18137)
Resolving deltas:  68% (12339/18137)
Resolving deltas:  69% (12517/18137)
Resolving deltas:  70% (12697/18137)
Resolving deltas:  71% (12878/18137)
Resolving deltas:  72% (13062/18137)
Resolving deltas:  73% (13249/18137)
Resolving deltas:  74% (13424/18137)
Resolving deltas:  75% (13603/18137)
Resolving deltas:  76% (13790/18137)
Resolving deltas:  77% (13984/18137)
Resolving deltas:  78% (14147/18137)
Resolving deltas:  79% (14334/18137)
Resolving deltas:  80% (14515/18137)
Resolving deltas:  81% (14692/18137)
Resolving deltas:  82% (14883/18137)
Resolving deltas:  83% (15054/18137)
Resolving deltas:  84% (15236/18137)
Resolving deltas:  85% (15417/18137)
Resolving deltas:  86% (15601/18137)
Resolving deltas:  87% (15785/18137)
Resolving deltas:  88% (16016/18137)
Resolving deltas:  89% (16143/18137)
Resolving deltas:  90% (16324/18137)
Resolving deltas:  91% (16510/18137)
Resolving deltas:  92% (16687/18137)
Resolving deltas:  93% (16868/18137)
Resolving deltas:  94% (17050/18137)
Resolving deltas:  95% (17234/18137)
Resolving deltas:  96% (17437/18137)
Resolving deltas:  97% (17699/18137)
Resolving deltas:  98% (17784/18137)
Resolving deltas:  99% (17956/18137)
Resolving deltas: 100% (18137/18137)
Resolving deltas: 100% (18137/18137), done.
Checking out files:  44% (5902/13373)
Checking out files:  45% (6018/13373)
Checking out files:  46% (6152/13373)
Checking out files:  47% (6286/13373)
Checking out files:  48% (6420/13373)
Checking out files:  49% (6553/13373)
Checking out files:  50% (6687/13373)
Checking out files:  51% (6821/13373)
Checking out files:  52% (6954/13373)
Checking out files:  53% (7088/13373)
Checking out files:  54% (7222/13373)
Checking out files:  55% (7356/13373)
Checking out files:  56% (7489/13373)
Checking out files:  57% (7623/13373)
Checking out files:  58% (7757/13373)
Checking out files:  59% (7891/13373)
Checking out files:  60% (8024/13373)
Checking out files:  61% (8158/13373)
Checking out files:  62% (8292/13373)
Checking out files:  63% (8425/13373)
Checking out files:  64% (8559/13373)
Checking out files:  65% (8693/13373)
Checking out files:  66% (8827/13373)
Checking out files:  67% (8960/13373)
Checking out files:  68% (9094/13373)
Checking out files:  69% (9228/13373)
Checking out files:  70% (9362/13373)
Checking out files:  71% (9495/13373)
Checking out files:  72% (9629/13373)
Checking out files:  73% (9763/13373)
Checking out files:  74% (9897/13373)
Checking out files:  75% (10030/13373)
Checking out files:  76% (10164/13373)
Checking out files:  77% (10298/13373)
Checking out files:  78% (10431/13373)
Checking out files:  79% (10565/13373)
Checking out files:  80% (10699/13373)
Checking out files:  81% (10833/13373)
Checking out files:  82% (10966/13373)
Checking out files:  83% (11100/13373)
Checking out files:  83% (11193/13373)
Checking out files:  84% (11234/13373)
Checking out files:  85% (11368/13373)
Checking out files:  86% (11501/13373)
Checking out files:  87% (11635/13373)
Checking out files:  88% (11769/13373)
Checking out files:  89% (11902/13373)
Checking out files:  90% (12036/13373)
Checking out files:  91% (12170/13373)
Checking out files:  92% (12304/13373)
Checking out files:  93% (12437/13373)
Checking out files:  94% (12571/13373)
Checking out files:  95% (12705/13373)
Checking out files:  96% (12839/13373)
Checking out files:  97% (12972/13373)
Checking out files:  98% (13106/13373)
Checking out files:  99% (13240/13373)
Checking out files: 100% (13373/13373)
Checking out files: 100% (13373/13373), done.
travis_fold:end:git.1
$ cd numenta/nupic
travis_fold:start:git.2
$ git fetch origin +refs/pull/264/merge:
remote: Counting objects: 62, done.[K
remote: Compressing objects:   4% (1/24)   [K
remote: Compressing objects:   8% (2/24)   [K
remote: Compressing objects:  12% (3/24)   [K
remote: Compressing objects:  16% (4/24)   [K
remote: Compressing objects:  20% (5/24)   [K
remote: Compressing objects:  25% (6/24)   [K
remote: Compressing objects:  29% (7/24)   [K
remote: Compressing objects:  33% (8/24)   [K
remote: Compressing objects:  37% (9/24)   [K
remote: Compressing objects:  41% (10/24)   [K
remote: Compressing objects:  45% (11/24)   [K
remote: Compressing objects:  50% (12/24)   [K
remote: Compressing objects:  54% (13/24)   [K
remote: Compressing objects:  58% (14/24)   [K
remote: Compressing objects:  62% (15/24)   [K
remote: Compressing objects:  66% (16/24)   [K
remote: Compressing objects:  70% (17/24)   [K
remote: Compressing objects:  75% (18/24)   [K
remote: Compressing objects:  79% (19/24)   [K
remote: Compressing objects:  83% (20/24)   [K
remote: Compressing objects:  87% (21/24)   [K
remote: Compressing objects:  91% (22/24)   [K
remote: Compressing objects:  95% (23/24)   [K
remote: Compressing objects: 100% (24/24)   [K
remote: Compressing objects: 100% (24/24), done.[K
remote: Total 49 (delta 31), reused 39 (delta 22)[K
Unpacking objects:   2% (1/49)
Unpacking objects:   4% (2/49)
Unpacking objects:   6% (3/49)
Unpacking objects:   8% (4/49)
Unpacking objects:  10% (5/49)
Unpacking objects:  12% (6/49)
Unpacking objects:  14% (7/49)
Unpacking objects:  16% (8/49)
Unpacking objects:  18% (9/49)
Unpacking objects:  20% (10/49)
Unpacking objects:  22% (11/49)
Unpacking objects:  24% (12/49)
Unpacking objects:  26% (13/49)
Unpacking objects:  28% (14/49)
Unpacking objects:  30% (15/49)
Unpacking objects:  32% (16/49)
Unpacking objects:  34% (17/49)
Unpacking objects:  36% (18/49)
Unpacking objects:  38% (19/49)
Unpacking objects:  40% (20/49)
Unpacking objects:  42% (21/49)
Unpacking objects:  44% (22/49)
Unpacking objects:  46% (23/49)
Unpacking objects:  48% (24/49)
Unpacking objects:  51% (25/49)
Unpacking objects:  53% (26/49)
Unpacking objects:  55% (27/49)
Unpacking objects:  57% (28/49)
Unpacking objects:  59% (29/49)
Unpacking objects:  61% (30/49)
Unpacking objects:  63% (31/49)
Unpacking objects:  65% (32/49)
Unpacking objects:  67% (33/49)
Unpacking objects:  69% (34/49)
Unpacking objects:  71% (35/49)
Unpacking objects:  73% (36/49)
Unpacking objects:  75% (37/49)
Unpacking objects:  77% (38/49)
Unpacking objects:  79% (39/49)
Unpacking objects:  81% (40/49)
Unpacking objects:  83% (41/49)
Unpacking objects:  85% (42/49)
Unpacking objects:  87% (43/49)
Unpacking objects:  89% (44/49)
Unpacking objects:  91% (45/49)
Unpacking objects:  93% (46/49)
Unpacking objects:  95% (47/49)
Unpacking objects:  97% (48/49)
Unpacking objects: 100% (49/49)
Unpacking objects: 100% (49/49), done.
From git://github.com/numenta/nupic
 * branch            refs/pull/264/merge -> FETCH_HEAD
travis_fold:end:git.2
travis_fold:start:git.3
$ git checkout -qf FETCH_HEAD
travis_fold:end:git.3
$ source ~/virtualenv/python2.6/bin/activate
$ python --version
Python 2.6.8
$ pip --version
pip 1.3.1 from /home/travis/virtualenv/python2.6/lib/python2.6/site-packages/pip-1.3.1-py2.6.egg (python 2.6)
travis_fold:start:before_install.1
$ source $NUPIC/env.sh
travis_fold:end:before_install.1
travis_fold:start:before_install.2
$ gem install travis-artifacts
Fetching: builder-3.2.2.gem
Fetching: builder-3.2.2.gem ( 51%)
Fetching: builder-3.2.2.gem (100%)
Fetching: builder-3.2.2.gem (100%)
Successfully installed builder-3.2.2
Fetching: excon-0.25.3.gem
Fetching: excon-0.25.3.gem (  4%)
Fetching: excon-0.25.3.gem (  5%)
Fetching: excon-0.25.3.gem (  9%)
Fetching: excon-0.25.3.gem ( 10%)
Fetching: excon-0.25.3.gem ( 14%)
Fetching: excon-0.25.3.gem ( 15%)
Fetching: excon-0.25.3.gem ( 19%)
Fetching: excon-0.25.3.gem ( 20%)
Fetching: excon-0.25.3.gem ( 24%)
Fetching: excon-0.25.3.gem ( 28%)
Fetching: excon-0.25.3.gem ( 30%)
Fetching: excon-0.25.3.gem ( 34%)
Fetching: excon-0.25.3.gem ( 35%)
Fetching: excon-0.25.3.gem ( 39%)
Fetching: excon-0.25.3.gem ( 40%)
Fetching: excon-0.25.3.gem ( 44%)
Fetching: excon-0.25.3.gem ( 48%)
Fetching: excon-0.25.3.gem ( 49%)
Fetching: excon-0.25.3.gem ( 53%)
Fetching: excon-0.25.3.gem ( 54%)
Fetching: excon-0.25.3.gem ( 58%)
Fetching: excon-0.25.3.gem ( 59%)
Fetching: excon-0.25.3.gem ( 63%)
Fetching: excon-0.25.3.gem ( 67%)
Fetching: excon-0.25.3.gem ( 69%)
Fetching: excon-0.25.3.gem ( 73%)
Fetching: excon-0.25.3.gem ( 74%)
Fetching: excon-0.25.3.gem ( 78%)
Fetching: excon-0.25.3.gem ( 79%)
Fetching: excon-0.25.3.gem ( 83%)
Fetching: excon-0.25.3.gem ( 84%)
Fetching: excon-0.25.3.gem ( 88%)
Fetching: excon-0.25.3.gem ( 89%)
Fetching: excon-0.25.3.gem ( 93%)
Fetching: excon-0.25.3.gem ( 94%)
Fetching: excon-0.25.3.gem ( 98%)
Fetching: excon-0.25.3.gem (100%)
Fetching: excon-0.25.3.gem (100%)
Successfully installed excon-0.25.3
Fetching: formatador-0.2.4.gem
Fetching: formatador-0.2.4.gem ( 65%)
Fetching: formatador-0.2.4.gem ( 81%)
Fetching: formatador-0.2.4.gem (100%)
Fetching: formatador-0.2.4.gem (100%)
Successfully installed formatador-0.2.4
Fetching: multi_json-1.8.0.gem
Fetching: multi_json-1.8.0.gem ( 24%)
Fetching: multi_json-1.8.0.gem ( 29%)
Fetching: multi_json-1.8.0.gem ( 54%)
Fetching: multi_json-1.8.0.gem ( 60%)
Fetching: multi_json-1.8.0.gem ( 84%)
Fetching: multi_json-1.8.0.gem ( 90%)
Fetching: multi_json-1.8.0.gem (100%)
Fetching: multi_json-1.8.0.gem (100%)
Successfully installed multi_json-1.8.0
Fetching: mime-types-1.25.gem
Fetching: mime-types-1.25.gem ( 12%)
Fetching: mime-types-1.25.gem ( 15%)
Fetching: mime-types-1.25.gem ( 27%)
Fetching: mime-types-1.25.gem ( 29%)
Fetching: mime-types-1.25.gem ( 41%)
Fetching: mime-types-1.25.gem ( 44%)
Fetching: mime-types-1.25.gem ( 56%)
Fetching: mime-types-1.25.gem ( 59%)
Fetching: mime-types-1.25.gem ( 71%)
Fetching: mime-types-1.25.gem ( 83%)
Fetching: mime-types-1.25.gem ( 88%)
Fetching: mime-types-1.25.gem (100%)
Fetching: mime-types-1.25.gem (100%)
Successfully installed mime-types-1.25
Fetching: net-ssh-2.7.0.gem
Fetching: net-ssh-2.7.0.gem (  5%)
Fetching: net-ssh-2.7.0.gem (  6%)
Fetching: net-ssh-2.7.0.gem ( 10%)
Fetching: net-ssh-2.7.0.gem ( 11%)
Fetching: net-ssh-2.7.0.gem ( 16%)
Fetching: net-ssh-2.7.0.gem ( 17%)
Fetching: net-ssh-2.7.0.gem ( 21%)
Fetching: net-ssh-2.7.0.gem ( 22%)
Fetching: net-ssh-2.7.0.gem ( 26%)
Fetching: net-ssh-2.7.0.gem ( 27%)
Fetching: net-ssh-2.7.0.gem ( 32%)
Fetching: net-ssh-2.7.0.gem ( 33%)
Fetching: net-ssh-2.7.0.gem ( 37%)
Fetching: net-ssh-2.7.0.gem ( 38%)
Fetching: net-ssh-2.7.0.gem ( 43%)
Fetching: net-ssh-2.7.0.gem ( 44%)
Fetching: net-ssh-2.7.0.gem ( 48%)
Fetching: net-ssh-2.7.0.gem ( 49%)
Fetching: net-ssh-2.7.0.gem ( 53%)
Fetching: net-ssh-2.7.0.gem ( 55%)
Fetching: net-ssh-2.7.0.gem ( 59%)
Fetching: net-ssh-2.7.0.gem ( 60%)
Fetching: net-ssh-2.7.0.gem ( 64%)
Fetching: net-ssh-2.7.0.gem ( 65%)
Fetching: net-ssh-2.7.0.gem ( 70%)
Fetching: net-ssh-2.7.0.gem ( 71%)
Fetching: net-ssh-2.7.0.gem ( 75%)
Fetching: net-ssh-2.7.0.gem ( 76%)
Fetching: net-ssh-2.7.0.gem ( 81%)
Fetching: net-ssh-2.7.0.gem ( 82%)
Fetching: net-ssh-2.7.0.gem ( 86%)
Fetching: net-ssh-2.7.0.gem ( 87%)
Fetching: net-ssh-2.7.0.gem ( 91%)
Fetching: net-ssh-2.7.0.gem ( 92%)
Fetching: net-ssh-2.7.0.gem ( 97%)
Fetching: net-ssh-2.7.0.gem ( 98%)
Fetching: net-ssh-2.7.0.gem (100%)
Fetching: net-ssh-2.7.0.gem (100%)
Successfully installed net-ssh-2.7.0
Fetching: net-scp-1.1.2.gem
Fetching: net-scp-1.1.2.gem ( 50%)
Fetching: net-scp-1.1.2.gem (100%)
Fetching: net-scp-1.1.2.gem (100%)
Successfully installed net-scp-1.1.2
Fetching: mini_portile-0.5.1.gem
Fetching: mini_portile-0.5.1.gem ( 62%)
Fetching: mini_portile-0.5.1.gem (100%)
Fetching: mini_portile-0.5.1.gem (100%)
Successfully installed mini_portile-0.5.1
Fetching: nokogiri-1.6.0.gem
Fetching: nokogiri-1.6.0.gem (  1%)
Fetching: nokogiri-1.6.0.gem (  2%)
Fetching: nokogiri-1.6.0.gem (  3%)
Fetching: nokogiri-1.6.0.gem (  4%)
Fetching: nokogiri-1.6.0.gem (  5%)
Fetching: nokogiri-1.6.0.gem (  6%)
Fetching: nokogiri-1.6.0.gem (  7%)
Fetching: nokogiri-1.6.0.gem (  8%)
Fetching: nokogiri-1.6.0.gem (  9%)
Fetching: nokogiri-1.6.0.gem ( 10%)
Fetching: nokogiri-1.6.0.gem ( 11%)
Fetching: nokogiri-1.6.0.gem ( 12%)
Fetching: nokogiri-1.6.0.gem ( 13%)
Fetching: nokogiri-1.6.0.gem ( 14%)
Fetching: nokogiri-1.6.0.gem ( 15%)
Fetching: nokogiri-1.6.0.gem ( 16%)
Fetching: nokogiri-1.6.0.gem ( 17%)
Fetching: nokogiri-1.6.0.gem ( 18%)
Fetching: nokogiri-1.6.0.gem ( 19%)
Fetching: nokogiri-1.6.0.gem ( 20%)
Fetching: nokogiri-1.6.0.gem ( 21%)
Fetching: nokogiri-1.6.0.gem ( 22%)
Fetching: nokogiri-1.6.0.gem ( 23%)
Fetching: nokogiri-1.6.0.gem ( 24%)
Fetching: nokogiri-1.6.0.gem ( 25%)
Fetching: nokogiri-1.6.0.gem ( 26%)
Fetching: nokogiri-1.6.0.gem ( 27%)
Fetching: nokogiri-1.6.0.gem ( 28%)
Fetching: nokogiri-1.6.0.gem ( 29%)
Fetching: nokogiri-1.6.0.gem ( 30%)
Fetching: nokogiri-1.6.0.gem ( 31%)
Fetching: nokogiri-1.6.0.gem ( 32%)
Fetching: nokogiri-1.6.0.gem ( 33%)
Fetching: nokogiri-1.6.0.gem ( 34%)
Fetching: nokogiri-1.6.0.gem ( 35%)
Fetching: nokogiri-1.6.0.gem ( 36%)
Fetching: nokogiri-1.6.0.gem ( 37%)
Fetching: nokogiri-1.6.0.gem ( 38%)
Fetching: nokogiri-1.6.0.gem ( 39%)
Fetching: nokogiri-1.6.0.gem ( 40%)
Fetching: nokogiri-1.6.0.gem ( 41%)
Fetching: nokogiri-1.6.0.gem ( 42%)
Fetching: nokogiri-1.6.0.gem ( 43%)
Fetching: nokogiri-1.6.0.gem ( 44%)
Fetching: nokogiri-1.6.0.gem ( 45%)
Fetching: nokogiri-1.6.0.gem ( 46%)
Fetching: nokogiri-1.6.0.gem ( 47%)
Fetching: nokogiri-1.6.0.gem ( 48%)
Fetching: nokogiri-1.6.0.gem ( 49%)
Fetching: nokogiri-1.6.0.gem ( 50%)
Fetching: nokogiri-1.6.0.gem ( 51%)
Fetching: nokogiri-1.6.0.gem ( 52%)
Fetching: nokogiri-1.6.0.gem ( 53%)
Fetching: nokogiri-1.6.0.gem ( 54%)
Fetching: nokogiri-1.6.0.gem ( 55%)
Fetching: nokogiri-1.6.0.gem ( 56%)
Fetching: nokogiri-1.6.0.gem ( 57%)
Fetching: nokogiri-1.6.0.gem ( 58%)
Fetching: nokogiri-1.6.0.gem ( 59%)
Fetching: nokogiri-1.6.0.gem ( 60%)
Fetching: nokogiri-1.6.0.gem ( 61%)
Fetching: nokogiri-1.6.0.gem ( 62%)
Fetching: nokogiri-1.6.0.gem ( 63%)
Fetching: nokogiri-1.6.0.gem ( 64%)
Fetching: nokogiri-1.6.0.gem ( 65%)
Fetching: nokogiri-1.6.0.gem ( 66%)
Fetching: nokogiri-1.6.0.gem ( 67%)
Fetching: nokogiri-1.6.0.gem ( 68%)
Fetching: nokogiri-1.6.0.gem ( 69%)
Fetching: nokogiri-1.6.0.gem ( 70%)
Fetching: nokogiri-1.6.0.gem ( 71%)
Fetching: nokogiri-1.6.0.gem ( 72%)
Fetching: nokogiri-1.6.0.gem ( 73%)
Fetching: nokogiri-1.6.0.gem ( 74%)
Fetching: nokogiri-1.6.0.gem ( 75%)
Fetching: nokogiri-1.6.0.gem ( 76%)
Fetching: nokogiri-1.6.0.gem ( 77%)
Fetching: nokogiri-1.6.0.gem ( 78%)
Fetching: nokogiri-1.6.0.gem ( 79%)
Fetching: nokogiri-1.6.0.gem ( 80%)
Fetching: nokogiri-1.6.0.gem ( 81%)
Fetching: nokogiri-1.6.0.gem ( 82%)
Fetching: nokogiri-1.6.0.gem ( 83%)
Fetching: nokogiri-1.6.0.gem ( 84%)
Fetching: nokogiri-1.6.0.gem ( 85%)
Fetching: nokogiri-1.6.0.gem ( 86%)
Fetching: nokogiri-1.6.0.gem ( 87%)
Fetching: nokogiri-1.6.0.gem ( 88%)
Fetching: nokogiri-1.6.0.gem ( 89%)
Fetching: nokogiri-1.6.0.gem ( 90%)
Fetching: nokogiri-1.6.0.gem ( 91%)
Fetching: nokogiri-1.6.0.gem ( 92%)
Fetching: nokogiri-1.6.0.gem ( 93%)
Fetching: nokogiri-1.6.0.gem ( 94%)
Fetching: nokogiri-1.6.0.gem ( 95%)
Fetching: nokogiri-1.6.0.gem ( 96%)
Fetching: nokogiri-1.6.0.gem ( 97%)
Fetching: nokogiri-1.6.0.gem ( 98%)
Fetching: nokogiri-1.6.0.gem ( 99%)
Fetching: nokogiri-1.6.0.gem (100%)
Fetching: nokogiri-1.6.0.gem (100%)
Building native extensions.  This could take a while...
Successfully installed nokogiri-1.6.0
Fetching: ruby-hmac-0.4.0.gem
Fetching: ruby-hmac-0.4.0.gem ( 97%)
Fetching: ruby-hmac-0.4.0.gem (100%)
Fetching: ruby-hmac-0.4.0.gem (100%)
Successfully installed ruby-hmac-0.4.0
Fetching: fog-1.15.0.gem
Fetching: fog-1.15.0.gem (  2%)
Fetching: fog-1.15.0.gem (  3%)
Fetching: fog-1.15.0.gem (  4%)
Fetching: fog-1.15.0.gem (  6%)
Fetching: fog-1.15.0.gem (  7%)
Fetching: fog-1.15.0.gem (  9%)
Fetching: fog-1.15.0.gem ( 10%)
Fetching: fog-1.15.0.gem ( 11%)
Fetching: fog-1.15.0.gem ( 13%)
Fetching: fog-1.15.0.gem ( 14%)
Fetching: fog-1.15.0.gem ( 15%)
Fetching: fog-1.15.0.gem ( 17%)
Fetching: fog-1.15.0.gem ( 18%)
Fetching: fog-1.15.0.gem ( 19%)
Fetching: fog-1.15.0.gem ( 21%)
Fetching: fog-1.15.0.gem ( 22%)
Fetching: fog-1.15.0.gem ( 23%)
Fetching: fog-1.15.0.gem ( 25%)
Fetching: fog-1.15.0.gem ( 26%)
Fetching: fog-1.15.0.gem ( 27%)
Fetching: fog-1.15.0.gem ( 29%)
Fetching: fog-1.15.0.gem ( 30%)
Fetching: fog-1.15.0.gem ( 31%)
Fetching: fog-1.15.0.gem ( 33%)
Fetching: fog-1.15.0.gem ( 34%)
Fetching: fog-1.15.0.gem ( 35%)
Fetching: fog-1.15.0.gem ( 37%)
Fetching: fog-1.15.0.gem ( 38%)
Fetching: fog-1.15.0.gem ( 39%)
Fetching: fog-1.15.0.gem ( 41%)
Fetching: fog-1.15.0.gem ( 42%)
Fetching: fog-1.15.0.gem ( 43%)
Fetching: fog-1.15.0.gem ( 45%)
Fetching: fog-1.15.0.gem ( 46%)
Fetching: fog-1.15.0.gem ( 47%)
Fetching: fog-1.15.0.gem ( 49%)
Fetching: fog-1.15.0.gem ( 50%)
Fetching: fog-1.15.0.gem ( 51%)
Fetching: fog-1.15.0.gem ( 53%)
Fetching: fog-1.15.0.gem ( 54%)
Fetching: fog-1.15.0.gem ( 55%)
Fetching: fog-1.15.0.gem ( 57%)
Fetching: fog-1.15.0.gem ( 58%)
Fetching: fog-1.15.0.gem ( 59%)
Fetching: fog-1.15.0.gem ( 61%)
Fetching: fog-1.15.0.gem ( 62%)
Fetching: fog-1.15.0.gem ( 63%)
Fetching: fog-1.15.0.gem ( 65%)
Fetching: fog-1.15.0.gem ( 66%)
Fetching: fog-1.15.0.gem ( 67%)
Fetching: fog-1.15.0.gem ( 69%)
Fetching: fog-1.15.0.gem ( 70%)
Fetching: fog-1.15.0.gem ( 71%)
Fetching: fog-1.15.0.gem ( 73%)
Fetching: fog-1.15.0.gem ( 74%)
Fetching: fog-1.15.0.gem ( 75%)
Fetching: fog-1.15.0.gem ( 77%)
Fetching: fog-1.15.0.gem ( 78%)
Fetching: fog-1.15.0.gem ( 79%)
Fetching: fog-1.15.0.gem ( 81%)
Fetching: fog-1.15.0.gem ( 82%)
Fetching: fog-1.15.0.gem ( 83%)
Fetching: fog-1.15.0.gem ( 85%)
Fetching: fog-1.15.0.gem ( 86%)
Fetching: fog-1.15.0.gem ( 87%)
Fetching: fog-1.15.0.gem ( 89%)
Fetching: fog-1.15.0.gem ( 90%)
Fetching: fog-1.15.0.gem ( 92%)
Fetching: fog-1.15.0.gem ( 93%)
Fetching: fog-1.15.0.gem ( 94%)
Fetching: fog-1.15.0.gem ( 96%)
Fetching: fog-1.15.0.gem ( 97%)
Fetching: fog-1.15.0.gem ( 98%)
Fetching: fog-1.15.0.gem (100%)
Fetching: fog-1.15.0.gem (100%)
Successfully installed fog-1.15.0
Fetching: multipart-post-1.2.0.gem
Fetching: multipart-post-1.2.0.gem ( 68%)
Fetching: multipart-post-1.2.0.gem (100%)
Fetching: multipart-post-1.2.0.gem (100%)
Successfully installed multipart-post-1.2.0
Fetching: faraday-0.8.8.gem
Fetching: faraday-0.8.8.gem ( 17%)
Fetching: faraday-0.8.8.gem ( 21%)
Fetching: faraday-0.8.8.gem ( 37%)
Fetching: faraday-0.8.8.gem ( 41%)
Fetching: faraday-0.8.8.gem ( 58%)
Fetching: faraday-0.8.8.gem ( 62%)
Fetching: faraday-0.8.8.gem ( 79%)
Fetching: faraday-0.8.8.gem ( 83%)
Fetching: faraday-0.8.8.gem (100%)
Fetching: faraday-0.8.8.gem (100%)
Successfully installed faraday-0.8.8
Fetching: faraday_middleware-0.9.0.gem
Fetching: faraday_middleware-0.9.0.gem ( 31%)
Fetching: faraday_middleware-0.9.0.gem ( 39%)
Fetching: faraday_middleware-0.9.0.gem ( 71%)
Fetching: faraday_middleware-0.9.0.gem ( 79%)
Fetching: faraday_middleware-0.9.0.gem (100%)
Fetching: faraday_middleware-0.9.0.gem (100%)
Successfully installed faraday_middleware-0.9.0
Fetching: travis-artifacts-0.1.0.gem
Fetching: travis-artifacts-0.1.0.gem ( 71%)
Fetching: travis-artifacts-0.1.0.gem ( 89%)
Fetching: travis-artifacts-0.1.0.gem (100%)
Fetching: travis-artifacts-0.1.0.gem (100%)
Successfully installed travis-artifacts-0.1.0
15 gems installed
travis_fold:end:before_install.2
travis_fold:start:install
$ $NUPIC/build.sh
In file included from /home/travis/nta/eng/lib/python2.6/site-packages/numpy/core/include/numpy/ndarraytypes.h:1728:0,
                 from /home/travis/nta/eng/lib/python2.6/site-packages/numpy/core/include/numpy/ndarrayobject.h:17,
                 from /home/travis/nta/eng/lib/python2.6/site-packages/numpy/core/include/numpy/arrayobject.h:15,
                 from /home/travis/build/numenta/nupic/lang/py/support/NumpyVector.cpp:34:
/home/travis/nta/eng/lib/python2.6/site-packages/numpy/core/include/numpy/npy_deprecated_api.h:11:2: warning: #warning "Using deprecated NumPy API, disable it by #defining NPY_NO_DEPRECATED_API NPY_1_7_API_VERSION" [-Wcpp]
In file included from /home/travis/nta/eng/lib/python2.6/site-packages/numpy/core/include/numpy/ndarraytypes.h:1728:0,
                 from /home/travis/nta/eng/lib/python2.6/site-packages/numpy/core/include/numpy/ndarrayobject.h:17,
                 from /home/travis/nta/eng/lib/python2.6/site-packages/numpy/core/include/numpy/arrayobject.h:15,
                 from /home/travis/build/numenta/nupic/lang/py/support/PyArray.cpp:34:
/home/travis/nta/eng/lib/python2.6/site-packages/numpy/core/include/numpy/npy_deprecated_api.h:11:2: warning: #warning "Using deprecated NumPy API, disable it by #defining NPY_NO_DEPRECATED_API NPY_1_7_API_VERSION" [-Wcpp]
In file included from /home/travis/build/numenta/nupic/nta/math/math.hpp:42:0,
                 from /home/travis/build/numenta/nupic/nta/math/array_algo.hpp:38,
                 from /home/travis/build/numenta/nupic/nta/math/stl_io.hpp:42,
                 from /home/travis/build/numenta/nupic/nta/algorithms/SparsePooler.hpp:36,
                 from /home/travis/build/numenta/nupic/nta/algorithms/SparsePooler.cpp:28:
/home/travis/build/numenta/nupic/nta/math/utils.hpp: In function Ã¢â‚¬Ëœbool nta::IsSystemLittleEndian()Ã¢â‚¬â„¢:
/home/travis/build/numenta/nupic/nta/math/utils.hpp:77:64: warning: dereferencing type-punned pointer will break strict-aliasing rules [-Wstrict-aliasing]
In file included from /home/travis/build/numenta/nupic/nta/math/stl_io.hpp:42:0,
                 from /home/travis/build/numenta/nupic/nta/algorithms/SparsePooler.hpp:36,
                 from /home/travis/build/numenta/nupic/nta/algorithms/SparsePooler.cpp:28:
/home/travis/build/numenta/nupic/nta/math/array_algo.hpp: In function Ã¢â‚¬Ëœint nta::checkSSE()Ã¢â‚¬â„¢:
/home/travis/build/numenta/nupic/nta/math/array_algo.hpp:68:18: warning: unused variable Ã¢â‚¬ËœfÃ¢â‚¬â„¢ [-Wunused-variable]
In file included from /home/travis/build/numenta/nupic/nta/math/SparseMatrix.hpp:37:0,
                 from /home/travis/build/numenta/nupic/nta/math/NearestNeighbor.hpp:31,
                 from /home/travis/build/numenta/nupic/nta/algorithms/SpatialPooler.hpp:31,
                 from /home/travis/build/numenta/nupic/nta/algorithms/SpatialPooler.cpp:28:
/home/travis/build/numenta/nupic/nta/math/utils.hpp: In function Ã¢â‚¬Ëœbool nta::IsSystemLittleEndian()Ã¢â‚¬â„¢:
/home/travis/build/numenta/nupic/nta/math/utils.hpp:77:64: warning: dereferencing type-punned pointer will break strict-aliasing rules [-Wstrict-aliasing]
In file included from /home/travis/build/numenta/nupic/nta/math/SparseMatrix.hpp:42:0,
                 from /home/travis/build/numenta/nupic/nta/math/NearestNeighbor.hpp:31,
                 from /home/travis/build/numenta/nupic/nta/algorithms/SpatialPooler.hpp:31,
                 from /home/travis/build/numenta/nupic/nta/algorithms/SpatialPooler.cpp:28:
/home/travis/build/numenta/nupic/nta/math/array_algo.hpp: In function Ã¢â‚¬Ëœint nta::checkSSE()Ã¢â‚¬â„¢:
/home/travis/build/numenta/nupic/nta/math/array_algo.hpp:68:18: warning: unused variable Ã¢â‚¬ËœfÃ¢â‚¬â„¢ [-Wunused-variable]
/home/travis/build/numenta/nupic/nta/math/array_algo.hpp:101:5: warning: Ã¢â‚¬ËœdÃ¢â‚¬â„¢ is used uninitialized in this function [-Wuninitialized]
/home/travis/build/numenta/nupic/nta/math/array_algo.hpp:103:5: warning: Ã¢â‚¬ËœcÃ¢â‚¬â„¢ is used uninitialized in this function [-Wuninitialized]
/home/travis/build/numenta/nupic/nta/math/array_algo.hpp:101:5: warning: Ã¢â‚¬ËœdÃ¢â‚¬â„¢ is used uninitialized in this function [-Wuninitialized]
/home/travis/build/numenta/nupic/nta/math/array_algo.hpp:103:5: warning: Ã¢â‚¬ËœcÃ¢â‚¬â„¢ is used uninitialized in this function [-Wuninitialized]
In file included from /home/travis/build/numenta/nupic/nta/math/math.hpp:42:0,
                 from /home/travis/build/numenta/nupic/nta/math/array_algo.hpp:38,
                 from /home/travis/build/numenta/nupic/nta/algorithms/Segment.hpp:35,
                 from /home/travis/build/numenta/nupic/nta/algorithms/Cell.hpp:29,
                 from /home/travis/build/numenta/nupic/nta/algorithms/Cell.cpp:24:
/home/travis/build/numenta/nupic/nta/math/utils.hpp: In function Ã¢â‚¬Ëœbool nta::IsSystemLittleEndian()Ã¢â‚¬â„¢:
/home/travis/build/numenta/nupic/nta/math/utils.hpp:77:64: warning: dereferencing type-punned pointer will break strict-aliasing rules [-Wstrict-aliasing]
In file included from /home/travis/build/numenta/nupic/nta/algorithms/Segment.hpp:35:0,
                 from /home/travis/build/numenta/nupic/nta/algorithms/Cell.hpp:29,
                 from /home/travis/build/numenta/nupic/nta/algorithms/Cell.cpp:24:
/home/travis/build/numenta/nupic/nta/math/array_algo.hpp: In function Ã¢â‚¬Ëœint nta::checkSSE()Ã¢â‚¬â„¢:
/home/travis/build/numenta/nupic/nta/math/array_algo.hpp:68:18: warning: unused variable Ã¢â‚¬ËœfÃ¢â‚¬â„¢ [-Wunused-variable]
/home/travis/build/numenta/nupic/nta/math/array_algo.hpp:101:5: warning: Ã¢â‚¬ËœdÃ¢â‚¬â„¢ is used uninitialized in this function [-Wuninitialized]
/home/travis/build/numenta/nupic/nta/math/array_algo.hpp:103:5: warning: Ã¢â‚¬ËœcÃ¢â‚¬â„¢ is used uninitialized in this function [-Wuninitialized]
In file included from /home/travis/build/numenta/nupic/nta/math/math.hpp:42:0,
                 from /home/travis/build/numenta/nupic/nta/math/array_algo.hpp:38,
                 from /home/travis/build/numenta/nupic/nta/algorithms/Segment.cpp:36:
/home/travis/build/numenta/nupic/nta/math/utils.hpp: In function Ã¢â‚¬Ëœbool nta::IsSystemLittleEndian()Ã¢â‚¬â„¢:
/home/travis/build/numenta/nupic/nta/math/utils.hpp:77:64: warning: dereferencing type-punned pointer will break strict-aliasing rules [-Wstrict-aliasing]
In file included from /home/travis/build/numenta/nupic/nta/algorithms/Segment.cpp:36:0:
/home/travis/build/numenta/nupic/nta/math/array_algo.hpp: In function Ã¢â‚¬Ëœint nta::checkSSE()Ã¢â‚¬â„¢:
/home/travis/build/numenta/nupic/nta/math/array_algo.hpp:68:18: warning: unused variable Ã¢â‚¬ËœfÃ¢â‚¬â„¢ [-Wunused-variable]
/home/travis/build/numenta/nupic/nta/math/array_algo.hpp:101:5: warning: Ã¢â‚¬ËœdÃ¢â‚¬â„¢ is used uninitialized in this function [-Wuninitialized]
/home/travis/build/numenta/nupic/nta/math/array_algo.hpp:103:5: warning: Ã¢â‚¬ËœcÃ¢â‚¬â„¢ is used uninitialized in this function [-Wuninitialized]
In file included from /home/travis/build/numenta/nupic/nta/math/SparseMatrix.hpp:37:0,
                 from /home/travis/build/numenta/nupic/nta/algorithms/CondProbTable.hpp:29,
                 from /home/travis/build/numenta/nupic/nta/algorithms/CondProbTable.cpp:29:
/home/travis/build/numenta/nupic/nta/math/utils.hpp: In function Ã¢â‚¬Ëœbool nta::IsSystemLittleEndian()Ã¢â‚¬â„¢:
/home/travis/build/numenta/nupic/nta/math/utils.hpp:77:64: warning: dereferencing type-punned pointer will break strict-aliasing rules [-Wstrict-aliasing]
In file included from /home/travis/build/numenta/nupic/nta/math/SparseMatrix.hpp:42:0,
                 from /home/travis/build/numenta/nupic/nta/algorithms/CondProbTable.hpp:29,
                 from /home/travis/build/numenta/nupic/nta/algorithms/CondProbTable.cpp:29:
/home/travis/build/numenta/nupic/nta/math/array_algo.hpp: In function Ã¢â‚¬Ëœint nta::checkSSE()Ã¢â‚¬â„¢:
/home/travis/build/numenta/nupic/nta/math/array_algo.hpp:68:18: warning: unused variable Ã¢â‚¬ËœfÃ¢â‚¬â„¢ [-Wunused-variable]
/home/travis/build/numenta/nupic/nta/math/array_algo.hpp:101:5: warning: Ã¢â‚¬ËœdÃ¢â‚¬â„¢ is used uninitialized in this function [-Wuninitialized]
/home/travis/build/numenta/nupic/nta/math/array_algo.hpp:103:5: warning: Ã¢â‚¬ËœcÃ¢â‚¬â„¢ is used uninitialized in this function [-Wuninitialized]
In file included from /home/travis/build/numenta/nupic/nta/math/math.hpp:42:0,
                 from /home/travis/build/numenta/nupic/nta/math/array_algo.hpp:38,
                 from /home/travis/build/numenta/nupic/nta/algorithms/Segment.hpp:35,
                 from /home/travis/build/numenta/nupic/nta/algorithms/Cells4.hpp:31,
                 from /home/travis/build/numenta/nupic/nta/algorithms/SegmentUpdate.cpp:26:
/home/travis/build/numenta/nupic/nta/math/utils.hpp: In function Ã¢â‚¬Ëœbool nta::IsSystemLittleEndian()Ã¢â‚¬â„¢:
/home/travis/build/numenta/nupic/nta/math/utils.hpp:77:64: warning: dereferencing type-punned pointer will break strict-aliasing rules [-Wstrict-aliasing]
In file included from /home/travis/build/numenta/nupic/nta/algorithms/Segment.hpp:35:0,
                 from /home/travis/build/numenta/nupic/nta/algorithms/Cells4.hpp:31,
                 from /home/travis/build/numenta/nupic/nta/algorithms/SegmentUpdate.cpp:26:
/home/travis/build/numenta/nupic/nta/math/array_algo.hpp: In function Ã¢â‚¬Ëœint nta::checkSSE()Ã¢â‚¬â„¢:
/home/travis/build/numenta/nupic/nta/math/array_algo.hpp:68:18: warning: unused variable Ã¢â‚¬ËœfÃ¢â‚¬â„¢ [-Wunused-variable]
/home/travis/build/numenta/nupic/nta/math/array_algo.hpp:101:5: warning: Ã¢â‚¬ËœdÃ¢â‚¬â„¢ is used uninitialized in this function [-Wuninitialized]
/home/travis/build/numenta/nupic/nta/math/array_algo.hpp:103:5: warning: Ã¢â‚¬ËœcÃ¢â‚¬â„¢ is used uninitialized in this function [-Wuninitialized]
/home/travis/build/numenta/nupic/nta/algorithms/linear.cpp: In member function Ã¢â‚¬Ëœvoid nta::algorithms::linear::TRON::tron(float*)Ã¢â‚¬â„¢:
/home/travis/build/numenta/nupic/nta/algorithms/linear.cpp:265:9: warning: variable Ã¢â‚¬Ëœcg_iterÃ¢â‚¬â„¢ set but not used [-Wunused-but-set-variable]
In file included from /home/travis/build/numenta/nupic/nta/math/math.hpp:42:0,
                 from /home/travis/build/numenta/nupic/nta/math/array_algo.hpp:38,
                 from /home/travis/build/numenta/nupic/nta/algorithms/Cells4.cpp:38:
/home/travis/build/numenta/nupic/nta/math/utils.hpp: In function Ã¢â‚¬Ëœbool nta::IsSystemLittleEndian()Ã¢â‚¬â„¢:
/home/travis/build/numenta/nupic/nta/math/utils.hpp:77:64: warning: dereferencing type-punned pointer will break strict-aliasing rules [-Wstrict-aliasing]
In file included from /home/travis/build/numenta/nupic/nta/algorithms/Cells4.cpp:38:0:
/home/travis/build/numenta/nupic/nta/math/array_algo.hpp: In function Ã¢â‚¬Ëœint nta::checkSSE()Ã¢â‚¬â„¢:
/home/travis/build/numenta/nupic/nta/math/array_algo.hpp:68:18: warning: unused variable Ã¢â‚¬ËœfÃ¢â‚¬â„¢ [-Wunused-variable]
/home/travis/build/numenta/nupic/nta/math/array_algo.hpp:101:5: warning: Ã¢â‚¬ËœdÃ¢â‚¬â„¢ is used uninitialized in this function [-Wuninitialized]
/home/travis/build/numenta/nupic/nta/math/array_algo.hpp:103:5: warning: Ã¢â‚¬ËœcÃ¢â‚¬â„¢ is used uninitialized in this function [-Wuninitialized]
In file included from /home/travis/build/numenta/nupic/nta/math/math.hpp:42:0,
                 from /home/travis/build/numenta/nupic/nta/algorithms/svm.hpp:76,
                 from /home/travis/build/numenta/nupic/nta/algorithms/svm.cpp:60:
/home/travis/build/numenta/nupic/nta/math/utils.hpp: In function Ã¢â‚¬Ëœbool nta::IsSystemLittleEndian()Ã¢â‚¬â„¢:
/home/travis/build/numenta/nupic/nta/math/utils.hpp:77:64: warning: dereferencing type-punned pointer will break strict-aliasing rules [-Wstrict-aliasing]
In file included from /home/travis/build/numenta/nupic/nta/math/stl_io.hpp:42:0,
                 from /home/travis/build/numenta/nupic/nta/algorithms/svm.hpp:77,
                 from /home/travis/build/numenta/nupic/nta/algorithms/svm.cpp:60:
/home/travis/build/numenta/nupic/nta/math/array_algo.hpp: In function Ã¢â‚¬Ëœint nta::checkSSE()Ã¢â‚¬â„¢:
/home/travis/build/numenta/nupic/nta/math/array_algo.hpp:68:18: warning: unused variable Ã¢â‚¬ËœfÃ¢â‚¬â„¢ [-Wunused-variable]
/home/travis/build/numenta/nupic/nta/math/array_algo.hpp:101:5: warning: Ã¢â‚¬ËœdÃ¢â‚¬â„¢ is used uninitialized in this function [-Wuninitialized]
/home/travis/build/numenta/nupic/nta/math/array_algo.hpp:103:5: warning: Ã¢â‚¬ËœcÃ¢â‚¬â„¢ is used uninitialized in this function [-Wuninitialized]
In file included from /home/travis/build/numenta/nupic/nta/math/math.hpp:42:0,
                 from /home/travis/build/numenta/nupic/nta/math/array_algo.hpp:38,
                 from /home/travis/build/numenta/nupic/nta/algorithms/Segment.hpp:35,
                 from /home/travis/build/numenta/nupic/nta/algorithms/Cells4.hpp:31,
                 from /home/travis/build/numenta/nupic/nta/algorithms/OutSynapse.cpp:26:
/home/travis/build/numenta/nupic/nta/math/utils.hpp: In function Ã¢â‚¬Ëœbool nta::IsSystemLittleEndian()Ã¢â‚¬â„¢:
/home/travis/build/numenta/nupic/nta/math/utils.hpp:77:64: warning: dereferencing type-punned pointer will break strict-aliasing rules [-Wstrict-aliasing]
In file included from /home/travis/build/numenta/nupic/nta/algorithms/Segment.hpp:35:0,
                 from /home/travis/build/numenta/nupic/nta/algorithms/Cells4.hpp:31,
                 from /home/travis/build/numenta/nupic/nta/algorithms/OutSynapse.cpp:26:
/home/travis/build/numenta/nupic/nta/math/array_algo.hpp: In function Ã¢â‚¬Ëœint nta::checkSSE()Ã¢â‚¬â„¢:
/home/travis/build/numenta/nupic/nta/math/array_algo.hpp:68:18: warning: unused variable Ã¢â‚¬ËœfÃ¢â‚¬â„¢ [-Wunused-variable]
/home/travis/build/numenta/nupic/nta/math/array_algo.hpp:101:5: warning: Ã¢â‚¬ËœdÃ¢â‚¬â„¢ is used uninitialized in this function [-Wuninitialized]
/home/travis/build/numenta/nupic/nta/math/array_algo.hpp:103:5: warning: Ã¢â‚¬ËœcÃ¢â‚¬â„¢ is used uninitialized in this function [-Wuninitialized]
In file included from /home/travis/build/numenta/nupic/nta/math/math.hpp:42:0,
                 from /home/travis/build/numenta/nupic/nta/math/array_algo.hpp:38,
                 from /home/travis/build/numenta/nupic/nta/math/stl_io.hpp:42,
                 from /home/travis/build/numenta/nupic/nta/math/stl_io.cpp:28:
/home/travis/build/numenta/nupic/nta/math/utils.hpp: In function Ã¢â‚¬Ëœbool nta::IsSystemLittleEndian()Ã¢â‚¬â„¢:
/home/travis/build/numenta/nupic/nta/math/utils.hpp:77:64: warning: dereferencing type-punned pointer will break strict-aliasing rules [-Wstrict-aliasing]
In file included from /home/travis/build/numenta/nupic/nta/math/stl_io.hpp:42:0,
                 from /home/travis/build/numenta/nupic/nta/math/stl_io.cpp:28:
/home/travis/build/numenta/nupic/nta/math/array_algo.hpp: In function Ã¢â‚¬Ëœint nta::checkSSE()Ã¢â‚¬â„¢:
/home/travis/build/numenta/nupic/nta/math/array_algo.hpp:68:18: warning: unused variable Ã¢â‚¬ËœfÃ¢â‚¬â„¢ [-Wunused-variable]
In file included from /home/travis/build/numenta/nupic/nta/math/SparseMatrix.hpp:37:0,
                 from /home/travis/build/numenta/nupic/nta/math/SparseMatrixAlgorithms.cpp:28:
/home/travis/build/numenta/nupic/nta/math/utils.hpp: In function Ã¢â‚¬Ëœbool nta::IsSystemLittleEndian()Ã¢â‚¬â„¢:
/home/travis/build/numenta/nupic/nta/math/utils.hpp:77:64: warning: dereferencing type-punned pointer will break strict-aliasing rules [-Wstrict-aliasing]
/home/travis/build/numenta/nupic/nta/math/array_algo.hpp:101:5: warning: Ã¢â‚¬ËœdÃ¢â‚¬â„¢ is used uninitialized in this function [-Wuninitialized]
/home/travis/build/numenta/nupic/nta/math/array_algo.hpp:103:5: warning: Ã¢â‚¬ËœcÃ¢â‚¬â„¢ is used uninitialized in this function [-Wuninitialized]
In file included from /home/travis/build/numenta/nupic/nta/math/SparseMatrix.hpp:42:0,
                 from /home/travis/build/numenta/nupic/nta/math/SparseMatrixAlgorithms.cpp:28:
/home/travis/build/numenta/nupic/nta/math/array_algo.hpp: In function Ã¢â‚¬Ëœint nta::checkSSE()Ã¢â‚¬â„¢:
/home/travis/build/numenta/nupic/nta/math/array_algo.hpp:68:18: warning: unused variable Ã¢â‚¬ËœfÃ¢â‚¬â„¢ [-Wunused-variable]
/home/travis/build/numenta/nupic/nta/math/array_algo.hpp:101:5: warning: Ã¢â‚¬ËœdÃ¢â‚¬â„¢ is used uninitialized in this function [-Wuninitialized]
/home/travis/build/numenta/nupic/nta/math/array_algo.hpp:103:5: warning: Ã¢â‚¬ËœcÃ¢â‚¬â„¢ is used uninitialized in this function [-Wuninitialized]
/home/travis/build/numenta/nupic/nta/engine/RegionImpl.cpp: In member function Ã¢â‚¬Ëœvirtual void nta::RegionImpl::setParameterArray(const string&, nta::Int64, const nta::Array&)Ã¢â‚¬â„¢:
/home/travis/build/numenta/nupic/nta/engine/RegionImpl.cpp:192:9: warning: variable Ã¢â‚¬ËœrcÃ¢â‚¬â„¢ set but not used [-Wunused-but-set-variable]
In file included from /home/travis/build/numenta/nupic/nta/math/math.hpp:42:0,
                 from /home/travis/build/numenta/nupic/nta/math/array_algo.hpp:38,
                 from /home/travis/build/numenta/nupic/nta/math/stl_io.hpp:42,
                 from /home/travis/build/numenta/nupic/nta/algorithms/SparsePooler.hpp:36,
                 from /home/travis/build/numenta/nupic/nta/regions/SpatialPoolerNode.hpp:37,
                 from /home/travis/build/numenta/nupic/nta/engine/RegionImplFactory.cpp:38:
/home/travis/build/numenta/nupic/nta/math/utils.hpp: In function Ã¢â‚¬Ëœbool nta::IsSystemLittleEndian()Ã¢â‚¬â„¢:
/home/travis/build/numenta/nupic/nta/math/utils.hpp:77:64: warning: dereferencing type-punned pointer will break strict-aliasing rules [-Wstrict-aliasing]
In file included from /home/travis/build/numenta/nupic/nta/math/stl_io.hpp:42:0,
                 from /home/travis/build/numenta/nupic/nta/algorithms/SparsePooler.hpp:36,
                 from /home/travis/build/numenta/nupic/nta/regions/SpatialPoolerNode.hpp:37,
                 from /home/travis/build/numenta/nupic/nta/engine/RegionImplFactory.cpp:38:
/home/travis/build/numenta/nupic/nta/math/array_algo.hpp: In function Ã¢â‚¬Ëœint nta::checkSSE()Ã¢â‚¬â„¢:
/home/travis/build/numenta/nupic/nta/math/array_algo.hpp:68:18: warning: unused variable Ã¢â‚¬ËœfÃ¢â‚¬â„¢ [-Wunused-variable]
/home/travis/build/numenta/nupic/nta/math/array_algo.hpp:101:5: warning: Ã¢â‚¬ËœdÃ¢â‚¬â„¢ is used uninitialized in this function [-Wuninitialized]
/home/travis/build/numenta/nupic/nta/math/array_algo.hpp:103:5: warning: Ã¢â‚¬ËœcÃ¢â‚¬â„¢ is used uninitialized in this function [-Wuninitialized]
In file included from /home/travis/build/numenta/nupic/nta/regions/VectorFile.cpp:36:0:
/home/travis/build/numenta/nupic/nta/utils/utils.hpp: In function Ã¢â‚¬Ëœbool utils::isSystemLittleEndian()Ã¢â‚¬â„¢:
/home/travis/build/numenta/nupic/nta/utils/utils.hpp:38:24: warning: dereferencing type-punned pointer will break strict-aliasing rules [-Wstrict-aliasing]
In file included from /home/travis/build/numenta/nupic/nta/math/math.hpp:42:0,
                 from /home/travis/build/numenta/nupic/nta/math/array_algo.hpp:38,
                 from /home/travis/build/numenta/nupic/nta/math/stl_io.hpp:42,
                 from /home/travis/build/numenta/nupic/nta/algorithms/SparsePooler.hpp:36,
                 from /home/travis/build/numenta/nupic/nta/regions/SpatialPoolerNode.hpp:37,
                 from /home/travis/build/numenta/nupic/nta/regions/SpatialPoolerNode.cpp:31:
/home/travis/build/numenta/nupic/nta/math/utils.hpp: In function Ã¢â‚¬Ëœbool nta::IsSystemLittleEndian()Ã¢â‚¬â„¢:
/home/travis/build/numenta/nupic/nta/math/utils.hpp:77:64: warning: dereferencing type-punned pointer will break strict-aliasing rules [-Wstrict-aliasing]
In file included from /home/travis/build/numenta/nupic/nta/math/stl_io.hpp:42:0,
                 from /home/travis/build/numenta/nupic/nta/algorithms/SparsePooler.hpp:36,
                 from /home/travis/build/numenta/nupic/nta/regions/SpatialPoolerNode.hpp:37,
                 from /home/travis/build/numenta/nupic/nta/regions/SpatialPoolerNode.cpp:31:
/home/travis/build/numenta/nupic/nta/math/array_algo.hpp: In function Ã¢â‚¬Ëœint nta::checkSSE()Ã¢â‚¬â„¢:
/home/travis/build/numenta/nupic/nta/math/array_algo.hpp:68:18: warning: unused variable Ã¢â‚¬ËœfÃ¢â‚¬â„¢ [-Wunused-variable]
/home/travis/build/numenta/nupic/nta/math/array_algo.hpp:101:5: warning: Ã¢â‚¬ËœdÃ¢â‚¬â„¢ is used uninitialized in this function [-Wuninitialized]
/home/travis/build/numenta/nupic/nta/math/array_algo.hpp:103:5: warning: Ã¢â‚¬ËœcÃ¢â‚¬â„¢ is used uninitialized in this function [-Wuninitialized]
In file included from /home/travis/build/numenta/nupic/nta/math/SparseMatrix.hpp:37:0,
                 from /home/travis/build/numenta/nupic/nta/math/DenseMatrix.hpp:36,
                 from /home/travis/build/numenta/nupic/nta/math/unittests/SparseMatrixUnitTest.hpp:31,
                 from /home/travis/build/numenta/nupic/qa/testeverything/../../nta/algorithms/unittests/NearestNeighborUnitTest.hpp:30,
                 from /home/travis/build/numenta/nupic/qa/testeverything/everything_headers.hpp:3,
                 from /home/travis/build/numenta/nupic/qa/testeverything/TestEverythingMain.cpp:49:
/home/travis/build/numenta/nupic/nta/math/utils.hpp: In function Ã¢â‚¬Ëœbool nta::IsSystemLittleEndian()Ã¢â‚¬â„¢:
/home/travis/build/numenta/nupic/nta/math/utils.hpp:77:64: warning: dereferencing type-punned pointer will break strict-aliasing rules [-Wstrict-aliasing]
In file included from /home/travis/build/numenta/nupic/nta/math/SparseMatrix.hpp:42:0,
                 from /home/travis/build/numenta/nupic/nta/math/DenseMatrix.hpp:36,
                 from /home/travis/build/numenta/nupic/nta/math/unittests/SparseMatrixUnitTest.hpp:31,
                 from /home/travis/build/numenta/nupic/qa/testeverything/../../nta/algorithms/unittests/NearestNeighborUnitTest.hpp:30,
                 from /home/travis/build/numenta/nupic/qa/testeverything/everything_headers.hpp:3,
                 from /home/travis/build/numenta/nupic/qa/testeverything/TestEverythingMain.cpp:49:
/home/travis/build/numenta/nupic/nta/math/array_algo.hpp: In function Ã¢â‚¬Ëœint nta::checkSSE()Ã¢â‚¬â„¢:
/home/travis/build/numenta/nupic/nta/math/array_algo.hpp:68:18: warning: unused variable Ã¢â‚¬ËœfÃ¢â‚¬â„¢ [-Wunused-variable]
/home/travis/build/numenta/nupic/nta/math/array_algo.hpp:101:5: warning: Ã¢â‚¬ËœdÃ¢â‚¬â„¢ is used uninitialized in this function [-Wuninitialized]
/home/travis/build/numenta/nupic/nta/math/array_algo.hpp:103:5: warning: Ã¢â‚¬ËœcÃ¢â‚¬â„¢ is used uninitialized in this function [-Wuninitialized]
/home/travis/build/numenta/nupic/qa/testeverything/../../nta/engine/unittests/RegionTest.cpp: In member function Ã¢â‚¬Ëœvoid nta::RegionTest::testWithNodeType(const string&)Ã¢â‚¬â„¢:
/home/travis/build/numenta/nupic/qa/testeverything/../../nta/engine/unittests/RegionTest.cpp:61:11: warning: variable Ã¢â‚¬ËœrPÃ¢â‚¬â„¢ set but not used [-Wunused-but-set-variable]
In file included from /home/travis/build/numenta/nupic/nta/math/math.hpp:42:0,
                 from /home/travis/build/numenta/nupic/nta/math/array_algo.hpp:38,
                 from /home/travis/build/numenta/nupic/qa/testeverything/../../nta/math/unittests/IndexUnitTest.cpp:29:
/home/travis/build/numenta/nupic/nta/math/utils.hpp: In function Ã¢â‚¬Ëœbool nta::IsSystemLittleEndian()Ã¢â‚¬â„¢:
/home/travis/build/numenta/nupic/nta/math/utils.hpp:77:64: warning: dereferencing type-punned pointer will break strict-aliasing rules [-Wstrict-aliasing]
In file included from /home/travis/build/numenta/nupic/qa/testeverything/../../nta/math/unittests/IndexUnitTest.cpp:29:0:
/home/travis/build/numenta/nupic/nta/math/array_algo.hpp: In function Ã¢â‚¬Ëœint nta::checkSSE()Ã¢â‚¬â„¢:
/home/travis/build/numenta/nupic/nta/math/array_algo.hpp:68:18: warning: unused variable Ã¢â‚¬ËœfÃ¢â‚¬â„¢ [-Wunused-variable]
/home/travis/build/numenta/nupic/nta/math/array_algo.hpp:101:5: warning: Ã¢â‚¬ËœdÃ¢â‚¬â„¢ is used uninitialized in this function [-Wuninitialized]
/home/travis/build/numenta/nupic/nta/math/array_algo.hpp:103:5: warning: Ã¢â‚¬ËœcÃ¢â‚¬â„¢ is used uninitialized in this function [-Wuninitialized]
In file included from /home/travis/build/numenta/nupic/nta/math/math.hpp:42:0,
                 from /home/travis/build/numenta/nupic/nta/math/array_algo.hpp:38,
                 from /home/travis/build/numenta/nupic/qa/testeverything/../../nta/math/unittests/SparseMatrix01UnitTest.cpp:30:
/home/travis/build/numenta/nupic/nta/math/utils.hpp: In function Ã¢â‚¬Ëœbool nta::IsSystemLittleEndian()Ã¢â‚¬â„¢:
/home/travis/build/numenta/nupic/nta/math/utils.hpp:77:64: warning: dereferencing type-punned pointer will break strict-aliasing rules [-Wstrict-aliasing]
In file included from /home/travis/build/numenta/nupic/qa/testeverything/../../nta/math/unittests/SparseMatrix01UnitTest.cpp:30:0:
/home/travis/build/numenta/nupic/nta/math/array_algo.hpp: In function Ã¢â‚¬Ëœint nta::checkSSE()Ã¢â‚¬â„¢:
/home/travis/build/numenta/nupic/nta/math/array_algo.hpp:68:18: warning: unused variable Ã¢â‚¬ËœfÃ¢â‚¬â„¢ [-Wunused-variable]
/home/travis/build/numenta/nupic/nta/math/array_algo.hpp:101:5: warning: Ã¢â‚¬ËœdÃ¢â‚¬â„¢ is used uninitialized in this function [-Wuninitialized]
/home/travis/build/numenta/nupic/nta/math/array_algo.hpp:103:5: warning: Ã¢â‚¬ËœcÃ¢â‚¬â„¢ is used uninitialized in this function [-Wuninitialized]
In file included from /home/travis/build/numenta/nupic/nta/math/math.hpp:42:0,
                 from /home/travis/build/numenta/nupic/nta/math/array_algo.hpp:38,
                 from /home/travis/build/numenta/nupic/nta/math/stl_io.hpp:42,
                 from /home/travis/build/numenta/nupic/qa/testeverything/../../nta/math/unittests/SparseMatrixUnitTest.cpp:29:
/home/travis/build/numenta/nupic/nta/math/utils.hpp: In function Ã¢â‚¬Ëœbool nta::IsSystemLittleEndian()Ã¢â‚¬â„¢:
/home/travis/build/numenta/nupic/nta/math/utils.hpp:77:64: warning: dereferencing type-punned pointer will break strict-aliasing rules [-Wstrict-aliasing]
In file included from /home/travis/build/numenta/nupic/nta/math/stl_io.hpp:42:0,
                 from /home/travis/build/numenta/nupic/qa/testeverything/../../nta/math/unittests/SparseMatrixUnitTest.cpp:29:
/home/travis/build/numenta/nupic/nta/math/array_algo.hpp: In function Ã¢â‚¬Ëœint nta::checkSSE()Ã¢â‚¬â„¢:
/home/travis/build/numenta/nupic/nta/math/array_algo.hpp:68:18: warning: unused variable Ã¢â‚¬ËœfÃ¢â‚¬â„¢ [-Wunused-variable]
In file included from /home/travis/build/numenta/nupic/nta/math/math.hpp:42:0,
                 from /home/travis/build/numenta/nupic/nta/math/array_algo.hpp:38,
                 from /home/travis/build/numenta/nupic/nta/math/stl_io.hpp:42,
                 from /home/travis/build/numenta/nupic/qa/testeverything/../../nta/math/unittests/DenseTensorUnitTest.cpp:29:
/home/travis/build/numenta/nupic/nta/math/utils.hpp: In function Ã¢â‚¬Ëœbool nta::IsSystemLittleEndian()Ã¢â‚¬â„¢:
/home/travis/build/numenta/nupic/nta/math/utils.hpp:77:64: warning: dereferencing type-punned pointer will break strict-aliasing rules [-Wstrict-aliasing]
In file included from /home/travis/build/numenta/nupic/nta/math/stl_io.hpp:42:0,
                 from /home/travis/build/numenta/nupic/qa/testeverything/../../nta/math/unittests/DenseTensorUnitTest.cpp:29:
/home/travis/build/numenta/nupic/nta/math/array_algo.hpp: In function Ã¢â‚¬Ëœint nta::checkSSE()Ã¢â‚¬â„¢:
/home/travis/build/numenta/nupic/nta/math/array_algo.hpp:68:18: warning: unused variable Ã¢â‚¬ËœfÃ¢â‚¬â„¢ [-Wunused-variable]
/home/travis/build/numenta/nupic/nta/math/array_algo.hpp:101:5: warning: Ã¢â‚¬ËœdÃ¢â‚¬â„¢ is used uninitialized in this function [-Wuninitialized]
/home/travis/build/numenta/nupic/nta/math/array_algo.hpp:103:5: warning: Ã¢â‚¬ËœcÃ¢â‚¬â„¢ is used uninitialized in this function [-Wuninitialized]
In file included from /home/travis/build/numenta/nupic/nta/math/math.hpp:42:0,
                 from /home/travis/build/numenta/nupic/nta/math/array_algo.hpp:38,
                 from /home/travis/build/numenta/nupic/qa/testeverything/../../nta/math/unittests/MathsTest.cpp:29:
/home/travis/build/numenta/nupic/nta/math/utils.hpp: In function Ã¢â‚¬Ëœbool nta::IsSystemLittleEndian()Ã¢â‚¬â„¢:
/home/travis/build/numenta/nupic/nta/math/utils.hpp:77:64: warning: dereferencing type-punned pointer will break strict-aliasing rules [-Wstrict-aliasing]
In file included from /home/travis/build/numenta/nupic/qa/testeverything/../../nta/math/unittests/MathsTest.cpp:29:0:
/home/travis/build/numenta/nupic/nta/math/array_algo.hpp: In function Ã¢â‚¬Ëœint nta::checkSSE()Ã¢â‚¬â„¢:
/home/travis/build/numenta/nupic/nta/math/array_algo.hpp:68:18: warning: unused variable Ã¢â‚¬ËœfÃ¢â‚¬â„¢ [-Wunused-variable]
/home/travis/build/numenta/nupic/nta/math/array_algo.hpp:101:5: warning: Ã¢â‚¬ËœdÃ¢â‚¬â„¢ is used uninitialized in this function [-Wuninitialized]
/home/travis/build/numenta/nupic/nta/math/array_algo.hpp:103:5: warning: Ã¢â‚¬ËœcÃ¢â‚¬â„¢ is used uninitialized in this function [-Wuninitialized]
/home/travis/build/numenta/nupic/nta/math/array_algo.hpp:101:5: warning: Ã¢â‚¬ËœdÃ¢â‚¬â„¢ is used uninitialized in this function [-Wuninitialized]
/home/travis/build/numenta/nupic/nta/math/array_algo.hpp:103:5: warning: Ã¢â‚¬ËœcÃ¢â‚¬â„¢ is used uninitialized in this function [-Wuninitialized]
In file included from /home/travis/build/numenta/nupic/nta/math/Index.hpp:36:0,
                 from /home/travis/build/numenta/nupic/nta/math/Domain.hpp:33,
                 from /home/travis/build/numenta/nupic/qa/testeverything/../../nta/math/unittests/DomainUnitTest.hpp:31,
                 from /home/travis/build/numenta/nupic/qa/testeverything/../../nta/math/unittests/DomainUnitTest.cpp:29:
/home/travis/build/numenta/nupic/nta/math/utils.hpp: In function Ã¢â‚¬Ëœbool nta::IsSystemLittleEndian()Ã¢â‚¬â„¢:
/home/travis/build/numenta/nupic/nta/math/utils.hpp:77:64: warning: dereferencing type-punned pointer will break strict-aliasing rules [-Wstrict-aliasing]
In file included from /home/travis/build/numenta/nupic/nta/math/stl_io.hpp:42:0,
                 from /home/travis/build/numenta/nupic/nta/math/Index.hpp:38,
                 from /home/travis/build/numenta/nupic/nta/math/Domain.hpp:33,
                 from /home/travis/build/numenta/nupic/qa/testeverything/../../nta/math/unittests/DomainUnitTest.hpp:31,
                 from /home/travis/build/numenta/nupic/qa/testeverything/../../nta/math/unittests/DomainUnitTest.cpp:29:
/home/travis/build/numenta/nupic/nta/math/array_algo.hpp: In function Ã¢â‚¬Ëœint nta::checkSSE()Ã¢â‚¬â„¢:
/home/travis/build/numenta/nupic/nta/math/array_algo.hpp:68:18: warning: unused variable Ã¢â‚¬ËœfÃ¢â‚¬â„¢ [-Wunused-variable]
In file included from /home/travis/build/numenta/nupic/nta/math/SparseTensor.hpp:31:0,
                 from /home/travis/build/numenta/nupic/qa/testeverything/../../nta/math/unittests/SparseTensorUnitTest.hpp:34,
                 from /home/travis/build/numenta/nupic/qa/testeverything/../../nta/math/unittests/SparseTensorUnitTest.cpp:28:
/home/travis/build/numenta/nupic/nta/math/utils.hpp: In function Ã¢â‚¬Ëœbool nta::IsSystemLittleEndian()Ã¢â‚¬â„¢:
/home/travis/build/numenta/nupic/nta/math/utils.hpp:77:64: warning: dereferencing type-punned pointer will break strict-aliasing rules [-Wstrict-aliasing]
In file included from /home/travis/build/numenta/nupic/nta/math/SparseTensor.hpp:33:0,
                 from /home/travis/build/numenta/nupic/qa/testeverything/../../nta/math/unittests/SparseTensorUnitTest.hpp:34,
                 from /home/travis/build/numenta/nupic/qa/testeverything/../../nta/math/unittests/SparseTensorUnitTest.cpp:28:
/home/travis/build/numenta/nupic/nta/math/array_algo.hpp: In function Ã¢â‚¬Ëœint nta::checkSSE()Ã¢â‚¬â„¢:
/home/travis/build/numenta/nupic/nta/math/array_algo.hpp:68:18: warning: unused variable Ã¢â‚¬ËœfÃ¢â‚¬â„¢ [-Wunused-variable]
/home/travis/build/numenta/nupic/nta/math/array_algo.hpp:101:5: warning: Ã¢â‚¬ËœdÃ¢â‚¬â„¢ is used uninitialized in this function [-Wuninitialized]
/home/travis/build/numenta/nupic/nta/math/array_algo.hpp:103:5: warning: Ã¢â‚¬ËœcÃ¢â‚¬â„¢ is used uninitialized in this function [-Wuninitialized]
/home/travis/build/numenta/nupic/nta/math/array_algo.hpp:101:5: warning: Ã¢â‚¬ËœdÃ¢â‚¬â„¢ is used uninitialized in this function [-Wuninitialized]
/home/travis/build/numenta/nupic/nta/math/array_algo.hpp:103:5: warning: Ã¢â‚¬ËœcÃ¢â‚¬â„¢ is used uninitialized in this function [-Wuninitialized]
In file included from /home/travis/build/numenta/nupic/nta/math/math.hpp:42:0,
                 from /home/travis/build/numenta/nupic/qa/testeverything/../../nta/ntypes/unittests/BufferTest.cpp:29:
/home/travis/build/numenta/nupic/nta/math/utils.hpp: In function Ã¢â‚¬Ëœbool nta::IsSystemLittleEndian()Ã¢â‚¬â„¢:
/home/travis/build/numenta/nupic/nta/math/utils.hpp:77:64: warning: dereferencing type-punned pointer will break strict-aliasing rules [-Wstrict-aliasing]
In file included from /home/travis/build/numenta/nupic/nta/math/math.hpp:42:0,
                 from /home/travis/build/numenta/nupic/nta/math/array_algo.hpp:38,
                 from /home/travis/build/numenta/nupic/nta/math/stl_io.hpp:42,
                 from /home/travis/build/numenta/nupic/qa/testeverything/../../nta/algorithms/unittests/FastCLAClassifierTest.cpp:32:
/home/travis/build/numenta/nupic/nta/math/utils.hpp: In function Ã¢â‚¬Ëœbool nta::IsSystemLittleEndian()Ã¢â‚¬â„¢:
/home/travis/build/numenta/nupic/nta/math/utils.hpp:77:64: warning: dereferencing type-punned pointer will break strict-aliasing rules [-Wstrict-aliasing]
In file included from /home/travis/build/numenta/nupic/nta/math/stl_io.hpp:42:0,
                 from /home/travis/build/numenta/nupic/qa/testeverything/../../nta/algorithms/unittests/FastCLAClassifierTest.cpp:32:
/home/travis/build/numenta/nupic/nta/math/array_algo.hpp: In function Ã¢â‚¬Ëœint nta::checkSSE()Ã¢â‚¬â„¢:
/home/travis/build/numenta/nupic/nta/math/array_algo.hpp:68:18: warning: unused variable Ã¢â‚¬ËœfÃ¢â‚¬â„¢ [-Wunused-variable]
/home/travis/build/numenta/nupic/nta/math/array_algo.hpp:101:5: warning: Ã¢â‚¬ËœdÃ¢â‚¬â„¢ is used uninitialized in this function [-Wuninitialized]
/home/travis/build/numenta/nupic/nta/math/array_algo.hpp:103:5: warning: Ã¢â‚¬ËœcÃ¢â‚¬â„¢ is used uninitialized in this function [-Wuninitialized]
In file included from /home/travis/build/numenta/nupic/nta/math/SparseMatrix.hpp:37:0,
                 from /home/travis/build/numenta/nupic/nta/algorithms/CondProbTable.hpp:29,
                 from /home/travis/build/numenta/nupic/qa/testeverything/../../nta/algorithms/unittests/CondProbTableTest.cpp:28:
/home/travis/build/numenta/nupic/nta/math/utils.hpp: In function Ã¢â‚¬Ëœbool nta::IsSystemLittleEndian()Ã¢â‚¬â„¢:
/home/travis/build/numenta/nupic/nta/math/utils.hpp:77:64: warning: dereferencing type-punned pointer will break strict-aliasing rules [-Wstrict-aliasing]
In file included from /home/travis/build/numenta/nupic/nta/math/SparseMatrix.hpp:42:0,
                 from /home/travis/build/numenta/nupic/nta/algorithms/CondProbTable.hpp:29,
                 from /home/travis/build/numenta/nupic/qa/testeverything/../../nta/algorithms/unittests/CondProbTableTest.cpp:28:
/home/travis/build/numenta/nupic/nta/math/array_algo.hpp: In function Ã¢â‚¬Ëœint nta::checkSSE()Ã¢â‚¬â„¢:
/home/travis/build/numenta/nupic/nta/math/array_algo.hpp:68:18: warning: unused variable Ã¢â‚¬ËœfÃ¢â‚¬â„¢ [-Wunused-variable]
In file included from /home/travis/build/numenta/nupic/nta/math/math.hpp:42:0,
                 from /home/travis/build/numenta/nupic/nta/math/array_algo.hpp:38,
                 from /home/travis/build/numenta/nupic/nta/math/stl_io.hpp:42,
                 from /home/travis/build/numenta/nupic/nta/math/TAM.hpp:35,
                 from /home/travis/build/numenta/nupic/qa/testeverything/../../nta/algorithms/unittests/TAMUnitTest.cpp:28:
/home/travis/build/numenta/nupic/nta/math/utils.hpp: In function Ã¢â‚¬Ëœbool nta::IsSystemLittleEndian()Ã¢â‚¬â„¢:
/home/travis/build/numenta/nupic/nta/math/utils.hpp:77:64: warning: dereferencing type-punned pointer will break strict-aliasing rules [-Wstrict-aliasing]
In file included from /home/travis/build/numenta/nupic/nta/math/stl_io.hpp:42:0,
                 from /home/travis/build/numenta/nupic/nta/math/TAM.hpp:35,
                 from /home/travis/build/numenta/nupic/qa/testeverything/../../nta/algorithms/unittests/TAMUnitTest.cpp:28:
/home/travis/build/numenta/nupic/nta/math/array_algo.hpp: In function Ã¢â‚¬Ëœint nta::checkSSE()Ã¢â‚¬â„¢:
/home/travis/build/numenta/nupic/nta/math/array_algo.hpp:68:18: warning: unused variable Ã¢â‚¬ËœfÃ¢â‚¬â„¢ [-Wunused-variable]
/home/travis/build/numenta/nupic/nta/math/array_algo.hpp:101:5: warning: Ã¢â‚¬ËœdÃ¢â‚¬â„¢ is used uninitialized in this function [-Wuninitialized]
/home/travis/build/numenta/nupic/nta/math/array_algo.hpp:103:5: warning: Ã¢â‚¬ËœcÃ¢â‚¬â„¢ is used uninitialized in this function [-Wuninitialized]
In file included from /home/travis/build/numenta/nupic/nta/math/math.hpp:42:0,
                 from /home/travis/build/numenta/nupic/nta/math/array_algo.hpp:38,
                 from /home/travis/build/numenta/nupic/nta/math/stl_io.hpp:42,
                 from /home/travis/build/numenta/nupic/qa/testeverything/../../nta/algorithms/unittests/NearestNeighborUnitTest.cpp:28:
/home/travis/build/numenta/nupic/nta/math/utils.hpp: In function Ã¢â‚¬Ëœbool nta::IsSystemLittleEndian()Ã¢â‚¬â„¢:
/home/travis/build/numenta/nupic/nta/math/utils.hpp:77:64: warning: dereferencing type-punned pointer will break strict-aliasing rules [-Wstrict-aliasing]
In file included from /home/travis/build/numenta/nupic/nta/math/stl_io.hpp:42:0,
                 from /home/travis/build/numenta/nupic/qa/testeverything/../../nta/algorithms/unittests/NearestNeighborUnitTest.cpp:28:
/home/travis/build/numenta/nupic/nta/math/array_algo.hpp: In function Ã¢â‚¬Ëœint nta::checkSSE()Ã¢â‚¬â„¢:
/home/travis/build/numenta/nupic/nta/math/array_algo.hpp:68:18: warning: unused variable Ã¢â‚¬ËœfÃ¢â‚¬â„¢ [-Wunused-variable]
/home/travis/build/numenta/nupic/nta/math/array_algo.hpp:101:5: warning: Ã¢â‚¬ËœdÃ¢â‚¬â„¢ is used uninitialized in this function [-Wuninitialized]
/home/travis/build/numenta/nupic/nta/math/array_algo.hpp:103:5: warning: Ã¢â‚¬ËœcÃ¢â‚¬â„¢ is used uninitialized in this function [-Wuninitialized]
/home/travis/build/numenta/nupic/nta/math/array_algo.hpp:101:5: warning: Ã¢â‚¬ËœdÃ¢â‚¬â„¢ is used uninitialized in this function [-Wuninitialized]
/home/travis/build/numenta/nupic/nta/math/array_algo.hpp:103:5: warning: Ã¢â‚¬ËœcÃ¢â‚¬â„¢ is used uninitialized in this function [-Wuninitialized]
In file included from /home/travis/build/numenta/nupic/nta/math/SparseMatrix.hpp:37:0,
                 from /home/travis/build/numenta/nupic/nta/math/NearestNeighbor.hpp:31,
                 from /home/travis/build/numenta/nupic/nta/algorithms/SpatialPooler.hpp:31,
                 from /home/travis/build/numenta/nupic/qa/testeverything/../../nta/algorithms/unittests/SpatialPoolerUnitTest.cpp:28:
/home/travis/build/numenta/nupic/nta/math/utils.hpp: In function Ã¢â‚¬Ëœbool nta::IsSystemLittleEndian()Ã¢â‚¬â„¢:
/home/travis/build/numenta/nupic/nta/math/utils.hpp:77:64: warning: dereferencing type-punned pointer will break strict-aliasing rules [-Wstrict-aliasing]
In file included from /home/travis/build/numenta/nupic/nta/math/SparseMatrix.hpp:42:0,
                 from /home/travis/build/numenta/nupic/nta/math/NearestNeighbor.hpp:31,
                 from /home/travis/build/numenta/nupic/nta/algorithms/SpatialPooler.hpp:31,
                 from /home/travis/build/numenta/nupic/qa/testeverything/../../nta/algorithms/unittests/SpatialPoolerUnitTest.cpp:28:
/home/travis/build/numenta/nupic/nta/math/array_algo.hpp: In function Ã¢â‚¬Ëœint nta::checkSSE()Ã¢â‚¬â„¢:
/home/travis/build/numenta/nupic/nta/math/array_algo.hpp:68:18: warning: unused variable Ã¢â‚¬ËœfÃ¢â‚¬â„¢ [-Wunused-variable]
/home/travis/build/numenta/nupic/nta/math/array_algo.hpp:101:5: warning: Ã¢â‚¬ËœdÃ¢â‚¬â„¢ is used uninitialized in this function [-Wuninitialized]
/home/travis/build/numenta/nupic/nta/math/array_algo.hpp:103:5: warning: Ã¢â‚¬ËœcÃ¢â‚¬â„¢ is used uninitialized in this function [-Wuninitialized]
/home/travis/build/numenta/nupic/nta/ntypes/Array.hpp:41: Warning(402): Base class 'ArrayBase' is incomplete.
/home/travis/build/numenta/nupic/nta/utils/Watcher.hpp:38: Warning(402): Only forward declaration 'ArrayBase' was found.
/home/travis/build/numenta/nupic/nta/ntypes/ArrayRef.hpp:41: Warning(402): Base class 'ArrayBase' is incomplete.
/home/travis/build/numenta/nupic/nta/utils/Watcher.hpp:38: Warning(402): Only forward declaration 'ArrayBase' was found.
/home/travis/build/numenta/nupic/nta/ntypes/Array.hpp:41: Warning(402): Base class 'ArrayBase' is incomplete.
/home/travis/build/numenta/nupic/nta/utils/Watcher.hpp:38: Warning(402): Only forward declaration 'ArrayBase' was found.
/home/travis/build/numenta/nupic/nta/ntypes/Array.hpp:41: Warning(402): Base class 'ArrayBase' is incomplete.
/home/travis/build/numenta/nupic/nta/utils/Watcher.hpp:38: Warning(402): Only forward declaration 'ArrayBase' was found.
/home/travis/build/numenta/nupic/nta/ntypes/Array.hpp:41: Warning(402): Base class 'ArrayBase' is incomplete.
/home/travis/build/numenta/nupic/nta/utils/Watcher.hpp:38: Warning(402): Only forward declaration 'ArrayBase' was found.
/home/travis/build/numenta/nupic/nta/ntypes/Array.hpp:41: Warning(402): Base class 'ArrayBase' is incomplete.
/home/travis/build/numenta/nupic/nta/utils/Watcher.hpp:38: Warning(402): Only forward declaration 'ArrayBase' was found.
/home/travis/build/numenta/nupic/nta/ntypes/Array.hpp:41: Warning(402): Base class 'ArrayBase' is incomplete.
/home/travis/build/numenta/nupic/nta/utils/Watcher.hpp:38: Warning(402): Only forward declaration 'ArrayBase' was found.
/home/travis/build/numenta/nupic/nta/ntypes/Array.hpp:41: Warning(402): Base class 'ArrayBase' is incomplete.
/home/travis/build/numenta/nupic/nta/utils/Watcher.hpp:38: Warning(402): Only forward declaration 'ArrayBase' was found.
/home/travis/build/numenta/nupic/nta/ntypes/Array.hpp:41: Warning(402): Base class 'ArrayBase' is incomplete.
/home/travis/build/numenta/nupic/nta/utils/Watcher.hpp:38: Warning(402): Only forward declaration 'ArrayBase' was found.
/home/travis/build/numenta/nupic/nta/ntypes/Array.hpp:41: Warning(402): Base class 'ArrayBase' is incomplete.
/home/travis/build/numenta/nupic/nta/utils/Watcher.hpp:38: Warning(402): Only forward declaration 'ArrayBase' was found.
/home/travis/build/numenta/nupic/nta/ntypes/Array.hpp:41: Warning(402): Base class 'ArrayBase' is incomplete.
/home/travis/build/numenta/nupic/nta/utils/Watcher.hpp:38: Warning(402): Only forward declaration 'ArrayBase' was found.
/home/travis/build/numenta/nupic/nta/ntypes/ArrayRef.hpp:41: Warning(402): Base class 'ArrayBase' is incomplete.
/home/travis/build/numenta/nupic/nta/utils/Watcher.hpp:38: Warning(402): Only forward declaration 'ArrayBase' was found.
/home/travis/build/numenta/nupic/nta/ntypes/ArrayRef.hpp:41: Warning(402): Base class 'ArrayBase' is incomplete.
/home/travis/build/numenta/nupic/nta/utils/Watcher.hpp:38: Warning(402): Only forward declaration 'ArrayBase' was found.
/home/travis/build/numenta/nupic/nta/ntypes/ArrayRef.hpp:41: Warning(402): Base class 'ArrayBase' is incomplete.
/home/travis/build/numenta/nupic/nta/utils/Watcher.hpp:38: Warning(402): Only forward declaration 'ArrayBase' was found.
/home/travis/build/numenta/nupic/nta/ntypes/ArrayRef.hpp:41: Warning(402): Base class 'ArrayBase' is incomplete.
/home/travis/build/numenta/nupic/nta/utils/Watcher.hpp:38: Warning(402): Only forward declaration 'ArrayBase' was found.
/home/travis/build/numenta/nupic/nta/ntypes/ArrayRef.hpp:41: Warning(402): Base class 'ArrayBase' is incomplete.
/home/travis/build/numenta/nupic/nta/utils/Watcher.hpp:38: Warning(402): Only forward declaration 'ArrayBase' was found.
/home/travis/build/numenta/nupic/nta/ntypes/ArrayRef.hpp:41: Warning(402): Base class 'ArrayBase' is incomplete.
/home/travis/build/numenta/nupic/nta/utils/Watcher.hpp:38: Warning(402): Only forward declaration 'ArrayBase' was found.
/home/travis/build/numenta/nupic/nta/ntypes/ArrayRef.hpp:41: Warning(402): Base class 'ArrayBase' is incomplete.
/home/travis/build/numenta/nupic/nta/utils/Watcher.hpp:38: Warning(402): Only forward declaration 'ArrayBase' was found.
/home/travis/build/numenta/nupic/nta/ntypes/ArrayRef.hpp:41: Warning(402): Base class 'ArrayBase' is incomplete.
/home/travis/build/numenta/nupic/nta/utils/Watcher.hpp:38: Warning(402): Only forward declaration 'ArrayBase' was found.
/home/travis/build/numenta/nupic/nta/ntypes/ArrayRef.hpp:41: Warning(402): Base class 'ArrayBase' is incomplete.
/home/travis/build/numenta/nupic/nta/utils/Watcher.hpp:38: Warning(402): Only forward declaration 'ArrayBase' was found.
In file included from /home/travis/nta/eng/lib/python2.6/site-packages/numpy/core/include/numpy/ndarraytypes.h:1728:0,
                 from /home/travis/nta/eng/lib/python2.6/site-packages/numpy/core/include/numpy/ndarrayobject.h:17,
                 from /home/travis/nta/eng/lib/python2.6/site-packages/numpy/core/include/numpy/arrayobject.h:15,
                 from engine_internal_py.cpp:4775:
/home/travis/nta/eng/lib/python2.6/site-packages/numpy/core/include/numpy/npy_deprecated_api.h:11:2: warning: #warning "Using deprecated NumPy API, disable it by #defining NPY_NO_DEPRECATED_API NPY_1_7_API_VERSION" [-Wcpp]
In file included from /home/travis/nta/eng/lib/python2.6/site-packages/numpy/core/include/numpy/ndarraytypes.h:1728:0,
                 from /home/travis/nta/eng/lib/python2.6/site-packages/numpy/core/include/numpy/ndarrayobject.h:17,
                 from /home/travis/nta/eng/lib/python2.6/site-packages/numpy/core/include/numpy/arrayobject.h:15,
                 from /home/travis/build/numenta/nupic/py/cpp_region/PyRegion.cpp:25:
/home/travis/nta/eng/lib/python2.6/site-packages/numpy/core/include/numpy/npy_deprecated_api.h:11:2: warning: #warning "Using deprecated NumPy API, disable it by #defining NPY_NO_DEPRECATED_API NPY_1_7_API_VERSION" [-Wcpp]
/home/travis/build/numenta/nupic/nta/utils/Random.hpp:140: Warning(503): Can't wrap 'operator >>' unless renamed to a valid identifier.
/home/travis/build/numenta/nupic/nta/utils/Random.hpp:141: Warning(503): Can't wrap 'nta::GetRandomSeed' unless renamed to a valid identifier.
In file included from /home/travis/nta/eng/lib/python2.6/site-packages/numpy/core/include/numpy/ndarraytypes.h:1728:0,
                 from /home/travis/nta/eng/lib/python2.6/site-packages/numpy/core/include/numpy/ndarrayobject.h:17,
                 from /home/travis/nta/eng/lib/python2.6/site-packages/numpy/core/include/numpy/arrayobject.h:15,
                 from /home/travis/build/numenta/nupic/lang/py/support/NumpyVector.hpp:35,
                 from /home/travis/build/numenta/nupic/py/bindings/math/PySparseTensor.cpp:29:
/home/travis/nta/eng/lib/python2.6/site-packages/numpy/core/include/numpy/npy_deprecated_api.h:11:2: warning: #warning "Using deprecated NumPy API, disable it by #defining NPY_NO_DEPRECATED_API NPY_1_7_API_VERSION" [-Wcpp]
In file included from /home/travis/nta/eng/lib/python2.6/site-packages/numpy/core/include/numpy/ndarraytypes.h:1728:0,
                 from /home/travis/nta/eng/lib/python2.6/site-packages/numpy/core/include/numpy/ndarrayobject.h:17,
                 from /home/travis/nta/eng/lib/python2.6/site-packages/numpy/core/include/numpy/arrayobject.h:15,
                 from math_py.cpp:2758:
/home/travis/nta/eng/lib/python2.6/site-packages/numpy/core/include/numpy/npy_deprecated_api.h:11:2: warning: #warning "Using deprecated NumPy API, disable it by #defining NPY_NO_DEPRECATED_API NPY_1_7_API_VERSION" [-Wcpp]
In file included from /home/travis/build/numenta/nupic/nta/math/stl_io.hpp:42:0,
                 from /home/travis/build/numenta/nupic/nta/math/Index.hpp:38,
                 from /home/travis/build/numenta/nupic/py/bindings/math/PySparseTensor.hpp:32,
                 from /home/travis/build/numenta/nupic/py/bindings/math/PySparseTensor.cpp:30:
/home/travis/build/numenta/nupic/nta/math/array_algo.hpp: In function Ã¢â‚¬Ëœint nta::checkSSE()Ã¢â‚¬â„¢:
/home/travis/build/numenta/nupic/nta/math/array_algo.hpp:68:18: warning: unused variable Ã¢â‚¬ËœfÃ¢â‚¬â„¢ [-Wunused-variable]
/home/travis/build/numenta/nupic/nta/math/array_algo.hpp:101:5: warning: Ã¢â‚¬ËœdÃ¢â‚¬â„¢ is used uninitialized in this function [-Wuninitialized]
/home/travis/build/numenta/nupic/nta/math/array_algo.hpp:103:5: warning: Ã¢â‚¬ËœcÃ¢â‚¬â„¢ is used uninitialized in this function [-Wuninitialized]
In file included from math_py.cpp:2747:0:
/home/travis/build/numenta/nupic/nta/math/array_algo.hpp: In function Ã¢â‚¬Ëœint nta::checkSSE()Ã¢â‚¬â„¢:
/home/travis/build/numenta/nupic/nta/math/array_algo.hpp:68:18: warning: unused variable Ã¢â‚¬ËœfÃ¢â‚¬â„¢ [-Wunused-variable]
/home/travis/nta/eng/lib/python2.6/site-packages/numpy/core/include/numpy/__multiarray_api.h: At global scope:
/home/travis/nta/eng/lib/python2.6/site-packages/numpy/core/include/numpy/__multiarray_api.h:1594:1: warning: Ã¢â‚¬Ëœint _import_array()Ã¢â‚¬â„¢ defined but not used [-Wunused-function]
/home/travis/build/numenta/nupic/nta/math/array_algo.hpp:101:5: warning: Ã¢â‚¬ËœdÃ¢â‚¬â„¢ is used uninitialized in this function [-Wuninitialized]
/home/travis/build/numenta/nupic/nta/math/array_algo.hpp:103:5: warning: Ã¢â‚¬ËœcÃ¢â‚¬â„¢ is used uninitialized in this function [-Wuninitialized]
/home/travis/nta/eng/lib/python2.6/site-packages/numpy/core/include/numpy/__multiarray_api.h: At global scope:
/home/travis/nta/eng/lib/python2.6/site-packages/numpy/core/include/numpy/__multiarray_api.h:1594:1: warning: Ã¢â‚¬Ëœint _import_array()Ã¢â‚¬â„¢ defined but not used [-Wunused-function]
In file included from /home/travis/nta/eng/lib/python2.6/site-packages/numpy/core/include/numpy/ndarraytypes.h:1728:0,
                 from /home/travis/nta/eng/lib/python2.6/site-packages/numpy/core/include/numpy/ndarrayobject.h:17,
                 from /home/travis/nta/eng/lib/python2.6/site-packages/numpy/core/include/numpy/arrayobject.h:15,
                 from algorithms_py.cpp:3785:
/home/travis/nta/eng/lib/python2.6/site-packages/numpy/core/include/numpy/npy_deprecated_api.h:11:2: warning: #warning "Using deprecated NumPy API, disable it by #defining NPY_NO_DEPRECATED_API NPY_1_7_API_VERSION" [-Wcpp]
In file included from /home/travis/build/numenta/nupic/nta/math/SparseMatrix.hpp:42:0,
                 from algorithms_py.cpp:3769:
/home/travis/build/numenta/nupic/nta/math/array_algo.hpp: In function Ã¢â‚¬Ëœint nta::checkSSE()Ã¢â‚¬â„¢:
/home/travis/build/numenta/nupic/nta/math/array_algo.hpp:68:18: warning: unused variable Ã¢â‚¬ËœfÃ¢â‚¬â„¢ [-Wunused-variable]
/home/travis/build/numenta/nupic/nta/math/array_algo.hpp:101:5: warning: Ã¢â‚¬ËœdÃ¢â‚¬â„¢ is used uninitialized in this function [-Wuninitialized]
/home/travis/build/numenta/nupic/nta/math/array_algo.hpp:103:5: warning: Ã¢â‚¬ËœcÃ¢â‚¬â„¢ is used uninitialized in this function [-Wuninitialized]
/home/travis/nta/eng/lib/python2.6/site-packages/numpy/core/include/numpy/__multiarray_api.h: At global scope:
/home/travis/nta/eng/lib/python2.6/site-packages/numpy/core/include/numpy/__multiarray_api.h:1594:1: warning: Ã¢â‚¬Ëœint _import_array()Ã¢â‚¬â„¢ defined but not used [-Wunused-function]
In file included from /home/travis/nta/eng/lib/python2.6/site-packages/numpy/core/include/numpy/ndarraytypes.h:1728:0,
                 from /home/travis/nta/eng/lib/python2.6/site-packages/numpy/core/include/numpy/ndarrayobject.h:17,
                 from /home/travis/nta/eng/lib/python2.6/site-packages/numpy/core/include/numpy/arrayobject.h:15,
                 from iorange_py.cpp:2717:
/home/travis/nta/eng/lib/python2.6/site-packages/numpy/core/include/numpy/npy_deprecated_api.h:11:2: warning: #warning "Using deprecated NumPy API, disable it by #defining NPY_NO_DEPRECATED_API NPY_1_7_API_VERSION" [-Wcpp]
/home/travis/nta/eng/lib/python2.6/site-packages/numpy/core/include/numpy/__multiarray_api.h:1594:1: warning: Ã¢â‚¬Ëœint _import_array()Ã¢â‚¬â„¢ defined but not used [-Wunused-function]

Stdout redirected to: /tmp/ntabuild/stdout.txt
Build successful.
travis_fold:end:install
$ $NTA/bin/htmtest
Creating network...
Region count is 0
Adding a FDRNode region...
Region count is 1
Node type: TestNode
Nodespec is:
Spec:
Description:


Parameters:
  int32Param
     description: Int32 scalar parameter
     type: Int32
     count: 1
  uint32Param
     description: UInt32 scalar parameter
     type: UInt32
     count: 1
  int64Param
     description: Int64 scalar parameter
     type: Int64
     count: 1
  uint64Param
     description: UInt64 scalar parameter
     type: UInt64
     count: 1
  real32Param
     description: Real32 scalar parameter
     type: Real32
     count: 1
  real64Param
     description: Real64 scalar parameter
     type: Real64
     count: 1
  real32ArrayParam
     description: int32 array parameter
     type: Real32
     count: 0
  int64ArrayParam
     description: int64 array parameter
     type: Int64
     count: 0
  computeCallback
     description: address of a function that is called at every compute()
     type: Handle
     count: 1
  stringParam
     description: string parameter
     type: Byte
     count: 0
  unclonedParam
     description: has a separate value for each node
     type: UInt32
     count: 1
  shouldCloneParam
     description: whether possiblyUnclonedParam should clone
     type: UInt32
     count: 1
  possiblyUnclonedParam
     description: cloned if shouldCloneParam is true
     type: UInt32
     count: 1
  unclonedInt64ArrayParam
     description: has a separate array for each node
     type: Int64
     count: 0
Inputs:
  bottomUpIn
Outputs:
  bottomUpOut
Commands:

Adding a PyNode region...
{'singleNodeOnly': False, 'inputs': {'bottomUpIn': {'count': 0, 'requireSplitterMap': True, 'description': 'Primary input for the node', 'isDefaultInput': True, 'dataType': 'Real64', 'required': True, 'regionLevel': False}}, 'commands': {}, 'description': 'The node spec of the NuPIC 2 Python TestNode', 'parameters': {'failInCompute': {'count': 1, 'description': 'For testing failure in compute()', 'dataType': 'Int32', 'accessMode': 'ReadWrite', 'defaultValue': '0', 'constraints': ''}, 'stringParam': {'count': 0, 'description': 'String parameter', 'dataType': 'Byte', 'accessMode': 'ReadWrite', 'defaultValue': 'nodespec value', 'constraints': ''}, 'real32Param': {'count': 1, 'description': 'Real32 scalar parameter', 'dataType': 'Real32', 'accessMode': 'ReadWrite', 'defaultValue': '32.1', 'constraints': ''}, 'failInInit': {'count': 1, 'description': 'For testing failure in __init__()', 'dataType': 'Int32', 'accessMode': 'ReadWrite', 'defaultValue': '0', 'constraints': ''}, 'uint32Param': {'count': 1, 'description': 'UInt32 scalar parameter', 'dataType': 'UInt32', 'accessMode': 'ReadWrite', 'defaultValue': '33', 'constraints': ''}, 'int32Param': {'count': 1, 'description': 'Int32 scalar parameter', 'dataType': 'Int32', 'accessMode': 'ReadWrite', 'defaultValue': '32', 'constraints': ''}, 'uint64Param': {'count': 1, 'description': 'UInt64 scalar parameter', 'dataType': 'UInt64', 'accessMode': 'ReadWrite', 'defaultValue': '65', 'constraints': ''}, 'int64arrayParam': {'count': 0, 'description': 'Int64 array parameter', 'dataType': 'Int64', 'accessMode': 'ReadWrite', 'defaultValue': '', 'constraints': ''}, 'int64Param': {'count': 1, 'description': 'Int64 scalar parameter', 'dataType': 'Int64', 'accessMode': 'ReadWrite', 'defaultValue': '64', 'constraints': ''}, 'real64Param': {'count': 1, 'description': 'Real64 scalar parameter', 'dataType': 'Real64', 'accessMode': 'ReadWrite', 'defaultValue': '64.1', 'constraints': ''}, 'real32arrayParam': {'count': 0, 'description': 'Real32 array parameter', 'dataType': 'Real32', 'accessMode': 'ReadWrite', 'defaultValue': '', 'constraints': ''}}, 'outputs': {'bottomUpOut': {'count': 0, 'dataType': 'Real64', 'isDefaultOutput': True, 'regionLevel': False, 'description': 'Primary output for the node'}}}
Region count is 2
Node type: py.TestNode
Nodespec is:
Spec:
Description:
The node spec of the NuPIC 2 Python TestNode

Parameters:
  failInCompute
     description: For testing failure in compute()
     type: Int32
     count: 1
  stringParam
     description: String parameter
     type: Byte
     count: 0
  real32Param
     description: Real32 scalar parameter
     type: Real32
     count: 1
  failInInit
     description: For testing failure in __init__()
     type: Int32
     count: 1
  uint32Param
     description: UInt32 scalar parameter
     type: UInt32
     count: 1
  int32Param
     description: Int32 scalar parameter
     type: Int32
     count: 1
  uint64Param
     description: UInt64 scalar parameter
     type: UInt64
     count: 1
  int64arrayParam
     description: Int64 array parameter
     type: Int64
     count: 0
  int64Param
     description: Int64 scalar parameter
     type: Int64
     count: 1
  real64Param
     description: Real64 scalar parameter
     type: Real64
     count: 1
  real32arrayParam
     description: Real32 array parameter
     type: Real32
     count: 0
  self
     description: The PyObject * of the region's Python classd
     type: Handle
     count: 1
Inputs:
  bottomUpIn
Outputs:
  bottomUpOut
Commands:

level1.int64Param = 64
level1.real64Param = 64.1
level1.int64Param = 20 after setting to 20
level1.real64Param = 30.1 after setting to 30.1
level1.int64ArrayParam size = 4
level1.int64ArrayParam = [ 0 64 128 192 ]
Setting level1.int64ArrayParam to [ 1 2 3 4 ]
level1.int64ArrayParam size = 4
level1.int64ArrayParam = [ 1 2 3 4 ]
level2 getParameterReal64() returned: 64.1
ERROR:  Network::initialize() -- unable to complete initialization because region 'level1' has unspecified dimensions. You must either specify dimensions directly or link to the region in a way that induces dimensions on the region. [/home/travis/build/numenta/nupic/nta/engine/Network.cpp line 496]
Caught exception as expected: n.run(1)
ERROR:  Network::initialize() -- unable to complete initialization because region 'level1' has unspecified dimensions. You must either specify dimensions directly or link to the region in a way that induces dimensions on the region. [/home/travis/build/numenta/nupic/nta/engine/Network.cpp line 496]
Caught exception as expected: n.initialize()
Setting dimensions of level1...
Setting dimensions of level2...
Initializing again...
TestNode.initialize() here.
self.nodeCount: 16
self.splitterMap: []

TestNode.initialize() here.
DEBUG:  Caught exception as expected: ''
DEBUG:  testExceptionBug passed
ERROR:  getOutputData -- unknown output 'doesnotexist' on region level1 [/home/travis/build/numenta/nupic/nta/engine/Region_io.cpp line 101]
Caught exception as expected: level1->getOutputData("doesnotexist")
Getting output for zero-copy access
Element count in bottomUpOut is 32
ERROR:  getOutputData -- unknown output 'doesnotexist' on region level2 [/home/travis/build/numenta/nupic/nta/engine/Region_io.cpp line 101]
Caught exception as expected: level2->getOutputData("doesnotexist")
Getting output for zero-copy access
Element count in bottomUpOut is 32
len(self.parameters[int64ArrayParam]) = 4
level2.int64ArrayParam size = 4
level2.int64ArrayParam = [ 0 64 128 192 ]
Setting level2.int64ArrayParam to [ 1 2 3 4 ]
len(self.parameters[int64ArrayParam]) = 4
level2.int64ArrayParam size = 4
level2.int64ArrayParam = [ 1 2 3 4 ]
Initialize should fail...
ERROR:  Network::initialize() -- unable to evaluate all links
The following links could not be evaluated:
[region1.bottomUpOut (region dims: [unspecified])  to region2.bottomUpIn (region dims: [unspecified])  type: TestFanIn2]

 [/home/travis/build/numenta/nupic/nta/engine/Network.cpp line 485]
Caught exception as expected: net.initialize()
Setting region1 dims
Initialize should now succeed
ERROR:  Attempt to set dimensions of region region2 to [6 4] but region already has dimensions [3 2] [/home/travis/build/numenta/nupic/nta/engine/Region.cpp line 406]
Caught exception as expected: region2->setDimensions(r1dims)
Checking region1 output after first iteration...
Region 2 input after first iteration:
Region 2 input by node
Initialize should fail...
ERROR:  Network::initialize() -- unable to evaluate all links
The following links could not be evaluated:
[region1.bottomUpOut (region dims: [unspecified])  to region2.bottomUpIn (region dims: [unspecified])  type: UniformLink]

 [/home/travis/build/numenta/nupic/nta/engine/Network.cpp line 485]
Caught exception as expected: net.initialize()
Setting region1 dims
Initialize should now succeed
ERROR:  Attempt to set dimensions of region region2 to [6 4] but region already has dimensions [3 2] [/home/travis/build/numenta/nupic/nta/engine/Region.cpp line 406]
Caught exception as expected: region2->setDimensions(r1dims)
Checking region1 output after first iteration...
Region 2 input after first iteration:
Region 2 input by node
Linking region 1 to region 2
Setting region1 dims to (6,4)
Initializing network...
TestNode.initialize() here.
self.nodeCount: 6
self.splitterMap: [[ 0  1  2  3 12 13 14 15]
 [ 4  5  6  7 16 17 18 19]
 [ 8  9 10 11 20 21 22 23]
 [24 25 26 27 36 37 38 39]
 [28 29 30 31 40 41 42 43]
 [32 33 34 35 44 45 46 47]]

Checking region1 output after first iteration...
Region 2 input after first iteration:
Region 2 input by node
TestNode.compute() here.
splitter map:array([[ 0,  1,  2,  3, 12, 13, 14, 15],
       [ 4,  5,  6,  7, 16, 17, 18, 19],
       [ 8,  9, 10, 11, 20, 21, 22, 23],
       [24, 25, 26, 27, 36, 37, 38, 39],
       [28, 29, 30, 31, 40, 41, 42, 43],
       [32, 33, 34, 35, 44, 45, 46, 47]], dtype=uint64)

inputs:{'bottomUpIn': array([  0.,   0.,   0.,   1.,   0.,   2.,   0.,   3.,   0.,   4.,   0.,
         5.,   0.,   6.,   0.,   7.,   0.,   8.,   0.,   9.,   0.,  10.,
         0.,  11.,   0.,  12.,   0.,  13.,   0.,  14.,   0.,  15.,   0.,
        16.,   0.,  17.,   0.,  18.,   0.,  19.,   0.,  20.,   0.,  21.,
         0.,  22.,   0.,  23.,   0.])}

index, value: 1 14.0
[  8.  14.]
-----
index, value: 3 23.0
[  8.  14.   8.  23.]
-----
index, value: 5 32.0
[  8.  14.   8.  23.   8.  32.]
-----
index, value: 7 65.0
[  8.  14.   8.  23.   8.  32.   8.  65.]
-----
index, value: 9 74.0
[  8.  14.   8.  23.   8.  32.   8.  65.   8.  74.]
-----
index, value: 11 83.0
[  8.  14.   8.  23.   8.  32.   8.  65.   8.  74.   8.  83.]
-----
outputs:{'bottomUpOut': array([  8.,  14.,   8.,  23.,   8.,  32.,   8.,  65.,   8.,  74.,   8.,
        83.])}

ERROR:  Unknown parameter 'badParam' for region 'level1' of type 'TestNode'
Valid parameters are:
   int32Param
   uint32Param
   int64Param
   uint64Param
   real32Param
   real64Param
   real32ArrayParam
   int64ArrayParam
   computeCallback
   stringParam
   unclonedParam
   shouldCloneParam
   possiblyUnclonedParam
   unclonedInt64ArrayParam
 [/home/travis/build/numenta/nupic/nta/engine/YAMLUtils.cpp line 280]
Caught exception as expected: level1 = net.addRegion("level1", "TestNode", badparams);
Got the correct values for all parameters set at region creation
Done -- all tests passed
INFO:   destroySpec(py.TestNode)
Memory usage: 100 (virtual) 100 (real) at iteration 0
--- ALL TESTS PASSED ---

The command "$NTA/bin/htmtest" exited with 0.
$ $NTA/bin/testeverything
Tester -- creating testoutput directory /home/travis/build/numenta/nupic/testeverything.out
Executing tests matching the regular expression ".*"
Found 39 test sets
WARNING: Caught exception: This exception should get caught.
======= Tests for TesterTest ==============
Total tests: 10, Failures:      4, Disabled     : 0
WARNING: Critical failure ocurred
PASS  Integer test, should succeed (line: 45)
      Expected result: 1
      Actual result:   1
PASS  Double test, should succeed (line: 46)
      Expected result: 23.42
      Actual result:   23.42
PASS  String test, should succeed (line: 47)
      Expected result: Numenta
      Actual result:   Numenta
FAIL  Integer test, should fail (line: 50)
      Expected result: 1
      Actual result:   0
FAIL  Double test, should fail (line: 51)
      Expected result: 23.42
      Actual result:   23.421
FAIL  String test, should fail (line: 52)
      Expected result: Numenta
      Actual result:   Numenta
PASS  Max test (line: 55)
      Expected result: 23.3
      Actual result:   23.3
PASS  Min test (line: 56)
      Expected result: 23.2
      Actual result:   23.2
PASS  Max test (line: 57)
      Expected result: b
      Actual result:   b
PASS  Min test (line: 58)
      Expected result: a
      Actual result:   a
======= Done with TesterTest tests ===========

ERROR:  Invalid NTA_BasicType -1 used in array constructor [/home/travis/build/numenta/nupic/nta/ntypes/ArrayBase.cpp line 59]
ERROR:  allocateBuffer -- buffer already set. Use releaseBuffer first [/home/travis/build/numenta/nupic/nta/ntypes/ArrayBase.cpp line 80]
ERROR:  allocateBuffer -- buffer already set. Use releaseBuffer first [/home/travis/build/numenta/nupic/nta/ntypes/ArrayBase.cpp line 80]
ERROR:  setBuffer -- buffer already set. Use releaseBuffer first [/home/travis/build/numenta/nupic/nta/ntypes/ArrayBase.cpp line 97]
======= Tests for ArrayTest ==============
Total tests: 72, Failures:      0, Disabled     : 0
All tests passed
======= Done with ArrayTest tests ===========

======= Tests for BasicTypeTest ==============
Total tests: 47, Failures:      0, Disabled     : 0
All tests passed
======= Done with BasicTypeTest tests ===========

INFO:   xo[0]={8.8 6 c 'ABCD' -0.04
INFO:   xo[1]={4.5 6 t 'XBCD' 3.14
INFO:   xo[0]={8.8 6 c 'ABCD' -0.04 '100,101,102'
INFO:   xo[1]={4.5 6 t 'XBCD' 3.14 '-999,101,102'
======= Tests for BufferTest ==============
Total tests: 94, Failures:      0, Disabled     : 0
All tests passed
======= Done with BufferTest tests ===========

ERROR:  CHECK FAILED: "index < vec_.size()"  [/home/travis/build/numenta/nupic/nta/ntypes/Collection.cpp line 70]
ERROR:  No item named: blah [/home/travis/build/numenta/nupic/nta/ntypes/Collection.cpp line 95]
ERROR:  CHECK FAILED: "index < vec_.size()"  [/home/travis/build/numenta/nupic/nta/ntypes/Collection.cpp line 70]
ERROR:  No item named: blah [/home/travis/build/numenta/nupic/nta/ntypes/Collection.cpp line 95]
ERROR:  CHECK FAILED: "index < vec_.size()"  [/home/travis/build/numenta/nupic/nta/ntypes/Collection.cpp line 70]
ERROR:  No item named: blah [/home/travis/build/numenta/nupic/nta/ntypes/Collection.cpp line 95]
ERROR:  CHECK FAILED: "index < vec_.size()"  [/home/travis/build/numenta/nupic/nta/ntypes/Collection.cpp line 70]
ERROR:  No item named: blah [/home/travis/build/numenta/nupic/nta/ntypes/Collection.cpp line 95]
ERROR:  Unable to add item '0' to collection because it already exists [/home/travis/build/numenta/nupic/nta/ntypes/Collection.cpp line 107]
ERROR:  Unable to add item '1' to collection because it already exists [/home/travis/build/numenta/nupic/nta/ntypes/Collection.cpp line 107]
ERROR:  Unable to add item '2' to collection because it already exists [/home/travis/build/numenta/nupic/nta/ntypes/Collection.cpp line 107]
ERROR:  No item named '4' in collection [/home/travis/build/numenta/nupic/nta/ntypes/Collection.cpp line 127]
ERROR:  No item named '1' in collection [/home/travis/build/numenta/nupic/nta/ntypes/Collection.cpp line 127]
ERROR:  Unable to add item '0' to collection because it already exists [/home/travis/build/numenta/nupic/nta/ntypes/Collection.cpp line 107]
ERROR:  Unable to add item '1' to collection because it already exists [/home/travis/build/numenta/nupic/nta/ntypes/Collection.cpp line 107]
ERROR:  Unable to add item '2' to collection because it already exists [/home/travis/build/numenta/nupic/nta/ntypes/Collection.cpp line 107]
ERROR:  No item named '1' in collection [/home/travis/build/numenta/nupic/nta/ntypes/Collection.cpp line 127]
ERROR:  No item named '0' in collection [/home/travis/build/numenta/nupic/nta/ntypes/Collection.cpp line 127]
======= Tests for CollectionTest ==============
Total tests: 199, Failures:      0, Disabled     : 0
All tests passed
======= Done with CollectionTest tests ===========

======= Tests for CondProbTableTest ==============
Total tests: 115, Failures:      0, Disabled     : 0
All tests passed
======= Done with CondProbTableTest tests ===========

======= Tests for DenseTensorUnitTest ==============
Total tests: 0, Failures:      0, Disabled     : 0
All tests passed
======= Done with DenseTensorUnitTest tests ===========

ERROR:  Attempt to get count from dimensions [unspecified] [/home/travis/build/numenta/nupic/nta/ntypes/Dimensions.cpp line 57]
ERROR:  Bad request for dimension 0 on [unspecified] [/home/travis/build/numenta/nupic/nta/ntypes/Dimensions.cpp line 78]
ERROR:  Invalid coordinate [1 2] for Dimensions [unspecified] [/home/travis/build/numenta/nupic/nta/ntypes/Dimensions.cpp line 171]
ERROR:  Attempt to get count from dimensions [unspecified] [/home/travis/build/numenta/nupic/nta/ntypes/Dimensions.cpp line 57]
ERROR:  Bad request for dimension 0 on [unspecified] [/home/travis/build/numenta/nupic/nta/ntypes/Dimensions.cpp line 78]
ERROR:  Invalid coordinate index 0 of 0 is too large for region dimensions [dontcare] [/home/travis/build/numenta/nupic/nta/ntypes/Dimensions.cpp line 189]
ERROR:  Attempt to get count from dimensions [dontcare] [/home/travis/build/numenta/nupic/nta/ntypes/Dimensions.cpp line 57]
ERROR:  Invalid coordinate index 0 of 1 is too large for region dimensions [1 0] (invalid) [/home/travis/build/numenta/nupic/nta/ntypes/Dimensions.cpp line 189]
ERROR:  Attempt to get count from invalid dimensions [1 0] (invalid) [/home/travis/build/numenta/nupic/nta/ntypes/Dimensions.cpp line 62]
ERROR:  Bad request for dimension 2 on [1 0] (invalid) [/home/travis/build/numenta/nupic/nta/ntypes/Dimensions.cpp line 78]
ERROR:  Bad request for dimension 2 on [2 3] [/home/travis/build/numenta/nupic/nta/ntypes/Dimensions.cpp line 78]
ERROR:  Bad request for dimension 2 on [2 5] [/home/travis/build/numenta/nupic/nta/ntypes/Dimensions.cpp line 78]
======= Tests for DimensionsTest ==============
Total tests: 205, Failures:      0, Disabled     : 0
All tests passed
======= Done with DimensionsTest tests ===========

ERROR:  Directory::create -- failed to create directory "/home/travis/build/numenta/nupic/someDir/someSubDir".
OS Error: No such file or directory [/home/travis/build/numenta/nupic/nta/os/Directory.cpp line 248]
======= Tests for DirectoryTest ==============
Total tests: 32, Failures:      0, Disabled     : 0
All tests passed
======= Done with DirectoryTest tests ===========

======= Tests for DomainUnitTest ==============
Total tests: 0, Failures:      0, Disabled     : 0
All tests passed
======= Done with DomainUnitTest tests ===========

Looking for path '/home/travis/nta/eng/lib/libcpp_region.so'
======= Tests for DynamicLibraryTest ==============
Total tests: 11, Failures:      0, Disabled     : 0
All tests passed
======= Done with DynamicLibraryTest tests ===========

======= Tests for EnvTest ==============
Total tests: 10, Failures:      0, Disabled     : 0
All tests passed
======= Done with EnvTest tests ===========

======= Tests for ExceptionTest ==============
Total tests: 8, Failures:      0, Disabled     : 0
All tests passed
======= Done with ExceptionTest tests ===========

======= Tests for FastCLAClassifierTest ==============
Total tests: 0, Failures:      0, Disabled     : 0
All tests passed
======= Done with FastCLAClassifierTest tests ===========

======= Tests for FractionTest ==============
Total tests: 189, Failures:      0, Disabled     : 0
All tests passed
======= Done with FractionTest tests ===========

======= Tests for IndexUnitTest ==============
Total tests: 0, Failures:      0, Disabled     : 0
All tests passed
======= Done with IndexUnitTest tests ===========

ERROR:  Attempt to create Input with a null region [/home/travis/build/numenta/nupic/nta/engine/Input.cpp line 47]
ERROR:  Invalid NTA_BasicType 11 used in array constructor [/home/travis/build/numenta/nupic/nta/ntypes/ArrayBase.cpp line 59]
ERROR:  Input region's dimensions are unspecified when Input::initialize() was called. Region's dimensions must be specified. [/home/travis/build/numenta/nupic/nta/engine/Input.cpp line 534]
ERROR:  Input region's dimensions are unspecified when Input::initialize() was called. Region's dimensions must be specified. [/home/travis/build/numenta/nupic/nta/engine/Input.cpp line 534]
ERROR:  Cannot remove link [region1.bottomUpOut (region dims: [8 4])  to region2.bottomUpIn (region dims: [4 2])  type: TestFanIn2] because destination region region2 is initialized. Remove the region first. [/home/travis/build/numenta/nupic/nta/engine/Input.cpp line 106]
ERROR:  Cannot remove link [region1.bottomUpOut (region dims: [8 4])  to region2.bottomUpIn (region dims: [4 2])  type: TestFanIn2] because destination region region2 is initialized. Remove the region first. [/home/travis/build/numenta/nupic/nta/engine/Input.cpp line 106]
ERROR:  Unable to remove region 'region1' because it has one or more outgoing links [/home/travis/build/numenta/nupic/nta/engine/Network.cpp line 257]
ERROR:  CHECK FAILED: "linkiter != links_.end()"  [/home/travis/build/numenta/nupic/nta/engine/Input.cpp line 103]
ERROR:  CHECK FAILED: "linkiter != links_.end()"  [/home/travis/build/numenta/nupic/nta/engine/Input.cpp line 103]
ERROR:  CHECK FAILED: "linkiter != links_.end()"  [/home/travis/build/numenta/nupic/nta/engine/Input.cpp line 103]
======= Tests for InputTest ==============
Total tests: 88, Failures:      0, Disabled     : 0
All tests passed
======= Done with InputTest tests ===========

======= Tests for MathsTest ==============
Total tests: 0, Failures:      0, Disabled     : 0
All tests passed
======= Done with MathsTest tests ===========

ERROR:  CHECK FAILED: "cP < endP_" MemParser::get(string&) - EOF [/home/travis/build/numenta/nupic/nta/ntypes/MemParser.cpp line 212]
ERROR:  CHECK FAILED: "cP < endP_" MemParser::get(string&) - EOF [/home/travis/build/numenta/nupic/nta/ntypes/MemParser.cpp line 212]
ERROR:  CHECK FAILED: "cP < endP_" MemParser::get(string&) - EOF [/home/travis/build/numenta/nupic/nta/ntypes/MemParser.cpp line 212]
ERROR:  CHECK FAILED: "endP != startP_ && endP <= endP_" MemParser::get(long&) - parse error, not a valid integer [/home/travis/build/numenta/nupic/nta/ntypes/MemParser.cpp line 142]
======= Tests for MemParserTest ==============
Total tests: 19, Failures:      0, Disabled     : 0
All tests passed
======= Done with MemParserTest tests ===========

======= Tests for MemStreamTest ==============
Total tests: 49, Failures:      0, Disabled     : 0
All tests passed
======= Done with MemStreamTest tests ===========

======= Tests for NearestNeighborUnitTest ==============
Total tests: 0, Failures:      0, Disabled     : 0
All tests passed
======= Done with NearestNeighborUnitTest tests ===========

ERROR:  NuPIC::shutdown -- cannot shut down NuPIC because 1 networks still exist. [/home/travis/build/numenta/nupic/nta/engine/NuPIC.cpp line 69]
ERROR:  getSpec() -- Unsupported node type 'nonexistent_nodetype' [/home/travis/build/numenta/nupic/nta/engine/RegionImplFactory.cpp line 495]
ERROR:  No item named: nosuchregion [/home/travis/build/numenta/nupic/nta/ntypes/Collection.cpp line 95]
ERROR:  No item named: level [/home/travis/build/numenta/nupic/nta/ntypes/Collection.cpp line 95]
ERROR:  Region with name 'level1' already exists in network [/home/travis/build/numenta/nupic/nta/engine/Network.cpp line 115]
ERROR:  Network::initialize() -- unable to complete initialization because region 'level1' has unspecified dimensions. You must either specify dimensions directly or link to the region in a way that induces dimensions on the region. [/home/travis/build/numenta/nupic/nta/engine/Network.cpp line 496]
ERROR:  Network::initialize() -- unable to complete initialization because region 'level1' has unspecified dimensions. You must either specify dimensions directly or link to the region in a way that induces dimensions on the region. [/home/travis/build/numenta/nupic/nta/engine/Network.cpp line 496]
ERROR:  Network::initialize() -- unable to complete initialization because region 'level2' has unspecified dimensions. You must either specify dimensions directly or link to the region in a way that induces dimensions on the region. [/home/travis/build/numenta/nupic/nta/engine/Network.cpp line 496]
ERROR:  Network::initialize() -- unable to complete initialization because region 'level2' has unspecified dimensions. You must either specify dimensions directly or link to the region in a way that induces dimensions on the region. [/home/travis/build/numenta/nupic/nta/engine/Network.cpp line 496]
DEBUG:  Running network modification tests
ERROR:  removeRegion: no region named 'doesntexist' [/home/travis/build/numenta/nupic/nta/engine/Network.cpp line 253]
ERROR:  No item named: level2 [/home/travis/build/numenta/nupic/nta/ntypes/Collection.cpp line 95]
ERROR:  Network::initialize() -- unable to complete initialization because region 'level2' has unspecified dimensions. You must either specify dimensions directly or link to the region in a way that induces dimensions on the region. [/home/travis/build/numenta/nupic/nta/engine/Network.cpp line 496]
ERROR:  Network::initialize() -- unable to complete initialization because region 'level3' has unspecified dimensions. You must either specify dimensions directly or link to the region in a way that induces dimensions on the region. [/home/travis/build/numenta/nupic/nta/engine/Network.cpp line 496]
ERROR:  Unable to remove region 'level2' because it has one or more outgoing links [/home/travis/build/numenta/nupic/nta/engine/Network.cpp line 257]
ERROR:  Unable to remove region 'level1' because it has one or more outgoing links [/home/travis/build/numenta/nupic/nta/engine/Network.cpp line 257]
DEBUG:  Running unlinking tests
ERROR:  Network::unlink -- no link exists from region level1 output outputdoesnotexist to region level2 input bottomUpIn [/home/travis/build/numenta/nupic/nta/engine/Network.cpp line 375]
ERROR:  Network::unlink -- input 'inputdoesnotexist does not exist on region level2 [/home/travis/build/numenta/nupic/nta/engine/Network.cpp line 365]
ERROR:  Network::unlink -- dest region 'leveldoesnotexist' does not exist [/home/travis/build/numenta/nupic/nta/engine/Network.cpp line 350]
ERROR:  Network::unlink -- source region 'leveldoesnotexist' does not exist [/home/travis/build/numenta/nupic/nta/engine/Network.cpp line 346]
ERROR:  Network::unlink -- no link exists from region level1 output bottomUpOut to region level2 input bottomUpIn [/home/travis/build/numenta/nupic/nta/engine/Network.cpp line 375]
ERROR:  Network::unlink -- no link exists from region level1 output bottomUpOut to region level2 input bottomUpIn [/home/travis/build/numenta/nupic/nta/engine/Network.cpp line 375]
ERROR:  Network::unlink -- no link exists from region level1 output bottomUpOut to region level2 input bottomUpIn [/home/travis/build/numenta/nupic/nta/engine/Network.cpp line 375]
ERROR:  Cannot remove link [level1.bottomUpOut (region dims: [4 2])  to level2.bottomUpIn (region dims: [2 1])  type: TestFanIn2] because destination region level2 is initialized. Remove the region first. [/home/travis/build/numenta/nupic/nta/engine/Input.cpp line 106]
ERROR:  Network::initialize() -- unable to complete initialization because region 'level1' has unspecified dimensions. You must either specify dimensions directly or link to the region in a way that induces dimensions on the region. [/home/travis/build/numenta/nupic/nta/engine/Network.cpp line 496]
ERROR:  Attempt to set min enabled phase 1 which is larger than the highest phase in the network - 18446744073709551615 [/home/travis/build/numenta/nupic/nta/engine/Network.cpp line 597]
ERROR:  Attempt to set max enabled phase 1 which is larger than the highest phase in the network - 18446744073709551615 [/home/travis/build/numenta/nupic/nta/engine/Network.cpp line 607]
ERROR:  Attempt to set max enabled phase 4 which is larger than the highest phase in the network - 2 [/home/travis/build/numenta/nupic/nta/engine/Network.cpp line 607]
======= Tests for NetworkTest ==============
Total tests: 132, Failures:      0, Disabled     : 0
All tests passed
======= Done with NetworkTest tests ===========

ERROR:  Attempt to enable node with index 5 which is larger than the number of nodes 4 [/home/travis/build/numenta/nupic/nta/ntypes/NodeSet.hpp line 87]
======= Tests for NodeSetTest ==============
Total tests: 21, Failures:      0, Disabled     : 0
All tests passed
======= Done with NodeSetTest tests ===========

ERROR:  'HOME' environment variable is not defined [/home/travis/build/numenta/nupic/nta/os/OSUnix.cpp line 62]
WARN:   OS::getUserName -- USER and LOGNAME environment variables are not set. Using userid = 1000
======= Tests for OSTest ==============
Total tests: 5, Failures:      0, Disabled     : 0
All tests passed
======= Done with OSTest tests ===========

Executable path: '/home/travis/nta/eng/bin/testeverything'
======= Tests for PathTest ==============
Total tests: 52, Failures:      0, Disabled     : 0
All tests passed
======= Done with PathTest tests ===========

INFO:   random serialize string: 'random-v1 862973 randomimpl-v1 31 1624753037 2009419031 633377166 -1574892086 1144529851 1406716263 1553314465 1423305391 27869257 -777179591 -476654188 -1158534456 1569565720 -1530107687 -689150702 2101555921 1535380948 1896399958 -452440042 1943129361 -1905643199 -1174375166 2019813130 -1490833398 1624596014 -694914945 517970867 1155092552 -244858627 -823365838 -938489650 7 10 endrandom-v1'
======= Tests for RandomTest ==============
Total tests: 611, Failures:      0, Disabled     : 0
All tests passed
======= Done with RandomTest tests ===========

ERROR:  getSpec() -- Unsupported node type 'nosuchnode' [/home/travis/build/numenta/nupic/nta/engine/RegionImplFactory.cpp line 495]
ERROR:  getSpec() -- Unsupported node type 'nosuchnode' [/home/travis/build/numenta/nupic/nta/engine/RegionImplFactory.cpp line 495]
{'singleNodeOnly': False, 'inputs': {'bottomUpIn': {'count': 0, 'requireSplitterMap': True, 'description': 'Primary input for the node', 'isDefaultInput': True, 'dataType': 'Real64', 'required': True, 'regionLevel': False}}, 'commands': {}, 'description': 'The node spec of the NuPIC 2 Python TestNode', 'parameters': {'failInCompute': {'count': 1, 'description': 'For testing failure in compute()', 'dataType': 'Int32', 'accessMode': 'ReadWrite', 'defaultValue': '0', 'constraints': ''}, 'stringParam': {'count': 0, 'description': 'String parameter', 'dataType': 'Byte', 'accessMode': 'ReadWrite', 'defaultValue': 'nodespec value', 'constraints': ''}, 'real32Param': {'count': 1, 'description': 'Real32 scalar parameter', 'dataType': 'Real32', 'accessMode': 'ReadWrite', 'defaultValue': '32.1', 'constraints': ''}, 'failInInit': {'count': 1, 'description': 'For testing failure in __init__()', 'dataType': 'Int32', 'accessMode': 'ReadWrite', 'defaultValue': '0', 'constraints': ''}, 'uint32Param': {'count': 1, 'description': 'UInt32 scalar parameter', 'dataType': 'UInt32', 'accessMode': 'ReadWrite', 'defaultValue': '33', 'constraints': ''}, 'int32Param': {'count': 1, 'description': 'Int32 scalar parameter', 'dataType': 'Int32', 'accessMode': 'ReadWrite', 'defaultValue': '32', 'constraints': ''}, 'uint64Param': {'count': 1, 'description': 'UInt64 scalar parameter', 'dataType': 'UInt64', 'accessMode': 'ReadWrite', 'defaultValue': '65', 'constraints': ''}, 'int64arrayParam': {'count': 0, 'description': 'Int64 array parameter', 'dataType': 'Int64', 'accessMode': 'ReadWrite', 'defaultValue': '', 'constraints': ''}, 'int64Param': {'count': 1, 'description': 'Int64 scalar parameter', 'dataType': 'Int64', 'accessMode': 'ReadWrite', 'defaultValue': '64', 'constraints': ''}, 'real64Param': {'count': 1, 'description': 'Real64 scalar parameter', 'dataType': 'Real64', 'accessMode': 'ReadWrite', 'defaultValue': '64.1', 'constraints': ''}, 'real32arrayParam': {'count': 0, 'description': 'Real32 array parameter', 'dataType': 'Real32', 'accessMode': 'ReadWrite', 'defaultValue': '', 'constraints': ''}}, 'outputs': {'bottomUpOut': {'count': 0, 'dataType': 'Real64', 'isDefaultOutput': True, 'regionLevel': False, 'description': 'Primary output for the node'}}}
len(self.parameters[int64ArrayParam]) = 4
len(self.parameters[int64ArrayParam]) = 4
======= Tests for RegionTest ==============
Total tests: 62, Failures:      0, Disabled     : 0
All tests passed
======= Done with RegionTest tests ===========

ERROR:  CHECK FAILED: "theType_ == NTA_BasicType_UInt64"  [/home/travis/build/numenta/nupic/nta/ntypes/Scalar.cpp line 84]
ERROR:  CHECK FAILED: "theType_ == NTA_BasicType_UInt64"  [/home/travis/build/numenta/nupic/nta/ntypes/Scalar.cpp line 84]
ERROR:  CHECK FAILED: "theType_ == NTA_BasicType_UInt32"  [/home/travis/build/numenta/nupic/nta/ntypes/Scalar.cpp line 74]
ERROR:  CHECK FAILED: "theType_ == NTA_BasicType_Int32"  [/home/travis/build/numenta/nupic/nta/ntypes/Scalar.cpp line 79]
ERROR:  CHECK FAILED: "theType_ == NTA_BasicType_Int64"  [/home/travis/build/numenta/nupic/nta/ntypes/Scalar.cpp line 89]
ERROR:  CHECK FAILED: "theType_ == NTA_BasicType_UInt32"  [/home/travis/build/numenta/nupic/nta/ntypes/Scalar.cpp line 74]
ERROR:  CHECK FAILED: "theType_ == NTA_BasicType_UInt64"  [/home/travis/build/numenta/nupic/nta/ntypes/Scalar.cpp line 84]
ERROR:  CHECK FAILED: "theType_ == NTA_BasicType_UInt64"  [/home/travis/build/numenta/nupic/nta/ntypes/Scalar.cpp line 84]
ERROR:  CHECK FAILED: "theType_ == NTA_BasicType_UInt64"  [/home/travis/build/numenta/nupic/nta/ntypes/Scalar.cpp line 84]
ERROR:  CHECK FAILED: "theType_ == NTA_BasicType_UInt64"  [/home/travis/build/numenta/nupic/nta/ntypes/Scalar.cpp line 84]
======= Tests for ScalarTest ==============
Total tests: 43, Failures:      0, Disabled     : 0
All tests passed
======= Done with ScalarTest tests ===========

======= Tests for SparseMatrix01UnitTest ==============
Total tests: 0, Failures:      0, Disabled     : 0
All tests passed
======= Done with SparseMatrix01UnitTest tests ===========

======= Tests for SparseMatrixUnitTest ==============
Total tests: 0, Failures:      0, Disabled     : 0
All tests passed
======= Done with SparseMatrixUnitTest tests ===========

======= Tests for SparseTensorUnitTest ==============
Total tests: 0, Failures:      0, Disabled     : 0
All tests passed
======= Done with SparseTensorUnitTest tests ===========

======= Tests for SpatialPoolerUnitTest ==============
Total tests: 0, Failures:      0, Disabled     : 0
All tests passed
======= Done with SpatialPoolerUnitTest tests ===========

======= Tests for TAMUnitTest ==============
Total tests: 0, Failures:      0, Disabled     : 0
All tests passed
======= Done with TAMUnitTest tests ===========

DEBUG:  Timer test: j = -200000
DEBUG:  Timer test: j = -200000
======= Tests for TimerTest ==============
Total tests: 12, Failures:      0, Disabled     : 0
All tests passed
======= Done with TimerTest tests ===========

ERROR:  Invalid source dimensions [9 6] for link [. to . type: UnitTestLink].

For dimension 1, given the specified overlap of 0, each successive receptive field of size 2 as requested will add 2 required nodes. Since no span was provided, the source region size (9 for this dimension) + 2 * the overhang (0 for this dimension) must equal the receptive field size plus an integer multiple of the amount added by successive receptive fields. [/home/travis/build/numenta/nupic/nta/engine/UniformLinkPolicy.cpp line 610]
ERROR:  Invalid dest dimensions [7] for link [. to . type: UnitTestLink].

For dimension 1, the specified receptive field size of 10/7is invalid since it would require 10/7 elements (given the source region's 1 elements per node).  Elements cannot be subdivided, therefore a strict mapping with this configuration is not possible. [/home/travis/build/numenta/nupic/nta/engine/UniformLinkPolicy.cpp line 870]
ERROR:  Invalid source dimensions [10] for link [. to . type: UnitTestLink].

For dimension 1, the specified receptive field size of 10/7is invalid since it would require 10/7 elements (given the source region's 1 elements per node).  Elements cannot be subdivided, therefore a strict mapping with this configuration is not possible. [/home/travis/build/numenta/nupic/nta/engine/UniformLinkPolicy.cpp line 630]
WARN:   Since a span was specified, the destination dimensions are treated such that they are compatible with the requested span.  In non-strict mappings, extra source nodes are divided amongst spans and then distributed as evenly as possible.  Given the specified parameters, the destination dimensions being set will result in 1 destination nodes receiving no input for dimension 1.
======= Tests for UniformLinkPolicyTest ==============
Total tests: 26, Failures:      0, Disabled     : 0
All tests passed
======= Done with UniformLinkPolicyTest tests ===========

ERROR:  CHECK FAILED: "category_ == arrayCategory"  [/home/travis/build/numenta/nupic/nta/ntypes/Value.cpp line 95]
ERROR:  CHECK FAILED: "category_ == stringCategory"  [/home/travis/build/numenta/nupic/nta/ntypes/Value.cpp line 101]
ERROR:  Attempt to access scalar of type Int32 as type UInt32 [/home/travis/build/numenta/nupic/nta/ntypes/Value.cpp line 110]
ERROR:  CHECK FAILED: "category_ == scalarCategory"  [/home/travis/build/numenta/nupic/nta/ntypes/Value.cpp line 89]
ERROR:  CHECK FAILED: "category_ == stringCategory"  [/home/travis/build/numenta/nupic/nta/ntypes/Value.cpp line 101]
ERROR:  CHECK FAILED: "category_ == scalarCategory"  [/home/travis/build/numenta/nupic/nta/ntypes/Value.cpp line 107]
ERROR:  CHECK FAILED: "category_ == scalarCategory"  [/home/travis/build/numenta/nupic/nta/ntypes/Value.cpp line 89]
ERROR:  CHECK FAILED: "category_ == arrayCategory"  [/home/travis/build/numenta/nupic/nta/ntypes/Value.cpp line 95]
ERROR:  CHECK FAILED: "category_ == scalarCategory"  [/home/travis/build/numenta/nupic/nta/ntypes/Value.cpp line 107]
ERROR:  Key 'scalar' specified twice [/home/travis/build/numenta/nupic/nta/ntypes/Value.cpp line 138]
======= Tests for ValueTest ==============
Total tests: 44, Failures:      0, Disabled     : 0
All tests passed
======= Done with ValueTest tests ===========

======= Tests for WatcherTest ==============
Total tests: 58, Failures:      0, Disabled     : 0
All tests passed
======= Done with WatcherTest tests ===========

DEBUG:  ps count: 10
ERROR:  Unknown parameter 'blah' for region 'regionName' of type 'nodeType'
Valid parameters are:
   int32Param
   uint32Param
   int64Param
   uint64Param
   real32Param
   real64Param
   real32ArrayParam
   int64ArrayParam
   computeCallback
   stringParam
 [/home/travis/build/numenta/nupic/nta/engine/YAMLUtils.cpp line 280]
ERROR:  Unknown parameter 'blah'
Valid parameters are:
   int32Param
   uint32Param
   int64Param
   uint64Param
   real32Param
   real64Param
   real32ArrayParam
   int64ArrayParam
   computeCallback
   stringParam
 [/home/travis/build/numenta/nupic/nta/engine/YAMLUtils.cpp line 274]
======= Tests for YAMLUtilsTest ==============
Total tests: 16, Failures:      0, Disabled     : 0
All tests passed
======= Done with YAMLUtilsTest tests ===========

ERROR:  CHECK FAILED: "!re.empty()" Empty regular expressions is invalid [/home/travis/build/numenta/nupic/nta/os/regex.cpp line 41]
ERROR:  CHECK FAILED: "res == 0" regcomp() failed to compile the regular expression: xyz[ . The error code is: 7 [/home/travis/build/numenta/nupic/nta/os/regex.cpp line 53]
======= Tests for regexTest ==============
Total tests: 10, Failures:      0, Disabled     : 0
All tests passed
======= Done with regexTest tests ===========

*******************************************************************
* Numenta Unit Test summary
*
* Total categories = 39
* Total tests = 2240
* Total passed   = 2240
* Total disabled = 0
* Total failed   = 0
* Total critical failures = 0
* Success rate = 100
*******************************************************************



The command "$NTA/bin/testeverything" exited with 0.
$ $NUPIC/run_tests.sh --all --coverage
[1m============================= test session starts ==============================[0m
platform linux2 -- Python 2.6.8 -- pytest-2.4.0.dev8 -- /home/travis/virtualenv/python2.6/bin/python
plugins: xdist, cov
[1m
collecting 0 items[0m[1m
collecting 1 items[0m[1m
collecting 1 items[0m[1m
collecting 1 items / 1 errors[0m[1m
collecting 18 items / 1 errors[0m[1m
collecting 18 items / 1 errors[0m[1m
collecting 35 items / 1 errors[0m[1m
collecting 35 items / 1 errors[0m[1m
collecting 52 items / 1 errors[0m[1m
collecting 52 items / 1 errors[0m[1m
collecting 53 items / 1 errors[0m[1m
collecting 53 items / 1 errors[0m[1m
collecting 61 items / 1 errors[0m[1m
collecting 61 items / 1 errors[0m[1m
collecting 61 items / 1 errors[0m[1m
collecting 64 items / 1 errors[0m[1m
collecting 64 items / 1 errors[0m[1m
collecting 64 items / 1 errors[0m[1m
collecting 64 items / 2 errors[0m[1m
collecting 64 items / 3 errors[0m[1m
collecting 72 items / 3 errors[0m[1m
collecting 72 items / 3 errors[0m[1m
collecting 74 items / 3 errors[0m[1m
collecting 74 items / 3 errors[0m[1m
collecting 101 items / 3 errors[0m[1m
collecting 101 items / 3 errors[0m[1m
collecting 104 items / 3 errors[0m[1m
collecting 104 items / 3 errors[0m[1m
collecting 107 items / 3 errors[0m[1m
collecting 107 items / 3 errors[0m[1m
collecting 140 items / 3 errors[0m[1m
collecting 140 items / 3 errors[0m[1m
collecting 185 items / 3 errors[0m[1m
collecting 185 items / 3 errors[0m[1m
collecting 200 items / 3 errors[0m[1m
collecting 200 items / 3 errors[0m[1m
collecting 200 items / 3 errors[0m[1m
collecting 220 items / 3 errors[0m[1m
collecting 220 items / 3 errors / 1 skipped[0m[1m
collecting 220 items / 3 errors / 1 skipped[0m[1m
collected 220 items / 3 errors / 1 skipped
[0m
tests/external/py2/asteval_test.py:32: TestCase.testImportAndVersions [32mPASSED[0m
tests/unit/py2/nupic/algorithms/cla_classifier_diff_test.py <- tests/unit/py2/nupic/algorithms/cla_classifier_test.py:91: CLAClassifierDiffTest.testBucketIdxNumpyInt64Input [32mPASSED[0m
tests/unit/py2/nupic/algorithms/cla_classifier_diff_test.py <- tests/unit/py2/nupic/algorithms/cla_classifier_test.py:101: CLAClassifierDiffTest.testCompute1 [32mPASSED[0m
tests/unit/py2/nupic/algorithms/cla_classifier_diff_test.py <- tests/unit/py2/nupic/algorithms/cla_classifier_test.py:113: CLAClassifierDiffTest.testCompute2 [32mPASSED[0m
tests/unit/py2/nupic/algorithms/cla_classifier_diff_test.py <- tests/unit/py2/nupic/algorithms/cla_classifier_test.py:179: CLAClassifierDiffTest.testComputeCategory [32mPASSED[0m
tests/unit/py2/nupic/algorithms/cla_classifier_diff_test.py:44: CLAClassifierDiffTest.testComputeCategory2 [32mPASSED[0m
tests/unit/py2/nupic/algorithms/cla_classifier_diff_test.py <- tests/unit/py2/nupic/algorithms/cla_classifier_test.py:125: CLAClassifierDiffTest.testComputeComplex [32mPASSED[0m
tests/unit/py2/nupic/algorithms/cla_classifier_diff_test.py <- tests/unit/py2/nupic/algorithms/cla_classifier_test.py:75: CLAClassifierDiffTest.testComputeResultTypes [32mPASSED[0m
tests/unit/py2/nupic/algorithms/cla_classifier_diff_test.py <- tests/unit/py2/nupic/algorithms/cla_classifier_test.py:167: CLAClassifierDiffTest.testComputeWithMissingValue [32mPASSED[0m
tests/unit/py2/nupic/algorithms/cla_classifier_diff_test.py <- tests/unit/py2/nupic/algorithms/cla_classifier_test.py:44: CLAClassifierDiffTest.testInitialization [32mPASSED[0m
tests/unit/py2/nupic/algorithms/cla_classifier_diff_test.py <- tests/unit/py2/nupic/algorithms/cla_classifier_test.py:433: CLAClassifierDiffTest.testMissingRecordInitialization [32mPASSED[0m
tests/unit/py2/nupic/algorithms/cla_classifier_diff_test.py <- tests/unit/py2/nupic/algorithms/cla_classifier_test.py:340: CLAClassifierDiffTest.testMissingRecords [32mPASSED[0m
tests/unit/py2/nupic/algorithms/cla_classifier_diff_test.py <- tests/unit/py2/nupic/algorithms/cla_classifier_test.py:319: CLAClassifierDiffTest.testMultistepSimple [32mPASSED[0m
tests/unit/py2/nupic/algorithms/cla_classifier_diff_test.py <- tests/unit/py2/nupic/algorithms/cla_classifier_test.py:302: CLAClassifierDiffTest.testMultistepSingleValue [32mPASSED[0m
tests/unit/py2/nupic/algorithms/cla_classifier_diff_test.py <- tests/unit/py2/nupic/algorithms/cla_classifier_test.py:261: CLAClassifierDiffTest.testOverlapPattern [32mPASSED[0m
tests/unit/py2/nupic/algorithms/cla_classifier_diff_test.py <- tests/unit/py2/nupic/algorithms/cla_classifier_test.py:203: CLAClassifierDiffTest.testSerialization [32mPASSED[0m
tests/unit/py2/nupic/algorithms/cla_classifier_diff_test.py <- tests/unit/py2/nupic/algorithms/cla_classifier_test.py:49: CLAClassifierDiffTest.testSingleValue [32mPASSED[0m
tests/unit/py2/nupic/algorithms/cla_classifier_diff_test.py <- tests/unit/py2/nupic/algorithms/cla_classifier_test.py:61: CLAClassifierDiffTest.testSingleValue0Steps [32mPASSED[0m
tests/unit/py2/nupic/algorithms/cla_classifier_test.py:91: CLAClassifierTest.testBucketIdxNumpyInt64Input [32mPASSED[0m
tests/unit/py2/nupic/algorithms/cla_classifier_test.py:101: CLAClassifierTest.testCompute1 [32mPASSED[0m
tests/unit/py2/nupic/algorithms/cla_classifier_test.py:113: CLAClassifierTest.testCompute2 [32mPASSED[0m
tests/unit/py2/nupic/algorithms/cla_classifier_test.py:179: CLAClassifierTest.testComputeCategory [32mPASSED[0m
tests/unit/py2/nupic/algorithms/cla_classifier_test.py:191: CLAClassifierTest.testComputeCategory2 [32mPASSED[0m
tests/unit/py2/nupic/algorithms/cla_classifier_test.py:125: CLAClassifierTest.testComputeComplex [32mPASSED[0m
tests/unit/py2/nupic/algorithms/cla_classifier_test.py:75: CLAClassifierTest.testComputeResultTypes [32mPASSED[0m
tests/unit/py2/nupic/algorithms/cla_classifier_test.py:167: CLAClassifierTest.testComputeWithMissingValue [32mPASSED[0m
tests/unit/py2/nupic/algorithms/cla_classifier_test.py:44: CLAClassifierTest.testInitialization [32mPASSED[0m
tests/unit/py2/nupic/algorithms/cla_classifier_test.py:433: CLAClassifierTest.testMissingRecordInitialization [32mPASSED[0m
tests/unit/py2/nupic/algorithms/cla_classifier_test.py:340: CLAClassifierTest.testMissingRecords [32mPASSED[0m
tests/unit/py2/nupic/algorithms/cla_classifier_test.py:319: CLAClassifierTest.testMultistepSimple [32mPASSED[0m
tests/unit/py2/nupic/algorithms/cla_classifier_test.py:302: CLAClassifierTest.testMultistepSingleValue [32mPASSED[0m
tests/unit/py2/nupic/algorithms/cla_classifier_test.py:261: CLAClassifierTest.testOverlapPattern [32mPASSED[0m
tests/unit/py2/nupic/algorithms/cla_classifier_test.py:203: CLAClassifierTest.testSerialization [32mPASSED[0m
tests/unit/py2/nupic/algorithms/cla_classifier_test.py:49: CLAClassifierTest.testSingleValue [32mPASSED[0m
tests/unit/py2/nupic/algorithms/cla_classifier_test.py:61: CLAClassifierTest.testSingleValue0Steps [32mPASSED[0m
tests/unit/py2/nupic/bindings/algorithms/fast_cla_classifier_test.py <- tests/unit/py2/nupic/algorithms/cla_classifier_test.py:91: FastCLAClassifierTest.testBucketIdxNumpyInt64Input [32mPASSED[0m
tests/unit/py2/nupic/bindings/algorithms/fast_cla_classifier_test.py <- tests/unit/py2/nupic/algorithms/cla_classifier_test.py:101: FastCLAClassifierTest.testCompute1 [32mPASSED[0m
tests/unit/py2/nupic/bindings/algorithms/fast_cla_classifier_test.py <- tests/unit/py2/nupic/algorithms/cla_classifier_test.py:113: FastCLAClassifierTest.testCompute2 [32mPASSED[0m
tests/unit/py2/nupic/bindings/algorithms/fast_cla_classifier_test.py <- tests/unit/py2/nupic/algorithms/cla_classifier_test.py:179: FastCLAClassifierTest.testComputeCategory [32mPASSED[0m
tests/unit/py2/nupic/bindings/algorithms/fast_cla_classifier_test.py <- tests/unit/py2/nupic/algorithms/cla_classifier_test.py:191: FastCLAClassifierTest.testComputeCategory2 [32mPASSED[0m
tests/unit/py2/nupic/bindings/algorithms/fast_cla_classifier_test.py <- tests/unit/py2/nupic/algorithms/cla_classifier_test.py:125: FastCLAClassifierTest.testComputeComplex [32mPASSED[0m
tests/unit/py2/nupic/bindings/algorithms/fast_cla_classifier_test.py <- tests/unit/py2/nupic/algorithms/cla_classifier_test.py:75: FastCLAClassifierTest.testComputeResultTypes [32mPASSED[0m
tests/unit/py2/nupic/bindings/algorithms/fast_cla_classifier_test.py <- tests/unit/py2/nupic/algorithms/cla_classifier_test.py:167: FastCLAClassifierTest.testComputeWithMissingValue [32mPASSED[0m
tests/unit/py2/nupic/bindings/algorithms/fast_cla_classifier_test.py <- tests/unit/py2/nupic/algorithms/cla_classifier_test.py:44: FastCLAClassifierTest.testInitialization [32mPASSED[0m
tests/unit/py2/nupic/bindings/algorithms/fast_cla_classifier_test.py <- tests/unit/py2/nupic/algorithms/cla_classifier_test.py:433: FastCLAClassifierTest.testMissingRecordInitialization [32mPASSED[0m
tests/unit/py2/nupic/bindings/algorithms/fast_cla_classifier_test.py <- tests/unit/py2/nupic/algorithms/cla_classifier_test.py:340: FastCLAClassifierTest.testMissingRecords [32mPASSED[0m
tests/unit/py2/nupic/bindings/algorithms/fast_cla_classifier_test.py <- tests/unit/py2/nupic/algorithms/cla_classifier_test.py:319: FastCLAClassifierTest.testMultistepSimple [32mPASSED[0m
tests/unit/py2/nupic/bindings/algorithms/fast_cla_classifier_test.py <- tests/unit/py2/nupic/algorithms/cla_classifier_test.py:302: FastCLAClassifierTest.testMultistepSingleValue [32mPASSED[0m
tests/unit/py2/nupic/bindings/algorithms/fast_cla_classifier_test.py <- tests/unit/py2/nupic/algorithms/cla_classifier_test.py:261: FastCLAClassifierTest.testOverlapPattern [32mPASSED[0m
tests/unit/py2/nupic/bindings/algorithms/fast_cla_classifier_test.py <- tests/unit/py2/nupic/algorithms/cla_classifier_test.py:203: FastCLAClassifierTest.testSerialization [32mPASSED[0m
tests/unit/py2/nupic/bindings/algorithms/fast_cla_classifier_test.py <- tests/unit/py2/nupic/algorithms/cla_classifier_test.py:49: FastCLAClassifierTest.testSingleValue [32mPASSED[0m
tests/unit/py2/nupic/bindings/algorithms/fast_cla_classifier_test.py <- tests/unit/py2/nupic/algorithms/cla_classifier_test.py:61: FastCLAClassifierTest.testSingleValue0Steps [32mPASSED[0m
tests/unit/py2/nupic/data/aggregator_test.py:33: AggregatorTest.testFixAggregationDict [32mPASSED[0m
tests/unit/py2/nupic/data/inference_shifter_test.py:136: TestInferenceShifter.testDifferentMultiStepsShift [32mPASSED[0m
tests/unit/py2/nupic/data/inference_shifter_test.py:153: TestInferenceShifter.testDifferentMultiStepsShiftMultipleValues [32mPASSED[0m
tests/unit/py2/nupic/data/inference_shifter_test.py:102: TestInferenceShifter.testMultiStepShift [32mPASSED[0m
tests/unit/py2/nupic/data/inference_shifter_test.py:119: TestInferenceShifter.testMultiStepShiftMultipleValues [32mPASSED[0m
tests/unit/py2/nupic/data/inference_shifter_test.py:40: TestInferenceShifter.testNoShift [32mPASSED[0m
tests/unit/py2/nupic/data/inference_shifter_test.py:56: TestInferenceShifter.testNoShiftMultipleValues [32mPASSED[0m
tests/unit/py2/nupic/data/inference_shifter_test.py:72: TestInferenceShifter.testSingleShift [32mPASSED[0m
tests/unit/py2/nupic/data/inference_shifter_test.py:87: TestInferenceShifter.testSingleShiftMultipleValues [32mPASSED[0m
tests/unit/py2/nupic/data/utils_test.py:35: UtilsTest.testParseTimestamp [32mPASSED[0m
tests/unit/py2/nupic/data/utils_test.py:46: UtilsTest.testSerializeTimestamp [32mPASSED[0m
tests/unit/py2/nupic/data/utils_test.py:51: UtilsTest.testSerializeTimestampNoMS [32mPASSED[0m
tests/unit/py2/nupic/frameworks/opf/safe_interpreter_test.py:64: TestSafeInterpreter.testBlacklist [32mPASSED[0m
tests/unit/py2/nupic/frameworks/opf/safe_interpreter_test.py:80: TestSafeInterpreter.testCompile [32mPASSED[0m
tests/unit/py2/nupic/frameworks/opf/safe_interpreter_test.py:53: TestSafeInterpreter.testConditionals [32mPASSED[0m
tests/unit/py2/nupic/frameworks/opf/safe_interpreter_test.py:106: TestSafeInterpreter.testOpen [32mPASSED[0m
tests/unit/py2/nupic/frameworks/opf/safe_interpreter_test.py:74: TestSafeInterpreter.testParse [32mPASSED[0m
tests/unit/py2/nupic/frameworks/opf/safe_interpreter_test.py:46: TestSafeInterpreter.testPrimitives [32mPASSED[0m
tests/unit/py2/nupic/frameworks/opf/safe_interpreter_test.py:93: TestSafeInterpreter.testRecursive [32mPASSED[0m
tests/unit/py2/nupic/frameworks/opf/safe_interpreter_test.py:87: TestSafeInterpreter.testSum [32mPASSED[0m
tests/unit/py2/nupic/research/flat_spatial_pooler_test.py:58: FlatSpatialPoolerTest.testSelectHighTierColumns [32mPASSED[0m
tests/unit/py2/nupic/research/flat_spatial_pooler_test.py:44: FlatSpatialPoolerTest.testSelectVirginColumns [32mPASSED[0m
tests/unit/py2/nupic/research/spatial_pooler_test.py:727: SpatialPoolerTest.testAdaptSynapses [32mPASSED[0m
tests/unit/py2/nupic/research/spatial_pooler_test.py:343: SpatialPoolerTest.testAvgColumnsPerInput [32mPASSED[0m
tests/unit/py2/nupic/research/spatial_pooler_test.py:380: SpatialPoolerTest.testAvgConnectedSpanForColumn1D [32mPASSED[0m
tests/unit/py2/nupic/research/spatial_pooler_test.py:402: SpatialPoolerTest.testAvgConnectedSpanForColumn2D [32mPASSED[0m
tests/unit/py2/nupic/research/spatial_pooler_test.py:494: SpatialPoolerTest.testAvgConnectedSpanForColumnND [32mPASSED[0m
tests/unit/py2/nupic/research/spatial_pooler_test.py:558: SpatialPoolerTest.testBumpUpWeakColumns [32mPASSED[0m
tests/unit/py2/nupic/research/spatial_pooler_test.py:876: SpatialPoolerTest.testCalculateOverlap [32mPASSED[0m
tests/unit/py2/nupic/research/spatial_pooler_test.py:62: SpatialPoolerTest.testCompute1 [32mPASSED[0m
tests/unit/py2/nupic/research/spatial_pooler_test.py:98: SpatialPoolerTest.testCompute2 [32mPASSED[0m
tests/unit/py2/nupic/research/spatial_pooler_test.py:1125: SpatialPoolerTest.testGetNeighbors1D [32mPASSED[0m
tests/unit/py2/nupic/research/spatial_pooler_test.py:1205: SpatialPoolerTest.testGetNeighbors2D [32mPASSED[0m
tests/unit/py2/nupic/research/spatial_pooler_test.py:1313: SpatialPoolerTest.testGetNeighborsND [32mPASSED[0m
tests/unit/py2/nupic/research/spatial_pooler_test.py:195: SpatialPoolerTest.testInhibitColumns [32mPASSED[0m
tests/unit/py2/nupic/research/spatial_pooler_test.py:1068: SpatialPoolerTest.testInhibitColumnsGlobal [32mPASSED[0m
tests/unit/py2/nupic/research/spatial_pooler_test.py:1091: SpatialPoolerTest.testInhibitColumnsLocal [32mPASSED[0m
tests/unit/py2/nupic/research/spatial_pooler_test.py:946: SpatialPoolerTest.testInitPermanence1 [32mPASSED[0m
tests/unit/py2/nupic/research/spatial_pooler_test.py:990: SpatialPoolerTest.testInitPermanence2 [32mPASSED[0m
tests/unit/py2/nupic/research/spatial_pooler_test.py:698: SpatialPoolerTest.testIsUpdateRound [32mPASSED[0m
tests/unit/py2/nupic/research/spatial_pooler_test.py:160: SpatialPoolerTest.testMapPotential [32mPASSED[0m
tests/unit/py2/nupic/research/spatial_pooler_test.py:797: SpatialPoolerTest.testRaisePermanenceThreshold [32mPASSED[0m
tests/unit/py2/nupic/research/spatial_pooler_test.py:133: SpatialPoolerTest.testStripNeverLearned [32mPASSED[0m
tests/unit/py2/nupic/research/spatial_pooler_test.py:268: SpatialPoolerTest.testUpdateBoostFactors [32mPASSED[0m
tests/unit/py2/nupic/research/spatial_pooler_test.py:1031: SpatialPoolerTest.testUpdateDutyCycleHelper [32mPASSED[0m
tests/unit/py2/nupic/research/spatial_pooler_test.py:308: SpatialPoolerTest.testUpdateInhibitionRadius [32mPASSED[0m
tests/unit/py2/nupic/research/spatial_pooler_test.py:599: SpatialPoolerTest.testUpdateMinDutyCycleLocal [32mPASSED[0m
tests/unit/py2/nupic/research/spatial_pooler_test.py:657: SpatialPoolerTest.testUpdateMinDutyCyclesGlobal [32mPASSED[0m
tests/unit/py2/nupic/research/spatial_pooler_test.py:835: SpatialPoolerTest.testUpdatePermanencesForColumn [32mPASSED[0m
tests/unit/py2/nupic/research/tp10x2_test.py <- tests/unit/py2/nupic/research/tp_test.py:58: TP10X2Test.testCheckpointLearned [32mPASSED[0m
tests/unit/py2/nupic/research/tp10x2_test.py <- tests/unit/py2/nupic/research/tp_test.py:92: TP10X2Test.testCheckpointMiddleOfSequence [32mPASSED[0m
tests/unit/py2/nupic/research/tp10x2_test.py <- tests/unit/py2/nupic/research/tp_test.py:128: TP10X2Test.testCheckpointMiddleOfSequence2 [32mPASSED[0m
tests/unit/py2/nupic/research/tp_test.py:58: TPTest.testCheckpointLearned [32mPASSED[0m
tests/unit/py2/nupic/research/tp_test.py:92: TPTest.testCheckpointMiddleOfSequence [32mPASSED[0m
tests/unit/py2/nupic/research/tp_test.py:128: TPTest.testCheckpointMiddleOfSequence2 [32mPASSED[0m
tests/unit/py2/nupic/support/configuration_test.py <- /home/travis/build/numenta/nupic/tests/unit/py2/nupic/support/configuration_test.py:255: tests.unit.py2.nupic.support.configuration_test [32mPASSED[0m
tests/unit/py2/nupic/support/configuration_test.py <- /home/travis/build/numenta/nupic/tests/unit/py2/nupic/support/configuration_test.py:547: tests.unit.py2.nupic.support.configuration_test [32mPASSED[0m
tests/unit/py2/nupic/support/configuration_test.py <- /home/travis/build/numenta/nupic/tests/unit/py2/nupic/support/configuration_test.py:609: tests.unit.py2.nupic.support.configuration_test [32mPASSED[0m
tests/unit/py2/nupic/support/configuration_test.py <- /home/travis/build/numenta/nupic/tests/unit/py2/nupic/support/configuration_test.py:209: tests.unit.py2.nupic.support.configuration_test [32mPASSED[0m
tests/unit/py2/nupic/support/configuration_test.py <- /home/travis/build/numenta/nupic/tests/unit/py2/nupic/support/configuration_test.py:226: tests.unit.py2.nupic.support.configuration_test [32mPASSED[0m
tests/unit/py2/nupic/support/configuration_test.py <- /home/travis/build/numenta/nupic/tests/unit/py2/nupic/support/configuration_test.py:239: tests.unit.py2.nupic.support.configuration_test [32mPASSED[0m
tests/unit/py2/nupic/support/configuration_test.py <- /home/travis/build/numenta/nupic/tests/unit/py2/nupic/support/configuration_test.py:478: tests.unit.py2.nupic.support.configuration_test [32mPASSED[0m
tests/unit/py2/nupic/support/configuration_test.py <- /home/travis/build/numenta/nupic/tests/unit/py2/nupic/support/configuration_test.py:490: tests.unit.py2.nupic.support.configuration_test [32mPASSED[0m
tests/unit/py2/nupic/support/configuration_test.py <- /home/travis/build/numenta/nupic/tests/unit/py2/nupic/support/configuration_test.py:124: tests.unit.py2.nupic.support.configuration_test [32mPASSED[0m
tests/unit/py2/nupic/support/configuration_test.py <- /home/travis/build/numenta/nupic/tests/unit/py2/nupic/support/configuration_test.py:96: tests.unit.py2.nupic.support.configuration_test [32mPASSED[0m
tests/unit/py2/nupic/support/configuration_test.py <- /home/travis/build/numenta/nupic/tests/unit/py2/nupic/support/configuration_test.py:107: tests.unit.py2.nupic.support.configuration_test [32mPASSED[0m
tests/unit/py2/nupic/support/configuration_test.py <- /home/travis/build/numenta/nupic/tests/unit/py2/nupic/support/configuration_test.py:503: tests.unit.py2.nupic.support.configuration_test [32mPASSED[0m
tests/unit/py2/nupic/support/configuration_test.py <- /home/travis/build/numenta/nupic/tests/unit/py2/nupic/support/configuration_test.py:512: tests.unit.py2.nupic.support.configuration_test [33mSKIPPED[0m
tests/unit/py2/nupic/support/configuration_test.py <- /home/travis/build/numenta/nupic/tests/unit/py2/nupic/support/configuration_test.py:524: tests.unit.py2.nupic.support.configuration_test [32mPASSED[0m
tests/unit/py2/nupic/support/configuration_test.py <- /home/travis/build/numenta/nupic/tests/unit/py2/nupic/support/configuration_test.py:174: tests.unit.py2.nupic.support.configuration_test [32mPASSED[0m
tests/unit/py2/nupic/support/configuration_test.py <- /home/travis/build/numenta/nupic/tests/unit/py2/nupic/support/configuration_test.py:163: tests.unit.py2.nupic.support.configuration_test [32mPASSED[0m
tests/unit/py2/nupic/support/configuration_test.py <- /home/travis/build/numenta/nupic/tests/unit/py2/nupic/support/configuration_test.py:271: tests.unit.py2.nupic.support.configuration_test [32mPASSED[0m
tests/unit/py2/nupic/support/configuration_test.py <- /home/travis/build/numenta/nupic/tests/unit/py2/nupic/support/configuration_test.py:151: tests.unit.py2.nupic.support.configuration_test [32mPASSED[0m
tests/unit/py2/nupic/support/configuration_test.py <- /home/travis/build/numenta/nupic/tests/unit/py2/nupic/support/configuration_test.py:140: tests.unit.py2.nupic.support.configuration_test [32mPASSED[0m
tests/unit/py2/nupic/support/configuration_test.py <- /home/travis/build/numenta/nupic/tests/unit/py2/nupic/support/configuration_test.py:186: tests.unit.py2.nupic.support.configuration_test [32mPASSED[0m
tests/unit/py2/nupic/support/configuration_test.py <- /home/travis/build/numenta/nupic/tests/unit/py2/nupic/support/configuration_test.py:84: tests.unit.py2.nupic.support.configuration_test [32mPASSED[0m
tests/unit/py2/nupic/support/configuration_test.py <- /home/travis/build/numenta/nupic/tests/unit/py2/nupic/support/configuration_test.py:73: tests.unit.py2.nupic.support.configuration_test [32mPASSED[0m
tests/unit/py2/nupic/support/configuration_test.py <- /home/travis/build/numenta/nupic/tests/unit/py2/nupic/support/configuration_test.py:377: tests.unit.py2.nupic.support.configuration_test [32mPASSED[0m
tests/unit/py2/nupic/support/configuration_test.py <- /home/travis/build/numenta/nupic/tests/unit/py2/nupic/support/configuration_test.py:354: tests.unit.py2.nupic.support.configuration_test [32mPASSED[0m
tests/unit/py2/nupic/support/configuration_test.py <- /home/travis/build/numenta/nupic/tests/unit/py2/nupic/support/configuration_test.py:450: tests.unit.py2.nupic.support.configuration_test [32mPASSED[0m
tests/unit/py2/nupic/support/configuration_test.py <- /home/travis/build/numenta/nupic/tests/unit/py2/nupic/support/configuration_test.py:283: tests.unit.py2.nupic.support.configuration_test [32mPASSED[0m
tests/unit/py2/nupic/support/configuration_test.py <- /home/travis/build/numenta/nupic/tests/unit/py2/nupic/support/configuration_test.py:425: tests.unit.py2.nupic.support.configuration_test [32mPASSED[0m
tests/unit/py2/nupic/support/configuration_test.py <- /home/travis/build/numenta/nupic/tests/unit/py2/nupic/support/configuration_test.py:314: tests.unit.py2.nupic.support.configuration_test [32mPASSED[0m
tests/unit/py2/nupic/support/configuration_test.py <- /home/travis/build/numenta/nupic/tests/unit/py2/nupic/support/configuration_test.py:401: tests.unit.py2.nupic.support.configuration_test [32mPASSED[0m
tests/unit/py2/nupic/support/configuration_test.py <- /home/travis/build/numenta/nupic/tests/unit/py2/nupic/support/configuration_test.py:332: tests.unit.py2.nupic.support.configuration_test [32mPASSED[0m
tests/unit/py2/nupic/support/configuration_test.py <- /home/travis/build/numenta/nupic/tests/unit/py2/nupic/support/configuration_test.py:295: tests.unit.py2.nupic.support.configuration_test [32mPASSED[0m
tests/unit/py2/nupic/support/configuration_test.py <- /home/travis/build/numenta/nupic/tests/unit/py2/nupic/support/configuration_test.py:197: tests.unit.py2.nupic.support.configuration_test [32mPASSED[0m
tests/unit/py2/nupic/support/configuration_test.py:538: ConfigurationTest.testSetConfigPathsForNoneWithNTA_CONF_DIRInEnv [32mPASSED[0m
tests/unit/py2/nupic/support/custom_configuration_test.py <- /home/travis/build/numenta/nupic/tests/unit/py2/nupic/support/custom_configuration_test.py:539: tests.unit.py2.nupic.support.custom_configuration_test [32mPASSED[0m
tests/unit/py2/nupic/support/custom_configuration_test.py <- /home/travis/build/numenta/nupic/tests/unit/py2/nupic/support/custom_configuration_test.py:262: tests.unit.py2.nupic.support.custom_configuration_test [32mPASSED[0m
tests/unit/py2/nupic/support/custom_configuration_test.py <- /home/travis/build/numenta/nupic/tests/unit/py2/nupic/support/custom_configuration_test.py:836: tests.unit.py2.nupic.support.custom_configuration_test [32mPASSED[0m
tests/unit/py2/nupic/support/custom_configuration_test.py <- /home/travis/build/numenta/nupic/tests/unit/py2/nupic/support/custom_configuration_test.py:898: tests.unit.py2.nupic.support.custom_configuration_test [32mPASSED[0m
tests/unit/py2/nupic/support/custom_configuration_test.py <- /home/travis/build/numenta/nupic/tests/unit/py2/nupic/support/custom_configuration_test.py:239: tests.unit.py2.nupic.support.custom_configuration_test [32mPASSED[0m
tests/unit/py2/nupic/support/custom_configuration_test.py <- /home/travis/build/numenta/nupic/tests/unit/py2/nupic/support/custom_configuration_test.py:214: tests.unit.py2.nupic.support.custom_configuration_test [32mPASSED[0m
tests/unit/py2/nupic/support/custom_configuration_test.py <- /home/travis/build/numenta/nupic/tests/unit/py2/nupic/support/custom_configuration_test.py:92: tests.unit.py2.nupic.support.custom_configuration_test [32mPASSED[0m
tests/unit/py2/nupic/support/custom_configuration_test.py <- /home/travis/build/numenta/nupic/tests/unit/py2/nupic/support/custom_configuration_test.py:493: tests.unit.py2.nupic.support.custom_configuration_test [32mPASSED[0m
tests/unit/py2/nupic/support/custom_configuration_test.py <- /home/travis/build/numenta/nupic/tests/unit/py2/nupic/support/custom_configuration_test.py:510: tests.unit.py2.nupic.support.custom_configuration_test [32mPASSED[0m
tests/unit/py2/nupic/support/custom_configuration_test.py <- /home/travis/build/numenta/nupic/tests/unit/py2/nupic/support/custom_configuration_test.py:523: tests.unit.py2.nupic.support.custom_configuration_test [32mPASSED[0m
tests/unit/py2/nupic/support/custom_configuration_test.py <- /home/travis/build/numenta/nupic/tests/unit/py2/nupic/support/custom_configuration_test.py:186: tests.unit.py2.nupic.support.custom_configuration_test [32mPASSED[0m
tests/unit/py2/nupic/support/custom_configuration_test.py <- /home/travis/build/numenta/nupic/tests/unit/py2/nupic/support/custom_configuration_test.py:825: tests.unit.py2.nupic.support.custom_configuration_test [32mPASSED[0m
tests/unit/py2/nupic/support/custom_configuration_test.py <- /home/travis/build/numenta/nupic/tests/unit/py2/nupic/support/custom_configuration_test.py:755: tests.unit.py2.nupic.support.custom_configuration_test [32mPASSED[0m
tests/unit/py2/nupic/support/custom_configuration_test.py <- /home/travis/build/numenta/nupic/tests/unit/py2/nupic/support/custom_configuration_test.py:768: tests.unit.py2.nupic.support.custom_configuration_test [32mPASSED[0m
tests/unit/py2/nupic/support/custom_configuration_test.py <- /home/travis/build/numenta/nupic/tests/unit/py2/nupic/support/custom_configuration_test.py:104: tests.unit.py2.nupic.support.custom_configuration_test [32mPASSED[0m
tests/unit/py2/nupic/support/custom_configuration_test.py <- /home/travis/build/numenta/nupic/tests/unit/py2/nupic/support/custom_configuration_test.py:408: tests.unit.py2.nupic.support.custom_configuration_test [32mPASSED[0m
tests/unit/py2/nupic/support/custom_configuration_test.py <- /home/travis/build/numenta/nupic/tests/unit/py2/nupic/support/custom_configuration_test.py:380: tests.unit.py2.nupic.support.custom_configuration_test [32mPASSED[0m
tests/unit/py2/nupic/support/custom_configuration_test.py <- /home/travis/build/numenta/nupic/tests/unit/py2/nupic/support/custom_configuration_test.py:391: tests.unit.py2.nupic.support.custom_configuration_test [32mPASSED[0m
tests/unit/py2/nupic/support/custom_configuration_test.py <- /home/travis/build/numenta/nupic/tests/unit/py2/nupic/support/custom_configuration_test.py:781: tests.unit.py2.nupic.support.custom_configuration_test [32mPASSED[0m
tests/unit/py2/nupic/support/custom_configuration_test.py <- /home/travis/build/numenta/nupic/tests/unit/py2/nupic/support/custom_configuration_test.py:790: tests.unit.py2.nupic.support.custom_configuration_test [33mSKIPPED[0m
tests/unit/py2/nupic/support/custom_configuration_test.py <- /home/travis/build/numenta/nupic/tests/unit/py2/nupic/support/custom_configuration_test.py:802: tests.unit.py2.nupic.support.custom_configuration_test [32mPASSED[0m
tests/unit/py2/nupic/support/custom_configuration_test.py <- /home/travis/build/numenta/nupic/tests/unit/py2/nupic/support/custom_configuration_test.py:316: tests.unit.py2.nupic.support.custom_configuration_test [32mPASSED[0m
tests/unit/py2/nupic/support/custom_configuration_test.py <- /home/travis/build/numenta/nupic/tests/unit/py2/nupic/support/custom_configuration_test.py:340: tests.unit.py2.nupic.support.custom_configuration_test [32mPASSED[0m
tests/unit/py2/nupic/support/custom_configuration_test.py <- /home/travis/build/numenta/nupic/tests/unit/py2/nupic/support/custom_configuration_test.py:458: tests.unit.py2.nupic.support.custom_configuration_test [32mPASSED[0m
tests/unit/py2/nupic/support/custom_configuration_test.py <- /home/travis/build/numenta/nupic/tests/unit/py2/nupic/support/custom_configuration_test.py:447: tests.unit.py2.nupic.support.custom_configuration_test [32mPASSED[0m
tests/unit/py2/nupic/support/custom_configuration_test.py <- /home/travis/build/numenta/nupic/tests/unit/py2/nupic/support/custom_configuration_test.py:555: tests.unit.py2.nupic.support.custom_configuration_test [32mPASSED[0m
tests/unit/py2/nupic/support/custom_configuration_test.py <- /home/travis/build/numenta/nupic/tests/unit/py2/nupic/support/custom_configuration_test.py:435: tests.unit.py2.nupic.support.custom_configuration_test [32mPASSED[0m
tests/unit/py2/nupic/support/custom_configuration_test.py <- /home/travis/build/numenta/nupic/tests/unit/py2/nupic/support/custom_configuration_test.py:424: tests.unit.py2.nupic.support.custom_configuration_test [32mPASSED[0m
tests/unit/py2/nupic/support/custom_configuration_test.py <- /home/travis/build/numenta/nupic/tests/unit/py2/nupic/support/custom_configuration_test.py:470: tests.unit.py2.nupic.support.custom_configuration_test [32mPASSED[0m
tests/unit/py2/nupic/support/custom_configuration_test.py <- /home/travis/build/numenta/nupic/tests/unit/py2/nupic/support/custom_configuration_test.py:368: tests.unit.py2.nupic.support.custom_configuration_test [32mPASSED[0m
tests/unit/py2/nupic/support/custom_configuration_test.py <- /home/travis/build/numenta/nupic/tests/unit/py2/nupic/support/custom_configuration_test.py:357: tests.unit.py2.nupic.support.custom_configuration_test [32mPASSED[0m
tests/unit/py2/nupic/support/custom_configuration_test.py <- /home/travis/build/numenta/nupic/tests/unit/py2/nupic/support/custom_configuration_test.py:657: tests.unit.py2.nupic.support.custom_configuration_test [32mPASSED[0m
tests/unit/py2/nupic/support/custom_configuration_test.py <- /home/travis/build/numenta/nupic/tests/unit/py2/nupic/support/custom_configuration_test.py:635: tests.unit.py2.nupic.support.custom_configuration_test [32mPASSED[0m
tests/unit/py2/nupic/support/custom_configuration_test.py <- /home/travis/build/numenta/nupic/tests/unit/py2/nupic/support/custom_configuration_test.py:727: tests.unit.py2.nupic.support.custom_configuration_test [32mPASSED[0m
tests/unit/py2/nupic/support/custom_configuration_test.py <- /home/travis/build/numenta/nupic/tests/unit/py2/nupic/support/custom_configuration_test.py:567: tests.unit.py2.nupic.support.custom_configuration_test [32mPASSED[0m
tests/unit/py2/nupic/support/custom_configuration_test.py <- /home/travis/build/numenta/nupic/tests/unit/py2/nupic/support/custom_configuration_test.py:703: tests.unit.py2.nupic.support.custom_configuration_test [32mPASSED[0m
tests/unit/py2/nupic/support/custom_configuration_test.py <- /home/travis/build/numenta/nupic/tests/unit/py2/nupic/support/custom_configuration_test.py:597: tests.unit.py2.nupic.support.custom_configuration_test [32mPASSED[0m
tests/unit/py2/nupic/support/custom_configuration_test.py <- /home/travis/build/numenta/nupic/tests/unit/py2/nupic/support/custom_configuration_test.py:680: tests.unit.py2.nupic.support.custom_configuration_test [32mPASSED[0m
tests/unit/py2/nupic/support/custom_configuration_test.py <- /home/travis/build/numenta/nupic/tests/unit/py2/nupic/support/custom_configuration_test.py:614: tests.unit.py2.nupic.support.custom_configuration_test [32mPASSED[0m
tests/unit/py2/nupic/support/custom_configuration_test.py <- /home/travis/build/numenta/nupic/tests/unit/py2/nupic/support/custom_configuration_test.py:579: tests.unit.py2.nupic.support.custom_configuration_test [32mPASSED[0m
tests/unit/py2/nupic/support/custom_configuration_test.py <- /home/travis/build/numenta/nupic/tests/unit/py2/nupic/support/custom_configuration_test.py:481: tests.unit.py2.nupic.support.custom_configuration_test [32mPASSED[0m
tests/unit/py2/nupic/support/custom_configuration_test.py:816: ConfigurationCustomTest.testSetConfigPathsForNoneWithNTA_CONF_DIRInEnv [32mPASSED[0m
tests/unit/py2/nupic/support/custom_configuration_test.py <- /home/travis/build/numenta/nupic/tests/unit/py2/nupic/support/custom_configuration_test.py:154: tests.unit.py2.nupic.support.custom_configuration_test [32mPASSED[0m
tests/unit/py2/nupic/support/custom_configuration_test.py <- /home/travis/build/numenta/nupic/tests/unit/py2/nupic/support/custom_configuration_test.py:127: tests.unit.py2.nupic.support.custom_configuration_test [32mPASSED[0m
tests/unit/py2/nupic/support/custom_configuration_test.py <- /home/travis/build/numenta/nupic/tests/unit/py2/nupic/support/custom_configuration_test.py:281: tests.unit.py2.nupic.support.custom_configuration_test [32mPASSED[0m
tests/unit/py2/nupic/support/object_json_test.py:81: TestObjectJson.testBasicDumps [32mPASSED[0m
tests/unit/py2/nupic/support/object_json_test.py:78: TestObjectJson.testComplex [32mPASSED[0m
tests/unit/py2/nupic/support/object_json_test.py:51: TestObjectJson.testDates [32mPASSED[0m
tests/unit/py2/nupic/support/object_json_test.py:61: TestObjectJson.testDatetimes [32mPASSED[0m
tests/unit/py2/nupic/support/object_json_test.py:91: TestObjectJson.testDump [32mPASSED[0m
tests/unit/py2/nupic/support/object_json_test.py:117: TestObjectJson.testDumpsObject [32mPASSED[0m
tests/unit/py2/nupic/support/object_json_test.py:72: TestObjectJson.testDumpsTuple [32mPASSED[0m
tests/unit/py2/nupic/support/object_json_test.py:86: TestObjectJson.testDumpsWithIndent [32mPASSED[0m
tests/unit/py2/nupic/support/object_json_test.py:107: TestObjectJson.testLoad [32mPASSED[0m
tests/unit/py2/nupic/support/object_json_test.py:97: TestObjectJson.testLoads [32mPASSED[0m
tests/unit/py2/nupic/support/object_json_test.py:102: TestObjectJson.testLoadsWithIndent [32mPASSED[0m
tests/unit/py2/nupic/support/object_json_test.py:112: TestObjectJson.testNonStringKeys [32mPASSED[0m
tests/unit/py2/nupic/support/object_json_test.py:127: TestObjectJson.testObjectWithNonStringKeys [32mPASSED[0m
tests/unit/py2/nupic/support/object_json_test.py:37: TestObjectJson.testPrimitives [32mPASSED[0m
tests/unit/py2/nupic/support/object_json_test.py:75: TestObjectJson.testTuple [32mPASSED[0m
tests/unit/py2/regions/knn_anomaly_classifier_region_test.py <- /home/travis/build/numenta/nupic/tests/unit/py2/regions/knn_anomaly_classifier_region_test.py:149: tests.unit.py2.regions.knn_anomaly_classifier_region_test [32mPASSED[0m
tests/unit/py2/regions/knn_anomaly_classifier_region_test.py <- /home/travis/build/numenta/nupic/tests/unit/py2/regions/knn_anomaly_classifier_region_test.py:479: tests.unit.py2.regions.knn_anomaly_classifier_region_test [32mPASSED[0m
tests/unit/py2/regions/knn_anomaly_classifier_region_test.py:742: KNNAnomalyClassifierRegionTest.testCLAClassificationRecord [32mPASSED[0m
tests/unit/py2/regions/knn_anomaly_classifier_region_test.py:773: KNNAnomalyClassifierRegionTest.testCLAClassificationRecordGetState [32mPASSED[0m
tests/unit/py2/regions/knn_anomaly_classifier_region_test.py:787: KNNAnomalyClassifierRegionTest.testCLAClassificationRecordSetState [32mPASSED[0m
tests/unit/py2/regions/knn_anomaly_classifier_region_test.py:685: KNNAnomalyClassifierRegionTest.testCategoryToList [32mPASSED[0m
tests/unit/py2/regions/knn_anomaly_classifier_region_test.py <- /home/travis/build/numenta/nupic/tests/unit/py2/regions/knn_anomaly_classifier_region_test.py:636: tests.unit.py2.regions.knn_anomaly_classifier_region_test [32mPASSED[0m
tests/unit/py2/regions/knn_anomaly_classifier_region_test.py:582: KNNAnomalyClassifierRegionTest.testConstructClassificationVector [32mPASSED[0m
tests/unit/py2/regions/knn_anomaly_classifier_region_test.py <- /home/travis/build/numenta/nupic/tests/unit/py2/regions/knn_anomaly_classifier_region_test.py:516: tests.unit.py2.regions.knn_anomaly_classifier_region_test [32mPASSED[0m
tests/unit/py2/regions/knn_anomaly_classifier_region_test.py:700: KNNAnomalyClassifierRegionTest.testGetAnomalyVector [32mPASSED[0m
tests/unit/py2/regions/knn_anomaly_classifier_region_test.py:108: KNNAnomalyClassifierRegionTest.testGetLabels [32mPASSED[0m
tests/unit/py2/regions/knn_anomaly_classifier_region_test.py:64: KNNAnomalyClassifierRegionTest.testInit [32mPASSED[0m
tests/unit/py2/regions/knn_anomaly_classifier_region_test.py <- /home/travis/build/numenta/nupic/tests/unit/py2/regions/knn_anomaly_classifier_region_test.py:541: tests.unit.py2.regions.knn_anomaly_classifier_region_test [32mPASSED[0m
tests/unit/py2/regions/knn_anomaly_classifier_region_test.py <- /home/travis/build/numenta/nupic/tests/unit/py2/regions/knn_anomaly_classifier_region_test.py:194: tests.unit.py2.regions.knn_anomaly_classifier_region_test [32mPASSED[0m
tests/unit/py2/regions/knn_anomaly_classifier_region_test.py <- /home/travis/build/numenta/nupic/tests/unit/py2/regions/knn_anomaly_classifier_region_test.py:236: tests.unit.py2.regions.knn_anomaly_classifier_region_test [32mPASSED[0m
tests/unit/py2/regions/knn_anomaly_classifier_region_test.py <- /home/travis/build/numenta/nupic/tests/unit/py2/regions/knn_anomaly_classifier_region_test.py:262: tests.unit.py2.regions.knn_anomaly_classifier_region_test [32mPASSED[0m
tests/unit/py2/regions/knn_anomaly_classifier_region_test.py <- /home/travis/build/numenta/nupic/tests/unit/py2/regions/knn_anomaly_classifier_region_test.py:278: tests.unit.py2.regions.knn_anomaly_classifier_region_test [32mPASSED[0m
tests/unit/py2/regions/knn_anomaly_classifier_region_test.py <- /home/travis/build/numenta/nupic/tests/unit/py2/regions/knn_anomaly_classifier_region_test.py:310: tests.unit.py2.regions.knn_anomaly_classifier_region_test [32mPASSED[0m
tests/unit/py2/regions/knn_anomaly_classifier_region_test.py:717: KNNAnomalyClassifierRegionTest.testSetState [32mPASSED[0m
tests/unit/py2/regions/knn_anomaly_classifier_region_test.py <- /home/travis/build/numenta/nupic/tests/unit/py2/regions/knn_anomaly_classifier_region_test.py:356: tests.unit.py2.regions.knn_anomaly_classifier_region_test [32mPASSED[0m

==================================== ERRORS ====================================
____ ERROR collecting tests/integration/py2/nupic/swarming/swarming_test.py ____
tests/integration/py2/nupic/swarming/swarming_test.py:46: in <module>
[1m>   from nupic.swarming.DummyModelRunner import OPFDummyModelRunner[0m
../../../nta/eng/lib/python2.6/site-packages/nupic/swarming/DummyModelRunner.py:39: in <module>
[1m>   from nupic.frameworks.opf.modelfactory import ModelFactory[0m
../../../nta/eng/lib/python2.6/site-packages/nupic/frameworks/opf/modelfactory.py:28: in <module>
[1m>   from clamodel import CLAModel[0m
../../../nta/eng/lib/python2.6/site-packages/nupic/frameworks/opf/clamodel.py:52: in <module>
[1m>   from nupic.encoders import (MultiEncoder, DateEncoder, ScalarEncoder)[0m
../../../nta/eng/lib/python2.6/site-packages/nupic/encoders/__init__.py:28: in <module>
[1m>   from delta import DeltaEncoder,testDeltaEncoder[0m
../../../nta/eng/lib/python2.6/site-packages/nupic/encoders/delta.py:28: in <module>
[1m>   class DeltaEncoder(AdaptiveScalarEncoder):[0m
[1m[31mE     NameError: name 'AdaptiveScalarEncoder' is not defined[0m
 ERROR collecting tests/unit/py2/nupic/frameworks/opf/clamodel_classifier_helper_test.py
tests/unit/py2/nupic/frameworks/opf/clamodel_classifier_helper_test.py:44: in <module>
[1m>   from nupic.frameworks.opf.modelfactory import ModelFactory[0m
../../../nta/eng/lib/python2.6/site-packages/nupic/frameworks/opf/modelfactory.py:28: in <module>
[1m>   from clamodel import CLAModel[0m
../../../nta/eng/lib/python2.6/site-packages/nupic/frameworks/opf/clamodel.py:52: in <module>
[1m>   from nupic.encoders import (MultiEncoder, DateEncoder, ScalarEncoder)[0m
../../../nta/eng/lib/python2.6/site-packages/nupic/encoders/__init__.py:28: in <module>
[1m>   from delta import DeltaEncoder,testDeltaEncoder[0m
../../../nta/eng/lib/python2.6/site-packages/nupic/encoders/delta.py:28: in <module>
[1m>   class DeltaEncoder(AdaptiveScalarEncoder):[0m
[1m[31mE     NameError: name 'AdaptiveScalarEncoder' is not defined[0m
____ ERROR collecting tests/unit/py2/nupic/frameworks/opf/clamodel_test.py _____
tests/unit/py2/nupic/frameworks/opf/clamodel_test.py:27: in <module>
[1m>   from nupic.frameworks.opf.clamodel import CLAModel[0m
../../../nta/eng/lib/python2.6/site-packages/nupic/frameworks/opf/clamodel.py:52: in <module>
[1m>   from nupic.encoders import (MultiEncoder, DateEncoder, ScalarEncoder)[0m
../../../nta/eng/lib/python2.6/site-packages/nupic/encoders/__init__.py:28: in <module>
[1m>   from delta import DeltaEncoder,testDeltaEncoder[0m
../../../nta/eng/lib/python2.6/site-packages/nupic/encoders/delta.py:28: in <module>
[1m>   class DeltaEncoder(AdaptiveScalarEncoder):[0m
[1m[31mE     NameError: name 'AdaptiveScalarEncoder' is not defined[0m
--------------- coverage: platform linux2, python 2.6.8-final-0 ----------------
Name                                                                                                               Stmts   Miss  Cover
--------------------------------------------------------------------------------------------------------------------------------------
/home/travis/nta/eng/lib/python2.6/site-packages/nupic/__init__                                                        5      0   100%
/home/travis/nta/eng/lib/python2.6/site-packages/nupic/algorithms/CLAClassifier                                      176    153    13%
/home/travis/nta/eng/lib/python2.6/site-packages/nupic/algorithms/KNNClassifier                                      489    452     8%
/home/travis/nta/eng/lib/python2.6/site-packages/nupic/algorithms/__init__                                             4      0   100%
/home/travis/nta/eng/lib/python2.6/site-packages/nupic/algorithms/cla_classifier_diff                                 29     19    34%
/home/travis/nta/eng/lib/python2.6/site-packages/nupic/algorithms/cla_classifier_factory                              17     17     0%
/home/travis/nta/eng/lib/python2.6/site-packages/nupic/analysis/__init__                                               9      9     0%
/home/travis/nta/eng/lib/python2.6/site-packages/nupic/analysis/_inspect                                              93     93     0%
/home/travis/nta/eng/lib/python2.6/site-packages/nupic/analysis/inferenceanalysis                                    209    209     0%
/home/travis/nta/eng/lib/python2.6/site-packages/nupic/analysis/inspectors/MultiInspector                            560    560     0%
/home/travis/nta/eng/lib/python2.6/site-packages/nupic/analysis/inspectors/__init__                                    0      0   100%
/home/travis/nta/eng/lib/python2.6/site-packages/nupic/analysis/inspectors/network/NearestNeighborInspector          375    375     0%
/home/travis/nta/eng/lib/python2.6/site-packages/nupic/analysis/inspectors/network/NetworkInspector                   41     41     0%
/home/travis/nta/eng/lib/python2.6/site-packages/nupic/analysis/inspectors/network/PredictionRuntimeInspector        229    229     0%
/home/travis/nta/eng/lib/python2.6/site-packages/nupic/analysis/inspectors/network/ResultsInspector                   61     61     0%
/home/travis/nta/eng/lib/python2.6/site-packages/nupic/analysis/inspectors/network/__init__                           12     12     0%
/home/travis/nta/eng/lib/python2.6/site-packages/nupic/analysis/inspectors/region/CLARegionInspector                 122    122     0%
/home/travis/nta/eng/lib/python2.6/site-packages/nupic/analysis/inspectors/region/CLARegionSimpleInspector            56     56     0%
/home/travis/nta/eng/lib/python2.6/site-packages/nupic/analysis/inspectors/region/ImageSensorInspector               116    116     0%
/home/travis/nta/eng/lib/python2.6/site-packages/nupic/analysis/inspectors/region/MiniImageSensorInspector             6      6     0%
/home/travis/nta/eng/lib/python2.6/site-packages/nupic/analysis/inspectors/region/MiniPictureSensorInspector           6      6     0%
/home/travis/nta/eng/lib/python2.6/site-packages/nupic/analysis/inspectors/region/PMXClassifierNodeInspector          30     30     0%
/home/travis/nta/eng/lib/python2.6/site-packages/nupic/analysis/inspectors/region/PictureSensorInspector              37     37     0%
/home/travis/nta/eng/lib/python2.6/site-packages/nupic/analysis/inspectors/region/RecordSensorInspector              106    106     0%
/home/travis/nta/eng/lib/python2.6/site-packages/nupic/analysis/inspectors/region/RegionInspector                     86     86     0%
/home/travis/nta/eng/lib/python2.6/site-packages/nupic/analysis/inspectors/region/VectorFileEffectorInspector         16     16     0%
/home/travis/nta/eng/lib/python2.6/site-packages/nupic/analysis/inspectors/region/VectorFileSensorInspector           14     14     0%
/home/travis/nta/eng/lib/python2.6/site-packages/nupic/analysis/inspectors/region/__init__                             0      0   100%
/home/travis/nta/eng/lib/python2.6/site-packages/nupic/analysis/inspectors/region/tabs/ColumnActivityTab             342    342     0%
/home/travis/nta/eng/lib/python2.6/site-packages/nupic/analysis/inspectors/region/tabs/HelpTab                        11     11     0%
/home/travis/nta/eng/lib/python2.6/site-packages/nupic/analysis/inspectors/region/tabs/InputCoverageTab               82     82     0%
/home/travis/nta/eng/lib/python2.6/site-packages/nupic/analysis/inspectors/region/tabs/InputsTab                     127    127     0%
/home/travis/nta/eng/lib/python2.6/site-packages/nupic/analysis/inspectors/region/tabs/LocalTAMTab                   101    101     0%
/home/travis/nta/eng/lib/python2.6/site-packages/nupic/analysis/inspectors/region/tabs/MasterCoincsTab                92     92     0%
/home/travis/nta/eng/lib/python2.6/site-packages/nupic/analysis/inspectors/region/tabs/OutputImagesTab                98     98     0%
/home/travis/nta/eng/lib/python2.6/site-packages/nupic/analysis/inspectors/region/tabs/OutputsTab                     88     88     0%
/home/travis/nta/eng/lib/python2.6/site-packages/nupic/analysis/inspectors/region/tabs/PCATab                         68     68     0%
/home/travis/nta/eng/lib/python2.6/site-packages/nupic/analysis/inspectors/region/tabs/ParametersTab                 149    149     0%
/home/travis/nta/eng/lib/python2.6/site-packages/nupic/analysis/inspectors/region/tabs/RegionInspectorTab             48     48     0%
/home/travis/nta/eng/lib/python2.6/site-packages/nupic/analysis/inspectors/region/tabs/SpColumnActivityTab             7      7     0%
/home/travis/nta/eng/lib/python2.6/site-packages/nupic/analysis/inspectors/region/tabs/TimeSeriesTab                 136    136     0%
/home/travis/nta/eng/lib/python2.6/site-packages/nupic/analysis/inspectors/region/tabs/TpColumnActivityTab             7      7     0%
/home/travis/nta/eng/lib/python2.6/site-packages/nupic/analysis/inspectors/region/tabs/__init__                       20     20     0%
/home/travis/nta/eng/lib/python2.6/site-packages/nupic/analysis/runtimelistener                                       89     89     0%
/home/travis/nta/eng/lib/python2.6/site-packages/nupic/bindings/__init__                                               1      0   100%
/home/travis/nta/eng/lib/python2.6/site-packages/nupic/bindings/algorithms                                          1663    729    56%
/home/travis/nta/eng/lib/python2.6/site-packages/nupic/bindings/engine_internal                                     1401    571    59%
/home/travis/nta/eng/lib/python2.6/site-packages/nupic/bindings/iorange                                             1521   1521     0%
/home/travis/nta/eng/lib/python2.6/site-packages/nupic/bindings/math                                                3098   1588    49%
/home/travis/nta/eng/lib/python2.6/site-packages/nupic/data/CategoryFilter                                            14     14     0%
/home/travis/nta/eng/lib/python2.6/site-packages/nupic/data/__init__                                                   3      0   100%
/home/travis/nta/eng/lib/python2.6/site-packages/nupic/data/aggregator                                               314    287     9%
/home/travis/nta/eng/lib/python2.6/site-packages/nupic/data/datasethelpers                                            80     71    11%
/home/travis/nta/eng/lib/python2.6/site-packages/nupic/data/dictutils                                                 92     80    13%
/home/travis/nta/eng/lib/python2.6/site-packages/nupic/data/fieldmeta                                                 33     14    58%
/home/travis/nta/eng/lib/python2.6/site-packages/nupic/data/file_record_stream                                       280    233    17%
/home/travis/nta/eng/lib/python2.6/site-packages/nupic/data/filters                                                   68     57    16%
/home/travis/nta/eng/lib/python2.6/site-packages/nupic/data/functionsource                                            62     50    19%
/home/travis/nta/eng/lib/python2.6/site-packages/nupic/data/inference_shifter                                         30     23    23%
/home/travis/nta/eng/lib/python2.6/site-packages/nupic/data/joiner                                                    81     81     0%
/home/travis/nta/eng/lib/python2.6/site-packages/nupic/data/jsonhelpers                                               54     42    22%
/home/travis/nta/eng/lib/python2.6/site-packages/nupic/data/record_stream                                            137     95    31%
/home/travis/nta/eng/lib/python2.6/site-packages/nupic/data/sorter                                                   131    131     0%
/home/travis/nta/eng/lib/python2.6/site-packages/nupic/data/stats                                                    110    110     0%
/home/travis/nta/eng/lib/python2.6/site-packages/nupic/data/stats_v2                                                 163    163     0%
/home/travis/nta/eng/lib/python2.6/site-packages/nupic/data/stream_reader                                            195    146    25%
/home/travis/nta/eng/lib/python2.6/site-packages/nupic/data/utils                                                     47     35    26%
/home/travis/nta/eng/lib/python2.6/site-packages/nupic/database/ClientJobsDAO                                        716    542    24%
/home/travis/nta/eng/lib/python2.6/site-packages/nupic/database/Connection                                           189    135    29%
/home/travis/nta/eng/lib/python2.6/site-packages/nupic/database/__init__                                               0      0   100%
/home/travis/nta/eng/lib/python2.6/site-packages/nupic/encoders/__init__                                              19     12    37%
/home/travis/nta/eng/lib/python2.6/site-packages/nupic/encoders/adaptivescalar                                        90     90     0%
/home/travis/nta/eng/lib/python2.6/site-packages/nupic/encoders/base                                                 239    203    15%
/home/travis/nta/eng/lib/python2.6/site-packages/nupic/encoders/category                                             220    200     9%
/home/travis/nta/eng/lib/python2.6/site-packages/nupic/encoders/date                                                 185    185     0%
/home/travis/nta/eng/lib/python2.6/site-packages/nupic/encoders/delta                                                 90     85     6%
/home/travis/nta/eng/lib/python2.6/site-packages/nupic/encoders/log                                                  158    141    11%
/home/travis/nta/eng/lib/python2.6/site-packages/nupic/encoders/multi                                                 88     88     0%
/home/travis/nta/eng/lib/python2.6/site-packages/nupic/encoders/nonuniformscalar                                     209    192     8%
/home/travis/nta/eng/lib/python2.6/site-packages/nupic/encoders/scalar                                               498    473     5%
/home/travis/nta/eng/lib/python2.6/site-packages/nupic/encoders/scalarspace                                           21     21     0%
/home/travis/nta/eng/lib/python2.6/site-packages/nupic/encoders/sdrcategory                                          305    280     8%
/home/travis/nta/eng/lib/python2.6/site-packages/nupic/encoders/sdrrandom                                             53     36    32%
/home/travis/nta/eng/lib/python2.6/site-packages/nupic/encoders/utils                                                  7      6    14%
/home/travis/nta/eng/lib/python2.6/site-packages/nupic/engine/__init__                                               323    323     0%
/home/travis/nta/eng/lib/python2.6/site-packages/nupic/frameworks/__init__                                             0      0   100%
/home/travis/nta/eng/lib/python2.6/site-packages/nupic/frameworks/opf/__init__                                         0      0   100%
/home/travis/nta/eng/lib/python2.6/site-packages/nupic/frameworks/opf/clamodel                                       686    665     3%
/home/travis/nta/eng/lib/python2.6/site-packages/nupic/frameworks/opf/clamodel_classifier_helper                     288    288     0%
/home/travis/nta/eng/lib/python2.6/site-packages/nupic/frameworks/opf/clamodelcallbacks                               51     51     0%
/home/travis/nta/eng/lib/python2.6/site-packages/nupic/frameworks/opf/client                                          40     40     0%
/home/travis/nta/eng/lib/python2.6/site-packages/nupic/frameworks/opf/exceptions                                      10      4    60%
/home/travis/nta/eng/lib/python2.6/site-packages/nupic/frameworks/opf/exp_generator/ExpGenerator                     756    687     9%
/home/travis/nta/eng/lib/python2.6/site-packages/nupic/frameworks/opf/exp_generator/__init__                           0      0   100%
/home/travis/nta/eng/lib/python2.6/site-packages/nupic/frameworks/opf/expdescriptionapi                               83     60    28%
/home/travis/nta/eng/lib/python2.6/site-packages/nupic/frameworks/opf/expdescriptionhelpers                           79     79     0%
/home/travis/nta/eng/lib/python2.6/site-packages/nupic/frameworks/opf/experiment_runner                              268    268     0%
/home/travis/nta/eng/lib/python2.6/site-packages/nupic/frameworks/opf/jsonschema/__init__                              0      0   100%
/home/travis/nta/eng/lib/python2.6/site-packages/nupic/frameworks/opf/metrics                                        644    532    17%
/home/travis/nta/eng/lib/python2.6/site-packages/nupic/frameworks/opf/model                                           97     64    34%
/home/travis/nta/eng/lib/python2.6/site-packages/nupic/frameworks/opf/modelcallbacks                                   3      3     0%
/home/travis/nta/eng/lib/python2.6/site-packages/nupic/frameworks/opf/modelfactory                                    29     25    14%
/home/travis/nta/eng/lib/python2.6/site-packages/nupic/frameworks/opf/opfbasicenvironment                            354    275    22%
/home/travis/nta/eng/lib/python2.6/site-packages/nupic/frameworks/opf/opfenvironment                                  13      0   100%
/home/travis/nta/eng/lib/python2.6/site-packages/nupic/frameworks/opf/opfhelpers                                      29     20    31%
/home/travis/nta/eng/lib/python2.6/site-packages/nupic/frameworks/opf/opftaskdriver                                  159    105    34%
/home/travis/nta/eng/lib/python2.6/site-packages/nupic/frameworks/opf/opfutils                                        84     53    37%
/home/travis/nta/eng/lib/python2.6/site-packages/nupic/frameworks/opf/periodic                                        28     28     0%
/home/travis/nta/eng/lib/python2.6/site-packages/nupic/frameworks/opf/predictionmetricsmanager                       155    131    15%
/home/travis/nta/eng/lib/python2.6/site-packages/nupic/frameworks/opf/previousvaluemodel                              45     45     0%
/home/travis/nta/eng/lib/python2.6/site-packages/nupic/frameworks/opf/safe_interpreter                                 7      2    71%
/home/travis/nta/eng/lib/python2.6/site-packages/nupic/frameworks/opf/two_gram_model                                  69     69     0%
/home/travis/nta/eng/lib/python2.6/site-packages/nupic/frameworks/prediction/GUIs                                    154    154     0%
/home/travis/nta/eng/lib/python2.6/site-packages/nupic/frameworks/prediction/__init__                                  0      0   100%
/home/travis/nta/eng/lib/python2.6/site-packages/nupic/frameworks/prediction/callbacks                               347    268    23%
/home/travis/nta/eng/lib/python2.6/site-packages/nupic/frameworks/prediction/experiment                              504    504     0%
/home/travis/nta/eng/lib/python2.6/site-packages/nupic/frameworks/prediction/experimentdeschelpers                   204    204     0%
/home/travis/nta/eng/lib/python2.6/site-packages/nupic/frameworks/prediction/helpers                                  24     24     0%
/home/travis/nta/eng/lib/python2.6/site-packages/nupic/frameworks/prediction/postprocess/__init__                      1      1     0%
/home/travis/nta/eng/lib/python2.6/site-packages/nupic/frameworks/prediction/postprocess/classificationstats         193    193     0%
/home/travis/nta/eng/lib/python2.6/site-packages/nupic/frameworks/prediction/postprocess/inputpredictionstats        398    398     0%
/home/travis/nta/eng/lib/python2.6/site-packages/nupic/frameworks/prediction/postprocess/knnregressionstats           72     72     0%
/home/travis/nta/eng/lib/python2.6/site-packages/nupic/frameworks/prediction/postprocess/linearregressionstats        78     78     0%
/home/travis/nta/eng/lib/python2.6/site-packages/nupic/frameworks/prediction/postprocess/ngramstats                  203    203     0%
/home/travis/nta/eng/lib/python2.6/site-packages/nupic/frameworks/prediction/postprocess/poormanstats                 41     41     0%
/home/travis/nta/eng/lib/python2.6/site-packages/nupic/frameworks/prediction/postprocess/postprocess                 298    298     0%
/home/travis/nta/eng/lib/python2.6/site-packages/nupic/frameworks/prediction/postprocess/spstats                     190    190     0%
/home/travis/nta/eng/lib/python2.6/site-packages/nupic/frameworks/prediction/utils                                   283    238    16%
/home/travis/nta/eng/lib/python2.6/site-packages/nupic/image/VisualizationEngine                                     134    134     0%
/home/travis/nta/eng/lib/python2.6/site-packages/nupic/image/__init__                                                238    238     0%
/home/travis/nta/eng/lib/python2.6/site-packages/nupic/math/__init__                                                  12      2    83%
/home/travis/nta/eng/lib/python2.6/site-packages/nupic/math/cross                                                     58     58     0%
/home/travis/nta/eng/lib/python2.6/site-packages/nupic/math/roc_utils                                                 76     69     9%
/home/travis/nta/eng/lib/python2.6/site-packages/nupic/regions/CLAClassifierRegion                                    41     41     0%
/home/travis/nta/eng/lib/python2.6/site-packages/nupic/regions/CLARegion                                             569    569     0%
/home/travis/nta/eng/lib/python2.6/site-packages/nupic/regions/CLARegionSimple                                        12     12     0%
/home/travis/nta/eng/lib/python2.6/site-packages/nupic/regions/ImageSensor                                          1200   1200     0%
/home/travis/nta/eng/lib/python2.6/site-packages/nupic/regions/ImageSensorExplorers/BaseExplorer                      95     95     0%
/home/travis/nta/eng/lib/python2.6/site-packages/nupic/regions/ImageSensorExplorers/BlockSpread                      140    140     0%
/home/travis/nta/eng/lib/python2.6/site-packages/nupic/regions/ImageSensorExplorers/CrossSweep                        11     11     0%
/home/travis/nta/eng/lib/python2.6/site-packages/nupic/regions/ImageSensorExplorers/ExhaustiveSweep                  158    158     0%
/home/travis/nta/eng/lib/python2.6/site-packages/nupic/regions/ImageSensorExplorers/EyeMovements                      39     39     0%
/home/travis/nta/eng/lib/python2.6/site-packages/nupic/regions/ImageSensorExplorers/Flash                             32     32     0%
/home/travis/nta/eng/lib/python2.6/site-packages/nupic/regions/ImageSensorExplorers/ImageSweep                        25     25     0%
/home/travis/nta/eng/lib/python2.6/site-packages/nupic/regions/ImageSensorExplorers/InwardSweep                       45     45     0%
/home/travis/nta/eng/lib/python2.6/site-packages/nupic/regions/ImageSensorExplorers/Jiggle                            57     57     0%
/home/travis/nta/eng/lib/python2.6/site-packages/nupic/regions/ImageSensorExplorers/ManualSaliency                    86     86     0%
/home/travis/nta/eng/lib/python2.6/site-packages/nupic/regions/ImageSensorExplorers/MultiSweep                       463    463     0%
/home/travis/nta/eng/lib/python2.6/site-packages/nupic/regions/ImageSensorExplorers/OnionBlock                        32     32     0%
/home/travis/nta/eng/lib/python2.6/site-packages/nupic/regions/ImageSensorExplorers/OnionSweep                        63     63     0%
/home/travis/nta/eng/lib/python2.6/site-packages/nupic/regions/ImageSensorExplorers/PatrolSweep                        9      9     0%
/home/travis/nta/eng/lib/python2.6/site-packages/nupic/regions/ImageSensorExplorers/RandomEyeMovements                45     45     0%
/home/travis/nta/eng/lib/python2.6/site-packages/nupic/regions/ImageSensorExplorers/RandomFlash                       69     69     0%
/home/travis/nta/eng/lib/python2.6/site-packages/nupic/regions/ImageSensorExplorers/RandomJump                        66     66     0%
/home/travis/nta/eng/lib/python2.6/site-packages/nupic/regions/ImageSensorExplorers/RandomSweep                      131    131     0%
/home/travis/nta/eng/lib/python2.6/site-packages/nupic/regions/ImageSensorExplorers/RepetitiveSweep                   77     77     0%
/home/travis/nta/eng/lib/python2.6/site-packages/nupic/regions/ImageSensorExplorers/SpiralSweep                      101    101     0%
/home/travis/nta/eng/lib/python2.6/site-packages/nupic/regions/ImageSensorExplorers/ToCenterSweep                      9      9     0%
/home/travis/nta/eng/lib/python2.6/site-packages/nupic/regions/ImageSensorExplorers/__init__                           0      0   100%
/home/travis/nta/eng/lib/python2.6/site-packages/nupic/regions/ImageSensorFilters/AddBackgroundImage                  64     64     0%
/home/travis/nta/eng/lib/python2.6/site-packages/nupic/regions/ImageSensorFilters/AddNoise                            63     63     0%
/home/travis/nta/eng/lib/python2.6/site-packages/nupic/regions/ImageSensorFilters/AffineTransform                     56     56     0%
/home/travis/nta/eng/lib/python2.6/site-packages/nupic/regions/ImageSensorFilters/BaseFilter                          28     28     0%
/home/travis/nta/eng/lib/python2.6/site-packages/nupic/regions/ImageSensorFilters/BoxFixer                           289    289     0%
/home/travis/nta/eng/lib/python2.6/site-packages/nupic/regions/ImageSensorFilters/Brightness                          15     15     0%
/home/travis/nta/eng/lib/python2.6/site-packages/nupic/regions/ImageSensorFilters/CenterSurroundConvolution           53     53     0%
/home/travis/nta/eng/lib/python2.6/site-packages/nupic/regions/ImageSensorFilters/CenteredMultipleScales              31     31     0%
/home/travis/nta/eng/lib/python2.6/site-packages/nupic/regions/ImageSensorFilters/Contrast                            25     25     0%
/home/travis/nta/eng/lib/python2.6/site-packages/nupic/regions/ImageSensorFilters/Convolution                        268    268     0%
/home/travis/nta/eng/lib/python2.6/site-packages/nupic/regions/ImageSensorFilters/Crop                                14     14     0%
/home/travis/nta/eng/lib/python2.6/site-packages/nupic/regions/ImageSensorFilters/EqualizeHistogram                   42     42     0%
/home/travis/nta/eng/lib/python2.6/site-packages/nupic/regions/ImageSensorFilters/FillBackground                      31     31     0%
/home/travis/nta/eng/lib/python2.6/site-packages/nupic/regions/ImageSensorFilters/Flip                                12     12     0%
/home/travis/nta/eng/lib/python2.6/site-packages/nupic/regions/ImageSensorFilters/GaborConvolution                    65     65     0%
/home/travis/nta/eng/lib/python2.6/site-packages/nupic/regions/ImageSensorFilters/GaborFilter                        486    486     0%
/home/travis/nta/eng/lib/python2.6/site-packages/nupic/regions/ImageSensorFilters/GaussianBlur                        15     15     0%
/home/travis/nta/eng/lib/python2.6/site-packages/nupic/regions/ImageSensorFilters/Gradient                            37     37     0%
/home/travis/nta/eng/lib/python2.6/site-packages/nupic/regions/ImageSensorFilters/HistogramShift                      25     25     0%
/home/travis/nta/eng/lib/python2.6/site-packages/nupic/regions/ImageSensorFilters/Lines                               26     26     0%
/home/travis/nta/eng/lib/python2.6/site-packages/nupic/regions/ImageSensorFilters/LogPolar                           124    124     0%
/home/travis/nta/eng/lib/python2.6/site-packages/nupic/regions/ImageSensorFilters/Mirror                              17     17     0%
/home/travis/nta/eng/lib/python2.6/site-packages/nupic/regions/ImageSensorFilters/MultipleScales                      23     23     0%
/home/travis/nta/eng/lib/python2.6/site-packages/nupic/regions/ImageSensorFilters/NormalizeContrast                   42     42     0%
/home/travis/nta/eng/lib/python2.6/site-packages/nupic/regions/ImageSensorFilters/Occlusion                           26     26     0%
/home/travis/nta/eng/lib/python2.6/site-packages/nupic/regions/ImageSensorFilters/PadToFit                            19     19     0%
/home/travis/nta/eng/lib/python2.6/site-packages/nupic/regions/ImageSensorFilters/Resize                              90     90     0%
/home/travis/nta/eng/lib/python2.6/site-packages/nupic/regions/ImageSensorFilters/Rotation2D                          39     39     0%
/home/travis/nta/eng/lib/python2.6/site-packages/nupic/regions/ImageSensorFilters/ScaleToFit                          42     42     0%
/home/travis/nta/eng/lib/python2.6/site-packages/nupic/regions/ImageSensorFilters/Thicken                             15     15     0%
/home/travis/nta/eng/lib/python2.6/site-packages/nupic/regions/ImageSensorFilters/Tracking                           113    113     0%
/home/travis/nta/eng/lib/python2.6/site-packages/nupic/regions/ImageSensorFilters/__init__                             0      0   100%
/home/travis/nta/eng/lib/python2.6/site-packages/nupic/regions/KNNAnomalyClassifierRegion                            363    321    12%
/home/travis/nta/eng/lib/python2.6/site-packages/nupic/regions/KNNClassifierRegion                                   375    332    11%
/home/travis/nta/eng/lib/python2.6/site-packages/nupic/regions/PCANode                                               173    173     0%
/home/travis/nta/eng/lib/python2.6/site-packages/nupic/regions/PictureSensor                                         431    431     0%
/home/travis/nta/eng/lib/python2.6/site-packages/nupic/regions/PictureSensorExplorers/HorizontalBlock                 25     25     0%
/home/travis/nta/eng/lib/python2.6/site-packages/nupic/regions/PictureSensorExplorers/__init__                         0      0   100%
/home/travis/nta/eng/lib/python2.6/site-packages/nupic/regions/PictureSensorExplorers/block                           26     26     0%
/home/travis/nta/eng/lib/python2.6/site-packages/nupic/regions/PictureSensorExplorers/block1DOF                       25     25     0%
/home/travis/nta/eng/lib/python2.6/site-packages/nupic/regions/PictureSensorExplorers/blockSpread                     57     57     0%
/home/travis/nta/eng/lib/python2.6/site-packages/nupic/regions/PictureSensorExplorers/center                          15     15     0%
/home/travis/nta/eng/lib/python2.6/site-packages/nupic/regions/PictureSensorExplorers/horizontal                      10     10     0%
/home/travis/nta/eng/lib/python2.6/site-packages/nupic/regions/PictureSensorExplorers/inward                          32     32     0%
/home/travis/nta/eng/lib/python2.6/site-packages/nupic/regions/PictureSensorExplorers/random                          41     41     0%
/home/travis/nta/eng/lib/python2.6/site-packages/nupic/regions/PictureSensorExplorers/random1DOF                      42     42     0%
/home/travis/nta/eng/lib/python2.6/site-packages/nupic/regions/PictureSensorExplorers/rotate                          24     24     0%
/home/travis/nta/eng/lib/python2.6/site-packages/nupic/regions/PictureSensorExplorers/rotate_block                    29     29     0%
/home/travis/nta/eng/lib/python2.6/site-packages/nupic/regions/PictureSensorExplorers/vertical                        10     10     0%
/home/travis/nta/eng/lib/python2.6/site-packages/nupic/regions/PyRegion                                              101     74    27%
/home/travis/nta/eng/lib/python2.6/site-packages/nupic/regions/RecordSensor                                          158    158     0%
/home/travis/nta/eng/lib/python2.6/site-packages/nupic/regions/RecordSensorFilters/AddNoise                           13     13     0%
/home/travis/nta/eng/lib/python2.6/site-packages/nupic/regions/RecordSensorFilters/ModifyFields                       19     19     0%
/home/travis/nta/eng/lib/python2.6/site-packages/nupic/regions/RecordSensorFilters/__init__                            0      0   100%
/home/travis/nta/eng/lib/python2.6/site-packages/nupic/regions/SPRegion                                              300    300     0%
/home/travis/nta/eng/lib/python2.6/site-packages/nupic/regions/SVMClassifierNode                                     589    589     0%
/home/travis/nta/eng/lib/python2.6/site-packages/nupic/regions/Spec                                                  119    119     0%
/home/travis/nta/eng/lib/python2.6/site-packages/nupic/regions/TPRegion                                              258    258     0%
/home/travis/nta/eng/lib/python2.6/site-packages/nupic/regions/TestNode                                              106    106     0%
/home/travis/nta/eng/lib/python2.6/site-packages/nupic/regions/TestRegion                                            125    125     0%
/home/travis/nta/eng/lib/python2.6/site-packages/nupic/regions/__init__                                                0      0   100%
/home/travis/nta/eng/lib/python2.6/site-packages/nupic/regions/extra/GaborNode2                                     1052   1052     0%
/home/travis/nta/eng/lib/python2.6/site-packages/nupic/regions/extra/__init__                                          0      0   100%
/home/travis/nta/eng/lib/python2.6/site-packages/nupic/research/DataGenerator                                        207    207     0%
/home/travis/nta/eng/lib/python2.6/site-packages/nupic/research/FDRCSpatial2                                         883    883     0%
/home/travis/nta/eng/lib/python2.6/site-packages/nupic/research/ObjDiff                                              118    118     0%
/home/travis/nta/eng/lib/python2.6/site-packages/nupic/research/TP                                                  1345   1231     8%
/home/travis/nta/eng/lib/python2.6/site-packages/nupic/research/TP10X2                                               316    261    17%
/home/travis/nta/eng/lib/python2.6/site-packages/nupic/research/TPTrivial                                            129    129     0%
/home/travis/nta/eng/lib/python2.6/site-packages/nupic/research/TP_R                                                1156   1156     0%
/home/travis/nta/eng/lib/python2.6/site-packages/nupic/research/TrainingHooks                                         32     32     0%
/home/travis/nta/eng/lib/python2.6/site-packages/nupic/research/TrivialPredictor                                      90     82     9%
/home/travis/nta/eng/lib/python2.6/site-packages/nupic/research/__init__                                               4      0   100%
/home/travis/nta/eng/lib/python2.6/site-packages/nupic/research/anomalyzer                                           119    119     0%
/home/travis/nta/eng/lib/python2.6/site-packages/nupic/research/distributions                                         63     63     0%
/home/travis/nta/eng/lib/python2.6/site-packages/nupic/research/fdrutilities                                         586    543     7%
/home/travis/nta/eng/lib/python2.6/site-packages/nupic/research/flat_spatial_pooler                                   51     38    25%
/home/travis/nta/eng/lib/python2.6/site-packages/nupic/research/spatial_pooler                                       347    301    13%
/home/travis/nta/eng/lib/python2.6/site-packages/nupic/research/utils                                                 81     81     0%
/home/travis/nta/eng/lib/python2.6/site-packages/nupic/support/ExtendedLogger                                         30     13    57%
/home/travis/nta/eng/lib/python2.6/site-packages/nupic/support/FileLock                                               34     34     0%
/home/travis/nta/eng/lib/python2.6/site-packages/nupic/support/SimpleEventLoop                                       221    221     0%
/home/travis/nta/eng/lib/python2.6/site-packages/nupic/support/__init__                                              248    213    14%
/home/travis/nta/eng/lib/python2.6/site-packages/nupic/support/configuration                                           1      0   100%
/home/travis/nta/eng/lib/python2.6/site-packages/nupic/support/configuration_base                                    141     43    70%
/home/travis/nta/eng/lib/python2.6/site-packages/nupic/support/configuration_custom                                  112     81    28%
/home/travis/nta/eng/lib/python2.6/site-packages/nupic/support/consoleprinter                                         40     27    33%
/home/travis/nta/eng/lib/python2.6/site-packages/nupic/support/datafiles                                              92     92     0%
/home/travis/nta/eng/lib/python2.6/site-packages/nupic/support/decorators                                             71     51    28%
/home/travis/nta/eng/lib/python2.6/site-packages/nupic/support/enum                                                   35      9    74%
/home/travis/nta/eng/lib/python2.6/site-packages/nupic/support/errorcodes                                             11      0   100%
/home/travis/nta/eng/lib/python2.6/site-packages/nupic/support/exceptions                                             21     21     0%
/home/travis/nta/eng/lib/python2.6/site-packages/nupic/support/feature_groups                                         23     23     0%
/home/travis/nta/eng/lib/python2.6/site-packages/nupic/support/features                                               39     39     0%
/home/travis/nta/eng/lib/python2.6/site-packages/nupic/support/features_list                                           8      8     0%
/home/travis/nta/eng/lib/python2.6/site-packages/nupic/support/fshelpers                                               9      7    22%
/home/travis/nta/eng/lib/python2.6/site-packages/nupic/support/lint/__init__                                           0      0   100%
/home/travis/nta/eng/lib/python2.6/site-packages/nupic/support/lint/executable                                        30     30     0%
/home/travis/nta/eng/lib/python2.6/site-packages/nupic/support/lint/whitespace                                        17     17     0%
/home/travis/nta/eng/lib/python2.6/site-packages/nupic/support/lockattributes                                         41     41     0%
/home/travis/nta/eng/lib/python2.6/site-packages/nupic/support/log_utils                                               8      8     0%
/home/travis/nta/eng/lib/python2.6/site-packages/nupic/support/loophelpers                                            39     39     0%
/home/travis/nta/eng/lib/python2.6/site-packages/nupic/support/object_json                                           111     90    19%
/home/travis/nta/eng/lib/python2.6/site-packages/nupic/support/pymysqlhelpers                                         31      7    77%
/home/travis/nta/eng/lib/python2.6/site-packages/nupic/support/resources/__init__                                     17     17     0%
/home/travis/nta/eng/lib/python2.6/site-packages/nupic/support/serializationutils                                     20     14    30%
/home/travis/nta/eng/lib/python2.6/site-packages/nupic/support/unittesthelpers/__init__                                0      0   100%
/home/travis/nta/eng/lib/python2.6/site-packages/nupic/support/unittesthelpers/testcasebase                           68     46    32%
/home/travis/nta/eng/lib/python2.6/site-packages/nupic/swarming/DummyModelRunner                                     206    190     8%
/home/travis/nta/eng/lib/python2.6/site-packages/nupic/swarming/DummyWorker                                          102    102     0%
/home/travis/nta/eng/lib/python2.6/site-packages/nupic/swarming/HypersearchV2                                       1437   1328     8%
/home/travis/nta/eng/lib/python2.6/site-packages/nupic/swarming/HypersearchV2Dump                                    102    102     0%
/home/travis/nta/eng/lib/python2.6/site-packages/nupic/swarming/HypersearchWorker                                    231    201    13%
/home/travis/nta/eng/lib/python2.6/site-packages/nupic/swarming/ModelRunner                                          386    386     0%
/home/travis/nta/eng/lib/python2.6/site-packages/nupic/swarming/ModelTerminator                                       26     26     0%
/home/travis/nta/eng/lib/python2.6/site-packages/nupic/swarming/__init__                                               0      0   100%
/home/travis/nta/eng/lib/python2.6/site-packages/nupic/swarming/api                                                   29     19    34%
/home/travis/nta/eng/lib/python2.6/site-packages/nupic/swarming/modelchooser                                          60     48    20%
/home/travis/nta/eng/lib/python2.6/site-packages/nupic/swarming/permutationhelpers                                   323    275    15%
/home/travis/nta/eng/lib/python2.6/site-packages/nupic/swarming/permutations_runner                                  835    835     0%
/home/travis/nta/eng/lib/python2.6/site-packages/nupic/swarming/regression                                            80     80     0%
/home/travis/nta/eng/lib/python2.6/site-packages/nupic/swarming/utils                                                173    130    25%
--------------------------------------------------------------------------------------------------------------------------------------
TOTAL                                                                                                              46165  40537    12%
[1m[31m=============== 218 passed, 3 skipped, 3 error in 161.32 seconds ===============[0m

The command "$NUPIC/run_tests.sh --all --coverage" exited with 0.
$ python $NUPIC/examples/bindings/sparse_matrix_how_to.py

Global epsilon before:  9.99999997475e-07

Global epsilon after: 9.99999996004e-13

From array 32
[[ 1.  2.]
 [ 3.  4.]]

From numpy array 32
[[ 1.  2.]
 [ 3.  4.]]

With shortcut 32
[[ 1.  2.]
 [ 3.  4.]]

Empty sparse matrix
[]

Sparse matrix from string
[[ 1.  2.]
 [ 3.  4.]]

toDense
[[ 1.  2.]
 [ 3.  4.]]

fromDense
[[ 0.29269177  0.47350144  0.57472056  0.28988454]
 [ 0.68456441  0.85909081  0.37932456  0.19962236]
 [ 0.26715988  0.90879345  0.75917912  0.05605061]
 [ 0.63092756  0.27923045  0.5127421   0.12955256]]

Pickling
[[ 0.29269177  0.47350144  0.57472056  0.28988454]
 [ 0.68456441  0.85909081  0.37932456  0.19962236]
 [ 0.26715988  0.90879345  0.75917912  0.05605061]
 [ 0.63092756  0.27923045  0.5127421   0.12955256]]

Print
[[ 0.63727421  0.          0.71549565  0.55992323]
 [ 0.          0.          0.69187832  0.56733048]
 [ 0.73739344  0.51546669  0.84643948  0.        ]
 [ 0.          0.          0.          0.63001066]]

Number of rows  4
Number of columns  4
Is matrix zero?  False
Total number of non zeros  9
Sum of all values  5.90121173859
Prod of non-zeros  0.0203128736466
Maximum value and its location  (2, 2, 0.84643948078155518)
Minimum value and its location  (2, 1, 0.51546669006347656)
Number of non-zeros on row 0  3
If first row zero?  False
Number of non-zeros on each row  [3 2 3 1]
Minimum on row 0  (3, 0.55992323160171509)
Minimum values and locations for all rows ((3, 3, 1, 3), array([ 0.55992323,  0.56733048,  0.51546669,  0.63001066], dtype=float32))
Maximum on row 0  (2, 0.71549564599990845)
Maximum values and locations for all rows ((2, 2, 2, 3), array([ 0.71549565,  0.69187832,  0.84643948,  0.63001066], dtype=float32))
Sum of values on row 0  1.91269302368
Sum of each row  [ 1.91269302  1.2592088   2.09929943  0.63001066]
Product of non-zeros on row 1 0.392523646355
Product of each row  [ 0.25530648  0.39252365  0.32173312  0.63001066]
Number of non-zeros on col 0  2
If first col zero?  False
Number of non-zeros on each col  [2 1 3 3]
Minimum on col 0  (0, 0.63727420568466187)
Minimum values and locations for all cols ((0, 2, 1, 0), array([ 0.63727421,  0.51546669,  0.69187832,  0.55992323], dtype=float32))
Maximum on col 0  (2, 0.73739343881607056)
Maximum values and locations for all cols ((2, 2, 2, 3), array([ 0.73739344,  0.51546669,  0.84643948,  0.63001066], dtype=float32))
Sum of values on col 0  1.3746676445
Sum of each col  [ 1.37466764  0.51546669  2.25381327  1.75726438]
Product of non-zeros on col 1 0.515466690063
Product of each col  [ 0.46992183  0.51546669  0.41901794  0.20013015]

[[ 0.63727421  0.          0.71549565  0.55992323]
 [ 0.          0.          0.69187832  0.56733048]
 [ 0.73739344  0.51546669  0.84643948  0.        ]
 [ 0.          0.          0.          0.63001066]]

s[0,0] =  0.637274 s[1,1] =  0.0
Set [0,0] to 3.5  3.5

getOuter
[[ 3.5         0.71549565]
 [ 0.73739344  0.84643948]]

setOuter
[[ 1.          0.          2.          0.55992323]
 [ 0.          0.          0.69187832  0.56733048]
 [ 3.          0.51546669  4.          0.        ]
 [ 0.          0.          0.          0.63001066]]

setElements
[[ 1.          0.          2.          0.55992323]
 [ 0.          1.          0.69187832  0.56733048]
 [ 3.          0.51546669  1.          0.        ]
 [ 0.          0.          0.          0.63001066]]

getElements
[ 1.  1.  1.]

getSlice
[[ 1.          0.          2.        ]
 [ 0.          1.          0.69187832]]

setSlice
[[ 1.          0.          2.          0.55992323]
 [ 0.          1.          0.          2.        ]
 [ 3.          0.          1.          0.69187832]
 [ 0.          0.          0.          0.63001066]]

setRowToZero
[[ 1.          0.          2.          0.55992323]
 [ 0.          0.          0.          0.        ]
 [ 3.          0.          1.          0.69187832]
 [ 0.          0.          0.          0.63001066]]

setColToZero
[[ 1.          0.          2.          0.55992323]
 [ 0.          0.          0.          0.        ]
 [ 3.          0.          1.          0.69187832]
 [ 0.          0.          0.          0.63001066]]

rowNonZeros  ((0, 2, 3), array([ 1.        ,  2.        ,  0.55992323], dtype=float32))
colNonZeros  ((0, 2), array([ 1.,  3.], dtype=float32))
getRow  [ 1.          0.          2.          0.55992323]
getCol  [ 1.  0.  3.  0.]

[[ 1.          0.          2.          0.55992323]
 [ 0.          0.          0.          0.        ]
 [ 3.          0.          1.          0.69187832]
 [ 0.          0.          0.          0.63001066]]

reshape 2 8
[[ 1.          0.          2.          0.55992323  0.          0.          0.
   0.        ]
 [ 3.          0.          1.          0.69187832  0.          0.          0.
   0.63001066]]

reshape 8 2
[[ 1.          0.        ]
 [ 2.          0.55992323]
 [ 0.          0.        ]
 [ 0.          0.        ]
 [ 3.          0.        ]
 [ 1.          0.69187832]
 [ 0.          0.        ]
 [ 0.          0.63001066]]

reshape 1 16
[[ 1.          0.          2.          0.55992323  0.          0.          0.
   0.          3.          0.          1.          0.69187832  0.          0.
   0.          0.63001066]]

reshape 4 4
[[ 1.          0.          2.          0.55992323]
 [ 0.          0.          0.          0.        ]
 [ 3.          0.          1.          0.69187832]
 [ 0.          0.          0.          0.63001066]]

resize 5 5
[[ 1.          0.          2.          0.55992323  0.        ]
 [ 0.          0.          0.          0.          0.        ]
 [ 3.          0.          1.          0.69187832  0.        ]
 [ 0.          0.          0.          0.63001066  0.        ]
 [ 0.          0.          0.          0.          0.        ]]

resize 3 3
[[ 1.  0.  2.]
 [ 0.  0.  0.]
 [ 3.  0.  1.]]

resize 4 4
[[ 1.  0.  2.  0.]
 [ 0.  0.  0.  0.]
 [ 3.  0.  1.  0.]
 [ 0.  0.  0.  0.]]

delete row 3
[[ 1.  0.  2.  0.]
 [ 0.  0.  0.  0.]
 [ 3.  0.  1.  0.]]

delete col 1
[[ 1.  2.  0.]
 [ 0.  0.  0.]
 [ 3.  1.  0.]]

add row 1 2 3
[[ 1.  2.  0.]
 [ 0.  0.  0.]
 [ 3.  1.  0.]
 [ 1.  2.  3.]]

add col 1 2 3 4
[[ 1.  2.  0.  1.]
 [ 0.  0.  0.  2.]
 [ 3.  1.  0.  3.]
 [ 1.  2.  3.  4.]]

delete rows 0 and 3
[[ 0.  0.  0.  2.]
 [ 3.  1.  0.  3.]]

delete cols 1 and 2
[[ 0.  2.]
 [ 3.  3.]]

[[ 0.     0.25 ]
 [ 0.375  0.375]]

threshold row 0 .1
[[ 0.     0.25 ]
 [ 0.375  0.375]]

threshold col 1 .1
[[ 0.     0.25 ]
 [ 0.375  0.375]]

threshold .1
[[ 0.     0.25 ]
 [ 0.375  0.375]]

[[ 0.24285653  0.51770395  0.42680517  0.55869746]
 [ 0.88639796  0.71899503  0.08001766  0.25559682]
 [ 0.86434436  0.47135264  0.38062081  0.80501974]
 [ 0.68738002  0.86642379  0.16067548  0.78539139]]

elementNZInverse
[[  4.11765718   1.93160594   2.34298944   1.78987741]
 [  1.12816143   1.39083016  12.49724102   3.91241169]
 [  1.1569463    2.1215539    2.62728667   1.24220562]
 [  1.45479929   1.15416956   6.22372484   1.27325058]]

elementNZLog
[[ 1.4152844   0.65835178  0.85142767  0.58214712]
 [ 0.12058926  0.3299008   2.52550793  1.36415398]
 [ 0.14578404  0.75214881  0.96595162  0.21688853]
 [ 0.37486795  0.14338109  1.82836854  0.24157314]]

abs
[[ 1.4152844   0.65835178  0.85142767  0.58214712]
 [ 0.12058926  0.3299008   2.52550793  1.36415398]
 [ 0.14578404  0.75214881  0.96595162  0.21688853]
 [ 0.37486795  0.14338109  1.82836854  0.24157314]]

elementSqrt
[[ 1.18965721  0.81138879  0.92272836  0.76298565]
 [ 0.34725964  0.57436991  1.58918464  1.16797006]
 [ 0.38181674  0.86726511  0.98282838  0.46571293]
 [ 0.61226463  0.37865695  1.35217178  0.49150091]]

add 4
[[ 5.18965721  4.81138897  4.92272854  4.76298571]
 [ 4.34725952  4.57436991  5.58918476  5.16797018]
 [ 4.38181686  4.86726522  4.98282814  4.46571302]
 [ 4.61226463  4.37865686  5.3521719   4.49150085]]

normalizeRow 1 10
[[ 5.18965721  4.81138897  4.92272854  4.76298571]
 [ 2.20910978  2.32451868  2.84020853  2.62616348]
 [ 4.38181686  4.86726522  4.98282814  4.46571302]
 [ 4.61226463  4.37865686  5.3521719   4.49150085]]
sum row 1 =  10.0

normalizeCol 0 3
[[ 0.94974166  4.81138897  4.92272854  4.76298571]
 [ 0.40428174  2.32451868  2.84020853  2.62616348]
 [ 0.80190152  4.86726522  4.98282814  4.46571302]
 [ 0.84407502  4.37865686  5.3521719   4.49150085]]
sum col 0 =  3.0

normalize to 5
[[ 0.08822311  0.44693804  0.45728055  0.44244176]
 [ 0.03755441  0.21592847  0.26383176  0.24394876]
 [ 0.07448998  0.45212847  0.4628633   0.41482762]
 [ 0.07840755  0.40674081  0.49717227  0.4172231 ]]
sum =  4.99999952316

normalize
[[ 0.01764462  0.08938762  0.09145612  0.08848836]
 [ 0.00751088  0.0431857   0.05276636  0.04878975]
 [ 0.014898    0.0904257   0.09257267  0.08296553]
 [ 0.01568151  0.08134817  0.09943447  0.08344463]]
sum =  1.00000011921

transpose
[[ 0.01764462  0.00751088  0.014898    0.01568151]
 [ 0.08938762  0.0431857   0.0904257   0.08134817]
 [ 0.09145612  0.05276636  0.09257267  0.09943447]
 [ 0.08848836  0.04878975  0.08296553  0.08344463]]

[[ 0.81979638  0.56176859  0.9817853   0.77481401]
 [ 0.6516971   0.07978979  0.67960083  0.6872943 ]
 [ 0.40344262  0.25426045  0.32666945  0.44137174]]

transpose rectangular
[[ 0.81979638  0.6516971   0.40344262]
 [ 0.56176859  0.07978979  0.25426045]
 [ 0.9817853   0.67960083  0.32666945]
 [ 0.77481401  0.6872943   0.44137174]]

transpose rectangular again
[[ 0.81979638  0.56176859  0.9817853   0.77481401]
 [ 0.6516971   0.07978979  0.67960083  0.6872943 ]
 [ 0.40344262  0.25426045  0.32666945  0.44137174]]

x =  [1 2 3 4]
Product on the right:
[ 0.14008643  0.77242881  0.87244469  0.76874298]
Product on the left:
[ 0.82474166  0.44734037  0.80532956  0.81045973]
Product of x elements corresponding to nz on each row:
[ 24.  24.  24.  24.]
Product of x elements and nz:
[  7.43071212e-07   6.81503676e-04   1.06610707e-03   7.17335148e-04]
Max of x elements corresponding to nz:
[ 4.  4.  4.  4.]
Max of products of x elements and nz:
[ 0.06272604  0.32539269  0.39773786  0.3337785 ]
Max of elements of x corresponding to nz:
[ 4.  4.  4.  4.]

axby 0 1.5 1.5
[[ 0.02646694  0.01126632  0.022347    0.02352227]
 [ 0.08938762  0.0431857   0.0904257   0.08134817]
 [ 0.09145612  0.05276636  0.09257267  0.09943447]
 [ 0.08848836  0.04878975  0.08296553  0.08344463]]

axby 1.5 1.5
[[ 0.0397004   0.01689949  0.03352049  0.0352834 ]
 [ 0.13408142  0.06477854  0.13563855  0.12202226]
 [ 0.13718417  0.07914954  0.138859    0.1491517 ]
 [ 0.13273254  0.07318463  0.1244483   0.12516694]]

Inner product:  30.0

Outer product:
[[  1.   2.   3.   4.]
 [  2.   4.   6.   8.]
 [  3.   6.   9.  12.]
 [  4.   8.  12.  16.]]

matrix matrix multiplication
[[ 0.96359801  1.52767599  1.29644895  1.57703447]
 [ 0.64769453  0.8189714   0.59509671  0.50695556]
 [ 1.14103127  2.20956659  1.47734451  1.95170689]
 [ 0.36830279  0.75791448  0.49153888  0.65811539]]
[[   5.   25.]
 [  17.   53.]
 [  29.   81.]
 [  41.  109.]]
[[  1.   2.   3.   4.]
 [  5.   6.   7.   8.]
 [  9.  10.  11.  12.]
 [ 13.  14.  15.  16.]]
[[ 1.  1.  0.  0.]
 [ 1.  0.  1.  0.]
 [ 1.  1.  0.  1.]
 [ 0.  0.  0.  1.]]
[[  1.   2.   0.   0.]
 [  5.   0.   7.   0.]
 [  9.  10.   0.  12.]
 [  0.   0.   0.  16.]]

s + 3
[[ 3.03970051  3.01689959  3.03352046  3.03528333]
 [ 3.13408136  3.06477857  3.13563848  3.12202215]
 [ 3.13718414  3.07914948  3.13885903  3.1491518 ]
 [ 3.13273263  3.07318473  3.1244483   3.12516689]]

3 + s
[[ 3.03970051  3.01689959  3.03352046  3.03528333]
 [ 3.13408136  3.06477857  3.13563848  3.12202215]
 [ 3.13718414  3.07914948  3.13885903  3.1491518 ]
 [ 3.13273263  3.07318473  3.1244483   3.12516689]]

s - 1
[[-0.96029961 -0.98310053 -0.96647948 -0.96471661]
 [-0.86591858 -0.93522143 -0.86436146 -0.87797773]
 [-0.86281586 -0.92085046 -0.86114097 -0.85084832]
 [-0.86726749 -0.92681539 -0.8755517  -0.87483305]]

1 - s
[[-0.96029961 -0.98310053 -0.96647948 -0.96471661]
 [-0.86591858 -0.93522143 -0.86436146 -0.87797773]
 [-0.86281586 -0.92085046 -0.86114097 -0.85084832]
 [-0.86726749 -0.92681539 -0.8755517  -0.87483305]]

s + s
[[ 0.07940081  0.03379897  0.06704099  0.0705668 ]
 [ 0.26816285  0.12955709  0.2712771   0.24404451]
 [ 0.27436835  0.15829907  0.27771801  0.2983034 ]
 [ 0.26546508  0.14636926  0.2488966   0.25033388]]

s * 3
[[ 0.11910121  0.05069846  0.10056148  0.10585019]
 [ 0.40224427  0.19433564  0.40691566  0.36606675]
 [ 0.41155252  0.2374486   0.41657701  0.44745511]
 [ 0.39819762  0.21955389  0.3733449   0.3755008 ]]

3 * s
[[ 0.11910121  0.05069846  0.10056148  0.10585019]
 [ 0.40224427  0.19433564  0.40691566  0.36606675]
 [ 0.41155252  0.2374486   0.41657701  0.44745511]
 [ 0.39819762  0.21955389  0.3733449   0.3755008 ]]

s * s
[[ 0.01312377  0.00700097  0.01266858  0.01287883]
 [ 0.04881247  0.02612805  0.04730104  0.04813915]
 [ 0.05490529  0.02935177  0.05317771  0.05387825]
 [ 0.0487683   0.02599423  0.0472335   0.04784185]]

s / 3.1
[[ 0.01280658  0.00545145  0.01081306  0.01138174]
 [ 0.04325207  0.0208963   0.04375437  0.03936202]
 [ 0.04425296  0.02553211  0.04479323  0.04811345]
 [ 0.04281695  0.02360795  0.04014461  0.04037643]]

s1 + 2 * s - s2 / 3.1
[[ 0.78864473  0.01276937  0.58664143  0.63951749]
 [ 0.32006788  0.22603634  0.99410659  0.18777585]
 [ 0.74321163  0.9773047   1.08048296  1.1227622 ]
 [ 0.49498412  0.41519842  0.49050817  0.28486708]]

+= 3.5
[[ 3.53970051  3.51689959  3.53352046  3.53528333]
 [ 3.63408136  3.56477857  3.63563848  3.62202215]
 [ 3.63718414  3.57914948  3.63885903  3.6491518 ]
 [ 3.63273263  3.57318473  3.6244483   3.62516689]]

-= 3.2
[[ 0.33970046  0.31689954  0.33352041  0.33528328]
 [ 0.43408132  0.36477852  0.43563843  0.4220221 ]
 [ 0.4371841   0.37914944  0.43885899  0.44915175]
 [ 0.43273258  0.37318468  0.42444825  0.42516685]]

*= 3.1
[[ 1.05307138  0.98238856  1.03391325  1.03937817]
 [ 1.34565198  1.13081336  1.35047913  1.30826843]
 [ 1.35527062  1.17536318  1.36046278  1.39237034]
 [ 1.34147096  1.15687251  1.31578958  1.31801713]]

/= -1.5
[[-0.70204759 -0.6549257  -0.6892755  -0.69291878]
 [-0.89710134 -0.75387555 -0.9003194  -0.87217897]
 [-0.90351373 -0.78357548 -0.90697521 -0.92824692]
 [-0.89431399 -0.77124834 -0.87719303 -0.87867808]]

The matrix is now:
[[ 1.  2.  1.  2.  0.]
 [ 0.  0.  2.  2.  0.]
 [ 0.  0.  2.  2.  0.]
 [ 2.  0.  1.  2.  1.]
 [ 2.  0.  2.  1.  0.]]

Number of elements equal to 0= 10
Number of elements equal to 1= 5
Number of elements equal to 2= 10

Indices of the elements == 0: ((0, 4), (1, 0), (1, 1), (1, 4), (2, 0), (2, 1), (2, 4), (3, 1), (4, 1), (4, 4))

Indices of the elements == 1: ((0, 0), (0, 2), (3, 2), (3, 4), (4, 3))

Indices of the elements == 2: ((0, 1), (0, 3), (1, 2), (1, 3), (2, 2), (2, 3), (3, 0), (3, 3), (4, 0), (4, 2))

All 312 methods:
['CSRSize', '_SparseMatrix32__add', '_SparseMatrix32__divide', '_SparseMatrix32__initializeWithCols', '_SparseMatrix32__initializeWithRows', '_SparseMatrix32__multiply', '_SparseMatrix32__subtract', '__abs__', '__add__', '__class__', '__delattr__', '__dict__', '__div__', '__doc__', '__eq__', '__format__', '__getattribute__', '__getitem__', '__getstate__', '__hash__', '__iadd__', '__idiv__', '__imul__', '__init__', '__isub__', '__module__', '__mul__', '__ne__', '__neg__', '__new__', '__radd__', '__reduce__', '__reduce_ex__', '__repr__', '__rmul__', '__rsub__', '__setattr__', '__setitem__', '__setstate__', '__sizeof__', '__str__', '__sub__', '__subclasshook__', '__swig_destroy__', '__weakref__', '_setShape', 'abs', 'add', 'addCol', 'addColNZ', 'addListOfRows', 'addRow', 'addRowNZ', 'addRows', 'addToTranspose', 'addTwoCols', 'addTwoRows', 'allowed_scalar_types', 'append', 'argmax', 'argmin', 'axby', 'binaryLoadFromFile', 'binarySaveToFile', 'blockRightVecProd', 'boxMax', 'boxMin', 'clip', 'clipAboveAndBelow', 'clipCol', 'clipColAboveAndBelow', 'clipRow', 'clipRowAboveAndBelow', 'colAbs', 'colAdd', 'colBandwidth', 'colBandwidths', 'colMax', 'colMin', 'colNegate', 'colNonZeros', 'colProd', 'colProds', 'colSubtract', 'colSum', 'colSums', 'compact', 'copy', 'copyRow', 'countWhereEqual', 'countWhereGreater', 'countWhereGreaterEqual', 'countWhereGreaterOrEqual', 'decompact', 'deleteCol', 'deleteCols', 'deleteRow', 'deleteRows', 'denseMatExtract', 'diagNZLogSum', 'diagNZProd', 'diagSum', 'divide', 'duplicateRow', 'elementColAdd', 'elementColCube', 'elementColDivide', 'elementColMultiply', 'elementColNZExp', 'elementColNZInverse', 'elementColNZLog', 'elementColNZLogk', 'elementColNZPow', 'elementColSqrt', 'elementColSquare', 'elementColSubtract', 'elementCube', 'elementMultiply', 'elementNZAdd', 'elementNZDivide', 'elementNZExp', 'elementNZInverse', 'elementNZLog', 'elementNZLogk', 'elementNZMultiply', 'elementNZPow', 'elementRowAdd', 'elementRowCube', 'elementRowDivide', 'elementRowMultiply', 'elementRowNZExp', 'elementRowNZInverse', 'elementRowNZLog', 'elementRowNZLogk', 'elementRowNZPow', 'elementRowSqrt', 'elementRowSquare', 'elementRowSubtract', 'elementSqrt', 'elementSquare', 'equals', 'firstNonZeroOnCol', 'firstNonZeroOnRow', 'fromBinary', 'fromCSR', 'fromDense', 'fromPyString', 'get', 'getAllNonZeros', 'getCol', 'getColToDense', 'getDiagonal', 'getElements', 'getIsNearlyZeroFunction', 'getNonZerosInBox', 'getNonZerosSorted', 'getOuter', 'getRow', 'getRowToDense', 'getSlice', 'getSlice2', 'getTransposed', 'increment', 'incrementOnOuterProductVal', 'incrementOnOuterWNZ', 'incrementOnOuterWNZWThreshold', 'incrementWNZ', 'incrementWithOuterProduct', 'initializeWithFixedNNZR', 'isBinary', 'isColZero', 'isCompact', 'isRowZero', 'isSymmetric', 'isZero', 'lastNonZeroOnCol', 'lastNonZeroOnRow', 'leftDenseMatMaxAtNZ', 'leftDenseMatProd', 'leftDenseMatProdAtNZ', 'leftDenseMatSumAtNZ', 'leftVecProd', 'leftVecProdAtNZ', 'leftVecProd_binary', 'leftVecSumAtNZ', 'leftVecSumAtNZ_fast', 'lerp', 'logColSums', 'logRowSums', 'map', 'max', 'min', 'multiply', 'nBytes', 'nCols', 'nNonZeroCols', 'nNonZeroRows', 'nNonZeros', 'nNonZerosInBox', 'nNonZerosInRowRange', 'nNonZerosOnCol', 'nNonZerosOnRow', 'nNonZerosPerBox', 'nNonZerosPerCol', 'nNonZerosPerRow', 'nRows', 'nZeroCols', 'nZeroRows', 'negate', 'nonZeroCols', 'nonZeroIndicesIncluded', 'nonZeroRows', 'nonZerosInRowRange', 'normalize', 'normalizeBlockByRows', 'normalizeBlockByRows_binary', 'normalizeCol', 'normalizeCols', 'normalizeRow', 'normalizeRows', 'normalize_max', 'permuteCols', 'permuteRows', 'prod', 'replaceNZ', 'reshape', 'resize', 'rightDenseMatMaxAtNZ', 'rightDenseMatProd', 'rightDenseMatProdAtNZ', 'rightDenseMatSumAtNZ', 'rightVecProd', 'rightVecProdAtNZ', 'rightVecProd_fast', 'rightVecSumAtNZ', 'rightVecSumAtNZGtThreshold', 'rightVecSumAtNZGtThreshold_fast', 'rightVecSumAtNZ_fast', 'rowAbs', 'rowAdd', 'rowBandwidth', 'rowBandwidths', 'rowMax', 'rowMin', 'rowNegate', 'rowNonZeroIndices', 'rowNonZeros', 'rowProd', 'rowProds', 'rowSubtract', 'rowSum', 'rowSums', 'rowVecProd', 'row_nz_index_begin', 'row_nz_index_end', 'row_nz_value_begin', 'row_nz_value_end', 'sameNonZeroIndices', 'sameRowNonZeroIndices', 'scaleCols', 'scaleRows', 'set', 'setAllNonZeros', 'setBox', 'setBoxToZero', 'setColFromDense', 'setColToVal', 'setColToZero', 'setColsToZero', 'setDiagonal', 'setDiagonalToVal', 'setDiagonalToZero', 'setElements', 'setFromElementMultiplyWithOuter', 'setFromOuter', 'setNonZero', 'setOuter', 'setRowFromDense', 'setRowFromSparse', 'setRowToVal', 'setRowToZero', 'setRowsToZero', 'setSlice', 'setToZero', 'setZero', 'shape', 'shiftCols', 'shiftRows', 'sortRowsAscendingNNZ', 'subtract', 'sum', 'this', 'thisown', 'threshold', 'thresholdCol', 'thresholdRow', 'toBinary', 'toCSR', 'toDense', 'toPyString', 'tolist', 'transpose', 'vecArgMaxAtNZ', 'vecArgMaxProd', 'vecMaxAtNZ', 'vecMaxProd', 'whereEqual', 'whereGreater', 'whereGreaterEqual', 'zeroCols', 'zeroRowAndCol', 'zeroRows']

The command "python $NUPIC/examples/bindings/sparse_matrix_how_to.py" exited with 0.
$ python $NUPIC/examples/bindings/sparse_pooler_how_to.py

Number of prototypes
10

Prototypes
[[ 0.          0.6032635   0.          0.72414148  0.32212684  0.
   0.24635766  0.        ]
 [ 0.          0.77929163  0.          0.5143075   0.93128335  0.          0.
   0.48522019]
 [ 0.          0.          0.88846517  0.89389592  0.68921071  0.
   0.74320996  0.        ]
 [ 0.87572712  0.          0.6404956   0.          0.          0.
   0.33081368  0.94646615]
 [ 0.          0.75134039  0.          0.81110656  0.33506328  0.
   0.69851112  0.        ]
 [ 0.          0.          0.9878009   0.90813494  0.          0.
   0.72149312  0.64538491]
 [ 0.          0.5545119   0.37189099  0.          0.55543035  0.
   0.58887678  0.        ]
 [ 0.          0.          0.07302837  0.65231878  0.          0.92991638
   0.          0.9070496 ]
 [ 0.          0.          0.8831923   0.70954698  0.          0.83421707
   0.          0.80844253]
 [ 0.          0.          0.38934419  0.81223869  0.90914661  0.88598984
   0.          0.        ]]

The command "python $NUPIC/examples/bindings/sparse_pooler_how_to.py" exited with 0.
$ python $NUPIC/examples/opf/bin/OpfRunExperiment.py $NUPIC/examples/opf/experiments/anomaly/spatial/2field_few_skewed/
Traceback (most recent call last):
  File "/home/travis/build/numenta/nupic/examples/opf/bin/OpfRunExperiment.py", line 29, in <module>
    from nupic.frameworks.opf.experiment_runner import (runExperiment,
  File "/home/travis/nta/eng/lib/python2.6/site-packages/nupic/frameworks/opf/experiment_runner.py", line 40, in <module>
    from nupic.frameworks.opf.modelfactory import ModelFactory
  File "/home/travis/nta/eng/lib/python2.6/site-packages/nupic/frameworks/opf/modelfactory.py", line 28, in <module>
    from clamodel import CLAModel
  File "/home/travis/nta/eng/lib/python2.6/site-packages/nupic/frameworks/opf/clamodel.py", line 52, in <module>
    from nupic.encoders import (MultiEncoder, DateEncoder, ScalarEncoder)
  File "/home/travis/nta/eng/lib/python2.6/site-packages/nupic/encoders/__init__.py", line 28, in <module>
    from delta import DeltaEncoder,testDeltaEncoder
  File "/home/travis/nta/eng/lib/python2.6/site-packages/nupic/encoders/delta.py", line 28, in <module>
    class DeltaEncoder(AdaptiveScalarEncoder):
NameError: name 'AdaptiveScalarEncoder' is not defined

The command "python $NUPIC/examples/opf/bin/OpfRunExperiment.py $NUPIC/examples/opf/experiments/anomaly/spatial/2field_few_skewed/" exited with 1.
$ python $NUPIC/examples/opf/bin/OpfRunExperiment.py $NUPIC/examples/opf/experiments/anomaly/temporal/saw_200/
Traceback (most recent call last):
  File "/home/travis/build/numenta/nupic/examples/opf/bin/OpfRunExperiment.py", line 29, in <module>
    from nupic.frameworks.opf.experiment_runner import (runExperiment,
  File "/home/travis/nta/eng/lib/python2.6/site-packages/nupic/frameworks/opf/experiment_runner.py", line 40, in <module>
    from nupic.frameworks.opf.modelfactory import ModelFactory
  File "/home/travis/nta/eng/lib/python2.6/site-packages/nupic/frameworks/opf/modelfactory.py", line 28, in <module>
    from clamodel import CLAModel
  File "/home/travis/nta/eng/lib/python2.6/site-packages/nupic/frameworks/opf/clamodel.py", line 52, in <module>
    from nupic.encoders import (MultiEncoder, DateEncoder, ScalarEncoder)
  File "/home/travis/nta/eng/lib/python2.6/site-packages/nupic/encoders/__init__.py", line 28, in <module>
    from delta import DeltaEncoder,testDeltaEncoder
  File "/home/travis/nta/eng/lib/python2.6/site-packages/nupic/encoders/delta.py", line 28, in <module>
    class DeltaEncoder(AdaptiveScalarEncoder):
NameError: name 'AdaptiveScalarEncoder' is not defined

The command "python $NUPIC/examples/opf/bin/OpfRunExperiment.py $NUPIC/examples/opf/experiments/anomaly/temporal/saw_200/" exited with 1.
$ python $NUPIC/examples/opf/bin/OpfRunExperiment.py $NUPIC/examples/opf/experiments/classification/category_TP_1/
Traceback (most recent call last):
  File "/home/travis/build/numenta/nupic/examples/opf/bin/OpfRunExperiment.py", line 29, in <module>
    from nupic.frameworks.opf.experiment_runner import (runExperiment,
  File "/home/travis/nta/eng/lib/python2.6/site-packages/nupic/frameworks/opf/experiment_runner.py", line 40, in <module>
    from nupic.frameworks.opf.modelfactory import ModelFactory
  File "/home/travis/nta/eng/lib/python2.6/site-packages/nupic/frameworks/opf/modelfactory.py", line 28, in <module>
    from clamodel import CLAModel
  File "/home/travis/nta/eng/lib/python2.6/site-packages/nupic/frameworks/opf/clamodel.py", line 52, in <module>
    from nupic.encoders import (MultiEncoder, DateEncoder, ScalarEncoder)
  File "/home/travis/nta/eng/lib/python2.6/site-packages/nupic/encoders/__init__.py", line 28, in <module>
    from delta import DeltaEncoder,testDeltaEncoder
  File "/home/travis/nta/eng/lib/python2.6/site-packages/nupic/encoders/delta.py", line 28, in <module>
    class DeltaEncoder(AdaptiveScalarEncoder):
NameError: name 'AdaptiveScalarEncoder' is not defined

The command "python $NUPIC/examples/opf/bin/OpfRunExperiment.py $NUPIC/examples/opf/experiments/classification/category_TP_1/" exited with 1.
$ python $NUPIC/examples/opf/bin/OpfRunExperiment.py $NUPIC/examples/opf/experiments/missing_record/simple_0/
Traceback (most recent call last):
  File "/home/travis/build/numenta/nupic/examples/opf/bin/OpfRunExperiment.py", line 29, in <module>
    from nupic.frameworks.opf.experiment_runner import (runExperiment,
  File "/home/travis/nta/eng/lib/python2.6/site-packages/nupic/frameworks/opf/experiment_runner.py", line 40, in <module>
    from nupic.frameworks.opf.modelfactory import ModelFactory
  File "/home/travis/nta/eng/lib/python2.6/site-packages/nupic/frameworks/opf/modelfactory.py", line 28, in <module>
    from clamodel import CLAModel
  File "/home/travis/nta/eng/lib/python2.6/site-packages/nupic/frameworks/opf/clamodel.py", line 52, in <module>
    from nupic.encoders import (MultiEncoder, DateEncoder, ScalarEncoder)
  File "/home/travis/nta/eng/lib/python2.6/site-packages/nupic/encoders/__init__.py", line 28, in <module>
    from delta import DeltaEncoder,testDeltaEncoder
  File "/home/travis/nta/eng/lib/python2.6/site-packages/nupic/encoders/delta.py", line 28, in <module>
    class DeltaEncoder(AdaptiveScalarEncoder):
NameError: name 'AdaptiveScalarEncoder' is not defined

The command "python $NUPIC/examples/opf/bin/OpfRunExperiment.py $NUPIC/examples/opf/experiments/missing_record/simple_0/" exited with 1.
$ python $NUPIC/examples/opf/bin/OpfRunExperiment.py $NUPIC/examples/opf/experiments/multistep/hotgym/
Traceback (most recent call last):
  File "/home/travis/build/numenta/nupic/examples/opf/bin/OpfRunExperiment.py", line 29, in <module>
    from nupic.frameworks.opf.experiment_runner import (runExperiment,
  File "/home/travis/nta/eng/lib/python2.6/site-packages/nupic/frameworks/opf/experiment_runner.py", line 40, in <module>
    from nupic.frameworks.opf.modelfactory import ModelFactory
  File "/home/travis/nta/eng/lib/python2.6/site-packages/nupic/frameworks/opf/modelfactory.py", line 28, in <module>
    from clamodel import CLAModel
  File "/home/travis/nta/eng/lib/python2.6/site-packages/nupic/frameworks/opf/clamodel.py", line 52, in <module>
    from nupic.encoders import (MultiEncoder, DateEncoder, ScalarEncoder)
  File "/home/travis/nta/eng/lib/python2.6/site-packages/nupic/encoders/__init__.py", line 28, in <module>
    from delta import DeltaEncoder,testDeltaEncoder
  File "/home/travis/nta/eng/lib/python2.6/site-packages/nupic/encoders/delta.py", line 28, in <module>
    class DeltaEncoder(AdaptiveScalarEncoder):
NameError: name 'AdaptiveScalarEncoder' is not defined

The command "python $NUPIC/examples/opf/bin/OpfRunExperiment.py $NUPIC/examples/opf/experiments/multistep/hotgym/" exited with 1.
$ python $NUPIC/examples/opf/bin/OpfRunExperiment.py $NUPIC/examples/opf/experiments/opfrunexperiment_test/simpleOPF/hotgym_1hr_agg/
Traceback (most recent call last):
  File "/home/travis/build/numenta/nupic/examples/opf/bin/OpfRunExperiment.py", line 29, in <module>
    from nupic.frameworks.opf.experiment_runner import (runExperiment,
  File "/home/travis/nta/eng/lib/python2.6/site-packages/nupic/frameworks/opf/experiment_runner.py", line 40, in <module>
    from nupic.frameworks.opf.modelfactory import ModelFactory
  File "/home/travis/nta/eng/lib/python2.6/site-packages/nupic/frameworks/opf/modelfactory.py", line 28, in <module>
    from clamodel import CLAModel
  File "/home/travis/nta/eng/lib/python2.6/site-packages/nupic/frameworks/opf/clamodel.py", line 52, in <module>
    from nupic.encoders import (MultiEncoder, DateEncoder, ScalarEncoder)
  File "/home/travis/nta/eng/lib/python2.6/site-packages/nupic/encoders/__init__.py", line 28, in <module>
    from delta import DeltaEncoder,testDeltaEncoder
  File "/home/travis/nta/eng/lib/python2.6/site-packages/nupic/encoders/delta.py", line 28, in <module>
    class DeltaEncoder(AdaptiveScalarEncoder):
NameError: name 'AdaptiveScalarEncoder' is not defined

The command "python $NUPIC/examples/opf/bin/OpfRunExperiment.py $NUPIC/examples/opf/experiments/opfrunexperiment_test/simpleOPF/hotgym_1hr_agg/" exited with 1.
$ python $NUPIC/examples/opf/bin/OpfRunExperiment.py $NUPIC/examples/opf/experiments/spatial_classification/category_1/
Traceback (most recent call last):
  File "/home/travis/build/numenta/nupic/examples/opf/bin/OpfRunExperiment.py", line 29, in <module>
    from nupic.frameworks.opf.experiment_runner import (runExperiment,
  File "/home/travis/nta/eng/lib/python2.6/site-packages/nupic/frameworks/opf/experiment_runner.py", line 40, in <module>
    from nupic.frameworks.opf.modelfactory import ModelFactory
  File "/home/travis/nta/eng/lib/python2.6/site-packages/nupic/frameworks/opf/modelfactory.py", line 28, in <module>
    from clamodel import CLAModel
  File "/home/travis/nta/eng/lib/python2.6/site-packages/nupic/frameworks/opf/clamodel.py", line 52, in <module>
    from nupic.encoders import (MultiEncoder, DateEncoder, ScalarEncoder)
  File "/home/travis/nta/eng/lib/python2.6/site-packages/nupic/encoders/__init__.py", line 28, in <module>
    from delta import DeltaEncoder,testDeltaEncoder
  File "/home/travis/nta/eng/lib/python2.6/site-packages/nupic/encoders/delta.py", line 28, in <module>
    class DeltaEncoder(AdaptiveScalarEncoder):
NameError: name 'AdaptiveScalarEncoder' is not defined

The command "python $NUPIC/examples/opf/bin/OpfRunExperiment.py $NUPIC/examples/opf/experiments/spatial_classification/category_1/" exited with 1.
$ python $NUPIC/examples/prediction/RunExperiment.py $NUPIC/examples/prediction/experiments/dutyCycle/problem/
{'profile': False, 'cleanData': True, 'runGUI': False, 'verbosity': 1, 'postProcessOnly': False, 'checkpoint': False, 'trainFromPhase': None, 'createNetworkOnly': False, 'postProcess': False, 'runInferenceOnly': False, 'logOutputsDuringInference': False, 'testMode': False}
{'profilePython': False, 'listAvailableCheckpoints': False}
Traceback (most recent call last):
  File "/home/travis/build/numenta/nupic/examples/prediction/RunExperiment.py", line 138, in <module>
    main()
  File "/home/travis/build/numenta/nupic/examples/prediction/RunExperiment.py", line 126, in main
    _runExperiment(experiments[0], experimentOptions)
  File "/home/travis/build/numenta/nupic/examples/prediction/RunExperiment.py", line 48, in runExperiment
    experiment = Experiment(path=experimentDirectory, runtimeOptions=experimentOptions)
  File "/home/travis/nta/eng/lib/python2.6/site-packages/nupic/frameworks/prediction/experiment.py", line 283, in __init__
    module = loadDescriptionFile(filename)
  File "/home/travis/nta/eng/lib/python2.6/site-packages/nupic/frameworks/prediction/utils.py", line 86, in loadDescriptionFile
    filename)
  File "/home/travis/build/numenta/nupic/examples/prediction/experiments/dutyCycle/problem/description.py", line 43, in <module>
    mod = importBaseDescription('../base/description.py', config)
  File "/home/travis/nta/eng/lib/python2.6/site-packages/nupic/frameworks/prediction/helpers.py", line 68, in importBaseDescription
    path)
  File "/home/travis/build/numenta/nupic/examples/prediction/experiments/dutyCycle/problem/../base/description.py", line 26, in <module>
    from nupic.encoders import (LogEncoder,
  File "/home/travis/nta/eng/lib/python2.6/site-packages/nupic/encoders/__init__.py", line 28, in <module>
    from delta import DeltaEncoder,testDeltaEncoder
  File "/home/travis/nta/eng/lib/python2.6/site-packages/nupic/encoders/delta.py", line 28, in <module>
    class DeltaEncoder(AdaptiveScalarEncoder):
NameError: name 'AdaptiveScalarEncoder' is not defined

The command "python $NUPIC/examples/prediction/RunExperiment.py $NUPIC/examples/prediction/experiments/dutyCycle/problem/" exited with 1.
$ python $NUPIC/examples/tp/hello_tp.py

This program shows how to access the Temporal Pooler directly by demonstrating
how to create a TP instance, train it with vectors, get predictions, and inspect
the state.

The code here runs a very simple version of sequence learning, with one
cell per column. The TP is trained with the simple sequence A->B->C->D->E

HOMEWORK: once you have understood exactly what is going on here, try changing
cellsPerColumn to 4. What is the difference between once cell per column and 4
cells per column?

PLEASE READ THROUGH THE CODE COMMENTS - THEY EXPLAIN THE OUTPUT IN DETAIL




-------- A -----------
Raw input vector
1111111111 0000000000 0000000000 0000000000 0000000000

Inference Active state
1111111111 0000000000 0000000000 0000000000 0000000000
Inference Predicted state
0000000000 1111111111 0000000000 0000000000 0000000000


-------- B -----------
Raw input vector
0000000000 1111111111 0000000000 0000000000 0000000000

Inference Active state
0000000000 1111111111 0000000000 0000000000 0000000000
Inference Predicted state
0000000000 0000000000 1111111111 0000000000 0000000000


-------- C -----------
Raw input vector
0000000000 0000000000 1111111111 0000000000 0000000000

Inference Active state
0000000000 0000000000 1111111111 0000000000 0000000000
Inference Predicted state
0000000000 0000000000 0000000000 1111111111 0000000000


-------- D -----------
Raw input vector
0000000000 0000000000 0000000000 1111111111 0000000000

Inference Active state
0000000000 0000000000 0000000000 1111111111 0000000000
Inference Predicted state
0000000000 0000000000 0000000000 0000000000 1111111111


-------- E -----------
Raw input vector
0000000000 0000000000 0000000000 0000000000 1111111111

Inference Active state
0000000000 0000000000 0000000000 0000000000 1111111111
Inference Predicted state
0000000000 0000000000 0000000000 0000000000 0000000000

The command "python $NUPIC/examples/tp/hello_tp.py" exited with 0.
$ python $NUPIC/examples/tp/tp_test.py
Running autobuild tests
TP tests autobuild numUniquePatterns= 50 nTests= 1 seed= 33

Testing C++ TP
Creation ok
0.2
Save/load ok
basicTest ok

Test B3 (sequence memory - 2 repetitions - 2 sequences)
Test B3 ok
Test B3 (sequence memory - 2 repetitions - 5 sequences)
Test B3 ok
Test B6 (sequence memory - 1 repetition - 1 sequence)
Test B6 ok
Test B7 (sequence memory - 4 repetition - 1 sequence - slow learning)
Test B7 ok

Test H0
Higher order test 0 with cellsPerColumn= 4
Test PASS
Test H2
Test H3
Higher order test with sequenceLength= 50 cellsPerColumn= 20 nTests= 1 numSequences= 2 pctShared= 0.3
Test PASS
Test H4
Higher order test with sequenceLength= 50 cellsPerColumn= 20 nTests= 1 numSequences= 2 pctShared= 0.1
Test PASS
Test H0 with multistep prediction
Higher order test 0 with cellsPerColumn= 4
Test PASS
Test H1
Higher order test with sequenceLength= 50 cellsPerColumn= 1 nTests= 1 numSequences= 2 pctShared= 0.1
Test PASS (should fail, and failed)
Test HL0a
HiLo test 0a with cellsPerColumn= 4
20 100
Test HL0a ok
All tests pass

The command "python $NUPIC/examples/tp/tp_test.py" exited with 0.
travis_fold:start:after_script.1
$ tar -zcf build-$TRAVIS_COMMIT.tar.gz $NTA
tar: Removing leading `/' from member names
travis_fold:end:after_script.1
travis_fold:start:after_script.2
$ travis-artifacts upload --path build-$TRAVIS_COMMIT.tar.gz --target-path $TRAVIS_REPO_SLUG
I, [2013-09-18T01:29:07.242378 #20103]  INFO -- : Uploading file /home/travis/build/numenta/nupic/build-14a3d247973ffe53db42d92ec2b91eb9739979b6.tar.gz to numenta/nupic/build-14a3d247973ffe53db42d92ec2b91eb9739979b6.tar.gz, public: true
I, [2013-09-18T01:29:07.242825 #20103]  INFO -- : Attempt to upload failed, retrying
I, [2013-09-18T01:29:07.242861 #20103]  INFO -- : Uploading file /home/travis/build/numenta/nupic/build-14a3d247973ffe53db42d92ec2b91eb9739979b6.tar.gz to numenta/nupic/build-14a3d247973ffe53db42d92ec2b91eb9739979b6.tar.gz, public: true
I, [2013-09-18T01:29:07.243041 #20103]  INFO -- : Attempt to upload failed, retrying
I, [2013-09-18T01:29:07.243073 #20103]  INFO -- : Uploading file /home/travis/build/numenta/nupic/build-14a3d247973ffe53db42d92ec2b91eb9739979b6.tar.gz to numenta/nupic/build-14a3d247973ffe53db42d92ec2b91eb9739979b6.tar.gz, public: true
/home/travis/.rvm/gems/ruby-1.9.3-p448/gems/fog-1.15.0/lib/fog/core/service.rb:208:in `validate_options': Missing required arguments: aws_access_key_id, aws_secret_access_key (ArgumentError)
	from /home/travis/.rvm/gems/ruby-1.9.3-p448/gems/fog-1.15.0/lib/fog/core/service.rb:58:in `new'
	from /home/travis/.rvm/gems/ruby-1.9.3-p448/gems/fog-1.15.0/lib/fog/storage.rb:20:in `new'
	from /home/travis/.rvm/gems/ruby-1.9.3-p448/gems/travis-artifacts-0.1.0/lib/travis/artifacts/uploader.rb:106:in `s3'
	from /home/travis/.rvm/gems/ruby-1.9.3-p448/gems/travis-artifacts-0.1.0/lib/travis/artifacts/uploader.rb:100:in `bucket'
	from /home/travis/.rvm/gems/ruby-1.9.3-p448/gems/travis-artifacts-0.1.0/lib/travis/artifacts/uploader.rb:84:in `_upload'
	from /home/travis/.rvm/gems/ruby-1.9.3-p448/gems/travis-artifacts-0.1.0/lib/travis/artifacts/uploader.rb:60:in `upload_file'
	from /home/travis/.rvm/gems/ruby-1.9.3-p448/gems/travis-artifacts-0.1.0/lib/travis/artifacts/uploader.rb:20:in `block in upload'
	from /home/travis/.rvm/gems/ruby-1.9.3-p448/gems/travis-artifacts-0.1.0/lib/travis/artifacts/uploader.rb:19:in `each'
	from /home/travis/.rvm/gems/ruby-1.9.3-p448/gems/travis-artifacts-0.1.0/lib/travis/artifacts/uploader.rb:19:in `upload'
	from /home/travis/.rvm/gems/ruby-1.9.3-p448/gems/travis-artifacts-0.1.0/lib/travis/artifacts/cli.rb:32:in `upload'
	from /home/travis/.rvm/gems/ruby-1.9.3-p448/gems/travis-artifacts-0.1.0/lib/travis/artifacts/cli.rb:39:in `execute_command'
	from /home/travis/.rvm/gems/ruby-1.9.3-p448/gems/travis-artifacts-0.1.0/lib/travis/artifacts/cli.rb:24:in `start'
	from /home/travis/.rvm/gems/ruby-1.9.3-p448/gems/travis-artifacts-0.1.0/bin/travis-artifacts:7:in `<top (required)>'
	from /home/travis/.rvm/gems/ruby-1.9.3-p448/bin/travis-artifacts:23:in `load'
	from /home/travis/.rvm/gems/ruby-1.9.3-p448/bin/travis-artifacts:23:in `<main>'
	from /home/travis/.rvm/gems/ruby-1.9.3-p448/bin/ruby_noexec_wrapper:14:in `eval'
	from /home/travis/.rvm/gems/ruby-1.9.3-p448/bin/ruby_noexec_wrapper:14:in `<main>'
travis_fold:end:after_script.2

Done. Your build exited with 1.
